[0.000000] (-) TimerEvent: {}
[0.000755] (navigation_bot) JobQueued: {'identifier': 'navigation_bot', 'dependencies': OrderedDict()}
[0.001139] (navigation_bot) JobStarted: {'identifier': 'navigation_bot'}
[0.099736] (-) TimerEvent: {}
[0.200201] (-) TimerEvent: {}
[0.301315] (-) TimerEvent: {}
[0.402028] (-) TimerEvent: {}
[0.461539] (navigation_bot) JobProgress: {'identifier': 'navigation_bot', 'progress': 'cmake'}
[0.463477] (navigation_bot) JobProgress: {'identifier': 'navigation_bot', 'progress': 'build'}
[0.466134] (navigation_bot) Command: {'cmd': ['/usr/bin/cmake', '--build', '/home/fiend/Navigation_Bot/dev_ws/build/navigation_bot', '--', '-j8', '-l8'], 'cwd': '/home/fiend/Navigation_Bot/dev_ws/build/navigation_bot', 'env': OrderedDict([('GJS_DEBUG_TOPICS', 'JS ERROR;JS LOG'), ('LESSOPEN', '| /usr/bin/lesspipe %s'), ('LANGUAGE', 'en_IN:en'), ('USER', 'fiend'), ('STARSHIP_SHELL', 'bash'), ('XDG_SESSION_TYPE', 'wayland'), ('SHLVL', '1'), ('LD_LIBRARY_PATH', '/usr/lib/x86_64-linux-gnu/gazebo-11/plugins:/opt/ros/humble/opt/rviz_ogre_vendor/lib:/opt/ros/humble/lib/x86_64-linux-gnu:/opt/ros/humble/lib'), ('HOME', '/home/fiend'), ('OLDPWD', '/home/fiend/Navigation_Bot'), ('DESKTOP_SESSION', 'ubuntu'), ('GIO_LAUNCHED_DESKTOP_FILE', '/usr/share/applications/terminator.desktop'), ('ROS_PYTHON_VERSION', '3'), ('GNOME_SHELL_SESSION_MODE', 'ubuntu'), ('GTK_MODULES', 'gail:atk-bridge'), ('PS1', '\n\\[\x1b[38;5;156m\\]\\[\x1b[0m\\]\\[\x1b[38;5;166m\\]dev_ws\\[\x1b[0m\\]\\[\x1b[38;5;166m\\]\\[\x1b[0m\\] on \\[\x1b[38;5;162m\\]\ue0a0 \\[\x1b[0m\\]\\[\x1b[38;5;162m\\]main\\[\x1b[0m\\] underwent \\[\x1b[36m\\]20s\\[\x1b[0m\\]\n\\[\x1b[1;38;5;166m\\]➜\\[\x1b[0m\\]'), ('MANAGERPID', '865'), ('SYSTEMD_EXEC_PID', '1038'), ('DBUS_SESSION_BUS_ADDRESS', 'unix:path=/run/user/1000/bus'), ('COLORTERM', 'truecolor'), ('GIO_LAUNCHED_DESKTOP_FILE_PID', '5627'), ('_colcon_cd_root', '/opt/ros/humble/'), ('IM_CONFIG_PHASE', '1'), ('WAYLAND_DISPLAY', 'wayland-0'), ('COLCON_PREFIX_PATH', '/home/fiend/Navigation_Bot/dev_ws/install:/home/fiend/voice_grab/ros2_ws/install:/home/fiend/LineFollowingRobot/ros_ws/install:/home/fiend/ROS/practice_codes_ROS2/articubot_one/install'), ('ROS_DISTRO', 'humble'), ('LOGNAME', 'fiend'), ('JOURNAL_STREAM', '8:30767'), ('_', '/usr/bin/colcon'), ('ROS_VERSION', '2'), ('XDG_SESSION_CLASS', 'user'), ('USERNAME', 'fiend'), ('TERM', 'xterm-256color'), ('GNOME_DESKTOP_SESSION_ID', 'this-is-deprecated'), ('ROS_LOCALHOST_ONLY', '0'), ('PATH', '/opt/ros/humble/bin:/home/fiend/.local/bin:/usr/local/sbin:/usr/local/bin:/usr/sbin:/usr/bin:/sbin:/bin:/usr/games:/usr/local/games:/snap/bin:/snap/bin'), ('SESSION_MANAGER', 'local/fiend-Lenovo-Yoga-C740-14IML:@/tmp/.ICE-unix/1008,unix/fiend-Lenovo-Yoga-C740-14IML:/tmp/.ICE-unix/1008'), ('INVOCATION_ID', '37512f0c72ec48d79a8a8f1894f11f4d'), ('XDG_MENU_PREFIX', 'gnome-'), ('GNOME_SETUP_DISPLAY', ':1'), ('XDG_RUNTIME_DIR', '/run/user/1000'), ('DISPLAY', ':0'), ('LANG', 'en_US.UTF-8'), ('XDG_CURRENT_DESKTOP', 'ubuntu:GNOME'), ('IBUS_DISABLE_SNOOPER', '1'), ('XMODIFIERS', '@im=ibus'), ('XDG_SESSION_DESKTOP', 'ubuntu'), ('XAUTHORITY', '/run/user/1000/.mutter-Xwaylandauth.UJJAK2'), ('LS_COLORS', 'di=34:ow=34:tw=34:fi=13:ln=31:pi=5:so=5:bd=5:cd=5:or=31:mi=0:ex=35:*.rpm=90:*.png=35:*.gif=36:*.jpg=35:*.c=92:*.py=93:*.h=90:*.txt=94:*.doc=104:*.odt=104:*.csv=102:*.xlsx=102:*.xlsm=102:*.rb=31:*.cpp=92:*.sh=92:*.html=96:*.zip=4;33:*.tar.gz=4;33:*.mp4=105:*.mp3=106'), ('SSH_AGENT_LAUNCHER', 'gnome-keyring'), ('SSH_AUTH_SOCK', '/run/user/1000/keyring/ssh'), ('AMENT_PREFIX_PATH', '/home/fiend/Navigation_Bot/dev_ws/install/navigation_bot:/home/fiend/LineFollowingRobot/ros_ws/install/line_bhakt:/home/fiend/ROS/practice_codes_ROS2/articubot_one/install/articubot_one:/opt/ros/humble'), ('SHELL', '/bin/bash'), ('TERMINATOR_UUID', 'urn:uuid:de10c5cb-7f42-4ea2-ad3f-7446c017e8fd'), ('QT_ACCESSIBILITY', '1'), ('GDMSESSION', 'ubuntu'), ('LESSCLOSE', '/usr/bin/lesspipe %s %s'), ('GCC_COLORS', 'error=31:warning=35:note=36:caret=32:locus=01:quote=01'), ('GJS_DEBUG_OUTPUT', 'stderr'), ('QT_IM_MODULE', 'ibus'), ('PWD', '/home/fiend/Navigation_Bot/dev_ws/build/navigation_bot'), ('LC_ALL', 'en_US.UTF-8'), ('XDG_CONFIG_DIRS', '/etc/xdg/xdg-ubuntu:/etc/xdg'), ('XDG_DATA_DIRS', '/usr/share/ubuntu:/home/fiend/.local/share/flatpak/exports/share:/var/lib/flatpak/exports/share:/usr/local/share/:/usr/share/:/var/lib/snapd/desktop'), ('STARSHIP_SESSION_KEY', '2059017139146452'), ('PYTHONPATH', '/opt/ros/humble/lib/python3.10/site-packages:/opt/ros/humble/local/lib/python3.10/dist-packages'), ('COLCON', '1'), ('VTE_VERSION', '6800'), ('CMAKE_PREFIX_PATH', '/home/fiend/Navigation_Bot/dev_ws/install/navigation_bot:/home/fiend/LineFollowingRobot/ros_ws/install/line_bhakt:/home/fiend/ROS/practice_codes_ROS2/articubot_one/install/articubot_one:/opt/ros/humble')]), 'shell': False}
[0.502195] (-) TimerEvent: {}
[0.571102] (navigation_bot) StdoutLine: {'line': b'\x1b[35m\x1b[1mConsolidate compiler generated dependencies of target Motor_Driver_Node\x1b[0m\n'}
[0.602315] (-) TimerEvent: {}
[0.607389] (navigation_bot) StdoutLine: {'line': b'[ 50%] Built target ImageCapture\n'}
[0.620053] (navigation_bot) StdoutLine: {'line': b'[ 75%] \x1b[32mBuilding CXX object CMakeFiles/Motor_Driver_Node.dir/Executables/follower.cpp.o\x1b[0m\n'}
[0.702450] (-) TimerEvent: {}
[0.802938] (-) TimerEvent: {}
[0.903450] (-) TimerEvent: {}
[1.003946] (-) TimerEvent: {}
[1.104436] (-) TimerEvent: {}
[1.205339] (-) TimerEvent: {}
[1.305829] (-) TimerEvent: {}
[1.406331] (-) TimerEvent: {}
[1.506837] (-) TimerEvent: {}
[1.607691] (-) TimerEvent: {}
[1.708511] (-) TimerEvent: {}
[1.809489] (-) TimerEvent: {}
[1.910195] (-) TimerEvent: {}
[2.010689] (-) TimerEvent: {}
[2.111191] (-) TimerEvent: {}
[2.211719] (-) TimerEvent: {}
[2.312207] (-) TimerEvent: {}
[2.412693] (-) TimerEvent: {}
[2.513276] (-) TimerEvent: {}
[2.613773] (-) TimerEvent: {}
[2.714705] (-) TimerEvent: {}
[2.815491] (-) TimerEvent: {}
[2.916041] (-) TimerEvent: {}
[3.016539] (-) TimerEvent: {}
[3.117171] (-) TimerEvent: {}
[3.218147] (-) TimerEvent: {}
[3.318551] (-) TimerEvent: {}
[3.419007] (-) TimerEvent: {}
[3.519402] (-) TimerEvent: {}
[3.619823] (-) TimerEvent: {}
[3.720504] (-) TimerEvent: {}
[3.821160] (-) TimerEvent: {}
[3.922118] (-) TimerEvent: {}
[4.023064] (-) TimerEvent: {}
[4.124054] (-) TimerEvent: {}
[4.224891] (-) TimerEvent: {}
[4.325699] (-) TimerEvent: {}
[4.426516] (-) TimerEvent: {}
[4.526987] (-) TimerEvent: {}
[4.627426] (-) TimerEvent: {}
[4.727815] (-) TimerEvent: {}
[4.828204] (-) TimerEvent: {}
[4.928691] (-) TimerEvent: {}
[5.029197] (-) TimerEvent: {}
[5.129851] (-) TimerEvent: {}
[5.230382] (-) TimerEvent: {}
[5.330901] (-) TimerEvent: {}
[5.431836] (-) TimerEvent: {}
[5.532326] (-) TimerEvent: {}
[5.632864] (-) TimerEvent: {}
[5.733309] (-) TimerEvent: {}
[5.833749] (-) TimerEvent: {}
[5.934227] (-) TimerEvent: {}
[6.035018] (-) TimerEvent: {}
[6.135524] (-) TimerEvent: {}
[6.236316] (-) TimerEvent: {}
[6.337244] (-) TimerEvent: {}
[6.437775] (-) TimerEvent: {}
[6.538291] (-) TimerEvent: {}
[6.639066] (-) TimerEvent: {}
[6.739585] (-) TimerEvent: {}
[6.840261] (-) TimerEvent: {}
[6.940926] (-) TimerEvent: {}
[7.041892] (-) TimerEvent: {}
[7.142846] (-) TimerEvent: {}
[7.243800] (-) TimerEvent: {}
[7.345689] (-) TimerEvent: {}
[7.446213] (-) TimerEvent: {}
[7.547155] (-) TimerEvent: {}
[7.647638] (-) TimerEvent: {}
[7.748077] (-) TimerEvent: {}
[7.848477] (-) TimerEvent: {}
[7.948982] (-) TimerEvent: {}
[8.049526] (-) TimerEvent: {}
[8.150023] (-) TimerEvent: {}
[8.250555] (-) TimerEvent: {}
[8.351254] (-) TimerEvent: {}
[8.453183] (-) TimerEvent: {}
[8.553991] (-) TimerEvent: {}
[8.654954] (-) TimerEvent: {}
[8.755650] (-) TimerEvent: {}
[8.856074] (-) TimerEvent: {}
[8.956581] (-) TimerEvent: {}
[9.057062] (-) TimerEvent: {}
[9.157498] (-) TimerEvent: {}
[9.257991] (-) TimerEvent: {}
[9.358663] (-) TimerEvent: {}
[9.459633] (-) TimerEvent: {}
[9.560559] (-) TimerEvent: {}
[9.661056] (-) TimerEvent: {}
[9.762076] (-) TimerEvent: {}
[9.863015] (-) TimerEvent: {}
[9.963984] (-) TimerEvent: {}
[10.064815] (-) TimerEvent: {}
[10.165299] (-) TimerEvent: {}
[10.265736] (-) TimerEvent: {}
[10.366128] (-) TimerEvent: {}
[10.466502] (-) TimerEvent: {}
[10.566898] (-) TimerEvent: {}
[10.667846] (-) TimerEvent: {}
[10.768669] (-) TimerEvent: {}
[10.869190] (-) TimerEvent: {}
[10.969661] (-) TimerEvent: {}
[11.070146] (-) TimerEvent: {}
[11.170609] (-) TimerEvent: {}
[11.271124] (-) TimerEvent: {}
[11.371650] (-) TimerEvent: {}
[11.472300] (-) TimerEvent: {}
[11.573200] (-) TimerEvent: {}
[11.673705] (-) TimerEvent: {}
[11.774356] (-) TimerEvent: {}
[11.875303] (-) TimerEvent: {}
[11.976249] (-) TimerEvent: {}
[12.077151] (-) TimerEvent: {}
[12.177560] (-) TimerEvent: {}
[12.278029] (-) TimerEvent: {}
[12.378410] (-) TimerEvent: {}
[12.478814] (-) TimerEvent: {}
[12.579384] (-) TimerEvent: {}
[12.679884] (-) TimerEvent: {}
[12.780505] (-) TimerEvent: {}
[12.881320] (-) TimerEvent: {}
[12.981816] (-) TimerEvent: {}
[13.082367] (-) TimerEvent: {}
[13.182877] (-) TimerEvent: {}
[13.283401] (-) TimerEvent: {}
[13.383810] (-) TimerEvent: {}
[13.484255] (-) TimerEvent: {}
[13.584659] (-) TimerEvent: {}
[13.685150] (-) TimerEvent: {}
[13.785639] (-) TimerEvent: {}
[13.886137] (-) TimerEvent: {}
[13.986631] (-) TimerEvent: {}
[14.087473] (-) TimerEvent: {}
[14.188317] (-) TimerEvent: {}
[14.288810] (-) TimerEvent: {}
[14.389307] (-) TimerEvent: {}
[14.489870] (-) TimerEvent: {}
[14.590291] (-) TimerEvent: {}
[14.690682] (-) TimerEvent: {}
[14.791114] (-) TimerEvent: {}
[14.891522] (-) TimerEvent: {}
[14.991923] (-) TimerEvent: {}
[15.092453] (-) TimerEvent: {}
[15.192953] (-) TimerEvent: {}
[15.293901] (-) TimerEvent: {}
[15.394415] (-) TimerEvent: {}
[15.495188] (-) TimerEvent: {}
[15.596102] (-) TimerEvent: {}
[15.697006] (-) TimerEvent: {}
[15.797616] (-) TimerEvent: {}
[15.898108] (-) TimerEvent: {}
[15.998507] (-) TimerEvent: {}
[16.098908] (-) TimerEvent: {}
[16.199305] (-) TimerEvent: {}
[16.299705] (-) TimerEvent: {}
[16.400201] (-) TimerEvent: {}
[16.500753] (-) TimerEvent: {}
[16.601270] (-) TimerEvent: {}
[16.702209] (-) TimerEvent: {}
[16.803162] (-) TimerEvent: {}
[16.904110] (-) TimerEvent: {}
[17.004914] (-) TimerEvent: {}
[17.105436] (-) TimerEvent: {}
[17.205970] (-) TimerEvent: {}
[17.306358] (-) TimerEvent: {}
[17.406729] (-) TimerEvent: {}
[17.507247] (-) TimerEvent: {}
[17.607733] (-) TimerEvent: {}
[17.708336] (-) TimerEvent: {}
[17.809266] (-) TimerEvent: {}
[17.909937] (-) TimerEvent: {}
[18.010430] (-) TimerEvent: {}
[18.111368] (-) TimerEvent: {}
[18.211757] (-) TimerEvent: {}
[18.312158] (-) TimerEvent: {}
[18.412642] (-) TimerEvent: {}
[18.513061] (-) TimerEvent: {}
[18.613711] (-) TimerEvent: {}
[18.714847] (-) TimerEvent: {}
[18.815741] (-) TimerEvent: {}
[18.916653] (-) TimerEvent: {}
[19.017056] (-) TimerEvent: {}
[19.117476] (-) TimerEvent: {}
[19.217959] (-) TimerEvent: {}
[19.318461] (-) TimerEvent: {}
[19.418983] (-) TimerEvent: {}
[19.519485] (-) TimerEvent: {}
[19.620424] (-) TimerEvent: {}
[19.720906] (-) TimerEvent: {}
[19.821404] (-) TimerEvent: {}
[19.921889] (-) TimerEvent: {}
[20.022367] (-) TimerEvent: {}
[20.122871] (-) TimerEvent: {}
[20.223401] (-) TimerEvent: {}
[20.323902] (-) TimerEvent: {}
[20.424395] (-) TimerEvent: {}
[20.524903] (-) TimerEvent: {}
[20.625844] (-) TimerEvent: {}
[20.726500] (-) TimerEvent: {}
[20.826959] (-) TimerEvent: {}
[20.927383] (-) TimerEvent: {}
[21.027771] (-) TimerEvent: {}
[21.128147] (-) TimerEvent: {}
[21.228537] (-) TimerEvent: {}
[21.329017] (-) TimerEvent: {}
[21.429511] (-) TimerEvent: {}
[21.530173] (-) TimerEvent: {}
[21.631084] (-) TimerEvent: {}
[21.732058] (-) TimerEvent: {}
[21.833245] (-) TimerEvent: {}
[21.933650] (-) TimerEvent: {}
[22.034053] (-) TimerEvent: {}
[22.134463] (-) TimerEvent: {}
[22.234856] (-) TimerEvent: {}
[22.335313] (-) TimerEvent: {}
[22.435816] (-) TimerEvent: {}
[22.536615] (-) TimerEvent: {}
[22.637462] (-) TimerEvent: {}
[22.738337] (-) TimerEvent: {}
[22.838997] (-) TimerEvent: {}
[22.939490] (-) TimerEvent: {}
[23.039980] (-) TimerEvent: {}
[23.140753] (-) TimerEvent: {}
[23.241360] (-) TimerEvent: {}
[23.341994] (-) TimerEvent: {}
[23.442454] (-) TimerEvent: {}
[23.542846] (-) TimerEvent: {}
[23.643295] (-) TimerEvent: {}
[23.743683] (-) TimerEvent: {}
[23.844187] (-) TimerEvent: {}
[23.945266] (-) TimerEvent: {}
[24.046084] (-) TimerEvent: {}
[24.146611] (-) TimerEvent: {}
[24.247122] (-) TimerEvent: {}
[24.348231] (-) TimerEvent: {}
[24.449187] (-) TimerEvent: {}
[24.550237] (-) TimerEvent: {}
[24.650622] (-) TimerEvent: {}
[24.751020] (-) TimerEvent: {}
[24.851450] (-) TimerEvent: {}
[24.951873] (-) TimerEvent: {}
[25.052775] (-) TimerEvent: {}
[25.153565] (-) TimerEvent: {}
[25.254083] (-) TimerEvent: {}
[25.354572] (-) TimerEvent: {}
[25.355859] (navigation_bot) StdoutLine: {'line': b'[100%] \x1b[32m\x1b[1mLinking CXX executable Motor_Driver_Node\x1b[0m\n'}
[25.454705] (-) TimerEvent: {}
[25.555274] (-) TimerEvent: {}
[25.655818] (-) TimerEvent: {}
[25.756328] (-) TimerEvent: {}
[25.857303] (-) TimerEvent: {}
[25.957738] (-) TimerEvent: {}
[26.058287] (-) TimerEvent: {}
[26.158777] (-) TimerEvent: {}
[26.259291] (-) TimerEvent: {}
[26.360214] (-) TimerEvent: {}
[26.460882] (-) TimerEvent: {}
[26.561574] (-) TimerEvent: {}
[26.641461] (navigation_bot) StdoutLine: {'line': b'[100%] Built target Motor_Driver_Node\n'}
[26.661708] (-) TimerEvent: {}
[26.667238] (navigation_bot) CommandEnded: {'returncode': 0}
[26.724568] (navigation_bot) JobProgress: {'identifier': 'navigation_bot', 'progress': 'install'}
[26.746214] (navigation_bot) Command: {'cmd': ['/usr/bin/cmake', '--install', '/home/fiend/Navigation_Bot/dev_ws/build/navigation_bot'], 'cwd': '/home/fiend/Navigation_Bot/dev_ws/build/navigation_bot', 'env': OrderedDict([('GJS_DEBUG_TOPICS', 'JS ERROR;JS LOG'), ('LESSOPEN', '| /usr/bin/lesspipe %s'), ('LANGUAGE', 'en_IN:en'), ('USER', 'fiend'), ('STARSHIP_SHELL', 'bash'), ('XDG_SESSION_TYPE', 'wayland'), ('SHLVL', '1'), ('LD_LIBRARY_PATH', '/usr/lib/x86_64-linux-gnu/gazebo-11/plugins:/opt/ros/humble/opt/rviz_ogre_vendor/lib:/opt/ros/humble/lib/x86_64-linux-gnu:/opt/ros/humble/lib'), ('HOME', '/home/fiend'), ('OLDPWD', '/home/fiend/Navigation_Bot'), ('DESKTOP_SESSION', 'ubuntu'), ('GIO_LAUNCHED_DESKTOP_FILE', '/usr/share/applications/terminator.desktop'), ('ROS_PYTHON_VERSION', '3'), ('GNOME_SHELL_SESSION_MODE', 'ubuntu'), ('GTK_MODULES', 'gail:atk-bridge'), ('PS1', '\n\\[\x1b[38;5;156m\\]\\[\x1b[0m\\]\\[\x1b[38;5;166m\\]dev_ws\\[\x1b[0m\\]\\[\x1b[38;5;166m\\]\\[\x1b[0m\\] on \\[\x1b[38;5;162m\\]\ue0a0 \\[\x1b[0m\\]\\[\x1b[38;5;162m\\]main\\[\x1b[0m\\] underwent \\[\x1b[36m\\]20s\\[\x1b[0m\\]\n\\[\x1b[1;38;5;166m\\]➜\\[\x1b[0m\\]'), ('MANAGERPID', '865'), ('SYSTEMD_EXEC_PID', '1038'), ('DBUS_SESSION_BUS_ADDRESS', 'unix:path=/run/user/1000/bus'), ('COLORTERM', 'truecolor'), ('GIO_LAUNCHED_DESKTOP_FILE_PID', '5627'), ('_colcon_cd_root', '/opt/ros/humble/'), ('IM_CONFIG_PHASE', '1'), ('WAYLAND_DISPLAY', 'wayland-0'), ('COLCON_PREFIX_PATH', '/home/fiend/Navigation_Bot/dev_ws/install:/home/fiend/voice_grab/ros2_ws/install:/home/fiend/LineFollowingRobot/ros_ws/install:/home/fiend/ROS/practice_codes_ROS2/articubot_one/install'), ('ROS_DISTRO', 'humble'), ('LOGNAME', 'fiend'), ('JOURNAL_STREAM', '8:30767'), ('_', '/usr/bin/colcon'), ('ROS_VERSION', '2'), ('XDG_SESSION_CLASS', 'user'), ('USERNAME', 'fiend'), ('TERM', 'xterm-256color'), ('GNOME_DESKTOP_SESSION_ID', 'this-is-deprecated'), ('ROS_LOCALHOST_ONLY', '0'), ('PATH', '/opt/ros/humble/bin:/home/fiend/.local/bin:/usr/local/sbin:/usr/local/bin:/usr/sbin:/usr/bin:/sbin:/bin:/usr/games:/usr/local/games:/snap/bin:/snap/bin'), ('SESSION_MANAGER', 'local/fiend-Lenovo-Yoga-C740-14IML:@/tmp/.ICE-unix/1008,unix/fiend-Lenovo-Yoga-C740-14IML:/tmp/.ICE-unix/1008'), ('INVOCATION_ID', '37512f0c72ec48d79a8a8f1894f11f4d'), ('XDG_MENU_PREFIX', 'gnome-'), ('GNOME_SETUP_DISPLAY', ':1'), ('XDG_RUNTIME_DIR', '/run/user/1000'), ('DISPLAY', ':0'), ('LANG', 'en_US.UTF-8'), ('XDG_CURRENT_DESKTOP', 'ubuntu:GNOME'), ('IBUS_DISABLE_SNOOPER', '1'), ('XMODIFIERS', '@im=ibus'), ('XDG_SESSION_DESKTOP', 'ubuntu'), ('XAUTHORITY', '/run/user/1000/.mutter-Xwaylandauth.UJJAK2'), ('LS_COLORS', 'di=34:ow=34:tw=34:fi=13:ln=31:pi=5:so=5:bd=5:cd=5:or=31:mi=0:ex=35:*.rpm=90:*.png=35:*.gif=36:*.jpg=35:*.c=92:*.py=93:*.h=90:*.txt=94:*.doc=104:*.odt=104:*.csv=102:*.xlsx=102:*.xlsm=102:*.rb=31:*.cpp=92:*.sh=92:*.html=96:*.zip=4;33:*.tar.gz=4;33:*.mp4=105:*.mp3=106'), ('SSH_AGENT_LAUNCHER', 'gnome-keyring'), ('SSH_AUTH_SOCK', '/run/user/1000/keyring/ssh'), ('AMENT_PREFIX_PATH', '/home/fiend/Navigation_Bot/dev_ws/install/navigation_bot:/home/fiend/LineFollowingRobot/ros_ws/install/line_bhakt:/home/fiend/ROS/practice_codes_ROS2/articubot_one/install/articubot_one:/opt/ros/humble'), ('SHELL', '/bin/bash'), ('TERMINATOR_UUID', 'urn:uuid:de10c5cb-7f42-4ea2-ad3f-7446c017e8fd'), ('QT_ACCESSIBILITY', '1'), ('GDMSESSION', 'ubuntu'), ('LESSCLOSE', '/usr/bin/lesspipe %s %s'), ('GCC_COLORS', 'error=31:warning=35:note=36:caret=32:locus=01:quote=01'), ('GJS_DEBUG_OUTPUT', 'stderr'), ('QT_IM_MODULE', 'ibus'), ('PWD', '/home/fiend/Navigation_Bot/dev_ws/build/navigation_bot'), ('LC_ALL', 'en_US.UTF-8'), ('XDG_CONFIG_DIRS', '/etc/xdg/xdg-ubuntu:/etc/xdg'), ('XDG_DATA_DIRS', '/usr/share/ubuntu:/home/fiend/.local/share/flatpak/exports/share:/var/lib/flatpak/exports/share:/usr/local/share/:/usr/share/:/var/lib/snapd/desktop'), ('STARSHIP_SESSION_KEY', '2059017139146452'), ('PYTHONPATH', '/opt/ros/humble/lib/python3.10/site-packages:/opt/ros/humble/local/lib/python3.10/dist-packages'), ('COLCON', '1'), ('VTE_VERSION', '6800'), ('CMAKE_PREFIX_PATH', '/home/fiend/Navigation_Bot/dev_ws/install/navigation_bot:/home/fiend/LineFollowingRobot/ros_ws/install/line_bhakt:/home/fiend/ROS/practice_codes_ROS2/articubot_one/install/articubot_one:/opt/ros/humble')]), 'shell': False}
[26.761836] (-) TimerEvent: {}
[26.762475] (navigation_bot) StdoutLine: {'line': b'-- Install configuration: ""\n'}
[26.763898] (navigation_bot) StdoutLine: {'line': b'-- Execute custom install script\n'}
[26.764953] (navigation_bot) StdoutLine: {'line': b'-- Up-to-date symlink: /home/fiend/Navigation_Bot/dev_ws/install/navigation_bot/share/navigation_bot/config/empty.yaml\n'}
[26.765376] (navigation_bot) StdoutLine: {'line': b'-- Up-to-date symlink: /home/fiend/Navigation_Bot/dev_ws/install/navigation_bot/share/navigation_bot/config/my_controller.yaml\n'}
[26.766200] (navigation_bot) StdoutLine: {'line': b'-- Up-to-date symlink: /home/fiend/Navigation_Bot/dev_ws/install/navigation_bot/share/navigation_bot/description/Depth_camera.xacro\n'}
[26.766713] (navigation_bot) StdoutLine: {'line': b'-- Up-to-date symlink: /home/fiend/Navigation_Bot/dev_ws/install/navigation_bot/share/navigation_bot/description/camera.xacro\n'}
[26.767067] (navigation_bot) StdoutLine: {'line': b'-- Up-to-date symlink: /home/fiend/Navigation_Bot/dev_ws/install/navigation_bot/share/navigation_bot/description/gazebo_control.xacro\n'}
[26.767440] (navigation_bot) StdoutLine: {'line': b'-- Up-to-date symlink: /home/fiend/Navigation_Bot/dev_ws/install/navigation_bot/share/navigation_bot/description/inertial_macros.xacro\n'}
[26.767731] (navigation_bot) StdoutLine: {'line': b'-- Up-to-date symlink: /home/fiend/Navigation_Bot/dev_ws/install/navigation_bot/share/navigation_bot/description/lidar.xacro\n'}
[26.767986] (navigation_bot) StdoutLine: {'line': b'-- Up-to-date symlink: /home/fiend/Navigation_Bot/dev_ws/install/navigation_bot/share/navigation_bot/description/robot.urdf.xacro\n'}
[26.768243] (navigation_bot) StdoutLine: {'line': b'-- Up-to-date symlink: /home/fiend/Navigation_Bot/dev_ws/install/navigation_bot/share/navigation_bot/description/robot_core.xacro\n'}
[26.768615] (navigation_bot) StdoutLine: {'line': b'-- Up-to-date symlink: /home/fiend/Navigation_Bot/dev_ws/install/navigation_bot/share/navigation_bot/description/ros2_control.xacro\n'}
[26.769242] (navigation_bot) StdoutLine: {'line': b'-- Up-to-date symlink: /home/fiend/Navigation_Bot/dev_ws/install/navigation_bot/share/navigation_bot/launch/launch_sim.launch.py\n'}
[26.769554] (navigation_bot) StdoutLine: {'line': b'-- Up-to-date symlink: /home/fiend/Navigation_Bot/dev_ws/install/navigation_bot/share/navigation_bot/launch/rsp.launch.py\n'}
[26.770354] (navigation_bot) StdoutLine: {'line': b'-- Up-to-date symlink: /home/fiend/Navigation_Bot/dev_ws/install/navigation_bot/share/navigation_bot/worlds/empty.world\n'}
[26.770747] (navigation_bot) StdoutLine: {'line': b'-- Up-to-date symlink: /home/fiend/Navigation_Bot/dev_ws/install/navigation_bot/share/navigation_bot/worlds/home.world\n'}
[26.770984] (navigation_bot) StdoutLine: {'line': b'-- Up-to-date symlink: /home/fiend/Navigation_Bot/dev_ws/install/navigation_bot/share/navigation_bot/worlds/obstacle.world\n'}
[26.771287] (navigation_bot) StdoutLine: {'line': b'-- Up-to-date symlink: /home/fiend/Navigation_Bot/dev_ws/install/navigation_bot/share/navigation_bot/worlds/track.world\n'}
[26.771657] (navigation_bot) StdoutLine: {'line': b'-- Up-to-date symlink: /home/fiend/Navigation_Bot/dev_ws/install/navigation_bot/share/navigation_bot/worlds/turtleWorld.world\n'}
[26.772443] (navigation_bot) StdoutLine: {'line': b'-- Up-to-date symlink: /home/fiend/Navigation_Bot/dev_ws/install/navigation_bot/lib/navigation_bot/ImageCapture\n'}
[26.772945] (navigation_bot) StdoutLine: {'line': b'-- Up-to-date symlink: /home/fiend/Navigation_Bot/dev_ws/install/navigation_bot/lib/navigation_bot/Motor_Driver_Node\n'}
[26.773517] (navigation_bot) StdoutLine: {'line': b'-- Up-to-date symlink: /home/fiend/Navigation_Bot/dev_ws/install/navigation_bot/share/ament_index/resource_index/package_run_dependencies/navigation_bot\n'}
[26.774084] (navigation_bot) StdoutLine: {'line': b'-- Up-to-date symlink: /home/fiend/Navigation_Bot/dev_ws/install/navigation_bot/share/ament_index/resource_index/parent_prefix_path/navigation_bot\n'}
[26.774584] (navigation_bot) StdoutLine: {'line': b'-- Up-to-date symlink: /home/fiend/Navigation_Bot/dev_ws/install/navigation_bot/share/navigation_bot/environment/ament_prefix_path.sh\n'}
[26.775116] (navigation_bot) StdoutLine: {'line': b'-- Up-to-date symlink: /home/fiend/Navigation_Bot/dev_ws/install/navigation_bot/share/navigation_bot/environment/ament_prefix_path.dsv\n'}
[26.775665] (navigation_bot) StdoutLine: {'line': b'-- Up-to-date symlink: /home/fiend/Navigation_Bot/dev_ws/install/navigation_bot/share/navigation_bot/environment/path.sh\n'}
[26.776140] (navigation_bot) StdoutLine: {'line': b'-- Up-to-date symlink: /home/fiend/Navigation_Bot/dev_ws/install/navigation_bot/share/navigation_bot/environment/path.dsv\n'}
[26.776987] (navigation_bot) StdoutLine: {'line': b'-- Up-to-date symlink: /home/fiend/Navigation_Bot/dev_ws/install/navigation_bot/share/navigation_bot/local_setup.bash\n'}
[26.777444] (navigation_bot) StdoutLine: {'line': b'-- Up-to-date symlink: /home/fiend/Navigation_Bot/dev_ws/install/navigation_bot/share/navigation_bot/local_setup.sh\n'}
[26.777816] (navigation_bot) StdoutLine: {'line': b'-- Up-to-date symlink: /home/fiend/Navigation_Bot/dev_ws/install/navigation_bot/share/navigation_bot/local_setup.zsh\n'}
[26.778595] (navigation_bot) StdoutLine: {'line': b'-- Up-to-date symlink: /home/fiend/Navigation_Bot/dev_ws/install/navigation_bot/share/navigation_bot/local_setup.dsv\n'}
[26.779044] (navigation_bot) StdoutLine: {'line': b'-- Symlinking: /home/fiend/Navigation_Bot/dev_ws/install/navigation_bot/share/navigation_bot/package.dsv\n'}
[26.797029] (navigation_bot) StdoutLine: {'line': b'-- Up-to-date symlink: /home/fiend/Navigation_Bot/dev_ws/install/navigation_bot/share/ament_index/resource_index/packages/navigation_bot\n'}
[26.797454] (navigation_bot) StdoutLine: {'line': b'-- Up-to-date symlink: /home/fiend/Navigation_Bot/dev_ws/install/navigation_bot/share/navigation_bot/cmake/navigation_botConfig.cmake\n'}
[26.799389] (navigation_bot) StdoutLine: {'line': b'-- Up-to-date symlink: /home/fiend/Navigation_Bot/dev_ws/install/navigation_bot/share/navigation_bot/cmake/navigation_botConfig-version.cmake\n'}
[26.799747] (navigation_bot) StdoutLine: {'line': b'-- Up-to-date symlink: /home/fiend/Navigation_Bot/dev_ws/install/navigation_bot/share/navigation_bot/package.xml\n'}
[26.807935] (navigation_bot) CommandEnded: {'returncode': 0}
[26.861948] (-) TimerEvent: {}
[26.962421] (-) TimerEvent: {}
[27.063719] (-) TimerEvent: {}
[27.175255] (-) TimerEvent: {}
[27.276625] (-) TimerEvent: {}
[27.317476] (navigation_bot) JobEnded: {'identifier': 'navigation_bot', 'rc': 0}
[27.319398] (-) EventReactorShutdown: {}
