[0.258s] Invoking command in '/home/fiend/Navigation_Bot/dev_ws/build/navigation_bot': CMAKE_PREFIX_PATH=${CMAKE_PREFIX_PATH}:/opt/ros/humble PS1=
\[[38;5;156m\]\[[0m\]\[[38;5;166m\]dev_ws\[[0m\]\[[38;5;166m\]\[[0m\] on \[[38;5;162m\] \[[0m\]\[[38;5;162m\]main\[[0m\]
\[[1;38;5;166m\]➜\[[0m\] /usr/bin/cmake --build /home/fiend/Navigation_Bot/dev_ws/build/navigation_bot -- -j8 -l8
[0.347s] [35m[1mConsolidate compiler generated dependencies of target ImageCapture[0m
[0.371s] [ 33%] Built target cv_bridge_test
[0.374s] [ 66%] Built target webcam_publisher
[0.381s] [100%] Built target ImageCapture
[0.401s] Invoked command in '/home/fiend/Navigation_Bot/dev_ws/build/navigation_bot' returned '0': CMAKE_PREFIX_PATH=${CMAKE_PREFIX_PATH}:/opt/ros/humble PS1=
\[[38;5;156m\]\[[0m\]\[[38;5;166m\]dev_ws\[[0m\]\[[38;5;166m\]\[[0m\] on \[[38;5;162m\] \[[0m\]\[[38;5;162m\]main\[[0m\]
\[[1;38;5;166m\]➜\[[0m\] /usr/bin/cmake --build /home/fiend/Navigation_Bot/dev_ws/build/navigation_bot -- -j8 -l8
[0.468s] Invoking command in '/home/fiend/Navigation_Bot/dev_ws/build/navigation_bot': CMAKE_PREFIX_PATH=${CMAKE_PREFIX_PATH}:/opt/ros/humble PS1=
\[[38;5;156m\]\[[0m\]\[[38;5;166m\]dev_ws\[[0m\]\[[38;5;166m\]\[[0m\] on \[[38;5;162m\] \[[0m\]\[[38;5;162m\]main\[[0m\]
\[[1;38;5;166m\]➜\[[0m\] /usr/bin/cmake --install /home/fiend/Navigation_Bot/dev_ws/build/navigation_bot
[0.489s] -- Install configuration: ""
[0.490s] -- Execute custom install script
[0.491s] -- Up-to-date symlink: /home/fiend/Navigation_Bot/dev_ws/install/navigation_bot/share/navigation_bot/config/empty.yaml
[0.492s] -- Up-to-date symlink: /home/fiend/Navigation_Bot/dev_ws/install/navigation_bot/share/navigation_bot/config/my_controller.yaml
[0.492s] -- Up-to-date symlink: /home/fiend/Navigation_Bot/dev_ws/install/navigation_bot/share/navigation_bot/description/Depth_camera.xacro
[0.492s] -- Up-to-date symlink: /home/fiend/Navigation_Bot/dev_ws/install/navigation_bot/share/navigation_bot/description/camera.xacro
[0.493s] -- Up-to-date symlink: /home/fiend/Navigation_Bot/dev_ws/install/navigation_bot/share/navigation_bot/description/gazebo_control.xacro
[0.493s] -- Up-to-date symlink: /home/fiend/Navigation_Bot/dev_ws/install/navigation_bot/share/navigation_bot/description/inertial_macros.xacro
[0.493s] -- Up-to-date symlink: /home/fiend/Navigation_Bot/dev_ws/install/navigation_bot/share/navigation_bot/description/lidar.xacro
[0.493s] -- Up-to-date symlink: /home/fiend/Navigation_Bot/dev_ws/install/navigation_bot/share/navigation_bot/description/robot.urdf.xacro
[0.493s] -- Up-to-date symlink: /home/fiend/Navigation_Bot/dev_ws/install/navigation_bot/share/navigation_bot/description/robot_core.xacro
[0.494s] -- Up-to-date symlink: /home/fiend/Navigation_Bot/dev_ws/install/navigation_bot/share/navigation_bot/description/ros2_control.xacro
[0.494s] -- Up-to-date symlink: /home/fiend/Navigation_Bot/dev_ws/install/navigation_bot/share/navigation_bot/launch/launch_sim.launch.py
[0.494s] -- Up-to-date symlink: /home/fiend/Navigation_Bot/dev_ws/install/navigation_bot/share/navigation_bot/launch/rsp.launch.py
[0.494s] -- Up-to-date symlink: /home/fiend/Navigation_Bot/dev_ws/install/navigation_bot/share/navigation_bot/worlds/empty.world
[0.494s] -- Up-to-date symlink: /home/fiend/Navigation_Bot/dev_ws/install/navigation_bot/share/navigation_bot/worlds/home.world
[0.495s] -- Up-to-date symlink: /home/fiend/Navigation_Bot/dev_ws/install/navigation_bot/share/navigation_bot/worlds/obstacle.world
[0.495s] -- Up-to-date symlink: /home/fiend/Navigation_Bot/dev_ws/install/navigation_bot/share/navigation_bot/worlds/track.world
[0.495s] -- Up-to-date symlink: /home/fiend/Navigation_Bot/dev_ws/install/navigation_bot/share/navigation_bot/worlds/turtleWorld.world
[0.496s] -- Up-to-date symlink: /home/fiend/Navigation_Bot/dev_ws/install/navigation_bot/lib/navigation_bot/ImageCapture
[0.496s] -- Up-to-date symlink: /home/fiend/Navigation_Bot/dev_ws/install/navigation_bot/lib/navigation_bot/webcam_publisher
[0.496s] -- Up-to-date symlink: /home/fiend/Navigation_Bot/dev_ws/install/navigation_bot/lib/navigation_bot/cv_bridge_test
[0.497s] -- Up-to-date symlink: /home/fiend/Navigation_Bot/dev_ws/install/navigation_bot/share/ament_index/resource_index/package_run_dependencies/navigation_bot
[0.497s] -- Up-to-date symlink: /home/fiend/Navigation_Bot/dev_ws/install/navigation_bot/share/ament_index/resource_index/parent_prefix_path/navigation_bot
[0.497s] -- Up-to-date symlink: /home/fiend/Navigation_Bot/dev_ws/install/navigation_bot/share/navigation_bot/environment/ament_prefix_path.sh
[0.497s] -- Up-to-date symlink: /home/fiend/Navigation_Bot/dev_ws/install/navigation_bot/share/navigation_bot/environment/ament_prefix_path.dsv
[0.498s] -- Up-to-date symlink: /home/fiend/Navigation_Bot/dev_ws/install/navigation_bot/share/navigation_bot/environment/path.sh
[0.498s] -- Up-to-date symlink: /home/fiend/Navigation_Bot/dev_ws/install/navigation_bot/share/navigation_bot/environment/path.dsv
[0.498s] -- Up-to-date symlink: /home/fiend/Navigation_Bot/dev_ws/install/navigation_bot/share/navigation_bot/local_setup.bash
[0.499s] -- Up-to-date symlink: /home/fiend/Navigation_Bot/dev_ws/install/navigation_bot/share/navigation_bot/local_setup.sh
[0.499s] -- Up-to-date symlink: /home/fiend/Navigation_Bot/dev_ws/install/navigation_bot/share/navigation_bot/local_setup.zsh
[0.500s] -- Up-to-date symlink: /home/fiend/Navigation_Bot/dev_ws/install/navigation_bot/share/navigation_bot/local_setup.dsv
[0.500s] -- Symlinking: /home/fiend/Navigation_Bot/dev_ws/install/navigation_bot/share/navigation_bot/package.dsv
[0.515s] -- Up-to-date symlink: /home/fiend/Navigation_Bot/dev_ws/install/navigation_bot/share/ament_index/resource_index/packages/navigation_bot
[0.516s] -- Up-to-date symlink: /home/fiend/Navigation_Bot/dev_ws/install/navigation_bot/share/navigation_bot/cmake/navigation_botConfig.cmake
[0.516s] -- Up-to-date symlink: /home/fiend/Navigation_Bot/dev_ws/install/navigation_bot/share/navigation_bot/cmake/navigation_botConfig-version.cmake
[0.516s] -- Up-to-date symlink: /home/fiend/Navigation_Bot/dev_ws/install/navigation_bot/share/navigation_bot/package.xml
[0.520s] Invoked command in '/home/fiend/Navigation_Bot/dev_ws/build/navigation_bot' returned '0': CMAKE_PREFIX_PATH=${CMAKE_PREFIX_PATH}:/opt/ros/humble PS1=
\[[38;5;156m\]\[[0m\]\[[38;5;166m\]dev_ws\[[0m\]\[[38;5;166m\]\[[0m\] on \[[38;5;162m\] \[[0m\]\[[38;5;162m\]main\[[0m\]
\[[1;38;5;166m\]➜\[[0m\] /usr/bin/cmake --install /home/fiend/Navigation_Bot/dev_ws/build/navigation_bot
