[0.000000] (-) TimerEvent: {}
[0.000231] (navigation_bot) JobQueued: {'identifier': 'navigation_bot', 'dependencies': OrderedDict()}
[0.000352] (navigation_bot) JobStarted: {'identifier': 'navigation_bot'}
[0.099093] (-) TimerEvent: {}
[0.200256] (-) TimerEvent: {}
[0.300699] (-) TimerEvent: {}
[0.341463] (navigation_bot) JobProgress: {'identifier': 'navigation_bot', 'progress': 'cmake'}
[0.343032] (navigation_bot) JobProgress: {'identifier': 'navigation_bot', 'progress': 'build'}
[0.344597] (navigation_bot) Command: {'cmd': ['/usr/bin/cmake', '--build', '/home/fiend/Navigation_Bot/dev_ws/build/navigation_bot', '--', '-j8', '-l8'], 'cwd': '/home/fiend/Navigation_Bot/dev_ws/build/navigation_bot', 'env': OrderedDict([('GJS_DEBUG_TOPICS', 'JS ERROR;JS LOG'), ('LESSOPEN', '| /usr/bin/lesspipe %s'), ('LANGUAGE', 'en_IN:en'), ('USER', 'fiend'), ('STARSHIP_SHELL', 'bash'), ('XDG_SESSION_TYPE', 'wayland'), ('SHLVL', '1'), ('LD_LIBRARY_PATH', '/usr/lib/x86_64-linux-gnu/gazebo-11/plugins:/opt/ros/humble/opt/rviz_ogre_vendor/lib:/opt/ros/humble/lib/x86_64-linux-gnu:/opt/ros/humble/lib'), ('HOME', '/home/fiend'), ('OLDPWD', '/home/fiend/Navigation_Bot'), ('DESKTOP_SESSION', 'ubuntu'), ('GIO_LAUNCHED_DESKTOP_FILE', '/usr/share/applications/terminator.desktop'), ('ROS_PYTHON_VERSION', '3'), ('GNOME_SHELL_SESSION_MODE', 'ubuntu'), ('GTK_MODULES', 'gail:atk-bridge'), ('PS1', '\n\\[\x1b[38;5;156m\\]\\[\x1b[0m\\]\\[\x1b[38;5;166m\\]dev_ws\\[\x1b[0m\\]\\[\x1b[38;5;166m\\]\\[\x1b[0m\\] on \\[\x1b[38;5;162m\\]\ue0a0 \\[\x1b[0m\\]\\[\x1b[38;5;162m\\]main\\[\x1b[0m\\] underwent \\[\x1b[36m\\]2m14s\\[\x1b[0m\\]\n\\[\x1b[1;38;5;166m\\]➜\\[\x1b[0m\\]'), ('MANAGERPID', '865'), ('SYSTEMD_EXEC_PID', '1038'), ('DBUS_SESSION_BUS_ADDRESS', 'unix:path=/run/user/1000/bus'), ('COLORTERM', 'truecolor'), ('GIO_LAUNCHED_DESKTOP_FILE_PID', '5627'), ('_colcon_cd_root', '/opt/ros/humble/'), ('IM_CONFIG_PHASE', '1'), ('WAYLAND_DISPLAY', 'wayland-0'), ('COLCON_PREFIX_PATH', '/home/fiend/Navigation_Bot/dev_ws/install:/home/fiend/voice_grab/ros2_ws/install:/home/fiend/LineFollowingRobot/ros_ws/install:/home/fiend/ROS/practice_codes_ROS2/articubot_one/install'), ('ROS_DISTRO', 'humble'), ('LOGNAME', 'fiend'), ('JOURNAL_STREAM', '8:30767'), ('_', '/usr/bin/colcon'), ('ROS_VERSION', '2'), ('XDG_SESSION_CLASS', 'user'), ('USERNAME', 'fiend'), ('TERM', 'xterm-256color'), ('GNOME_DESKTOP_SESSION_ID', 'this-is-deprecated'), ('ROS_LOCALHOST_ONLY', '0'), ('PATH', '/opt/ros/humble/bin:/home/fiend/.local/bin:/usr/local/sbin:/usr/local/bin:/usr/sbin:/usr/bin:/sbin:/bin:/usr/games:/usr/local/games:/snap/bin:/snap/bin'), ('SESSION_MANAGER', 'local/fiend-Lenovo-Yoga-C740-14IML:@/tmp/.ICE-unix/1008,unix/fiend-Lenovo-Yoga-C740-14IML:/tmp/.ICE-unix/1008'), ('INVOCATION_ID', '37512f0c72ec48d79a8a8f1894f11f4d'), ('XDG_MENU_PREFIX', 'gnome-'), ('GNOME_SETUP_DISPLAY', ':1'), ('XDG_RUNTIME_DIR', '/run/user/1000'), ('DISPLAY', ':0'), ('LANG', 'en_US.UTF-8'), ('XDG_CURRENT_DESKTOP', 'ubuntu:GNOME'), ('IBUS_DISABLE_SNOOPER', '1'), ('XMODIFIERS', '@im=ibus'), ('XDG_SESSION_DESKTOP', 'ubuntu'), ('XAUTHORITY', '/run/user/1000/.mutter-Xwaylandauth.UJJAK2'), ('LS_COLORS', 'di=34:ow=34:tw=34:fi=13:ln=31:pi=5:so=5:bd=5:cd=5:or=31:mi=0:ex=35:*.rpm=90:*.png=35:*.gif=36:*.jpg=35:*.c=92:*.py=93:*.h=90:*.txt=94:*.doc=104:*.odt=104:*.csv=102:*.xlsx=102:*.xlsm=102:*.rb=31:*.cpp=92:*.sh=92:*.html=96:*.zip=4;33:*.tar.gz=4;33:*.mp4=105:*.mp3=106'), ('SSH_AGENT_LAUNCHER', 'gnome-keyring'), ('SSH_AUTH_SOCK', '/run/user/1000/keyring/ssh'), ('AMENT_PREFIX_PATH', '/home/fiend/Navigation_Bot/dev_ws/install/navigation_bot:/home/fiend/LineFollowingRobot/ros_ws/install/line_bhakt:/home/fiend/ROS/practice_codes_ROS2/articubot_one/install/articubot_one:/opt/ros/humble'), ('SHELL', '/bin/bash'), ('TERMINATOR_UUID', 'urn:uuid:de10c5cb-7f42-4ea2-ad3f-7446c017e8fd'), ('QT_ACCESSIBILITY', '1'), ('GDMSESSION', 'ubuntu'), ('LESSCLOSE', '/usr/bin/lesspipe %s %s'), ('GCC_COLORS', 'error=31:warning=35:note=36:caret=32:locus=01:quote=01'), ('GJS_DEBUG_OUTPUT', 'stderr'), ('QT_IM_MODULE', 'ibus'), ('PWD', '/home/fiend/Navigation_Bot/dev_ws/build/navigation_bot'), ('LC_ALL', 'en_US.UTF-8'), ('XDG_CONFIG_DIRS', '/etc/xdg/xdg-ubuntu:/etc/xdg'), ('XDG_DATA_DIRS', '/usr/share/ubuntu:/home/fiend/.local/share/flatpak/exports/share:/var/lib/flatpak/exports/share:/usr/local/share/:/usr/share/:/var/lib/snapd/desktop'), ('STARSHIP_SESSION_KEY', '2059017139146452'), ('PYTHONPATH', '/opt/ros/humble/lib/python3.10/site-packages:/opt/ros/humble/local/lib/python3.10/dist-packages'), ('COLCON', '1'), ('VTE_VERSION', '6800'), ('CMAKE_PREFIX_PATH', '/home/fiend/Navigation_Bot/dev_ws/install/navigation_bot:/home/fiend/LineFollowingRobot/ros_ws/install/line_bhakt:/home/fiend/ROS/practice_codes_ROS2/articubot_one/install/articubot_one:/opt/ros/humble')]), 'shell': False}
[0.400841] (-) TimerEvent: {}
[0.501319] (-) TimerEvent: {}
[0.517900] (navigation_bot) StdoutLine: {'line': b'\x1b[35m\x1b[1mConsolidate compiler generated dependencies of target ImageCapture\x1b[0m\n'}
[0.550424] (navigation_bot) StdoutLine: {'line': b'[ 25%] \x1b[32mBuilding CXX object CMakeFiles/Motor_Driver_Node.dir/Executables/follower.cpp.o\x1b[0m\n'}
[0.555365] (navigation_bot) StdoutLine: {'line': b'[ 75%] Built target ImageCapture\n'}
[0.601454] (-) TimerEvent: {}
[0.701889] (-) TimerEvent: {}
[0.802336] (-) TimerEvent: {}
[0.902831] (-) TimerEvent: {}
[1.003274] (-) TimerEvent: {}
[1.103707] (-) TimerEvent: {}
[1.204138] (-) TimerEvent: {}
[1.304563] (-) TimerEvent: {}
[1.405044] (-) TimerEvent: {}
[1.505494] (-) TimerEvent: {}
[1.605930] (-) TimerEvent: {}
[1.706365] (-) TimerEvent: {}
[1.806805] (-) TimerEvent: {}
[1.907229] (-) TimerEvent: {}
[2.007685] (-) TimerEvent: {}
[2.108129] (-) TimerEvent: {}
[2.208545] (-) TimerEvent: {}
[2.308955] (-) TimerEvent: {}
[2.409354] (-) TimerEvent: {}
[2.509740] (-) TimerEvent: {}
[2.610155] (-) TimerEvent: {}
[2.710562] (-) TimerEvent: {}
[2.810975] (-) TimerEvent: {}
[2.911367] (-) TimerEvent: {}
[3.011750] (-) TimerEvent: {}
[3.112145] (-) TimerEvent: {}
[3.212521] (-) TimerEvent: {}
[3.312924] (-) TimerEvent: {}
[3.413303] (-) TimerEvent: {}
[3.513712] (-) TimerEvent: {}
[3.614099] (-) TimerEvent: {}
[3.714489] (-) TimerEvent: {}
[3.814904] (-) TimerEvent: {}
[3.915293] (-) TimerEvent: {}
[4.015676] (-) TimerEvent: {}
[4.116093] (-) TimerEvent: {}
[4.216476] (-) TimerEvent: {}
[4.316879] (-) TimerEvent: {}
[4.417269] (-) TimerEvent: {}
[4.517658] (-) TimerEvent: {}
[4.618030] (-) TimerEvent: {}
[4.718410] (-) TimerEvent: {}
[4.818788] (-) TimerEvent: {}
[4.919167] (-) TimerEvent: {}
[5.019544] (-) TimerEvent: {}
[5.119962] (-) TimerEvent: {}
[5.220343] (-) TimerEvent: {}
[5.320722] (-) TimerEvent: {}
[5.421105] (-) TimerEvent: {}
[5.521479] (-) TimerEvent: {}
[5.621891] (-) TimerEvent: {}
[5.722297] (-) TimerEvent: {}
[5.822703] (-) TimerEvent: {}
[5.923101] (-) TimerEvent: {}
[6.023463] (-) TimerEvent: {}
[6.123870] (-) TimerEvent: {}
[6.224250] (-) TimerEvent: {}
[6.324663] (-) TimerEvent: {}
[6.425050] (-) TimerEvent: {}
[6.525422] (-) TimerEvent: {}
[6.625807] (-) TimerEvent: {}
[6.726195] (-) TimerEvent: {}
[6.826590] (-) TimerEvent: {}
[6.926965] (-) TimerEvent: {}
[7.027342] (-) TimerEvent: {}
[7.127717] (-) TimerEvent: {}
[7.228091] (-) TimerEvent: {}
[7.328467] (-) TimerEvent: {}
[7.428845] (-) TimerEvent: {}
[7.529236] (-) TimerEvent: {}
[7.629614] (-) TimerEvent: {}
[7.729991] (-) TimerEvent: {}
[7.830385] (-) TimerEvent: {}
[7.930764] (-) TimerEvent: {}
[8.031164] (-) TimerEvent: {}
[8.131556] (-) TimerEvent: {}
[8.231937] (-) TimerEvent: {}
[8.332320] (-) TimerEvent: {}
[8.432707] (-) TimerEvent: {}
[8.533114] (-) TimerEvent: {}
[8.633497] (-) TimerEvent: {}
[8.733873] (-) TimerEvent: {}
[8.834250] (-) TimerEvent: {}
[8.934635] (-) TimerEvent: {}
[9.035012] (-) TimerEvent: {}
[9.135422] (-) TimerEvent: {}
[9.235830] (-) TimerEvent: {}
[9.336217] (-) TimerEvent: {}
[9.436602] (-) TimerEvent: {}
[9.537000] (-) TimerEvent: {}
[9.637382] (-) TimerEvent: {}
[9.737772] (-) TimerEvent: {}
[9.838201] (-) TimerEvent: {}
[9.938583] (-) TimerEvent: {}
[10.038981] (-) TimerEvent: {}
[10.139363] (-) TimerEvent: {}
[10.239772] (-) TimerEvent: {}
[10.340169] (-) TimerEvent: {}
[10.440557] (-) TimerEvent: {}
[10.540943] (-) TimerEvent: {}
[10.641350] (-) TimerEvent: {}
[10.741722] (-) TimerEvent: {}
[10.842126] (-) TimerEvent: {}
[10.942490] (-) TimerEvent: {}
[11.042906] (-) TimerEvent: {}
[11.143327] (-) TimerEvent: {}
[11.243702] (-) TimerEvent: {}
[11.344117] (-) TimerEvent: {}
[11.444535] (-) TimerEvent: {}
[11.544925] (-) TimerEvent: {}
[11.645292] (-) TimerEvent: {}
[11.745669] (-) TimerEvent: {}
[11.846046] (-) TimerEvent: {}
[11.946420] (-) TimerEvent: {}
[12.046809] (-) TimerEvent: {}
[12.147186] (-) TimerEvent: {}
[12.247556] (-) TimerEvent: {}
[12.347940] (-) TimerEvent: {}
[12.448321] (-) TimerEvent: {}
[12.548703] (-) TimerEvent: {}
[12.649100] (-) TimerEvent: {}
[12.749465] (-) TimerEvent: {}
[12.849859] (-) TimerEvent: {}
[12.950316] (-) TimerEvent: {}
[13.050705] (-) TimerEvent: {}
[13.151094] (-) TimerEvent: {}
[13.251473] (-) TimerEvent: {}
[13.351854] (-) TimerEvent: {}
[13.452231] (-) TimerEvent: {}
[13.552604] (-) TimerEvent: {}
[13.652991] (-) TimerEvent: {}
[13.753357] (-) TimerEvent: {}
[13.853739] (-) TimerEvent: {}
[13.954108] (-) TimerEvent: {}
[14.054477] (-) TimerEvent: {}
[14.154863] (-) TimerEvent: {}
[14.255319] (-) TimerEvent: {}
[14.355692] (-) TimerEvent: {}
[14.456075] (-) TimerEvent: {}
[14.556443] (-) TimerEvent: {}
[14.656840] (-) TimerEvent: {}
[14.757219] (-) TimerEvent: {}
[14.857582] (-) TimerEvent: {}
[14.957984] (-) TimerEvent: {}
[15.058356] (-) TimerEvent: {}
[15.158728] (-) TimerEvent: {}
[15.259088] (-) TimerEvent: {}
[15.359496] (-) TimerEvent: {}
[15.459856] (-) TimerEvent: {}
[15.560237] (-) TimerEvent: {}
[15.660615] (-) TimerEvent: {}
[15.761034] (-) TimerEvent: {}
[15.861409] (-) TimerEvent: {}
[15.961781] (-) TimerEvent: {}
[16.062160] (-) TimerEvent: {}
[16.162535] (-) TimerEvent: {}
[16.262936] (-) TimerEvent: {}
[16.363328] (-) TimerEvent: {}
[16.463716] (-) TimerEvent: {}
[16.564120] (-) TimerEvent: {}
[16.664495] (-) TimerEvent: {}
[16.764897] (-) TimerEvent: {}
[16.865306] (-) TimerEvent: {}
[16.965677] (-) TimerEvent: {}
[17.066048] (-) TimerEvent: {}
[17.166418] (-) TimerEvent: {}
[17.266810] (-) TimerEvent: {}
[17.367180] (-) TimerEvent: {}
[17.467562] (-) TimerEvent: {}
[17.567934] (-) TimerEvent: {}
[17.668348] (-) TimerEvent: {}
[17.768723] (-) TimerEvent: {}
[17.869143] (-) TimerEvent: {}
[17.969514] (-) TimerEvent: {}
[18.069913] (-) TimerEvent: {}
[18.170300] (-) TimerEvent: {}
[18.270674] (-) TimerEvent: {}
[18.371044] (-) TimerEvent: {}
[18.471422] (-) TimerEvent: {}
[18.571795] (-) TimerEvent: {}
[18.672199] (-) TimerEvent: {}
[18.772567] (-) TimerEvent: {}
[18.872957] (-) TimerEvent: {}
[18.973321] (-) TimerEvent: {}
[19.073710] (-) TimerEvent: {}
[19.174137] (-) TimerEvent: {}
[19.274548] (-) TimerEvent: {}
[19.374951] (-) TimerEvent: {}
[19.475401] (-) TimerEvent: {}
[19.575799] (-) TimerEvent: {}
[19.676180] (-) TimerEvent: {}
[19.776561] (-) TimerEvent: {}
[19.876972] (-) TimerEvent: {}
[19.977396] (-) TimerEvent: {}
[20.025570] (navigation_bot) StdoutLine: {'line': b'[100%] \x1b[32m\x1b[1mLinking CXX executable Motor_Driver_Node\x1b[0m\n'}
[20.077535] (-) TimerEvent: {}
[20.177968] (-) TimerEvent: {}
[20.278354] (-) TimerEvent: {}
[20.378830] (-) TimerEvent: {}
[20.479348] (-) TimerEvent: {}
[20.579963] (-) TimerEvent: {}
[20.680436] (-) TimerEvent: {}
[20.780827] (-) TimerEvent: {}
[20.881250] (-) TimerEvent: {}
[20.981709] (-) TimerEvent: {}
[21.066636] (navigation_bot) StdoutLine: {'line': b'[100%] Built target Motor_Driver_Node\n'}
[21.081845] (-) TimerEvent: {}
[21.084425] (navigation_bot) CommandEnded: {'returncode': 0}
[21.129465] (navigation_bot) JobProgress: {'identifier': 'navigation_bot', 'progress': 'install'}
[21.144705] (navigation_bot) Command: {'cmd': ['/usr/bin/cmake', '--install', '/home/fiend/Navigation_Bot/dev_ws/build/navigation_bot'], 'cwd': '/home/fiend/Navigation_Bot/dev_ws/build/navigation_bot', 'env': OrderedDict([('GJS_DEBUG_TOPICS', 'JS ERROR;JS LOG'), ('LESSOPEN', '| /usr/bin/lesspipe %s'), ('LANGUAGE', 'en_IN:en'), ('USER', 'fiend'), ('STARSHIP_SHELL', 'bash'), ('XDG_SESSION_TYPE', 'wayland'), ('SHLVL', '1'), ('LD_LIBRARY_PATH', '/usr/lib/x86_64-linux-gnu/gazebo-11/plugins:/opt/ros/humble/opt/rviz_ogre_vendor/lib:/opt/ros/humble/lib/x86_64-linux-gnu:/opt/ros/humble/lib'), ('HOME', '/home/fiend'), ('OLDPWD', '/home/fiend/Navigation_Bot'), ('DESKTOP_SESSION', 'ubuntu'), ('GIO_LAUNCHED_DESKTOP_FILE', '/usr/share/applications/terminator.desktop'), ('ROS_PYTHON_VERSION', '3'), ('GNOME_SHELL_SESSION_MODE', 'ubuntu'), ('GTK_MODULES', 'gail:atk-bridge'), ('PS1', '\n\\[\x1b[38;5;156m\\]\\[\x1b[0m\\]\\[\x1b[38;5;166m\\]dev_ws\\[\x1b[0m\\]\\[\x1b[38;5;166m\\]\\[\x1b[0m\\] on \\[\x1b[38;5;162m\\]\ue0a0 \\[\x1b[0m\\]\\[\x1b[38;5;162m\\]main\\[\x1b[0m\\] underwent \\[\x1b[36m\\]2m14s\\[\x1b[0m\\]\n\\[\x1b[1;38;5;166m\\]➜\\[\x1b[0m\\]'), ('MANAGERPID', '865'), ('SYSTEMD_EXEC_PID', '1038'), ('DBUS_SESSION_BUS_ADDRESS', 'unix:path=/run/user/1000/bus'), ('COLORTERM', 'truecolor'), ('GIO_LAUNCHED_DESKTOP_FILE_PID', '5627'), ('_colcon_cd_root', '/opt/ros/humble/'), ('IM_CONFIG_PHASE', '1'), ('WAYLAND_DISPLAY', 'wayland-0'), ('COLCON_PREFIX_PATH', '/home/fiend/Navigation_Bot/dev_ws/install:/home/fiend/voice_grab/ros2_ws/install:/home/fiend/LineFollowingRobot/ros_ws/install:/home/fiend/ROS/practice_codes_ROS2/articubot_one/install'), ('ROS_DISTRO', 'humble'), ('LOGNAME', 'fiend'), ('JOURNAL_STREAM', '8:30767'), ('_', '/usr/bin/colcon'), ('ROS_VERSION', '2'), ('XDG_SESSION_CLASS', 'user'), ('USERNAME', 'fiend'), ('TERM', 'xterm-256color'), ('GNOME_DESKTOP_SESSION_ID', 'this-is-deprecated'), ('ROS_LOCALHOST_ONLY', '0'), ('PATH', '/opt/ros/humble/bin:/home/fiend/.local/bin:/usr/local/sbin:/usr/local/bin:/usr/sbin:/usr/bin:/sbin:/bin:/usr/games:/usr/local/games:/snap/bin:/snap/bin'), ('SESSION_MANAGER', 'local/fiend-Lenovo-Yoga-C740-14IML:@/tmp/.ICE-unix/1008,unix/fiend-Lenovo-Yoga-C740-14IML:/tmp/.ICE-unix/1008'), ('INVOCATION_ID', '37512f0c72ec48d79a8a8f1894f11f4d'), ('XDG_MENU_PREFIX', 'gnome-'), ('GNOME_SETUP_DISPLAY', ':1'), ('XDG_RUNTIME_DIR', '/run/user/1000'), ('DISPLAY', ':0'), ('LANG', 'en_US.UTF-8'), ('XDG_CURRENT_DESKTOP', 'ubuntu:GNOME'), ('IBUS_DISABLE_SNOOPER', '1'), ('XMODIFIERS', '@im=ibus'), ('XDG_SESSION_DESKTOP', 'ubuntu'), ('XAUTHORITY', '/run/user/1000/.mutter-Xwaylandauth.UJJAK2'), ('LS_COLORS', 'di=34:ow=34:tw=34:fi=13:ln=31:pi=5:so=5:bd=5:cd=5:or=31:mi=0:ex=35:*.rpm=90:*.png=35:*.gif=36:*.jpg=35:*.c=92:*.py=93:*.h=90:*.txt=94:*.doc=104:*.odt=104:*.csv=102:*.xlsx=102:*.xlsm=102:*.rb=31:*.cpp=92:*.sh=92:*.html=96:*.zip=4;33:*.tar.gz=4;33:*.mp4=105:*.mp3=106'), ('SSH_AGENT_LAUNCHER', 'gnome-keyring'), ('SSH_AUTH_SOCK', '/run/user/1000/keyring/ssh'), ('AMENT_PREFIX_PATH', '/home/fiend/Navigation_Bot/dev_ws/install/navigation_bot:/home/fiend/LineFollowingRobot/ros_ws/install/line_bhakt:/home/fiend/ROS/practice_codes_ROS2/articubot_one/install/articubot_one:/opt/ros/humble'), ('SHELL', '/bin/bash'), ('TERMINATOR_UUID', 'urn:uuid:de10c5cb-7f42-4ea2-ad3f-7446c017e8fd'), ('QT_ACCESSIBILITY', '1'), ('GDMSESSION', 'ubuntu'), ('LESSCLOSE', '/usr/bin/lesspipe %s %s'), ('GCC_COLORS', 'error=31:warning=35:note=36:caret=32:locus=01:quote=01'), ('GJS_DEBUG_OUTPUT', 'stderr'), ('QT_IM_MODULE', 'ibus'), ('PWD', '/home/fiend/Navigation_Bot/dev_ws/build/navigation_bot'), ('LC_ALL', 'en_US.UTF-8'), ('XDG_CONFIG_DIRS', '/etc/xdg/xdg-ubuntu:/etc/xdg'), ('XDG_DATA_DIRS', '/usr/share/ubuntu:/home/fiend/.local/share/flatpak/exports/share:/var/lib/flatpak/exports/share:/usr/local/share/:/usr/share/:/var/lib/snapd/desktop'), ('STARSHIP_SESSION_KEY', '2059017139146452'), ('PYTHONPATH', '/opt/ros/humble/lib/python3.10/site-packages:/opt/ros/humble/local/lib/python3.10/dist-packages'), ('COLCON', '1'), ('VTE_VERSION', '6800'), ('CMAKE_PREFIX_PATH', '/home/fiend/Navigation_Bot/dev_ws/install/navigation_bot:/home/fiend/LineFollowingRobot/ros_ws/install/line_bhakt:/home/fiend/ROS/practice_codes_ROS2/articubot_one/install/articubot_one:/opt/ros/humble')]), 'shell': False}
[21.158885] (navigation_bot) StdoutLine: {'line': b'-- Install configuration: ""\n'}
[21.163056] (navigation_bot) StdoutLine: {'line': b'-- Execute custom install script\n'}
[21.164053] (navigation_bot) StdoutLine: {'line': b'-- Up-to-date symlink: /home/fiend/Navigation_Bot/dev_ws/install/navigation_bot/share/navigation_bot/config/empty.yaml\n'}
[21.164382] (navigation_bot) StdoutLine: {'line': b'-- Up-to-date symlink: /home/fiend/Navigation_Bot/dev_ws/install/navigation_bot/share/navigation_bot/config/my_controller.yaml\n'}
[21.165059] (navigation_bot) StdoutLine: {'line': b'-- Up-to-date symlink: /home/fiend/Navigation_Bot/dev_ws/install/navigation_bot/share/navigation_bot/description/Depth_camera.xacro\n'}
[21.165476] (navigation_bot) StdoutLine: {'line': b'-- Up-to-date symlink: /home/fiend/Navigation_Bot/dev_ws/install/navigation_bot/share/navigation_bot/description/camera.xacro\n'}
[21.165949] (navigation_bot) StdoutLine: {'line': b'-- Up-to-date symlink: /home/fiend/Navigation_Bot/dev_ws/install/navigation_bot/share/navigation_bot/description/gazebo_control.xacro\n'}
[21.166361] (navigation_bot) StdoutLine: {'line': b'-- Up-to-date symlink: /home/fiend/Navigation_Bot/dev_ws/install/navigation_bot/share/navigation_bot/description/inertial_macros.xacro\n'}
[21.166794] (navigation_bot) StdoutLine: {'line': b'-- Up-to-date symlink: /home/fiend/Navigation_Bot/dev_ws/install/navigation_bot/share/navigation_bot/description/lidar.xacro\n'}
[21.167217] (navigation_bot) StdoutLine: {'line': b'-- Up-to-date symlink: /home/fiend/Navigation_Bot/dev_ws/install/navigation_bot/share/navigation_bot/description/robot.urdf.xacro\n'}
[21.167653] (navigation_bot) StdoutLine: {'line': b'-- Up-to-date symlink: /home/fiend/Navigation_Bot/dev_ws/install/navigation_bot/share/navigation_bot/description/robot_core.xacro\n'}
[21.168066] (navigation_bot) StdoutLine: {'line': b'-- Up-to-date symlink: /home/fiend/Navigation_Bot/dev_ws/install/navigation_bot/share/navigation_bot/description/ros2_control.xacro\n'}
[21.168794] (navigation_bot) StdoutLine: {'line': b'-- Up-to-date symlink: /home/fiend/Navigation_Bot/dev_ws/install/navigation_bot/share/navigation_bot/launch/launch_sim.launch.py\n'}
[21.169207] (navigation_bot) StdoutLine: {'line': b'-- Up-to-date symlink: /home/fiend/Navigation_Bot/dev_ws/install/navigation_bot/share/navigation_bot/launch/rsp.launch.py\n'}
[21.169768] (navigation_bot) StdoutLine: {'line': b'-- Up-to-date symlink: /home/fiend/Navigation_Bot/dev_ws/install/navigation_bot/share/navigation_bot/worlds/empty.world\n'}
[21.170095] (navigation_bot) StdoutLine: {'line': b'-- Up-to-date symlink: /home/fiend/Navigation_Bot/dev_ws/install/navigation_bot/share/navigation_bot/worlds/home.world\n'}
[21.170479] (navigation_bot) StdoutLine: {'line': b'-- Up-to-date symlink: /home/fiend/Navigation_Bot/dev_ws/install/navigation_bot/share/navigation_bot/worlds/obstacle.world\n'}
[21.170808] (navigation_bot) StdoutLine: {'line': b'-- Up-to-date symlink: /home/fiend/Navigation_Bot/dev_ws/install/navigation_bot/share/navigation_bot/worlds/track.world\n'}
[21.171149] (navigation_bot) StdoutLine: {'line': b'-- Up-to-date symlink: /home/fiend/Navigation_Bot/dev_ws/install/navigation_bot/share/navigation_bot/worlds/turtleWorld.world\n'}
[21.172017] (navigation_bot) StdoutLine: {'line': b'-- Up-to-date symlink: /home/fiend/Navigation_Bot/dev_ws/install/navigation_bot/lib/navigation_bot/ImageCapture\n'}
[21.172602] (navigation_bot) StdoutLine: {'line': b'-- Up-to-date symlink: /home/fiend/Navigation_Bot/dev_ws/install/navigation_bot/lib/navigation_bot/Motor_Driver_Node\n'}
[21.173342] (navigation_bot) StdoutLine: {'line': b'-- Up-to-date symlink: /home/fiend/Navigation_Bot/dev_ws/install/navigation_bot/share/ament_index/resource_index/package_run_dependencies/navigation_bot\n'}
[21.173814] (navigation_bot) StdoutLine: {'line': b'-- Up-to-date symlink: /home/fiend/Navigation_Bot/dev_ws/install/navigation_bot/share/ament_index/resource_index/parent_prefix_path/navigation_bot\n'}
[21.174263] (navigation_bot) StdoutLine: {'line': b'-- Up-to-date symlink: /home/fiend/Navigation_Bot/dev_ws/install/navigation_bot/share/navigation_bot/environment/ament_prefix_path.sh\n'}
[21.174701] (navigation_bot) StdoutLine: {'line': b'-- Up-to-date symlink: /home/fiend/Navigation_Bot/dev_ws/install/navigation_bot/share/navigation_bot/environment/ament_prefix_path.dsv\n'}
[21.175095] (navigation_bot) StdoutLine: {'line': b'-- Up-to-date symlink: /home/fiend/Navigation_Bot/dev_ws/install/navigation_bot/share/navigation_bot/environment/path.sh\n'}
[21.175537] (navigation_bot) StdoutLine: {'line': b'-- Up-to-date symlink: /home/fiend/Navigation_Bot/dev_ws/install/navigation_bot/share/navigation_bot/environment/path.dsv\n'}
[21.175891] (navigation_bot) StdoutLine: {'line': b'-- Up-to-date symlink: /home/fiend/Navigation_Bot/dev_ws/install/navigation_bot/share/navigation_bot/local_setup.bash\n'}
[21.176269] (navigation_bot) StdoutLine: {'line': b'-- Up-to-date symlink: /home/fiend/Navigation_Bot/dev_ws/install/navigation_bot/share/navigation_bot/local_setup.sh\n'}
[21.176671] (navigation_bot) StdoutLine: {'line': b'-- Up-to-date symlink: /home/fiend/Navigation_Bot/dev_ws/install/navigation_bot/share/navigation_bot/local_setup.zsh\n'}
[21.177087] (navigation_bot) StdoutLine: {'line': b'-- Up-to-date symlink: /home/fiend/Navigation_Bot/dev_ws/install/navigation_bot/share/navigation_bot/local_setup.dsv\n'}
[21.177359] (navigation_bot) StdoutLine: {'line': b'-- Symlinking: /home/fiend/Navigation_Bot/dev_ws/install/navigation_bot/share/navigation_bot/package.dsv\n'}
[21.181955] (-) TimerEvent: {}
[21.193088] (navigation_bot) StdoutLine: {'line': b'-- Up-to-date symlink: /home/fiend/Navigation_Bot/dev_ws/install/navigation_bot/share/ament_index/resource_index/packages/navigation_bot\n'}
[21.193561] (navigation_bot) StdoutLine: {'line': b'-- Up-to-date symlink: /home/fiend/Navigation_Bot/dev_ws/install/navigation_bot/share/navigation_bot/cmake/navigation_botConfig.cmake\n'}
[21.194065] (navigation_bot) StdoutLine: {'line': b'-- Up-to-date symlink: /home/fiend/Navigation_Bot/dev_ws/install/navigation_bot/share/navigation_bot/cmake/navigation_botConfig-version.cmake\n'}
[21.194561] (navigation_bot) StdoutLine: {'line': b'-- Up-to-date symlink: /home/fiend/Navigation_Bot/dev_ws/install/navigation_bot/share/navigation_bot/package.xml\n'}
[21.198449] (navigation_bot) CommandEnded: {'returncode': 0}
[21.282366] (-) TimerEvent: {}
[21.382797] (-) TimerEvent: {}
[21.483715] (-) TimerEvent: {}
[21.571532] (navigation_bot) JobEnded: {'identifier': 'navigation_bot', 'rc': 0}
[21.573172] (-) EventReactorShutdown: {}
