[0.000000] (-) TimerEvent: {}
[0.000140] (navigation_bot) JobQueued: {'identifier': 'navigation_bot', 'dependencies': OrderedDict()}
[0.000802] (navigation_bot) JobStarted: {'identifier': 'navigation_bot'}
[0.079658] (navigation_bot) JobProgress: {'identifier': 'navigation_bot', 'progress': 'cmake'}
[0.080610] (navigation_bot) JobProgress: {'identifier': 'navigation_bot', 'progress': 'build'}
[0.080648] (navigation_bot) Command: {'cmd': ['/usr/bin/cmake', '--build', '/home/fiend/Navigation_Bot/dev_ws/build/navigation_bot', '--', '-j8', '-l8'], 'cwd': '/home/fiend/Navigation_Bot/dev_ws/build/navigation_bot', 'env': OrderedDict([('GJS_DEBUG_TOPICS', 'JS ERROR;JS LOG'), ('LESSOPEN', '| /usr/bin/lesspipe %s'), ('LANGUAGE', 'en_IN:en'), ('USER', 'fiend'), ('STARSHIP_SHELL', 'bash'), ('XDG_SESSION_TYPE', 'wayland'), ('SHLVL', '1'), ('LD_LIBRARY_PATH', '/opt/ros/humble/opt/rviz_ogre_vendor/lib:/opt/ros/humble/lib/x86_64-linux-gnu:/opt/ros/humble/lib'), ('HOME', '/home/fiend'), ('OLDPWD', '/home/fiend'), ('DESKTOP_SESSION', 'ubuntu'), ('GIO_LAUNCHED_DESKTOP_FILE', '/usr/share/applications/terminator.desktop'), ('ROS_PYTHON_VERSION', '3'), ('GNOME_SHELL_SESSION_MODE', 'ubuntu'), ('GTK_MODULES', 'gail:atk-bridge'), ('PS1', '\n\\[\x1b[38;5;156m\\]\\[\x1b[0m\\]\\[\x1b[38;5;166m\\]dev_ws\\[\x1b[0m\\]\\[\x1b[38;5;166m\\]\\[\x1b[0m\\] on \\[\x1b[38;5;162m\\]\ue0a0 \\[\x1b[0m\\]\\[\x1b[38;5;162m\\]main\\[\x1b[0m\\] underwent \\[\x1b[36m\\]28s\\[\x1b[0m\\]\n\\[\x1b[1;38;5;166m\\]➜\\[\x1b[0m\\]'), ('MANAGERPID', '861'), ('SYSTEMD_EXEC_PID', '1015'), ('DBUS_SESSION_BUS_ADDRESS', 'unix:path=/run/user/1000/bus'), ('COLORTERM', 'truecolor'), ('GIO_LAUNCHED_DESKTOP_FILE_PID', '21631'), ('_colcon_cd_root', '/opt/ros/humble/'), ('IM_CONFIG_PHASE', '1'), ('WAYLAND_DISPLAY', 'wayland-0'), ('COLCON_PREFIX_PATH', '/home/fiend/Navigation_Bot/dev_ws/install:/home/fiend/LineFollowingRobot/ros_ws/install'), ('ROS_DISTRO', 'humble'), ('LOGNAME', 'fiend'), ('JOURNAL_STREAM', '8:22455'), ('_', '/usr/bin/colcon'), ('ROS_VERSION', '2'), ('XDG_SESSION_CLASS', 'user'), ('USERNAME', 'fiend'), ('TERM', 'xterm-256color'), ('GNOME_DESKTOP_SESSION_ID', 'this-is-deprecated'), ('ROS_LOCALHOST_ONLY', '0'), ('PATH', '/opt/ros/humble/bin:/home/fiend/.local/bin:/usr/local/sbin:/usr/local/bin:/usr/sbin:/usr/bin:/sbin:/bin:/usr/games:/usr/local/games:/snap/bin:/snap/bin'), ('SESSION_MANAGER', 'local/fiend-Lenovo-Yoga-C740-14IML:@/tmp/.ICE-unix/979,unix/fiend-Lenovo-Yoga-C740-14IML:/tmp/.ICE-unix/979'), ('INVOCATION_ID', '3fdbbc4af5f447298031a36ed1100046'), ('XDG_MENU_PREFIX', 'gnome-'), ('GNOME_SETUP_DISPLAY', ':1'), ('XDG_RUNTIME_DIR', '/run/user/1000'), ('DISPLAY', ':0'), ('LANG', 'en_US.UTF-8'), ('XDG_CURRENT_DESKTOP', 'ubuntu:GNOME'), ('IBUS_DISABLE_SNOOPER', '1'), ('XMODIFIERS', '@im=ibus'), ('XDG_SESSION_DESKTOP', 'ubuntu'), ('XAUTHORITY', '/run/user/1000/.mutter-Xwaylandauth.579GJ2'), ('LS_COLORS', 'di=34:ow=34:tw=34:fi=13:ln=31:pi=5:so=5:bd=5:cd=5:or=31:mi=0:ex=35:*.rpm=90:*.png=35:*.gif=36:*.jpg=35:*.c=92:*.py=93:*.h=90:*.txt=94:*.doc=104:*.odt=104:*.csv=102:*.xlsx=102:*.xlsm=102:*.rb=31:*.cpp=92:*.sh=92:*.html=96:*.zip=4;33:*.tar.gz=4;33:*.mp4=105:*.mp3=106'), ('SSH_AGENT_LAUNCHER', 'gnome-keyring'), ('SSH_AUTH_SOCK', '/run/user/1000/keyring/ssh'), ('AMENT_PREFIX_PATH', '/home/fiend/Navigation_Bot/dev_ws/install/navigation_bot:/home/fiend/LineFollowingRobot/ros_ws/install/line_bhakt:/opt/ros/humble'), ('SHELL', '/bin/bash'), ('TERMINATOR_UUID', 'urn:uuid:55a8b1ef-0c73-4622-a352-6aaf49f0fb9b'), ('QT_ACCESSIBILITY', '1'), ('GDMSESSION', 'ubuntu'), ('LESSCLOSE', '/usr/bin/lesspipe %s %s'), ('GCC_COLORS', 'error=31:warning=35:note=36:caret=32:locus=01:quote=01'), ('GJS_DEBUG_OUTPUT', 'stderr'), ('QT_IM_MODULE', 'ibus'), ('PWD', '/home/fiend/Navigation_Bot/dev_ws/build/navigation_bot'), ('LC_ALL', 'en_US.UTF-8'), ('XDG_CONFIG_DIRS', '/etc/xdg/xdg-ubuntu:/etc/xdg'), ('XDG_DATA_DIRS', '/usr/share/ubuntu:/usr/local/share/:/usr/share/:/var/lib/snapd/desktop'), ('STARSHIP_SESSION_KEY', '7621396828694635'), ('PYTHONPATH', '/opt/ros/humble/lib/python3.10/site-packages:/opt/ros/humble/local/lib/python3.10/dist-packages'), ('COLCON', '1'), ('VTE_VERSION', '6800'), ('CMAKE_PREFIX_PATH', '/home/fiend/Navigation_Bot/dev_ws/install/navigation_bot:/home/fiend/LineFollowingRobot/ros_ws/install/line_bhakt:/opt/ros/humble')]), 'shell': False}
[0.099785] (-) TimerEvent: {}
[0.117611] (navigation_bot) StdoutLine: {'line': b'\x1b[35m\x1b[1mConsolidate compiler generated dependencies of target webcam_publisher\x1b[0m\n'}
[0.129172] (navigation_bot) StdoutLine: {'line': b'[ 50%] Built target ImageCapture\n'}
[0.134221] (navigation_bot) StdoutLine: {'line': b'[ 75%] \x1b[32mBuilding CXX object CMakeFiles/webcam_publisher.dir/Executables/WebCam.cpp.o\x1b[0m\n'}
[0.199886] (-) TimerEvent: {}
[0.300169] (-) TimerEvent: {}
[0.400430] (-) TimerEvent: {}
[0.500699] (-) TimerEvent: {}
[0.600956] (-) TimerEvent: {}
[0.701214] (-) TimerEvent: {}
[0.801455] (-) TimerEvent: {}
[0.901707] (-) TimerEvent: {}
[1.001976] (-) TimerEvent: {}
[1.102242] (-) TimerEvent: {}
[1.202513] (-) TimerEvent: {}
[1.302770] (-) TimerEvent: {}
[1.403020] (-) TimerEvent: {}
[1.503408] (-) TimerEvent: {}
[1.603721] (-) TimerEvent: {}
[1.704018] (-) TimerEvent: {}
[1.804332] (-) TimerEvent: {}
[1.904871] (-) TimerEvent: {}
[2.005155] (-) TimerEvent: {}
[2.105432] (-) TimerEvent: {}
[2.205764] (-) TimerEvent: {}
[2.306086] (-) TimerEvent: {}
[2.406399] (-) TimerEvent: {}
[2.506694] (-) TimerEvent: {}
[2.606980] (-) TimerEvent: {}
[2.707265] (-) TimerEvent: {}
[2.807526] (-) TimerEvent: {}
[2.907804] (-) TimerEvent: {}
[3.008072] (-) TimerEvent: {}
[3.108339] (-) TimerEvent: {}
[3.208601] (-) TimerEvent: {}
[3.308878] (-) TimerEvent: {}
[3.409144] (-) TimerEvent: {}
[3.509414] (-) TimerEvent: {}
[3.609660] (-) TimerEvent: {}
[3.709939] (-) TimerEvent: {}
[3.810240] (-) TimerEvent: {}
[3.910511] (-) TimerEvent: {}
[4.010811] (-) TimerEvent: {}
[4.111076] (-) TimerEvent: {}
[4.211341] (-) TimerEvent: {}
[4.311604] (-) TimerEvent: {}
[4.411852] (-) TimerEvent: {}
[4.512112] (-) TimerEvent: {}
[4.612363] (-) TimerEvent: {}
[4.712618] (-) TimerEvent: {}
[4.812872] (-) TimerEvent: {}
[4.913158] (-) TimerEvent: {}
[5.013444] (-) TimerEvent: {}
[5.113708] (-) TimerEvent: {}
[5.201625] (navigation_bot) StdoutLine: {'line': b'[100%] \x1b[32m\x1b[1mLinking CXX executable webcam_publisher\x1b[0m\n'}
[5.213837] (-) TimerEvent: {}
[5.314116] (-) TimerEvent: {}
[5.414420] (-) TimerEvent: {}
[5.514701] (-) TimerEvent: {}
[5.533829] (navigation_bot) StdoutLine: {'line': b'[100%] Built target webcam_publisher\n'}
[5.544364] (navigation_bot) CommandEnded: {'returncode': 0}
[5.564206] (navigation_bot) JobProgress: {'identifier': 'navigation_bot', 'progress': 'install'}
[5.571126] (navigation_bot) Command: {'cmd': ['/usr/bin/cmake', '--install', '/home/fiend/Navigation_Bot/dev_ws/build/navigation_bot'], 'cwd': '/home/fiend/Navigation_Bot/dev_ws/build/navigation_bot', 'env': OrderedDict([('GJS_DEBUG_TOPICS', 'JS ERROR;JS LOG'), ('LESSOPEN', '| /usr/bin/lesspipe %s'), ('LANGUAGE', 'en_IN:en'), ('USER', 'fiend'), ('STARSHIP_SHELL', 'bash'), ('XDG_SESSION_TYPE', 'wayland'), ('SHLVL', '1'), ('LD_LIBRARY_PATH', '/opt/ros/humble/opt/rviz_ogre_vendor/lib:/opt/ros/humble/lib/x86_64-linux-gnu:/opt/ros/humble/lib'), ('HOME', '/home/fiend'), ('OLDPWD', '/home/fiend'), ('DESKTOP_SESSION', 'ubuntu'), ('GIO_LAUNCHED_DESKTOP_FILE', '/usr/share/applications/terminator.desktop'), ('ROS_PYTHON_VERSION', '3'), ('GNOME_SHELL_SESSION_MODE', 'ubuntu'), ('GTK_MODULES', 'gail:atk-bridge'), ('PS1', '\n\\[\x1b[38;5;156m\\]\\[\x1b[0m\\]\\[\x1b[38;5;166m\\]dev_ws\\[\x1b[0m\\]\\[\x1b[38;5;166m\\]\\[\x1b[0m\\] on \\[\x1b[38;5;162m\\]\ue0a0 \\[\x1b[0m\\]\\[\x1b[38;5;162m\\]main\\[\x1b[0m\\] underwent \\[\x1b[36m\\]28s\\[\x1b[0m\\]\n\\[\x1b[1;38;5;166m\\]➜\\[\x1b[0m\\]'), ('MANAGERPID', '861'), ('SYSTEMD_EXEC_PID', '1015'), ('DBUS_SESSION_BUS_ADDRESS', 'unix:path=/run/user/1000/bus'), ('COLORTERM', 'truecolor'), ('GIO_LAUNCHED_DESKTOP_FILE_PID', '21631'), ('_colcon_cd_root', '/opt/ros/humble/'), ('IM_CONFIG_PHASE', '1'), ('WAYLAND_DISPLAY', 'wayland-0'), ('COLCON_PREFIX_PATH', '/home/fiend/Navigation_Bot/dev_ws/install:/home/fiend/LineFollowingRobot/ros_ws/install'), ('ROS_DISTRO', 'humble'), ('LOGNAME', 'fiend'), ('JOURNAL_STREAM', '8:22455'), ('_', '/usr/bin/colcon'), ('ROS_VERSION', '2'), ('XDG_SESSION_CLASS', 'user'), ('USERNAME', 'fiend'), ('TERM', 'xterm-256color'), ('GNOME_DESKTOP_SESSION_ID', 'this-is-deprecated'), ('ROS_LOCALHOST_ONLY', '0'), ('PATH', '/opt/ros/humble/bin:/home/fiend/.local/bin:/usr/local/sbin:/usr/local/bin:/usr/sbin:/usr/bin:/sbin:/bin:/usr/games:/usr/local/games:/snap/bin:/snap/bin'), ('SESSION_MANAGER', 'local/fiend-Lenovo-Yoga-C740-14IML:@/tmp/.ICE-unix/979,unix/fiend-Lenovo-Yoga-C740-14IML:/tmp/.ICE-unix/979'), ('INVOCATION_ID', '3fdbbc4af5f447298031a36ed1100046'), ('XDG_MENU_PREFIX', 'gnome-'), ('GNOME_SETUP_DISPLAY', ':1'), ('XDG_RUNTIME_DIR', '/run/user/1000'), ('DISPLAY', ':0'), ('LANG', 'en_US.UTF-8'), ('XDG_CURRENT_DESKTOP', 'ubuntu:GNOME'), ('IBUS_DISABLE_SNOOPER', '1'), ('XMODIFIERS', '@im=ibus'), ('XDG_SESSION_DESKTOP', 'ubuntu'), ('XAUTHORITY', '/run/user/1000/.mutter-Xwaylandauth.579GJ2'), ('LS_COLORS', 'di=34:ow=34:tw=34:fi=13:ln=31:pi=5:so=5:bd=5:cd=5:or=31:mi=0:ex=35:*.rpm=90:*.png=35:*.gif=36:*.jpg=35:*.c=92:*.py=93:*.h=90:*.txt=94:*.doc=104:*.odt=104:*.csv=102:*.xlsx=102:*.xlsm=102:*.rb=31:*.cpp=92:*.sh=92:*.html=96:*.zip=4;33:*.tar.gz=4;33:*.mp4=105:*.mp3=106'), ('SSH_AGENT_LAUNCHER', 'gnome-keyring'), ('SSH_AUTH_SOCK', '/run/user/1000/keyring/ssh'), ('AMENT_PREFIX_PATH', '/home/fiend/Navigation_Bot/dev_ws/install/navigation_bot:/home/fiend/LineFollowingRobot/ros_ws/install/line_bhakt:/opt/ros/humble'), ('SHELL', '/bin/bash'), ('TERMINATOR_UUID', 'urn:uuid:55a8b1ef-0c73-4622-a352-6aaf49f0fb9b'), ('QT_ACCESSIBILITY', '1'), ('GDMSESSION', 'ubuntu'), ('LESSCLOSE', '/usr/bin/lesspipe %s %s'), ('GCC_COLORS', 'error=31:warning=35:note=36:caret=32:locus=01:quote=01'), ('GJS_DEBUG_OUTPUT', 'stderr'), ('QT_IM_MODULE', 'ibus'), ('PWD', '/home/fiend/Navigation_Bot/dev_ws/build/navigation_bot'), ('LC_ALL', 'en_US.UTF-8'), ('XDG_CONFIG_DIRS', '/etc/xdg/xdg-ubuntu:/etc/xdg'), ('XDG_DATA_DIRS', '/usr/share/ubuntu:/usr/local/share/:/usr/share/:/var/lib/snapd/desktop'), ('STARSHIP_SESSION_KEY', '7621396828694635'), ('PYTHONPATH', '/opt/ros/humble/lib/python3.10/site-packages:/opt/ros/humble/local/lib/python3.10/dist-packages'), ('COLCON', '1'), ('VTE_VERSION', '6800'), ('CMAKE_PREFIX_PATH', '/home/fiend/Navigation_Bot/dev_ws/install/navigation_bot:/home/fiend/LineFollowingRobot/ros_ws/install/line_bhakt:/opt/ros/humble')]), 'shell': False}
[5.577307] (navigation_bot) StdoutLine: {'line': b'-- Install configuration: ""\n'}
[5.577647] (navigation_bot) StdoutLine: {'line': b'-- Execute custom install script\n'}
[5.577919] (navigation_bot) StdoutLine: {'line': b'-- Up-to-date symlink: /home/fiend/Navigation_Bot/dev_ws/install/navigation_bot/share/navigation_bot/config/empty.yaml\n'}
[5.578036] (navigation_bot) StdoutLine: {'line': b'-- Up-to-date symlink: /home/fiend/Navigation_Bot/dev_ws/install/navigation_bot/share/navigation_bot/config/my_controller.yaml\n'}
[5.578281] (navigation_bot) StdoutLine: {'line': b'-- Up-to-date symlink: /home/fiend/Navigation_Bot/dev_ws/install/navigation_bot/share/navigation_bot/config/my_teleop_params.yaml\n'}
[5.578360] (navigation_bot) StdoutLine: {'line': b'-- Up-to-date symlink: /home/fiend/Navigation_Bot/dev_ws/install/navigation_bot/share/navigation_bot/description/Depth_camera.xacro\n'}
[5.578448] (navigation_bot) StdoutLine: {'line': b'-- Up-to-date symlink: /home/fiend/Navigation_Bot/dev_ws/install/navigation_bot/share/navigation_bot/description/camera.xacro\n'}
[5.578524] (navigation_bot) StdoutLine: {'line': b'-- Up-to-date symlink: /home/fiend/Navigation_Bot/dev_ws/install/navigation_bot/share/navigation_bot/description/gazebo_control.xacro\n'}
[5.578599] (navigation_bot) StdoutLine: {'line': b'-- Up-to-date symlink: /home/fiend/Navigation_Bot/dev_ws/install/navigation_bot/share/navigation_bot/description/inertial_macros.xacro\n'}
[5.578676] (navigation_bot) StdoutLine: {'line': b'-- Up-to-date symlink: /home/fiend/Navigation_Bot/dev_ws/install/navigation_bot/share/navigation_bot/description/lidar.xacro\n'}
[5.578759] (navigation_bot) StdoutLine: {'line': b'-- Up-to-date symlink: /home/fiend/Navigation_Bot/dev_ws/install/navigation_bot/share/navigation_bot/description/robot.urdf.xacro\n'}
[5.578836] (navigation_bot) StdoutLine: {'line': b'-- Up-to-date symlink: /home/fiend/Navigation_Bot/dev_ws/install/navigation_bot/share/navigation_bot/description/robot_core.xacro\n'}
[5.578908] (navigation_bot) StdoutLine: {'line': b'-- Up-to-date symlink: /home/fiend/Navigation_Bot/dev_ws/install/navigation_bot/share/navigation_bot/description/ros2_control.xacro\n'}
[5.579042] (navigation_bot) StdoutLine: {'line': b'-- Up-to-date symlink: /home/fiend/Navigation_Bot/dev_ws/install/navigation_bot/share/navigation_bot/launch/launch_sim.launch.py\n'}
[5.579121] (navigation_bot) StdoutLine: {'line': b'-- Up-to-date symlink: /home/fiend/Navigation_Bot/dev_ws/install/navigation_bot/share/navigation_bot/launch/rsp.launch.py\n'}
[5.579197] (navigation_bot) StdoutLine: {'line': b'-- Up-to-date symlink: /home/fiend/Navigation_Bot/dev_ws/install/navigation_bot/share/navigation_bot/launch/teleop_twist.launch.py\n'}
[5.579377] (navigation_bot) StdoutLine: {'line': b'-- Up-to-date symlink: /home/fiend/Navigation_Bot/dev_ws/install/navigation_bot/share/navigation_bot/worlds/empty.world\n'}
[5.579455] (navigation_bot) StdoutLine: {'line': b'-- Up-to-date symlink: /home/fiend/Navigation_Bot/dev_ws/install/navigation_bot/share/navigation_bot/worlds/home.world\n'}
[5.579532] (navigation_bot) StdoutLine: {'line': b'-- Up-to-date symlink: /home/fiend/Navigation_Bot/dev_ws/install/navigation_bot/share/navigation_bot/worlds/obstacle.world\n'}
[5.579606] (navigation_bot) StdoutLine: {'line': b'-- Up-to-date symlink: /home/fiend/Navigation_Bot/dev_ws/install/navigation_bot/share/navigation_bot/worlds/track.world\n'}
[5.579682] (navigation_bot) StdoutLine: {'line': b'-- Up-to-date symlink: /home/fiend/Navigation_Bot/dev_ws/install/navigation_bot/share/navigation_bot/worlds/turtleWorld.world\n'}
[5.579883] (navigation_bot) StdoutLine: {'line': b'-- Up-to-date symlink: /home/fiend/Navigation_Bot/dev_ws/install/navigation_bot/lib/navigation_bot/ImageCapture\n'}
[5.580002] (navigation_bot) StdoutLine: {'line': b'-- Up-to-date symlink: /home/fiend/Navigation_Bot/dev_ws/install/navigation_bot/lib/navigation_bot/webcam_publisher\n'}
[5.580145] (navigation_bot) StdoutLine: {'line': b'-- Up-to-date symlink: /home/fiend/Navigation_Bot/dev_ws/install/navigation_bot/share/ament_index/resource_index/package_run_dependencies/navigation_bot\n'}
[5.580305] (navigation_bot) StdoutLine: {'line': b'-- Up-to-date symlink: /home/fiend/Navigation_Bot/dev_ws/install/navigation_bot/share/ament_index/resource_index/parent_prefix_path/navigation_bot\n'}
[5.580408] (navigation_bot) StdoutLine: {'line': b'-- Up-to-date symlink: /home/fiend/Navigation_Bot/dev_ws/install/navigation_bot/share/navigation_bot/environment/ament_prefix_path.sh\n'}
[5.580531] (navigation_bot) StdoutLine: {'line': b'-- Up-to-date symlink: /home/fiend/Navigation_Bot/dev_ws/install/navigation_bot/share/navigation_bot/environment/ament_prefix_path.dsv\n'}
[5.580653] (navigation_bot) StdoutLine: {'line': b'-- Up-to-date symlink: /home/fiend/Navigation_Bot/dev_ws/install/navigation_bot/share/navigation_bot/environment/path.sh\n'}
[5.580776] (navigation_bot) StdoutLine: {'line': b'-- Up-to-date symlink: /home/fiend/Navigation_Bot/dev_ws/install/navigation_bot/share/navigation_bot/environment/path.dsv\n'}
[5.580894] (navigation_bot) StdoutLine: {'line': b'-- Up-to-date symlink: /home/fiend/Navigation_Bot/dev_ws/install/navigation_bot/share/navigation_bot/local_setup.bash\n'}
[5.581011] (navigation_bot) StdoutLine: {'line': b'-- Up-to-date symlink: /home/fiend/Navigation_Bot/dev_ws/install/navigation_bot/share/navigation_bot/local_setup.sh\n'}
[5.581126] (navigation_bot) StdoutLine: {'line': b'-- Up-to-date symlink: /home/fiend/Navigation_Bot/dev_ws/install/navigation_bot/share/navigation_bot/local_setup.zsh\n'}
[5.581240] (navigation_bot) StdoutLine: {'line': b'-- Up-to-date symlink: /home/fiend/Navigation_Bot/dev_ws/install/navigation_bot/share/navigation_bot/local_setup.dsv\n'}
[5.581326] (navigation_bot) StdoutLine: {'line': b'-- Symlinking: /home/fiend/Navigation_Bot/dev_ws/install/navigation_bot/share/navigation_bot/package.dsv\n'}
[5.588641] (navigation_bot) StdoutLine: {'line': b'-- Up-to-date symlink: /home/fiend/Navigation_Bot/dev_ws/install/navigation_bot/share/ament_index/resource_index/packages/navigation_bot\n'}
[5.588886] (navigation_bot) StdoutLine: {'line': b'-- Up-to-date symlink: /home/fiend/Navigation_Bot/dev_ws/install/navigation_bot/share/navigation_bot/cmake/navigation_botConfig.cmake\n'}
[5.589014] (navigation_bot) StdoutLine: {'line': b'-- Up-to-date symlink: /home/fiend/Navigation_Bot/dev_ws/install/navigation_bot/share/navigation_bot/cmake/navigation_botConfig-version.cmake\n'}
[5.589180] (navigation_bot) StdoutLine: {'line': b'-- Up-to-date symlink: /home/fiend/Navigation_Bot/dev_ws/install/navigation_bot/share/navigation_bot/package.xml\n'}
[5.590911] (navigation_bot) CommandEnded: {'returncode': 0}
[5.614784] (-) TimerEvent: {}
[5.715085] (-) TimerEvent: {}
[5.728701] (navigation_bot) JobEnded: {'identifier': 'navigation_bot', 'rc': 0}
[5.729617] (-) EventReactorShutdown: {}
