[0.000000] (-) TimerEvent: {}
[0.000709] (navigation_bot) JobQueued: {'identifier': 'navigation_bot', 'dependencies': OrderedDict()}
[0.001386] (navigation_bot) JobStarted: {'identifier': 'navigation_bot'}
[0.099432] (-) TimerEvent: {}
[0.200159] (-) TimerEvent: {}
[0.255718] (navigation_bot) JobProgress: {'identifier': 'navigation_bot', 'progress': 'cmake'}
[0.258141] (navigation_bot) Command: {'cmd': ['/usr/bin/cmake', '/home/fiend/Navigation_Bot/dev_ws/src', '-DCMAKE_INSTALL_PREFIX=/home/fiend/Navigation_Bot/dev_ws/install/navigation_bot'], 'cwd': '/home/fiend/Navigation_Bot/dev_ws/build/navigation_bot', 'env': OrderedDict([('GJS_DEBUG_TOPICS', 'JS ERROR;JS LOG'), ('LESSOPEN', '| /usr/bin/lesspipe %s'), ('LANGUAGE', 'en_IN:en'), ('USER', 'fiend'), ('STARSHIP_SHELL', 'bash'), ('XDG_SESSION_TYPE', 'wayland'), ('SHLVL', '1'), ('LD_LIBRARY_PATH', '/opt/ros/humble/opt/rviz_ogre_vendor/lib:/opt/ros/humble/lib/x86_64-linux-gnu:/opt/ros/humble/lib'), ('HOME', '/home/fiend'), ('OLDPWD', '/home/fiend'), ('DESKTOP_SESSION', 'ubuntu'), ('GIO_LAUNCHED_DESKTOP_FILE', '/usr/share/applications/terminator.desktop'), ('ROS_PYTHON_VERSION', '3'), ('GNOME_SHELL_SESSION_MODE', 'ubuntu'), ('GTK_MODULES', 'gail:atk-bridge'), ('PS1', '\n\\[\x1b[38;5;156m\\]\\[\x1b[0m\\]\\[\x1b[38;5;166m\\]dev_ws\\[\x1b[0m\\]\\[\x1b[38;5;166m\\]\\[\x1b[0m\\] on \\[\x1b[38;5;162m\\]\ue0a0 \\[\x1b[0m\\]\\[\x1b[38;5;162m\\]main\\[\x1b[0m\\]\n\\[\x1b[1;38;5;166m\\]➜\\[\x1b[0m\\]'), ('MANAGERPID', '856'), ('SYSTEMD_EXEC_PID', '994'), ('DBUS_SESSION_BUS_ADDRESS', 'unix:path=/run/user/1000/bus'), ('COLORTERM', 'truecolor'), ('GIO_LAUNCHED_DESKTOP_FILE_PID', '47614'), ('_colcon_cd_root', '/opt/ros/humble/'), ('IM_CONFIG_PHASE', '1'), ('WAYLAND_DISPLAY', 'wayland-0'), ('COLCON_PREFIX_PATH', '/home/fiend/LineFollowingRobot/ros_ws/install:/home/fiend/Navigation_Bot/dev_ws/install'), ('ROS_DISTRO', 'humble'), ('LOGNAME', 'fiend'), ('JOURNAL_STREAM', '8:19302'), ('_', '/usr/bin/colcon'), ('ROS_VERSION', '2'), ('XDG_SESSION_CLASS', 'user'), ('USERNAME', 'fiend'), ('TERM', 'xterm-256color'), ('GNOME_DESKTOP_SESSION_ID', 'this-is-deprecated'), ('ROS_LOCALHOST_ONLY', '0'), ('PATH', '/opt/ros/humble/bin:/home/fiend/.local/bin:/usr/local/sbin:/usr/local/bin:/usr/sbin:/usr/bin:/sbin:/bin:/usr/games:/usr/local/games:/snap/bin:/snap/bin'), ('SESSION_MANAGER', 'local/fiend-Lenovo-Yoga-C740-14IML:@/tmp/.ICE-unix/971,unix/fiend-Lenovo-Yoga-C740-14IML:/tmp/.ICE-unix/971'), ('INVOCATION_ID', 'c29a6bdbaf90406fa62c182d41742694'), ('XDG_MENU_PREFIX', 'gnome-'), ('GNOME_SETUP_DISPLAY', ':1'), ('XDG_RUNTIME_DIR', '/run/user/1000'), ('DISPLAY', ':0'), ('LANG', 'en_US.UTF-8'), ('XDG_CURRENT_DESKTOP', 'ubuntu:GNOME'), ('IBUS_DISABLE_SNOOPER', '1'), ('XMODIFIERS', '@im=ibus'), ('XDG_SESSION_DESKTOP', 'ubuntu'), ('XAUTHORITY', '/run/user/1000/.mutter-Xwaylandauth.64HKJ2'), ('LS_COLORS', 'di=34:ow=34:tw=34:fi=13:ln=31:pi=5:so=5:bd=5:cd=5:or=31:mi=0:ex=35:*.rpm=90:*.png=35:*.gif=36:*.jpg=35:*.c=92:*.py=93:*.h=90:*.txt=94:*.doc=104:*.odt=104:*.csv=102:*.xlsx=102:*.xlsm=102:*.rb=31:*.cpp=92:*.sh=92:*.html=96:*.zip=4;33:*.tar.gz=4;33:*.mp4=105:*.mp3=106'), ('SSH_AGENT_LAUNCHER', 'gnome-keyring'), ('SSH_AUTH_SOCK', '/run/user/1000/keyring/ssh'), ('AMENT_PREFIX_PATH', '/home/fiend/LineFollowingRobot/ros_ws/install/line_bhakt:/opt/ros/humble'), ('SHELL', '/bin/bash'), ('TERMINATOR_UUID', 'urn:uuid:e23850db-4004-4b3d-b469-9264ff028409'), ('QT_ACCESSIBILITY', '1'), ('GDMSESSION', 'ubuntu'), ('LESSCLOSE', '/usr/bin/lesspipe %s %s'), ('GCC_COLORS', 'error=31:warning=35:note=36:caret=32:locus=01:quote=01'), ('GJS_DEBUG_OUTPUT', 'stderr'), ('QT_IM_MODULE', 'ibus'), ('PWD', '/home/fiend/Navigation_Bot/dev_ws/build/navigation_bot'), ('LC_ALL', 'en_US.UTF-8'), ('XDG_CONFIG_DIRS', '/etc/xdg/xdg-ubuntu:/etc/xdg'), ('XDG_DATA_DIRS', '/usr/share/ubuntu:/usr/local/share/:/usr/share/:/var/lib/snapd/desktop'), ('STARSHIP_SESSION_KEY', '1619016268936328'), ('PYTHONPATH', '/opt/ros/humble/lib/python3.10/site-packages:/opt/ros/humble/local/lib/python3.10/dist-packages'), ('COLCON', '1'), ('VTE_VERSION', '6800'), ('CMAKE_PREFIX_PATH', '/home/fiend/LineFollowingRobot/ros_ws/install/line_bhakt:/opt/ros/humble')]), 'shell': False}
[0.297391] (navigation_bot) StdoutLine: {'line': b'-- Found rclcpp: 16.0.8 (/opt/ros/humble/share/rclcpp/cmake)\n'}
[0.300270] (-) TimerEvent: {}
[0.400828] (-) TimerEvent: {}
[0.501266] (-) TimerEvent: {}
[0.601703] (-) TimerEvent: {}
[0.695000] (navigation_bot) StdoutLine: {'line': b'-- Override CMake install command with custom implementation using symlinks instead of copying resources\n'}
[0.701839] (-) TimerEvent: {}
[0.802275] (-) TimerEvent: {}
[0.824131] (navigation_bot) StdoutLine: {'line': b'-- Found rosidl_generator_c: 3.1.5 (/opt/ros/humble/share/rosidl_generator_c/cmake)\n'}
[0.834664] (navigation_bot) StdoutLine: {'line': b'-- Found rosidl_adapter: 3.1.5 (/opt/ros/humble/share/rosidl_adapter/cmake)\n'}
[0.859203] (navigation_bot) StdoutLine: {'line': b'-- Found rosidl_generator_cpp: 3.1.5 (/opt/ros/humble/share/rosidl_generator_cpp/cmake)\n'}
[0.902411] (-) TimerEvent: {}
[0.903787] (navigation_bot) StdoutLine: {'line': b'-- Using all available rosidl_typesupport_c: rosidl_typesupport_fastrtps_c;rosidl_typesupport_introspection_c\n'}
[0.966411] (navigation_bot) StdoutLine: {'line': b'-- Using all available rosidl_typesupport_cpp: rosidl_typesupport_fastrtps_cpp;rosidl_typesupport_introspection_cpp\n'}
[1.002545] (-) TimerEvent: {}
[1.102996] (-) TimerEvent: {}
[1.186788] (navigation_bot) StdoutLine: {'line': b'-- Found rmw_implementation_cmake: 6.1.1 (/opt/ros/humble/share/rmw_implementation_cmake/cmake)\n'}
[1.190579] (navigation_bot) StdoutLine: {'line': b'-- Found rmw_fastrtps_cpp: 6.2.6 (/opt/ros/humble/share/rmw_fastrtps_cpp/cmake)\n'}
[1.203108] (-) TimerEvent: {}
[1.303505] (-) TimerEvent: {}
[1.403965] (-) TimerEvent: {}
[1.504437] (-) TimerEvent: {}
[1.558963] (navigation_bot) StdoutLine: {'line': b"-- Using RMW implementation 'rmw_fastrtps_cpp' as default\n"}
[1.604571] (-) TimerEvent: {}
[1.705010] (-) TimerEvent: {}
[1.805389] (-) TimerEvent: {}
[1.905861] (-) TimerEvent: {}
[2.006333] (-) TimerEvent: {}
[2.043092] (navigation_bot) StdoutLine: {'line': b'-- Found cv_bridge: 3.4.0 (/usr/local/share/cv_bridge/cmake)\n'}
[2.106468] (-) TimerEvent: {}
[2.206965] (-) TimerEvent: {}
[2.307426] (-) TimerEvent: {}
[2.407898] (-) TimerEvent: {}
[2.420893] (navigation_bot) StderrLine: {'line': b'\x1b[31mCMake Error at /usr/local/share/cv_bridge/cmake/export_cv_bridgeExport.cmake:79 (message):\n'}
[2.421402] (navigation_bot) StderrLine: {'line': b'  The imported target "cv_bridge::cv_bridge" references the file\n'}
[2.421653] (navigation_bot) StderrLine: {'line': b'\n'}
[2.421882] (navigation_bot) StderrLine: {'line': b'     "/usr/local/lib/libcv_bridge.so"\n'}
[2.422116] (navigation_bot) StderrLine: {'line': b'\n'}
[2.422326] (navigation_bot) StderrLine: {'line': b'  but this file does not exist.  Possible reasons include:\n'}
[2.422528] (navigation_bot) StderrLine: {'line': b'\n'}
[2.422725] (navigation_bot) StderrLine: {'line': b'  * The file was deleted, renamed, or moved to another location.\n'}
[2.422926] (navigation_bot) StderrLine: {'line': b'\n'}
[2.423118] (navigation_bot) StderrLine: {'line': b'  * An install or uninstall procedure did not complete successfully.\n'}
[2.423307] (navigation_bot) StderrLine: {'line': b'\n'}
[2.423525] (navigation_bot) StderrLine: {'line': b'  * The installation package was faulty and contained\n'}
[2.423737] (navigation_bot) StderrLine: {'line': b'\n'}
[2.423931] (navigation_bot) StderrLine: {'line': b'     "/usr/local/share/cv_bridge/cmake/export_cv_bridgeExport.cmake"\n'}
[2.424119] (navigation_bot) StderrLine: {'line': b'\n'}
[2.424314] (navigation_bot) StderrLine: {'line': b'  but not all the files it references.\n'}
[2.424507] (navigation_bot) StderrLine: {'line': b'\n'}
[2.424691] (navigation_bot) StderrLine: {'line': b'Call Stack (most recent call first):\n'}
[2.424877] (navigation_bot) StderrLine: {'line': b'  /usr/local/share/cv_bridge/cmake/ament_cmake_export_targets-extras.cmake:9 (include)\n'}
[2.425071] (navigation_bot) StderrLine: {'line': b'  /usr/local/share/cv_bridge/cmake/cv_bridgeConfig.cmake:41 (include)\n'}
[2.425286] (navigation_bot) StderrLine: {'line': b'  CMakeLists.txt:20 (find_package)\n'}
[2.425493] (navigation_bot) StderrLine: {'line': b'\n'}
[2.425686] (navigation_bot) StderrLine: {'line': b'\x1b[0m\n'}
[2.425890] (navigation_bot) StdoutLine: {'line': b'-- Configuring incomplete, errors occurred!\n'}
[2.426104] (navigation_bot) StdoutLine: {'line': b'See also "/home/fiend/Navigation_Bot/dev_ws/build/navigation_bot/CMakeFiles/CMakeOutput.log".\n'}
[2.435337] (navigation_bot) CommandEnded: {'returncode': 1}
[2.508155] (-) TimerEvent: {}
[2.555443] (navigation_bot) JobEnded: {'identifier': 'navigation_bot', 'rc': 1}
[2.566266] (-) EventReactorShutdown: {}
