[0.000000] (-) TimerEvent: {}
[0.000545] (navigation_bot) JobQueued: {'identifier': 'navigation_bot', 'dependencies': OrderedDict()}
[0.000987] (navigation_bot) JobStarted: {'identifier': 'navigation_bot'}
[0.097709] (-) TimerEvent: {}
[0.198705] (-) TimerEvent: {}
[0.299499] (-) TimerEvent: {}
[0.324365] (navigation_bot) JobProgress: {'identifier': 'navigation_bot', 'progress': 'cmake'}
[0.325882] (navigation_bot) JobProgress: {'identifier': 'navigation_bot', 'progress': 'build'}
[0.327484] (navigation_bot) Command: {'cmd': ['/usr/bin/cmake', '--build', '/home/fiend/Navigation_Bot/dev_ws/build/navigation_bot', '--', '-j8', '-l8'], 'cwd': '/home/fiend/Navigation_Bot/dev_ws/build/navigation_bot', 'env': OrderedDict([('GJS_DEBUG_TOPICS', 'JS ERROR;JS LOG'), ('LESSOPEN', '| /usr/bin/lesspipe %s'), ('LANGUAGE', 'en_IN:en'), ('USER', 'fiend'), ('STARSHIP_SHELL', 'bash'), ('XDG_SESSION_TYPE', 'wayland'), ('SHLVL', '1'), ('LD_LIBRARY_PATH', '/usr/lib/x86_64-linux-gnu/gazebo-11/plugins:/opt/ros/humble/opt/rviz_ogre_vendor/lib:/opt/ros/humble/lib/x86_64-linux-gnu:/opt/ros/humble/lib'), ('HOME', '/home/fiend'), ('OLDPWD', '/home/fiend/Navigation_Bot'), ('DESKTOP_SESSION', 'ubuntu'), ('GIO_LAUNCHED_DESKTOP_FILE', '/usr/share/applications/terminator.desktop'), ('ROS_PYTHON_VERSION', '3'), ('GNOME_SHELL_SESSION_MODE', 'ubuntu'), ('GTK_MODULES', 'gail:atk-bridge'), ('PS1', '\n\\[\x1b[38;5;156m\\]\\[\x1b[0m\\]\\[\x1b[38;5;166m\\]dev_ws\\[\x1b[0m\\]\\[\x1b[38;5;166m\\]\\[\x1b[0m\\] on \\[\x1b[38;5;162m\\]\ue0a0 \\[\x1b[0m\\]\\[\x1b[38;5;162m\\]main\\[\x1b[0m\\] underwent \\[\x1b[36m\\]13s\\[\x1b[0m\\]\n\\[\x1b[1;38;5;166m\\]➜\\[\x1b[0m\\]'), ('MANAGERPID', '865'), ('SYSTEMD_EXEC_PID', '1038'), ('DBUS_SESSION_BUS_ADDRESS', 'unix:path=/run/user/1000/bus'), ('COLORTERM', 'truecolor'), ('GIO_LAUNCHED_DESKTOP_FILE_PID', '5627'), ('_colcon_cd_root', '/opt/ros/humble/'), ('IM_CONFIG_PHASE', '1'), ('WAYLAND_DISPLAY', 'wayland-0'), ('COLCON_PREFIX_PATH', '/home/fiend/Navigation_Bot/dev_ws/install:/home/fiend/voice_grab/ros2_ws/install:/home/fiend/LineFollowingRobot/ros_ws/install:/home/fiend/ROS/practice_codes_ROS2/articubot_one/install'), ('ROS_DISTRO', 'humble'), ('LOGNAME', 'fiend'), ('JOURNAL_STREAM', '8:30767'), ('_', '/usr/bin/colcon'), ('ROS_VERSION', '2'), ('XDG_SESSION_CLASS', 'user'), ('USERNAME', 'fiend'), ('TERM', 'xterm-256color'), ('GNOME_DESKTOP_SESSION_ID', 'this-is-deprecated'), ('ROS_LOCALHOST_ONLY', '0'), ('PATH', '/opt/ros/humble/bin:/home/fiend/.local/bin:/usr/local/sbin:/usr/local/bin:/usr/sbin:/usr/bin:/sbin:/bin:/usr/games:/usr/local/games:/snap/bin:/snap/bin'), ('SESSION_MANAGER', 'local/fiend-Lenovo-Yoga-C740-14IML:@/tmp/.ICE-unix/1008,unix/fiend-Lenovo-Yoga-C740-14IML:/tmp/.ICE-unix/1008'), ('INVOCATION_ID', '37512f0c72ec48d79a8a8f1894f11f4d'), ('XDG_MENU_PREFIX', 'gnome-'), ('GNOME_SETUP_DISPLAY', ':1'), ('XDG_RUNTIME_DIR', '/run/user/1000'), ('DISPLAY', ':0'), ('LANG', 'en_US.UTF-8'), ('XDG_CURRENT_DESKTOP', 'ubuntu:GNOME'), ('IBUS_DISABLE_SNOOPER', '1'), ('XMODIFIERS', '@im=ibus'), ('XDG_SESSION_DESKTOP', 'ubuntu'), ('XAUTHORITY', '/run/user/1000/.mutter-Xwaylandauth.UJJAK2'), ('LS_COLORS', 'di=34:ow=34:tw=34:fi=13:ln=31:pi=5:so=5:bd=5:cd=5:or=31:mi=0:ex=35:*.rpm=90:*.png=35:*.gif=36:*.jpg=35:*.c=92:*.py=93:*.h=90:*.txt=94:*.doc=104:*.odt=104:*.csv=102:*.xlsx=102:*.xlsm=102:*.rb=31:*.cpp=92:*.sh=92:*.html=96:*.zip=4;33:*.tar.gz=4;33:*.mp4=105:*.mp3=106'), ('SSH_AGENT_LAUNCHER', 'gnome-keyring'), ('SSH_AUTH_SOCK', '/run/user/1000/keyring/ssh'), ('AMENT_PREFIX_PATH', '/home/fiend/Navigation_Bot/dev_ws/install/navigation_bot:/home/fiend/LineFollowingRobot/ros_ws/install/line_bhakt:/home/fiend/ROS/practice_codes_ROS2/articubot_one/install/articubot_one:/opt/ros/humble'), ('SHELL', '/bin/bash'), ('TERMINATOR_UUID', 'urn:uuid:de10c5cb-7f42-4ea2-ad3f-7446c017e8fd'), ('QT_ACCESSIBILITY', '1'), ('GDMSESSION', 'ubuntu'), ('LESSCLOSE', '/usr/bin/lesspipe %s %s'), ('GCC_COLORS', 'error=31:warning=35:note=36:caret=32:locus=01:quote=01'), ('GJS_DEBUG_OUTPUT', 'stderr'), ('QT_IM_MODULE', 'ibus'), ('PWD', '/home/fiend/Navigation_Bot/dev_ws/build/navigation_bot'), ('LC_ALL', 'en_US.UTF-8'), ('XDG_CONFIG_DIRS', '/etc/xdg/xdg-ubuntu:/etc/xdg'), ('XDG_DATA_DIRS', '/usr/share/ubuntu:/home/fiend/.local/share/flatpak/exports/share:/var/lib/flatpak/exports/share:/usr/local/share/:/usr/share/:/var/lib/snapd/desktop'), ('STARSHIP_SESSION_KEY', '2059017139146452'), ('PYTHONPATH', '/opt/ros/humble/lib/python3.10/site-packages:/opt/ros/humble/local/lib/python3.10/dist-packages'), ('COLCON', '1'), ('VTE_VERSION', '6800'), ('CMAKE_PREFIX_PATH', '/home/fiend/Navigation_Bot/dev_ws/install/navigation_bot:/home/fiend/LineFollowingRobot/ros_ws/install/line_bhakt:/home/fiend/ROS/practice_codes_ROS2/articubot_one/install/articubot_one:/opt/ros/humble')]), 'shell': False}
[0.399632] (-) TimerEvent: {}
[0.406732] (navigation_bot) StdoutLine: {'line': b'\x1b[35m\x1b[1mConsolidate compiler generated dependencies of target ImageCapture\x1b[0m\n'}
[0.443303] (navigation_bot) StdoutLine: {'line': b'[ 50%] \x1b[32mBuilding CXX object CMakeFiles/ImageCapture.dir/Executables/ImageCapture.cpp.o\x1b[0m\n'}
[0.499753] (-) TimerEvent: {}
[0.600182] (-) TimerEvent: {}
[0.700581] (-) TimerEvent: {}
[0.800999] (-) TimerEvent: {}
[0.901510] (-) TimerEvent: {}
[1.001960] (-) TimerEvent: {}
[1.102469] (-) TimerEvent: {}
[1.202968] (-) TimerEvent: {}
[1.303464] (-) TimerEvent: {}
[1.403903] (-) TimerEvent: {}
[1.504322] (-) TimerEvent: {}
[1.604733] (-) TimerEvent: {}
[1.705119] (-) TimerEvent: {}
[1.805508] (-) TimerEvent: {}
[1.906007] (-) TimerEvent: {}
[2.006416] (-) TimerEvent: {}
[2.106864] (-) TimerEvent: {}
[2.207263] (-) TimerEvent: {}
[2.307665] (-) TimerEvent: {}
[2.408083] (-) TimerEvent: {}
[2.508584] (-) TimerEvent: {}
[2.609076] (-) TimerEvent: {}
[2.709579] (-) TimerEvent: {}
[2.810059] (-) TimerEvent: {}
[2.910542] (-) TimerEvent: {}
[3.010974] (-) TimerEvent: {}
[3.111381] (-) TimerEvent: {}
[3.211765] (-) TimerEvent: {}
[3.312148] (-) TimerEvent: {}
[3.412573] (-) TimerEvent: {}
[3.512966] (-) TimerEvent: {}
[3.613376] (-) TimerEvent: {}
[3.713788] (-) TimerEvent: {}
[3.814175] (-) TimerEvent: {}
[3.914641] (-) TimerEvent: {}
[4.015149] (-) TimerEvent: {}
[4.115635] (-) TimerEvent: {}
[4.216131] (-) TimerEvent: {}
[4.316639] (-) TimerEvent: {}
[4.417148] (-) TimerEvent: {}
[4.517645] (-) TimerEvent: {}
[4.618009] (-) TimerEvent: {}
[4.718369] (-) TimerEvent: {}
[4.818748] (-) TimerEvent: {}
[4.919183] (-) TimerEvent: {}
[5.019599] (-) TimerEvent: {}
[5.119978] (-) TimerEvent: {}
[5.220360] (-) TimerEvent: {}
[5.320756] (-) TimerEvent: {}
[5.421125] (-) TimerEvent: {}
[5.521494] (-) TimerEvent: {}
[5.621878] (-) TimerEvent: {}
[5.722269] (-) TimerEvent: {}
[5.822667] (-) TimerEvent: {}
[5.923056] (-) TimerEvent: {}
[6.023440] (-) TimerEvent: {}
[6.123839] (-) TimerEvent: {}
[6.224289] (-) TimerEvent: {}
[6.324748] (-) TimerEvent: {}
[6.425207] (-) TimerEvent: {}
[6.525717] (-) TimerEvent: {}
[6.626219] (-) TimerEvent: {}
[6.726696] (-) TimerEvent: {}
[6.827173] (-) TimerEvent: {}
[6.927672] (-) TimerEvent: {}
[7.028156] (-) TimerEvent: {}
[7.128634] (-) TimerEvent: {}
[7.229010] (-) TimerEvent: {}
[7.329385] (-) TimerEvent: {}
[7.429811] (-) TimerEvent: {}
[7.530225] (-) TimerEvent: {}
[7.630717] (-) TimerEvent: {}
[7.731200] (-) TimerEvent: {}
[7.831667] (-) TimerEvent: {}
[7.932072] (-) TimerEvent: {}
[8.032571] (-) TimerEvent: {}
[8.132978] (-) TimerEvent: {}
[8.233429] (-) TimerEvent: {}
[8.333970] (-) TimerEvent: {}
[8.434342] (-) TimerEvent: {}
[8.534702] (-) TimerEvent: {}
[8.635102] (-) TimerEvent: {}
[8.735494] (-) TimerEvent: {}
[8.835949] (-) TimerEvent: {}
[8.936357] (-) TimerEvent: {}
[9.036801] (-) TimerEvent: {}
[9.137230] (-) TimerEvent: {}
[9.237612] (-) TimerEvent: {}
[9.337996] (-) TimerEvent: {}
[9.438362] (-) TimerEvent: {}
[9.538759] (-) TimerEvent: {}
[9.639160] (-) TimerEvent: {}
[9.739566] (-) TimerEvent: {}
[9.839991] (-) TimerEvent: {}
[9.940397] (-) TimerEvent: {}
[10.040826] (-) TimerEvent: {}
[10.141225] (-) TimerEvent: {}
[10.241615] (-) TimerEvent: {}
[10.342030] (-) TimerEvent: {}
[10.442477] (-) TimerEvent: {}
[10.542934] (-) TimerEvent: {}
[10.643421] (-) TimerEvent: {}
[10.743884] (-) TimerEvent: {}
[10.844373] (-) TimerEvent: {}
[10.944802] (-) TimerEvent: {}
[11.045245] (-) TimerEvent: {}
[11.145675] (-) TimerEvent: {}
[11.246178] (-) TimerEvent: {}
[11.346671] (-) TimerEvent: {}
[11.447147] (-) TimerEvent: {}
[11.547861] (-) TimerEvent: {}
[11.648331] (-) TimerEvent: {}
[11.748829] (-) TimerEvent: {}
[11.849312] (-) TimerEvent: {}
[11.949796] (-) TimerEvent: {}
[12.050277] (-) TimerEvent: {}
[12.150746] (-) TimerEvent: {}
[12.251243] (-) TimerEvent: {}
[12.351667] (-) TimerEvent: {}
[12.452049] (-) TimerEvent: {}
[12.552426] (-) TimerEvent: {}
[12.652817] (-) TimerEvent: {}
[12.753202] (-) TimerEvent: {}
[12.853588] (-) TimerEvent: {}
[12.953994] (-) TimerEvent: {}
[13.054417] (-) TimerEvent: {}
[13.154919] (-) TimerEvent: {}
[13.255428] (-) TimerEvent: {}
[13.355939] (-) TimerEvent: {}
[13.456417] (-) TimerEvent: {}
[13.556832] (-) TimerEvent: {}
[13.657216] (-) TimerEvent: {}
[13.757600] (-) TimerEvent: {}
[13.857972] (-) TimerEvent: {}
[13.958383] (-) TimerEvent: {}
[14.058777] (-) TimerEvent: {}
[14.159252] (-) TimerEvent: {}
[14.259706] (-) TimerEvent: {}
[14.360173] (-) TimerEvent: {}
[14.460624] (-) TimerEvent: {}
[14.561101] (-) TimerEvent: {}
[14.661579] (-) TimerEvent: {}
[14.762043] (-) TimerEvent: {}
[14.862504] (-) TimerEvent: {}
[14.962959] (-) TimerEvent: {}
[15.063418] (-) TimerEvent: {}
[15.163879] (-) TimerEvent: {}
[15.264336] (-) TimerEvent: {}
[15.364811] (-) TimerEvent: {}
[15.465292] (-) TimerEvent: {}
[15.565776] (-) TimerEvent: {}
[15.666235] (-) TimerEvent: {}
[15.766747] (-) TimerEvent: {}
[15.867229] (-) TimerEvent: {}
[15.967749] (-) TimerEvent: {}
[16.068117] (-) TimerEvent: {}
[16.168481] (-) TimerEvent: {}
[16.268873] (-) TimerEvent: {}
[16.369238] (-) TimerEvent: {}
[16.469606] (-) TimerEvent: {}
[16.570024] (-) TimerEvent: {}
[16.670422] (-) TimerEvent: {}
[16.770886] (-) TimerEvent: {}
[16.871367] (-) TimerEvent: {}
[16.971912] (-) TimerEvent: {}
[17.072303] (-) TimerEvent: {}
[17.172775] (-) TimerEvent: {}
[17.273147] (-) TimerEvent: {}
[17.373526] (-) TimerEvent: {}
[17.473908] (-) TimerEvent: {}
[17.574280] (-) TimerEvent: {}
[17.674666] (-) TimerEvent: {}
[17.775040] (-) TimerEvent: {}
[17.875623] (-) TimerEvent: {}
[17.976082] (-) TimerEvent: {}
[18.076489] (-) TimerEvent: {}
[18.176879] (-) TimerEvent: {}
[18.277254] (-) TimerEvent: {}
[18.377659] (-) TimerEvent: {}
[18.478131] (-) TimerEvent: {}
[18.578601] (-) TimerEvent: {}
[18.679054] (-) TimerEvent: {}
[18.779440] (-) TimerEvent: {}
[18.879915] (-) TimerEvent: {}
[18.980356] (-) TimerEvent: {}
[19.080871] (-) TimerEvent: {}
[19.181256] (-) TimerEvent: {}
[19.281659] (-) TimerEvent: {}
[19.382084] (-) TimerEvent: {}
[19.482555] (-) TimerEvent: {}
[19.582983] (-) TimerEvent: {}
[19.683378] (-) TimerEvent: {}
[19.783793] (-) TimerEvent: {}
[19.884205] (-) TimerEvent: {}
[19.984604] (-) TimerEvent: {}
[20.085144] (-) TimerEvent: {}
[20.185648] (-) TimerEvent: {}
[20.286146] (-) TimerEvent: {}
[20.386610] (-) TimerEvent: {}
[20.487016] (-) TimerEvent: {}
[20.587453] (-) TimerEvent: {}
[20.687931] (-) TimerEvent: {}
[20.788369] (-) TimerEvent: {}
[20.888819] (-) TimerEvent: {}
[20.989232] (-) TimerEvent: {}
[21.089660] (-) TimerEvent: {}
[21.190099] (-) TimerEvent: {}
[21.290545] (-) TimerEvent: {}
[21.391035] (-) TimerEvent: {}
[21.491475] (-) TimerEvent: {}
[21.591895] (-) TimerEvent: {}
[21.692313] (-) TimerEvent: {}
[21.792749] (-) TimerEvent: {}
[21.893238] (-) TimerEvent: {}
[21.993724] (-) TimerEvent: {}
[22.094252] (-) TimerEvent: {}
[22.194661] (-) TimerEvent: {}
[22.295123] (-) TimerEvent: {}
[22.395558] (-) TimerEvent: {}
[22.495987] (-) TimerEvent: {}
[22.557395] (navigation_bot) StdoutLine: {'line': b'[100%] \x1b[32m\x1b[1mLinking CXX executable ImageCapture\x1b[0m\n'}
[22.596132] (-) TimerEvent: {}
[22.696654] (-) TimerEvent: {}
[22.797234] (-) TimerEvent: {}
[22.897712] (-) TimerEvent: {}
[22.998118] (-) TimerEvent: {}
[23.098616] (-) TimerEvent: {}
[23.199124] (-) TimerEvent: {}
[23.299569] (-) TimerEvent: {}
[23.399992] (-) TimerEvent: {}
[23.500376] (-) TimerEvent: {}
[23.600830] (-) TimerEvent: {}
[23.701286] (-) TimerEvent: {}
[23.791218] (navigation_bot) StdoutLine: {'line': b'[100%] Built target ImageCapture\n'}
[23.801407] (-) TimerEvent: {}
[23.810959] (navigation_bot) CommandEnded: {'returncode': 0}
[23.854610] (navigation_bot) JobProgress: {'identifier': 'navigation_bot', 'progress': 'install'}
[23.871076] (navigation_bot) Command: {'cmd': ['/usr/bin/cmake', '--install', '/home/fiend/Navigation_Bot/dev_ws/build/navigation_bot'], 'cwd': '/home/fiend/Navigation_Bot/dev_ws/build/navigation_bot', 'env': OrderedDict([('GJS_DEBUG_TOPICS', 'JS ERROR;JS LOG'), ('LESSOPEN', '| /usr/bin/lesspipe %s'), ('LANGUAGE', 'en_IN:en'), ('USER', 'fiend'), ('STARSHIP_SHELL', 'bash'), ('XDG_SESSION_TYPE', 'wayland'), ('SHLVL', '1'), ('LD_LIBRARY_PATH', '/usr/lib/x86_64-linux-gnu/gazebo-11/plugins:/opt/ros/humble/opt/rviz_ogre_vendor/lib:/opt/ros/humble/lib/x86_64-linux-gnu:/opt/ros/humble/lib'), ('HOME', '/home/fiend'), ('OLDPWD', '/home/fiend/Navigation_Bot'), ('DESKTOP_SESSION', 'ubuntu'), ('GIO_LAUNCHED_DESKTOP_FILE', '/usr/share/applications/terminator.desktop'), ('ROS_PYTHON_VERSION', '3'), ('GNOME_SHELL_SESSION_MODE', 'ubuntu'), ('GTK_MODULES', 'gail:atk-bridge'), ('PS1', '\n\\[\x1b[38;5;156m\\]\\[\x1b[0m\\]\\[\x1b[38;5;166m\\]dev_ws\\[\x1b[0m\\]\\[\x1b[38;5;166m\\]\\[\x1b[0m\\] on \\[\x1b[38;5;162m\\]\ue0a0 \\[\x1b[0m\\]\\[\x1b[38;5;162m\\]main\\[\x1b[0m\\] underwent \\[\x1b[36m\\]13s\\[\x1b[0m\\]\n\\[\x1b[1;38;5;166m\\]➜\\[\x1b[0m\\]'), ('MANAGERPID', '865'), ('SYSTEMD_EXEC_PID', '1038'), ('DBUS_SESSION_BUS_ADDRESS', 'unix:path=/run/user/1000/bus'), ('COLORTERM', 'truecolor'), ('GIO_LAUNCHED_DESKTOP_FILE_PID', '5627'), ('_colcon_cd_root', '/opt/ros/humble/'), ('IM_CONFIG_PHASE', '1'), ('WAYLAND_DISPLAY', 'wayland-0'), ('COLCON_PREFIX_PATH', '/home/fiend/Navigation_Bot/dev_ws/install:/home/fiend/voice_grab/ros2_ws/install:/home/fiend/LineFollowingRobot/ros_ws/install:/home/fiend/ROS/practice_codes_ROS2/articubot_one/install'), ('ROS_DISTRO', 'humble'), ('LOGNAME', 'fiend'), ('JOURNAL_STREAM', '8:30767'), ('_', '/usr/bin/colcon'), ('ROS_VERSION', '2'), ('XDG_SESSION_CLASS', 'user'), ('USERNAME', 'fiend'), ('TERM', 'xterm-256color'), ('GNOME_DESKTOP_SESSION_ID', 'this-is-deprecated'), ('ROS_LOCALHOST_ONLY', '0'), ('PATH', '/opt/ros/humble/bin:/home/fiend/.local/bin:/usr/local/sbin:/usr/local/bin:/usr/sbin:/usr/bin:/sbin:/bin:/usr/games:/usr/local/games:/snap/bin:/snap/bin'), ('SESSION_MANAGER', 'local/fiend-Lenovo-Yoga-C740-14IML:@/tmp/.ICE-unix/1008,unix/fiend-Lenovo-Yoga-C740-14IML:/tmp/.ICE-unix/1008'), ('INVOCATION_ID', '37512f0c72ec48d79a8a8f1894f11f4d'), ('XDG_MENU_PREFIX', 'gnome-'), ('GNOME_SETUP_DISPLAY', ':1'), ('XDG_RUNTIME_DIR', '/run/user/1000'), ('DISPLAY', ':0'), ('LANG', 'en_US.UTF-8'), ('XDG_CURRENT_DESKTOP', 'ubuntu:GNOME'), ('IBUS_DISABLE_SNOOPER', '1'), ('XMODIFIERS', '@im=ibus'), ('XDG_SESSION_DESKTOP', 'ubuntu'), ('XAUTHORITY', '/run/user/1000/.mutter-Xwaylandauth.UJJAK2'), ('LS_COLORS', 'di=34:ow=34:tw=34:fi=13:ln=31:pi=5:so=5:bd=5:cd=5:or=31:mi=0:ex=35:*.rpm=90:*.png=35:*.gif=36:*.jpg=35:*.c=92:*.py=93:*.h=90:*.txt=94:*.doc=104:*.odt=104:*.csv=102:*.xlsx=102:*.xlsm=102:*.rb=31:*.cpp=92:*.sh=92:*.html=96:*.zip=4;33:*.tar.gz=4;33:*.mp4=105:*.mp3=106'), ('SSH_AGENT_LAUNCHER', 'gnome-keyring'), ('SSH_AUTH_SOCK', '/run/user/1000/keyring/ssh'), ('AMENT_PREFIX_PATH', '/home/fiend/Navigation_Bot/dev_ws/install/navigation_bot:/home/fiend/LineFollowingRobot/ros_ws/install/line_bhakt:/home/fiend/ROS/practice_codes_ROS2/articubot_one/install/articubot_one:/opt/ros/humble'), ('SHELL', '/bin/bash'), ('TERMINATOR_UUID', 'urn:uuid:de10c5cb-7f42-4ea2-ad3f-7446c017e8fd'), ('QT_ACCESSIBILITY', '1'), ('GDMSESSION', 'ubuntu'), ('LESSCLOSE', '/usr/bin/lesspipe %s %s'), ('GCC_COLORS', 'error=31:warning=35:note=36:caret=32:locus=01:quote=01'), ('GJS_DEBUG_OUTPUT', 'stderr'), ('QT_IM_MODULE', 'ibus'), ('PWD', '/home/fiend/Navigation_Bot/dev_ws/build/navigation_bot'), ('LC_ALL', 'en_US.UTF-8'), ('XDG_CONFIG_DIRS', '/etc/xdg/xdg-ubuntu:/etc/xdg'), ('XDG_DATA_DIRS', '/usr/share/ubuntu:/home/fiend/.local/share/flatpak/exports/share:/var/lib/flatpak/exports/share:/usr/local/share/:/usr/share/:/var/lib/snapd/desktop'), ('STARSHIP_SESSION_KEY', '2059017139146452'), ('PYTHONPATH', '/opt/ros/humble/lib/python3.10/site-packages:/opt/ros/humble/local/lib/python3.10/dist-packages'), ('COLCON', '1'), ('VTE_VERSION', '6800'), ('CMAKE_PREFIX_PATH', '/home/fiend/Navigation_Bot/dev_ws/install/navigation_bot:/home/fiend/LineFollowingRobot/ros_ws/install/line_bhakt:/home/fiend/ROS/practice_codes_ROS2/articubot_one/install/articubot_one:/opt/ros/humble')]), 'shell': False}
[23.889964] (navigation_bot) StdoutLine: {'line': b'-- Install configuration: ""\n'}
[23.891339] (navigation_bot) StdoutLine: {'line': b'-- Execute custom install script\n'}
[23.893813] (navigation_bot) StdoutLine: {'line': b'-- Up-to-date symlink: /home/fiend/Navigation_Bot/dev_ws/install/navigation_bot/share/navigation_bot/config/empty.yaml\n'}
[23.894357] (navigation_bot) StdoutLine: {'line': b'-- Up-to-date symlink: /home/fiend/Navigation_Bot/dev_ws/install/navigation_bot/share/navigation_bot/config/my_controller.yaml\n'}
[23.895297] (navigation_bot) StdoutLine: {'line': b'-- Up-to-date symlink: /home/fiend/Navigation_Bot/dev_ws/install/navigation_bot/share/navigation_bot/description/Depth_camera.xacro\n'}
[23.895728] (navigation_bot) StdoutLine: {'line': b'-- Up-to-date symlink: /home/fiend/Navigation_Bot/dev_ws/install/navigation_bot/share/navigation_bot/description/camera.xacro\n'}
[23.896178] (navigation_bot) StdoutLine: {'line': b'-- Up-to-date symlink: /home/fiend/Navigation_Bot/dev_ws/install/navigation_bot/share/navigation_bot/description/gazebo_control.xacro\n'}
[23.896626] (navigation_bot) StdoutLine: {'line': b'-- Up-to-date symlink: /home/fiend/Navigation_Bot/dev_ws/install/navigation_bot/share/navigation_bot/description/inertial_macros.xacro\n'}
[23.897063] (navigation_bot) StdoutLine: {'line': b'-- Up-to-date symlink: /home/fiend/Navigation_Bot/dev_ws/install/navigation_bot/share/navigation_bot/description/lidar.xacro\n'}
[23.897505] (navigation_bot) StdoutLine: {'line': b'-- Up-to-date symlink: /home/fiend/Navigation_Bot/dev_ws/install/navigation_bot/share/navigation_bot/description/robot.urdf.xacro\n'}
[23.897950] (navigation_bot) StdoutLine: {'line': b'-- Up-to-date symlink: /home/fiend/Navigation_Bot/dev_ws/install/navigation_bot/share/navigation_bot/description/robot_core.xacro\n'}
[23.898392] (navigation_bot) StdoutLine: {'line': b'-- Up-to-date symlink: /home/fiend/Navigation_Bot/dev_ws/install/navigation_bot/share/navigation_bot/description/ros2_control.xacro\n'}
[23.899300] (navigation_bot) StdoutLine: {'line': b'-- Up-to-date symlink: /home/fiend/Navigation_Bot/dev_ws/install/navigation_bot/share/navigation_bot/launch/launch_sim.launch.py\n'}
[23.899711] (navigation_bot) StdoutLine: {'line': b'-- Up-to-date symlink: /home/fiend/Navigation_Bot/dev_ws/install/navigation_bot/share/navigation_bot/launch/rsp.launch.py\n'}
[23.900539] (navigation_bot) StdoutLine: {'line': b'-- Up-to-date symlink: /home/fiend/Navigation_Bot/dev_ws/install/navigation_bot/share/navigation_bot/worlds/empty.world\n'}
[23.900893] (navigation_bot) StdoutLine: {'line': b'-- Up-to-date symlink: /home/fiend/Navigation_Bot/dev_ws/install/navigation_bot/share/navigation_bot/worlds/home.world\n'}
[23.901291] (navigation_bot) StdoutLine: {'line': b'-- Up-to-date symlink: /home/fiend/Navigation_Bot/dev_ws/install/navigation_bot/share/navigation_bot/worlds/obstacle.world\n'}
[23.901561] (-) TimerEvent: {}
[23.901847] (navigation_bot) StdoutLine: {'line': b'-- Up-to-date symlink: /home/fiend/Navigation_Bot/dev_ws/install/navigation_bot/share/navigation_bot/worlds/track.world\n'}
[23.902194] (navigation_bot) StdoutLine: {'line': b'-- Up-to-date symlink: /home/fiend/Navigation_Bot/dev_ws/install/navigation_bot/share/navigation_bot/worlds/turtleWorld.world\n'}
[23.903053] (navigation_bot) StdoutLine: {'line': b'-- Up-to-date symlink: /home/fiend/Navigation_Bot/dev_ws/install/navigation_bot/lib/navigation_bot/ImageCapture\n'}
[23.904483] (navigation_bot) StdoutLine: {'line': b'-- Up-to-date symlink: /home/fiend/Navigation_Bot/dev_ws/install/navigation_bot/share/ament_index/resource_index/package_run_dependencies/navigation_bot\n'}
[23.905480] (navigation_bot) StdoutLine: {'line': b'-- Up-to-date symlink: /home/fiend/Navigation_Bot/dev_ws/install/navigation_bot/share/ament_index/resource_index/parent_prefix_path/navigation_bot\n'}
[23.907057] (navigation_bot) StdoutLine: {'line': b'-- Up-to-date symlink: /home/fiend/Navigation_Bot/dev_ws/install/navigation_bot/share/navigation_bot/environment/ament_prefix_path.sh\n'}
[23.907850] (navigation_bot) StdoutLine: {'line': b'-- Up-to-date symlink: /home/fiend/Navigation_Bot/dev_ws/install/navigation_bot/share/navigation_bot/environment/ament_prefix_path.dsv\n'}
[23.908473] (navigation_bot) StdoutLine: {'line': b'-- Up-to-date symlink: /home/fiend/Navigation_Bot/dev_ws/install/navigation_bot/share/navigation_bot/environment/path.sh\n'}
[23.909190] (navigation_bot) StdoutLine: {'line': b'-- Up-to-date symlink: /home/fiend/Navigation_Bot/dev_ws/install/navigation_bot/share/navigation_bot/environment/path.dsv\n'}
[23.909824] (navigation_bot) StdoutLine: {'line': b'-- Up-to-date symlink: /home/fiend/Navigation_Bot/dev_ws/install/navigation_bot/share/navigation_bot/local_setup.bash\n'}
[23.910768] (navigation_bot) StdoutLine: {'line': b'-- Up-to-date symlink: /home/fiend/Navigation_Bot/dev_ws/install/navigation_bot/share/navigation_bot/local_setup.sh\n'}
[23.911373] (navigation_bot) StdoutLine: {'line': b'-- Up-to-date symlink: /home/fiend/Navigation_Bot/dev_ws/install/navigation_bot/share/navigation_bot/local_setup.zsh\n'}
[23.911819] (navigation_bot) StdoutLine: {'line': b'-- Up-to-date symlink: /home/fiend/Navigation_Bot/dev_ws/install/navigation_bot/share/navigation_bot/local_setup.dsv\n'}
[23.912082] (navigation_bot) StdoutLine: {'line': b'-- Symlinking: /home/fiend/Navigation_Bot/dev_ws/install/navigation_bot/share/navigation_bot/package.dsv\n'}
[23.929262] (navigation_bot) StdoutLine: {'line': b'-- Up-to-date symlink: /home/fiend/Navigation_Bot/dev_ws/install/navigation_bot/share/ament_index/resource_index/packages/navigation_bot\n'}
[23.930114] (navigation_bot) StdoutLine: {'line': b'-- Up-to-date symlink: /home/fiend/Navigation_Bot/dev_ws/install/navigation_bot/share/navigation_bot/cmake/navigation_botConfig.cmake\n'}
[23.930646] (navigation_bot) StdoutLine: {'line': b'-- Up-to-date symlink: /home/fiend/Navigation_Bot/dev_ws/install/navigation_bot/share/navigation_bot/cmake/navigation_botConfig-version.cmake\n'}
[23.931073] (navigation_bot) StdoutLine: {'line': b'-- Up-to-date symlink: /home/fiend/Navigation_Bot/dev_ws/install/navigation_bot/share/navigation_bot/package.xml\n'}
[23.934921] (navigation_bot) CommandEnded: {'returncode': 0}
[24.002188] (-) TimerEvent: {}
[24.102740] (-) TimerEvent: {}
[24.203605] (-) TimerEvent: {}
[24.304203] (-) TimerEvent: {}
[24.405347] (-) TimerEvent: {}
[24.452345] (navigation_bot) JobEnded: {'identifier': 'navigation_bot', 'rc': 0}
[24.453573] (-) EventReactorShutdown: {}
