[0.000000] (-) TimerEvent: {}
[0.000929] (navigation_bot) JobQueued: {'identifier': 'navigation_bot', 'dependencies': OrderedDict()}
[0.001260] (navigation_bot) JobStarted: {'identifier': 'navigation_bot'}
[0.099690] (-) TimerEvent: {}
[0.200259] (-) TimerEvent: {}
[0.300867] (-) TimerEvent: {}
[0.323765] (navigation_bot) JobProgress: {'identifier': 'navigation_bot', 'progress': 'cmake'}
[0.326867] (navigation_bot) JobProgress: {'identifier': 'navigation_bot', 'progress': 'build'}
[0.327040] (navigation_bot) Command: {'cmd': ['/usr/bin/cmake', '--build', '/home/fiend/Navigation_Bot/dev_ws/build/navigation_bot', '--', '-j8', '-l8'], 'cwd': '/home/fiend/Navigation_Bot/dev_ws/build/navigation_bot', 'env': OrderedDict([('GJS_DEBUG_TOPICS', 'JS ERROR;JS LOG'), ('LESSOPEN', '| /usr/bin/lesspipe %s'), ('LANGUAGE', 'en_IN:en'), ('USER', 'fiend'), ('STARSHIP_SHELL', 'bash'), ('XDG_SESSION_TYPE', 'wayland'), ('SHLVL', '1'), ('LD_LIBRARY_PATH', '/usr/lib/x86_64-linux-gnu/gazebo-11/plugins:/opt/ros/humble/opt/rviz_ogre_vendor/lib:/opt/ros/humble/lib/x86_64-linux-gnu:/opt/ros/humble/lib'), ('HOME', '/home/fiend'), ('OLDPWD', '/home/fiend/Navigation_Bot'), ('DESKTOP_SESSION', 'ubuntu'), ('GIO_LAUNCHED_DESKTOP_FILE', '/usr/share/applications/terminator.desktop'), ('ROS_PYTHON_VERSION', '3'), ('GNOME_SHELL_SESSION_MODE', 'ubuntu'), ('GTK_MODULES', 'gail:atk-bridge'), ('PS1', '\n\\[\x1b[38;5;156m\\]\\[\x1b[0m\\]\\[\x1b[38;5;166m\\]dev_ws\\[\x1b[0m\\]\\[\x1b[38;5;166m\\]\\[\x1b[0m\\] on \\[\x1b[38;5;162m\\]\ue0a0 \\[\x1b[0m\\]\\[\x1b[38;5;162m\\]main\\[\x1b[0m\\]\n\\[\x1b[1;38;5;166m\\]➜\\[\x1b[0m\\]'), ('MANAGERPID', '865'), ('SYSTEMD_EXEC_PID', '1038'), ('DBUS_SESSION_BUS_ADDRESS', 'unix:path=/run/user/1000/bus'), ('COLORTERM', 'truecolor'), ('GIO_LAUNCHED_DESKTOP_FILE_PID', '5627'), ('_colcon_cd_root', '/opt/ros/humble/'), ('IM_CONFIG_PHASE', '1'), ('WAYLAND_DISPLAY', 'wayland-0'), ('COLCON_PREFIX_PATH', '/home/fiend/Navigation_Bot/dev_ws/install:/home/fiend/voice_grab/ros2_ws/install:/home/fiend/LineFollowingRobot/ros_ws/install:/home/fiend/ROS/practice_codes_ROS2/articubot_one/install'), ('ROS_DISTRO', 'humble'), ('LOGNAME', 'fiend'), ('JOURNAL_STREAM', '8:30767'), ('_', '/usr/bin/colcon'), ('ROS_VERSION', '2'), ('XDG_SESSION_CLASS', 'user'), ('USERNAME', 'fiend'), ('TERM', 'xterm-256color'), ('GNOME_DESKTOP_SESSION_ID', 'this-is-deprecated'), ('ROS_LOCALHOST_ONLY', '0'), ('PATH', '/opt/ros/humble/bin:/home/fiend/.local/bin:/usr/local/sbin:/usr/local/bin:/usr/sbin:/usr/bin:/sbin:/bin:/usr/games:/usr/local/games:/snap/bin:/snap/bin'), ('SESSION_MANAGER', 'local/fiend-Lenovo-Yoga-C740-14IML:@/tmp/.ICE-unix/1008,unix/fiend-Lenovo-Yoga-C740-14IML:/tmp/.ICE-unix/1008'), ('INVOCATION_ID', '37512f0c72ec48d79a8a8f1894f11f4d'), ('XDG_MENU_PREFIX', 'gnome-'), ('GNOME_SETUP_DISPLAY', ':1'), ('XDG_RUNTIME_DIR', '/run/user/1000'), ('DISPLAY', ':0'), ('LANG', 'en_US.UTF-8'), ('XDG_CURRENT_DESKTOP', 'ubuntu:GNOME'), ('IBUS_DISABLE_SNOOPER', '1'), ('XMODIFIERS', '@im=ibus'), ('XDG_SESSION_DESKTOP', 'ubuntu'), ('XAUTHORITY', '/run/user/1000/.mutter-Xwaylandauth.UJJAK2'), ('LS_COLORS', 'di=34:ow=34:tw=34:fi=13:ln=31:pi=5:so=5:bd=5:cd=5:or=31:mi=0:ex=35:*.rpm=90:*.png=35:*.gif=36:*.jpg=35:*.c=92:*.py=93:*.h=90:*.txt=94:*.doc=104:*.odt=104:*.csv=102:*.xlsx=102:*.xlsm=102:*.rb=31:*.cpp=92:*.sh=92:*.html=96:*.zip=4;33:*.tar.gz=4;33:*.mp4=105:*.mp3=106'), ('SSH_AGENT_LAUNCHER', 'gnome-keyring'), ('SSH_AUTH_SOCK', '/run/user/1000/keyring/ssh'), ('AMENT_PREFIX_PATH', '/home/fiend/Navigation_Bot/dev_ws/install/navigation_bot:/home/fiend/LineFollowingRobot/ros_ws/install/line_bhakt:/home/fiend/ROS/practice_codes_ROS2/articubot_one/install/articubot_one:/opt/ros/humble'), ('SHELL', '/bin/bash'), ('TERMINATOR_UUID', 'urn:uuid:de10c5cb-7f42-4ea2-ad3f-7446c017e8fd'), ('QT_ACCESSIBILITY', '1'), ('GDMSESSION', 'ubuntu'), ('LESSCLOSE', '/usr/bin/lesspipe %s %s'), ('GCC_COLORS', 'error=31:warning=35:note=36:caret=32:locus=01:quote=01'), ('GJS_DEBUG_OUTPUT', 'stderr'), ('QT_IM_MODULE', 'ibus'), ('PWD', '/home/fiend/Navigation_Bot/dev_ws/build/navigation_bot'), ('LC_ALL', 'en_US.UTF-8'), ('XDG_CONFIG_DIRS', '/etc/xdg/xdg-ubuntu:/etc/xdg'), ('XDG_DATA_DIRS', '/usr/share/ubuntu:/home/fiend/.local/share/flatpak/exports/share:/var/lib/flatpak/exports/share:/usr/local/share/:/usr/share/:/var/lib/snapd/desktop'), ('STARSHIP_SESSION_KEY', '2059017139146452'), ('PYTHONPATH', '/opt/ros/humble/lib/python3.10/site-packages:/opt/ros/humble/local/lib/python3.10/dist-packages'), ('COLCON', '1'), ('VTE_VERSION', '6800'), ('CMAKE_PREFIX_PATH', '/home/fiend/Navigation_Bot/dev_ws/install/navigation_bot:/home/fiend/LineFollowingRobot/ros_ws/install/line_bhakt:/home/fiend/ROS/practice_codes_ROS2/articubot_one/install/articubot_one:/opt/ros/humble')]), 'shell': False}
[0.401020] (-) TimerEvent: {}
[0.412107] (navigation_bot) StdoutLine: {'line': b'\x1b[35m\x1b[1mConsolidate compiler generated dependencies of target Motor_Driver_Node\x1b[0m\n'}
[0.436531] (navigation_bot) StdoutLine: {'line': b'[ 50%] Built target ImageCapture\n'}
[0.449040] (navigation_bot) StdoutLine: {'line': b'[ 75%] \x1b[32mBuilding CXX object CMakeFiles/Motor_Driver_Node.dir/Executables/follower.cpp.o\x1b[0m\n'}
[0.501138] (-) TimerEvent: {}
[0.601667] (-) TimerEvent: {}
[0.702099] (-) TimerEvent: {}
[0.802517] (-) TimerEvent: {}
[0.903050] (-) TimerEvent: {}
[1.003558] (-) TimerEvent: {}
[1.105481] (-) TimerEvent: {}
[1.205897] (-) TimerEvent: {}
[1.306273] (-) TimerEvent: {}
[1.406638] (-) TimerEvent: {}
[1.507049] (-) TimerEvent: {}
[1.607440] (-) TimerEvent: {}
[1.707826] (-) TimerEvent: {}
[1.808199] (-) TimerEvent: {}
[1.908606] (-) TimerEvent: {}
[2.009131] (-) TimerEvent: {}
[2.109509] (-) TimerEvent: {}
[2.209897] (-) TimerEvent: {}
[2.310267] (-) TimerEvent: {}
[2.410655] (-) TimerEvent: {}
[2.511030] (-) TimerEvent: {}
[2.611400] (-) TimerEvent: {}
[2.711765] (-) TimerEvent: {}
[2.812191] (-) TimerEvent: {}
[2.912618] (-) TimerEvent: {}
[3.012993] (-) TimerEvent: {}
[3.113370] (-) TimerEvent: {}
[3.213748] (-) TimerEvent: {}
[3.314127] (-) TimerEvent: {}
[3.414504] (-) TimerEvent: {}
[3.514880] (-) TimerEvent: {}
[3.615286] (-) TimerEvent: {}
[3.715809] (-) TimerEvent: {}
[3.816422] (-) TimerEvent: {}
[3.916853] (-) TimerEvent: {}
[4.017314] (-) TimerEvent: {}
[4.117739] (-) TimerEvent: {}
[4.218196] (-) TimerEvent: {}
[4.318611] (-) TimerEvent: {}
[4.419028] (-) TimerEvent: {}
[4.519480] (-) TimerEvent: {}
[4.619908] (-) TimerEvent: {}
[4.720346] (-) TimerEvent: {}
[4.820805] (-) TimerEvent: {}
[4.921229] (-) TimerEvent: {}
[5.021694] (-) TimerEvent: {}
[5.122118] (-) TimerEvent: {}
[5.222540] (-) TimerEvent: {}
[5.322981] (-) TimerEvent: {}
[5.423424] (-) TimerEvent: {}
[5.523879] (-) TimerEvent: {}
[5.624293] (-) TimerEvent: {}
[5.724683] (-) TimerEvent: {}
[5.825055] (-) TimerEvent: {}
[5.925452] (-) TimerEvent: {}
[6.025942] (-) TimerEvent: {}
[6.126328] (-) TimerEvent: {}
[6.226729] (-) TimerEvent: {}
[6.327091] (-) TimerEvent: {}
[6.427473] (-) TimerEvent: {}
[6.527863] (-) TimerEvent: {}
[6.628253] (-) TimerEvent: {}
[6.728671] (-) TimerEvent: {}
[6.829043] (-) TimerEvent: {}
[6.929428] (-) TimerEvent: {}
[7.029795] (-) TimerEvent: {}
[7.130209] (-) TimerEvent: {}
[7.230575] (-) TimerEvent: {}
[7.330947] (-) TimerEvent: {}
[7.431308] (-) TimerEvent: {}
[7.531709] (-) TimerEvent: {}
[7.632077] (-) TimerEvent: {}
[7.732461] (-) TimerEvent: {}
[7.832831] (-) TimerEvent: {}
[7.933206] (-) TimerEvent: {}
[8.033596] (-) TimerEvent: {}
[8.133964] (-) TimerEvent: {}
[8.234343] (-) TimerEvent: {}
[8.334730] (-) TimerEvent: {}
[8.435109] (-) TimerEvent: {}
[8.535492] (-) TimerEvent: {}
[8.635866] (-) TimerEvent: {}
[8.736271] (-) TimerEvent: {}
[8.836661] (-) TimerEvent: {}
[8.937058] (-) TimerEvent: {}
[9.037432] (-) TimerEvent: {}
[9.137811] (-) TimerEvent: {}
[9.238192] (-) TimerEvent: {}
[9.338562] (-) TimerEvent: {}
[9.438940] (-) TimerEvent: {}
[9.539334] (-) TimerEvent: {}
[9.639729] (-) TimerEvent: {}
[9.740096] (-) TimerEvent: {}
[9.840484] (-) TimerEvent: {}
[9.940889] (-) TimerEvent: {}
[10.041255] (-) TimerEvent: {}
[10.141625] (-) TimerEvent: {}
[10.242012] (-) TimerEvent: {}
[10.342423] (-) TimerEvent: {}
[10.442787] (-) TimerEvent: {}
[10.543208] (-) TimerEvent: {}
[10.643622] (-) TimerEvent: {}
[10.743989] (-) TimerEvent: {}
[10.844381] (-) TimerEvent: {}
[10.944868] (-) TimerEvent: {}
[11.045230] (-) TimerEvent: {}
[11.145615] (-) TimerEvent: {}
[11.246083] (-) TimerEvent: {}
[11.346456] (-) TimerEvent: {}
[11.446859] (-) TimerEvent: {}
[11.547280] (-) TimerEvent: {}
[11.647660] (-) TimerEvent: {}
[11.748052] (-) TimerEvent: {}
[11.848441] (-) TimerEvent: {}
[11.948831] (-) TimerEvent: {}
[12.049207] (-) TimerEvent: {}
[12.149578] (-) TimerEvent: {}
[12.249998] (-) TimerEvent: {}
[12.350441] (-) TimerEvent: {}
[12.450882] (-) TimerEvent: {}
[12.551315] (-) TimerEvent: {}
[12.651740] (-) TimerEvent: {}
[12.752186] (-) TimerEvent: {}
[12.852609] (-) TimerEvent: {}
[12.952979] (-) TimerEvent: {}
[13.053377] (-) TimerEvent: {}
[13.153758] (-) TimerEvent: {}
[13.254128] (-) TimerEvent: {}
[13.354497] (-) TimerEvent: {}
[13.454889] (-) TimerEvent: {}
[13.555274] (-) TimerEvent: {}
[13.655634] (-) TimerEvent: {}
[13.755994] (-) TimerEvent: {}
[13.856380] (-) TimerEvent: {}
[13.956759] (-) TimerEvent: {}
[14.057130] (-) TimerEvent: {}
[14.157496] (-) TimerEvent: {}
[14.257891] (-) TimerEvent: {}
[14.358264] (-) TimerEvent: {}
[14.458750] (-) TimerEvent: {}
[14.559225] (-) TimerEvent: {}
[14.659690] (-) TimerEvent: {}
[14.760212] (-) TimerEvent: {}
[14.860809] (-) TimerEvent: {}
[14.961443] (-) TimerEvent: {}
[15.062556] (-) TimerEvent: {}
[15.163065] (-) TimerEvent: {}
[15.263627] (-) TimerEvent: {}
[15.364199] (-) TimerEvent: {}
[15.464865] (-) TimerEvent: {}
[15.565363] (-) TimerEvent: {}
[15.666295] (-) TimerEvent: {}
[15.766788] (-) TimerEvent: {}
[15.867303] (-) TimerEvent: {}
[15.967831] (-) TimerEvent: {}
[16.068382] (-) TimerEvent: {}
[16.172269] (-) TimerEvent: {}
[16.276167] (-) TimerEvent: {}
[16.377401] (-) TimerEvent: {}
[16.477937] (-) TimerEvent: {}
[16.578797] (-) TimerEvent: {}
[16.679558] (-) TimerEvent: {}
[16.779972] (-) TimerEvent: {}
[16.880490] (-) TimerEvent: {}
[16.980956] (-) TimerEvent: {}
[17.081418] (-) TimerEvent: {}
[17.181875] (-) TimerEvent: {}
[17.282336] (-) TimerEvent: {}
[17.382794] (-) TimerEvent: {}
[17.483250] (-) TimerEvent: {}
[17.583715] (-) TimerEvent: {}
[17.684198] (-) TimerEvent: {}
[17.784652] (-) TimerEvent: {}
[17.885107] (-) TimerEvent: {}
[17.985563] (-) TimerEvent: {}
[18.086021] (-) TimerEvent: {}
[18.186500] (-) TimerEvent: {}
[18.286958] (-) TimerEvent: {}
[18.387427] (-) TimerEvent: {}
[18.487919] (-) TimerEvent: {}
[18.588347] (-) TimerEvent: {}
[18.688718] (-) TimerEvent: {}
[18.789075] (-) TimerEvent: {}
[18.889440] (-) TimerEvent: {}
[18.989841] (-) TimerEvent: {}
[19.090217] (-) TimerEvent: {}
[19.190599] (-) TimerEvent: {}
[19.290984] (-) TimerEvent: {}
[19.391347] (-) TimerEvent: {}
[19.491707] (-) TimerEvent: {}
[19.592081] (-) TimerEvent: {}
[19.692562] (-) TimerEvent: {}
[19.793059] (-) TimerEvent: {}
[19.893435] (-) TimerEvent: {}
[19.993812] (-) TimerEvent: {}
[20.094187] (-) TimerEvent: {}
[20.194594] (-) TimerEvent: {}
[20.295046] (-) TimerEvent: {}
[20.395419] (-) TimerEvent: {}
[20.495796] (-) TimerEvent: {}
[20.555876] (navigation_bot) StdoutLine: {'line': b'[100%] \x1b[32m\x1b[1mLinking CXX executable Motor_Driver_Node\x1b[0m\n'}
[20.595921] (-) TimerEvent: {}
[20.696332] (-) TimerEvent: {}
[20.796751] (-) TimerEvent: {}
[20.897213] (-) TimerEvent: {}
[20.997640] (-) TimerEvent: {}
[21.098145] (-) TimerEvent: {}
[21.198641] (-) TimerEvent: {}
[21.299064] (-) TimerEvent: {}
[21.399481] (-) TimerEvent: {}
[21.499884] (-) TimerEvent: {}
[21.583084] (navigation_bot) StdoutLine: {'line': b'[100%] Built target Motor_Driver_Node\n'}
[21.600035] (-) TimerEvent: {}
[21.601616] (navigation_bot) CommandEnded: {'returncode': 0}
[21.647661] (navigation_bot) JobProgress: {'identifier': 'navigation_bot', 'progress': 'install'}
[21.662017] (navigation_bot) Command: {'cmd': ['/usr/bin/cmake', '--install', '/home/fiend/Navigation_Bot/dev_ws/build/navigation_bot'], 'cwd': '/home/fiend/Navigation_Bot/dev_ws/build/navigation_bot', 'env': OrderedDict([('GJS_DEBUG_TOPICS', 'JS ERROR;JS LOG'), ('LESSOPEN', '| /usr/bin/lesspipe %s'), ('LANGUAGE', 'en_IN:en'), ('USER', 'fiend'), ('STARSHIP_SHELL', 'bash'), ('XDG_SESSION_TYPE', 'wayland'), ('SHLVL', '1'), ('LD_LIBRARY_PATH', '/usr/lib/x86_64-linux-gnu/gazebo-11/plugins:/opt/ros/humble/opt/rviz_ogre_vendor/lib:/opt/ros/humble/lib/x86_64-linux-gnu:/opt/ros/humble/lib'), ('HOME', '/home/fiend'), ('OLDPWD', '/home/fiend/Navigation_Bot'), ('DESKTOP_SESSION', 'ubuntu'), ('GIO_LAUNCHED_DESKTOP_FILE', '/usr/share/applications/terminator.desktop'), ('ROS_PYTHON_VERSION', '3'), ('GNOME_SHELL_SESSION_MODE', 'ubuntu'), ('GTK_MODULES', 'gail:atk-bridge'), ('PS1', '\n\\[\x1b[38;5;156m\\]\\[\x1b[0m\\]\\[\x1b[38;5;166m\\]dev_ws\\[\x1b[0m\\]\\[\x1b[38;5;166m\\]\\[\x1b[0m\\] on \\[\x1b[38;5;162m\\]\ue0a0 \\[\x1b[0m\\]\\[\x1b[38;5;162m\\]main\\[\x1b[0m\\]\n\\[\x1b[1;38;5;166m\\]➜\\[\x1b[0m\\]'), ('MANAGERPID', '865'), ('SYSTEMD_EXEC_PID', '1038'), ('DBUS_SESSION_BUS_ADDRESS', 'unix:path=/run/user/1000/bus'), ('COLORTERM', 'truecolor'), ('GIO_LAUNCHED_DESKTOP_FILE_PID', '5627'), ('_colcon_cd_root', '/opt/ros/humble/'), ('IM_CONFIG_PHASE', '1'), ('WAYLAND_DISPLAY', 'wayland-0'), ('COLCON_PREFIX_PATH', '/home/fiend/Navigation_Bot/dev_ws/install:/home/fiend/voice_grab/ros2_ws/install:/home/fiend/LineFollowingRobot/ros_ws/install:/home/fiend/ROS/practice_codes_ROS2/articubot_one/install'), ('ROS_DISTRO', 'humble'), ('LOGNAME', 'fiend'), ('JOURNAL_STREAM', '8:30767'), ('_', '/usr/bin/colcon'), ('ROS_VERSION', '2'), ('XDG_SESSION_CLASS', 'user'), ('USERNAME', 'fiend'), ('TERM', 'xterm-256color'), ('GNOME_DESKTOP_SESSION_ID', 'this-is-deprecated'), ('ROS_LOCALHOST_ONLY', '0'), ('PATH', '/opt/ros/humble/bin:/home/fiend/.local/bin:/usr/local/sbin:/usr/local/bin:/usr/sbin:/usr/bin:/sbin:/bin:/usr/games:/usr/local/games:/snap/bin:/snap/bin'), ('SESSION_MANAGER', 'local/fiend-Lenovo-Yoga-C740-14IML:@/tmp/.ICE-unix/1008,unix/fiend-Lenovo-Yoga-C740-14IML:/tmp/.ICE-unix/1008'), ('INVOCATION_ID', '37512f0c72ec48d79a8a8f1894f11f4d'), ('XDG_MENU_PREFIX', 'gnome-'), ('GNOME_SETUP_DISPLAY', ':1'), ('XDG_RUNTIME_DIR', '/run/user/1000'), ('DISPLAY', ':0'), ('LANG', 'en_US.UTF-8'), ('XDG_CURRENT_DESKTOP', 'ubuntu:GNOME'), ('IBUS_DISABLE_SNOOPER', '1'), ('XMODIFIERS', '@im=ibus'), ('XDG_SESSION_DESKTOP', 'ubuntu'), ('XAUTHORITY', '/run/user/1000/.mutter-Xwaylandauth.UJJAK2'), ('LS_COLORS', 'di=34:ow=34:tw=34:fi=13:ln=31:pi=5:so=5:bd=5:cd=5:or=31:mi=0:ex=35:*.rpm=90:*.png=35:*.gif=36:*.jpg=35:*.c=92:*.py=93:*.h=90:*.txt=94:*.doc=104:*.odt=104:*.csv=102:*.xlsx=102:*.xlsm=102:*.rb=31:*.cpp=92:*.sh=92:*.html=96:*.zip=4;33:*.tar.gz=4;33:*.mp4=105:*.mp3=106'), ('SSH_AGENT_LAUNCHER', 'gnome-keyring'), ('SSH_AUTH_SOCK', '/run/user/1000/keyring/ssh'), ('AMENT_PREFIX_PATH', '/home/fiend/Navigation_Bot/dev_ws/install/navigation_bot:/home/fiend/LineFollowingRobot/ros_ws/install/line_bhakt:/home/fiend/ROS/practice_codes_ROS2/articubot_one/install/articubot_one:/opt/ros/humble'), ('SHELL', '/bin/bash'), ('TERMINATOR_UUID', 'urn:uuid:de10c5cb-7f42-4ea2-ad3f-7446c017e8fd'), ('QT_ACCESSIBILITY', '1'), ('GDMSESSION', 'ubuntu'), ('LESSCLOSE', '/usr/bin/lesspipe %s %s'), ('GCC_COLORS', 'error=31:warning=35:note=36:caret=32:locus=01:quote=01'), ('GJS_DEBUG_OUTPUT', 'stderr'), ('QT_IM_MODULE', 'ibus'), ('PWD', '/home/fiend/Navigation_Bot/dev_ws/build/navigation_bot'), ('LC_ALL', 'en_US.UTF-8'), ('XDG_CONFIG_DIRS', '/etc/xdg/xdg-ubuntu:/etc/xdg'), ('XDG_DATA_DIRS', '/usr/share/ubuntu:/home/fiend/.local/share/flatpak/exports/share:/var/lib/flatpak/exports/share:/usr/local/share/:/usr/share/:/var/lib/snapd/desktop'), ('STARSHIP_SESSION_KEY', '2059017139146452'), ('PYTHONPATH', '/opt/ros/humble/lib/python3.10/site-packages:/opt/ros/humble/local/lib/python3.10/dist-packages'), ('COLCON', '1'), ('VTE_VERSION', '6800'), ('CMAKE_PREFIX_PATH', '/home/fiend/Navigation_Bot/dev_ws/install/navigation_bot:/home/fiend/LineFollowingRobot/ros_ws/install/line_bhakt:/home/fiend/ROS/practice_codes_ROS2/articubot_one/install/articubot_one:/opt/ros/humble')]), 'shell': False}
[21.676078] (navigation_bot) StdoutLine: {'line': b'-- Install configuration: ""\n'}
[21.676963] (navigation_bot) StdoutLine: {'line': b'-- Execute custom install script\n'}
[21.677647] (navigation_bot) StdoutLine: {'line': b'-- Up-to-date symlink: /home/fiend/Navigation_Bot/dev_ws/install/navigation_bot/share/navigation_bot/config/empty.yaml\n'}
[21.677993] (navigation_bot) StdoutLine: {'line': b'-- Up-to-date symlink: /home/fiend/Navigation_Bot/dev_ws/install/navigation_bot/share/navigation_bot/config/my_controller.yaml\n'}
[21.678402] (navigation_bot) StdoutLine: {'line': b'-- Up-to-date symlink: /home/fiend/Navigation_Bot/dev_ws/install/navigation_bot/share/navigation_bot/description/Depth_camera.xacro\n'}
[21.678750] (navigation_bot) StdoutLine: {'line': b'-- Up-to-date symlink: /home/fiend/Navigation_Bot/dev_ws/install/navigation_bot/share/navigation_bot/description/camera.xacro\n'}
[21.679068] (navigation_bot) StdoutLine: {'line': b'-- Up-to-date symlink: /home/fiend/Navigation_Bot/dev_ws/install/navigation_bot/share/navigation_bot/description/gazebo_control.xacro\n'}
[21.679319] (navigation_bot) StdoutLine: {'line': b'-- Up-to-date symlink: /home/fiend/Navigation_Bot/dev_ws/install/navigation_bot/share/navigation_bot/description/inertial_macros.xacro\n'}
[21.679535] (navigation_bot) StdoutLine: {'line': b'-- Up-to-date symlink: /home/fiend/Navigation_Bot/dev_ws/install/navigation_bot/share/navigation_bot/description/lidar.xacro\n'}
[21.679693] (navigation_bot) StdoutLine: {'line': b'-- Up-to-date symlink: /home/fiend/Navigation_Bot/dev_ws/install/navigation_bot/share/navigation_bot/description/robot.urdf.xacro\n'}
[21.679897] (navigation_bot) StdoutLine: {'line': b'-- Up-to-date symlink: /home/fiend/Navigation_Bot/dev_ws/install/navigation_bot/share/navigation_bot/description/robot_core.xacro\n'}
[21.680099] (navigation_bot) StdoutLine: {'line': b'-- Up-to-date symlink: /home/fiend/Navigation_Bot/dev_ws/install/navigation_bot/share/navigation_bot/description/ros2_control.xacro\n'}
[21.680304] (navigation_bot) StdoutLine: {'line': b'-- Up-to-date symlink: /home/fiend/Navigation_Bot/dev_ws/install/navigation_bot/share/navigation_bot/launch/launch_sim.launch.py\n'}
[21.680500] (navigation_bot) StdoutLine: {'line': b'-- Up-to-date symlink: /home/fiend/Navigation_Bot/dev_ws/install/navigation_bot/share/navigation_bot/launch/rsp.launch.py\n'}
[21.680821] (navigation_bot) StdoutLine: {'line': b'-- Up-to-date symlink: /home/fiend/Navigation_Bot/dev_ws/install/navigation_bot/share/navigation_bot/worlds/empty.world\n'}
[21.681026] (navigation_bot) StdoutLine: {'line': b'-- Up-to-date symlink: /home/fiend/Navigation_Bot/dev_ws/install/navigation_bot/share/navigation_bot/worlds/home.world\n'}
[21.681242] (navigation_bot) StdoutLine: {'line': b'-- Up-to-date symlink: /home/fiend/Navigation_Bot/dev_ws/install/navigation_bot/share/navigation_bot/worlds/obstacle.world\n'}
[21.681439] (navigation_bot) StdoutLine: {'line': b'-- Up-to-date symlink: /home/fiend/Navigation_Bot/dev_ws/install/navigation_bot/share/navigation_bot/worlds/track.world\n'}
[21.681646] (navigation_bot) StdoutLine: {'line': b'-- Up-to-date symlink: /home/fiend/Navigation_Bot/dev_ws/install/navigation_bot/share/navigation_bot/worlds/turtleWorld.world\n'}
[21.682171] (navigation_bot) StdoutLine: {'line': b'-- Up-to-date symlink: /home/fiend/Navigation_Bot/dev_ws/install/navigation_bot/lib/navigation_bot/ImageCapture\n'}
[21.682493] (navigation_bot) StdoutLine: {'line': b'-- Up-to-date symlink: /home/fiend/Navigation_Bot/dev_ws/install/navigation_bot/lib/navigation_bot/Motor_Driver_Node\n'}
[21.682882] (navigation_bot) StdoutLine: {'line': b'-- Up-to-date symlink: /home/fiend/Navigation_Bot/dev_ws/install/navigation_bot/share/ament_index/resource_index/package_run_dependencies/navigation_bot\n'}
[21.683198] (navigation_bot) StdoutLine: {'line': b'-- Up-to-date symlink: /home/fiend/Navigation_Bot/dev_ws/install/navigation_bot/share/ament_index/resource_index/parent_prefix_path/navigation_bot\n'}
[21.683591] (navigation_bot) StdoutLine: {'line': b'-- Up-to-date symlink: /home/fiend/Navigation_Bot/dev_ws/install/navigation_bot/share/navigation_bot/environment/ament_prefix_path.sh\n'}
[21.683925] (navigation_bot) StdoutLine: {'line': b'-- Up-to-date symlink: /home/fiend/Navigation_Bot/dev_ws/install/navigation_bot/share/navigation_bot/environment/ament_prefix_path.dsv\n'}
[21.684294] (navigation_bot) StdoutLine: {'line': b'-- Up-to-date symlink: /home/fiend/Navigation_Bot/dev_ws/install/navigation_bot/share/navigation_bot/environment/path.sh\n'}
[21.684624] (navigation_bot) StdoutLine: {'line': b'-- Up-to-date symlink: /home/fiend/Navigation_Bot/dev_ws/install/navigation_bot/share/navigation_bot/environment/path.dsv\n'}
[21.684953] (navigation_bot) StdoutLine: {'line': b'-- Up-to-date symlink: /home/fiend/Navigation_Bot/dev_ws/install/navigation_bot/share/navigation_bot/local_setup.bash\n'}
[21.685256] (navigation_bot) StdoutLine: {'line': b'-- Up-to-date symlink: /home/fiend/Navigation_Bot/dev_ws/install/navigation_bot/share/navigation_bot/local_setup.sh\n'}
[21.685473] (navigation_bot) StdoutLine: {'line': b'-- Up-to-date symlink: /home/fiend/Navigation_Bot/dev_ws/install/navigation_bot/share/navigation_bot/local_setup.zsh\n'}
[21.685769] (navigation_bot) StdoutLine: {'line': b'-- Up-to-date symlink: /home/fiend/Navigation_Bot/dev_ws/install/navigation_bot/share/navigation_bot/local_setup.dsv\n'}
[21.685994] (navigation_bot) StdoutLine: {'line': b'-- Symlinking: /home/fiend/Navigation_Bot/dev_ws/install/navigation_bot/share/navigation_bot/package.dsv\n'}
[21.700170] (-) TimerEvent: {}
[21.701631] (navigation_bot) StdoutLine: {'line': b'-- Up-to-date symlink: /home/fiend/Navigation_Bot/dev_ws/install/navigation_bot/share/ament_index/resource_index/packages/navigation_bot\n'}
[21.702006] (navigation_bot) StdoutLine: {'line': b'-- Up-to-date symlink: /home/fiend/Navigation_Bot/dev_ws/install/navigation_bot/share/navigation_bot/cmake/navigation_botConfig.cmake\n'}
[21.702345] (navigation_bot) StdoutLine: {'line': b'-- Up-to-date symlink: /home/fiend/Navigation_Bot/dev_ws/install/navigation_bot/share/navigation_bot/cmake/navigation_botConfig-version.cmake\n'}
[21.702678] (navigation_bot) StdoutLine: {'line': b'-- Up-to-date symlink: /home/fiend/Navigation_Bot/dev_ws/install/navigation_bot/share/navigation_bot/package.xml\n'}
[21.705520] (navigation_bot) CommandEnded: {'returncode': 0}
[21.800424] (-) TimerEvent: {}
[21.902111] (-) TimerEvent: {}
[22.003177] (-) TimerEvent: {}
[22.103666] (-) TimerEvent: {}
[22.156629] (navigation_bot) JobEnded: {'identifier': 'navigation_bot', 'rc': 0}
[22.157838] (-) EventReactorShutdown: {}
