[0.000000] (-) TimerEvent: {}
[0.000480] (navigation_bot) JobQueued: {'identifier': 'navigation_bot', 'dependencies': OrderedDict()}
[0.000556] (navigation_bot) JobStarted: {'identifier': 'navigation_bot'}
[0.099308] (-) TimerEvent: {}
[0.200098] (-) TimerEvent: {}
[0.300578] (-) TimerEvent: {}
[0.337959] (navigation_bot) JobProgress: {'identifier': 'navigation_bot', 'progress': 'cmake'}
[0.339401] (navigation_bot) JobProgress: {'identifier': 'navigation_bot', 'progress': 'build'}
[0.340895] (navigation_bot) Command: {'cmd': ['/usr/bin/cmake', '--build', '/home/fiend/Navigation_Bot/dev_ws/build/navigation_bot', '--', '-j8', '-l8'], 'cwd': '/home/fiend/Navigation_Bot/dev_ws/build/navigation_bot', 'env': OrderedDict([('GJS_DEBUG_TOPICS', 'JS ERROR;JS LOG'), ('LESSOPEN', '| /usr/bin/lesspipe %s'), ('LANGUAGE', 'en_IN:en'), ('USER', 'fiend'), ('STARSHIP_SHELL', 'bash'), ('XDG_SESSION_TYPE', 'wayland'), ('SHLVL', '1'), ('LD_LIBRARY_PATH', '/usr/lib/x86_64-linux-gnu/gazebo-11/plugins:/opt/ros/humble/opt/rviz_ogre_vendor/lib:/opt/ros/humble/lib/x86_64-linux-gnu:/opt/ros/humble/lib'), ('HOME', '/home/fiend'), ('OLDPWD', '/home/fiend/Navigation_Bot'), ('DESKTOP_SESSION', 'ubuntu'), ('GIO_LAUNCHED_DESKTOP_FILE', '/usr/share/applications/terminator.desktop'), ('ROS_PYTHON_VERSION', '3'), ('GNOME_SHELL_SESSION_MODE', 'ubuntu'), ('GTK_MODULES', 'gail:atk-bridge'), ('PS1', '\n\\[\x1b[38;5;156m\\]\\[\x1b[0m\\]\\[\x1b[38;5;166m\\]dev_ws\\[\x1b[0m\\]\\[\x1b[38;5;166m\\]\\[\x1b[0m\\] on \\[\x1b[38;5;162m\\]\ue0a0 \\[\x1b[0m\\]\\[\x1b[38;5;162m\\]main\\[\x1b[0m\\] underwent \\[\x1b[36m\\]1m13s\\[\x1b[0m\\]\n\\[\x1b[1;38;5;166m\\]➜\\[\x1b[0m\\]'), ('MANAGERPID', '865'), ('SYSTEMD_EXEC_PID', '1038'), ('DBUS_SESSION_BUS_ADDRESS', 'unix:path=/run/user/1000/bus'), ('COLORTERM', 'truecolor'), ('GIO_LAUNCHED_DESKTOP_FILE_PID', '5627'), ('_colcon_cd_root', '/opt/ros/humble/'), ('IM_CONFIG_PHASE', '1'), ('WAYLAND_DISPLAY', 'wayland-0'), ('COLCON_PREFIX_PATH', '/home/fiend/Navigation_Bot/dev_ws/install:/home/fiend/voice_grab/ros2_ws/install:/home/fiend/LineFollowingRobot/ros_ws/install:/home/fiend/ROS/practice_codes_ROS2/articubot_one/install'), ('ROS_DISTRO', 'humble'), ('LOGNAME', 'fiend'), ('JOURNAL_STREAM', '8:30767'), ('_', '/usr/bin/colcon'), ('ROS_VERSION', '2'), ('XDG_SESSION_CLASS', 'user'), ('USERNAME', 'fiend'), ('TERM', 'xterm-256color'), ('GNOME_DESKTOP_SESSION_ID', 'this-is-deprecated'), ('ROS_LOCALHOST_ONLY', '0'), ('PATH', '/opt/ros/humble/bin:/home/fiend/.local/bin:/usr/local/sbin:/usr/local/bin:/usr/sbin:/usr/bin:/sbin:/bin:/usr/games:/usr/local/games:/snap/bin:/snap/bin'), ('SESSION_MANAGER', 'local/fiend-Lenovo-Yoga-C740-14IML:@/tmp/.ICE-unix/1008,unix/fiend-Lenovo-Yoga-C740-14IML:/tmp/.ICE-unix/1008'), ('INVOCATION_ID', '37512f0c72ec48d79a8a8f1894f11f4d'), ('XDG_MENU_PREFIX', 'gnome-'), ('GNOME_SETUP_DISPLAY', ':1'), ('XDG_RUNTIME_DIR', '/run/user/1000'), ('DISPLAY', ':0'), ('LANG', 'en_US.UTF-8'), ('XDG_CURRENT_DESKTOP', 'ubuntu:GNOME'), ('IBUS_DISABLE_SNOOPER', '1'), ('XMODIFIERS', '@im=ibus'), ('XDG_SESSION_DESKTOP', 'ubuntu'), ('XAUTHORITY', '/run/user/1000/.mutter-Xwaylandauth.UJJAK2'), ('LS_COLORS', 'di=34:ow=34:tw=34:fi=13:ln=31:pi=5:so=5:bd=5:cd=5:or=31:mi=0:ex=35:*.rpm=90:*.png=35:*.gif=36:*.jpg=35:*.c=92:*.py=93:*.h=90:*.txt=94:*.doc=104:*.odt=104:*.csv=102:*.xlsx=102:*.xlsm=102:*.rb=31:*.cpp=92:*.sh=92:*.html=96:*.zip=4;33:*.tar.gz=4;33:*.mp4=105:*.mp3=106'), ('SSH_AGENT_LAUNCHER', 'gnome-keyring'), ('SSH_AUTH_SOCK', '/run/user/1000/keyring/ssh'), ('AMENT_PREFIX_PATH', '/home/fiend/Navigation_Bot/dev_ws/install/navigation_bot:/home/fiend/LineFollowingRobot/ros_ws/install/line_bhakt:/home/fiend/ROS/practice_codes_ROS2/articubot_one/install/articubot_one:/opt/ros/humble'), ('SHELL', '/bin/bash'), ('TERMINATOR_UUID', 'urn:uuid:de10c5cb-7f42-4ea2-ad3f-7446c017e8fd'), ('QT_ACCESSIBILITY', '1'), ('GDMSESSION', 'ubuntu'), ('LESSCLOSE', '/usr/bin/lesspipe %s %s'), ('GCC_COLORS', 'error=31:warning=35:note=36:caret=32:locus=01:quote=01'), ('GJS_DEBUG_OUTPUT', 'stderr'), ('QT_IM_MODULE', 'ibus'), ('PWD', '/home/fiend/Navigation_Bot/dev_ws/build/navigation_bot'), ('LC_ALL', 'en_US.UTF-8'), ('XDG_CONFIG_DIRS', '/etc/xdg/xdg-ubuntu:/etc/xdg'), ('XDG_DATA_DIRS', '/usr/share/ubuntu:/home/fiend/.local/share/flatpak/exports/share:/var/lib/flatpak/exports/share:/usr/local/share/:/usr/share/:/var/lib/snapd/desktop'), ('STARSHIP_SESSION_KEY', '2059017139146452'), ('PYTHONPATH', '/opt/ros/humble/lib/python3.10/site-packages:/opt/ros/humble/local/lib/python3.10/dist-packages'), ('COLCON', '1'), ('VTE_VERSION', '6800'), ('CMAKE_PREFIX_PATH', '/home/fiend/Navigation_Bot/dev_ws/install/navigation_bot:/home/fiend/LineFollowingRobot/ros_ws/install/line_bhakt:/home/fiend/ROS/practice_codes_ROS2/articubot_one/install/articubot_one:/opt/ros/humble')]), 'shell': False}
[0.400713] (-) TimerEvent: {}
[0.472427] (navigation_bot) StdoutLine: {'line': b'\x1b[35m\x1b[1mConsolidate compiler generated dependencies of target Motor_Driver_Node\x1b[0m\n'}
[0.500870] (-) TimerEvent: {}
[0.503725] (navigation_bot) StdoutLine: {'line': b'[ 50%] Built target ImageCapture\n'}
[0.513073] (navigation_bot) StdoutLine: {'line': b'[ 75%] \x1b[32mBuilding CXX object CMakeFiles/Motor_Driver_Node.dir/Executables/follower.cpp.o\x1b[0m\n'}
[0.601004] (-) TimerEvent: {}
[0.701492] (-) TimerEvent: {}
[0.801976] (-) TimerEvent: {}
[0.902358] (-) TimerEvent: {}
[1.002755] (-) TimerEvent: {}
[1.103245] (-) TimerEvent: {}
[1.203632] (-) TimerEvent: {}
[1.304015] (-) TimerEvent: {}
[1.404405] (-) TimerEvent: {}
[1.504821] (-) TimerEvent: {}
[1.605192] (-) TimerEvent: {}
[1.705632] (-) TimerEvent: {}
[1.806002] (-) TimerEvent: {}
[1.906425] (-) TimerEvent: {}
[2.006802] (-) TimerEvent: {}
[2.107182] (-) TimerEvent: {}
[2.207555] (-) TimerEvent: {}
[2.307966] (-) TimerEvent: {}
[2.408361] (-) TimerEvent: {}
[2.508763] (-) TimerEvent: {}
[2.609141] (-) TimerEvent: {}
[2.709532] (-) TimerEvent: {}
[2.809922] (-) TimerEvent: {}
[2.910335] (-) TimerEvent: {}
[3.010721] (-) TimerEvent: {}
[3.111105] (-) TimerEvent: {}
[3.211487] (-) TimerEvent: {}
[3.311881] (-) TimerEvent: {}
[3.412322] (-) TimerEvent: {}
[3.512702] (-) TimerEvent: {}
[3.613109] (-) TimerEvent: {}
[3.713484] (-) TimerEvent: {}
[3.813868] (-) TimerEvent: {}
[3.914240] (-) TimerEvent: {}
[4.014722] (-) TimerEvent: {}
[4.115134] (-) TimerEvent: {}
[4.215526] (-) TimerEvent: {}
[4.315897] (-) TimerEvent: {}
[4.416316] (-) TimerEvent: {}
[4.516690] (-) TimerEvent: {}
[4.617069] (-) TimerEvent: {}
[4.717467] (-) TimerEvent: {}
[4.817848] (-) TimerEvent: {}
[4.918237] (-) TimerEvent: {}
[5.018640] (-) TimerEvent: {}
[5.119049] (-) TimerEvent: {}
[5.219425] (-) TimerEvent: {}
[5.319805] (-) TimerEvent: {}
[5.420184] (-) TimerEvent: {}
[5.520553] (-) TimerEvent: {}
[5.620919] (-) TimerEvent: {}
[5.721286] (-) TimerEvent: {}
[5.821705] (-) TimerEvent: {}
[5.922082] (-) TimerEvent: {}
[6.022471] (-) TimerEvent: {}
[6.122862] (-) TimerEvent: {}
[6.223238] (-) TimerEvent: {}
[6.323602] (-) TimerEvent: {}
[6.423992] (-) TimerEvent: {}
[6.524404] (-) TimerEvent: {}
[6.624801] (-) TimerEvent: {}
[6.725189] (-) TimerEvent: {}
[6.825564] (-) TimerEvent: {}
[6.925952] (-) TimerEvent: {}
[7.026364] (-) TimerEvent: {}
[7.126753] (-) TimerEvent: {}
[7.227132] (-) TimerEvent: {}
[7.327511] (-) TimerEvent: {}
[7.427880] (-) TimerEvent: {}
[7.528265] (-) TimerEvent: {}
[7.628785] (-) TimerEvent: {}
[7.729197] (-) TimerEvent: {}
[7.829592] (-) TimerEvent: {}
[7.929967] (-) TimerEvent: {}
[8.030361] (-) TimerEvent: {}
[8.130735] (-) TimerEvent: {}
[8.231099] (-) TimerEvent: {}
[8.331508] (-) TimerEvent: {}
[8.431887] (-) TimerEvent: {}
[8.532278] (-) TimerEvent: {}
[8.632659] (-) TimerEvent: {}
[8.733086] (-) TimerEvent: {}
[8.833510] (-) TimerEvent: {}
[8.933895] (-) TimerEvent: {}
[9.034301] (-) TimerEvent: {}
[9.134772] (-) TimerEvent: {}
[9.235145] (-) TimerEvent: {}
[9.335520] (-) TimerEvent: {}
[9.435930] (-) TimerEvent: {}
[9.536339] (-) TimerEvent: {}
[9.636714] (-) TimerEvent: {}
[9.737089] (-) TimerEvent: {}
[9.837453] (-) TimerEvent: {}
[9.937839] (-) TimerEvent: {}
[10.038222] (-) TimerEvent: {}
[10.138619] (-) TimerEvent: {}
[10.239016] (-) TimerEvent: {}
[10.339404] (-) TimerEvent: {}
[10.439823] (-) TimerEvent: {}
[10.540240] (-) TimerEvent: {}
[10.640618] (-) TimerEvent: {}
[10.740985] (-) TimerEvent: {}
[10.841373] (-) TimerEvent: {}
[10.941742] (-) TimerEvent: {}
[11.042113] (-) TimerEvent: {}
[11.142500] (-) TimerEvent: {}
[11.242876] (-) TimerEvent: {}
[11.343259] (-) TimerEvent: {}
[11.443646] (-) TimerEvent: {}
[11.544064] (-) TimerEvent: {}
[11.644454] (-) TimerEvent: {}
[11.744822] (-) TimerEvent: {}
[11.845190] (-) TimerEvent: {}
[11.945559] (-) TimerEvent: {}
[12.045930] (-) TimerEvent: {}
[12.146360] (-) TimerEvent: {}
[12.246814] (-) TimerEvent: {}
[12.347281] (-) TimerEvent: {}
[12.447733] (-) TimerEvent: {}
[12.548104] (-) TimerEvent: {}
[12.648475] (-) TimerEvent: {}
[12.748852] (-) TimerEvent: {}
[12.849226] (-) TimerEvent: {}
[12.949609] (-) TimerEvent: {}
[13.050007] (-) TimerEvent: {}
[13.150370] (-) TimerEvent: {}
[13.250754] (-) TimerEvent: {}
[13.351145] (-) TimerEvent: {}
[13.451534] (-) TimerEvent: {}
[13.551897] (-) TimerEvent: {}
[13.652310] (-) TimerEvent: {}
[13.752686] (-) TimerEvent: {}
[13.853095] (-) TimerEvent: {}
[13.953483] (-) TimerEvent: {}
[14.053876] (-) TimerEvent: {}
[14.154256] (-) TimerEvent: {}
[14.254634] (-) TimerEvent: {}
[14.355044] (-) TimerEvent: {}
[14.455437] (-) TimerEvent: {}
[14.555810] (-) TimerEvent: {}
[14.656222] (-) TimerEvent: {}
[14.756603] (-) TimerEvent: {}
[14.857052] (-) TimerEvent: {}
[14.957421] (-) TimerEvent: {}
[15.057789] (-) TimerEvent: {}
[15.158161] (-) TimerEvent: {}
[15.258539] (-) TimerEvent: {}
[15.358910] (-) TimerEvent: {}
[15.459286] (-) TimerEvent: {}
[15.559670] (-) TimerEvent: {}
[15.660077] (-) TimerEvent: {}
[15.760460] (-) TimerEvent: {}
[15.860852] (-) TimerEvent: {}
[15.961256] (-) TimerEvent: {}
[16.061627] (-) TimerEvent: {}
[16.162012] (-) TimerEvent: {}
[16.262368] (-) TimerEvent: {}
[16.362745] (-) TimerEvent: {}
[16.463118] (-) TimerEvent: {}
[16.563489] (-) TimerEvent: {}
[16.663860] (-) TimerEvent: {}
[16.764233] (-) TimerEvent: {}
[16.864617] (-) TimerEvent: {}
[16.964978] (-) TimerEvent: {}
[17.065335] (-) TimerEvent: {}
[17.165699] (-) TimerEvent: {}
[17.266092] (-) TimerEvent: {}
[17.366476] (-) TimerEvent: {}
[17.466837] (-) TimerEvent: {}
[17.567234] (-) TimerEvent: {}
[17.667606] (-) TimerEvent: {}
[17.767976] (-) TimerEvent: {}
[17.868411] (-) TimerEvent: {}
[17.968799] (-) TimerEvent: {}
[18.069251] (-) TimerEvent: {}
[18.169616] (-) TimerEvent: {}
[18.269992] (-) TimerEvent: {}
[18.370362] (-) TimerEvent: {}
[18.470727] (-) TimerEvent: {}
[18.571095] (-) TimerEvent: {}
[18.671462] (-) TimerEvent: {}
[18.771825] (-) TimerEvent: {}
[18.872199] (-) TimerEvent: {}
[18.972640] (-) TimerEvent: {}
[19.073108] (-) TimerEvent: {}
[19.173547] (-) TimerEvent: {}
[19.273971] (-) TimerEvent: {}
[19.374373] (-) TimerEvent: {}
[19.474751] (-) TimerEvent: {}
[19.575120] (-) TimerEvent: {}
[19.675496] (-) TimerEvent: {}
[19.775877] (-) TimerEvent: {}
[19.876245] (-) TimerEvent: {}
[19.976627] (-) TimerEvent: {}
[20.077014] (-) TimerEvent: {}
[20.086907] (navigation_bot) StdoutLine: {'line': b'[100%] \x1b[32m\x1b[1mLinking CXX executable Motor_Driver_Node\x1b[0m\n'}
[20.177181] (-) TimerEvent: {}
[20.277569] (-) TimerEvent: {}
[20.377991] (-) TimerEvent: {}
[20.478433] (-) TimerEvent: {}
[20.578884] (-) TimerEvent: {}
[20.679380] (-) TimerEvent: {}
[20.779865] (-) TimerEvent: {}
[20.880341] (-) TimerEvent: {}
[20.980862] (-) TimerEvent: {}
[21.081386] (-) TimerEvent: {}
[21.145734] (navigation_bot) StdoutLine: {'line': b'[100%] Built target Motor_Driver_Node\n'}
[21.164548] (navigation_bot) CommandEnded: {'returncode': 0}
[21.181504] (-) TimerEvent: {}
[21.211587] (navigation_bot) JobProgress: {'identifier': 'navigation_bot', 'progress': 'install'}
[21.227892] (navigation_bot) Command: {'cmd': ['/usr/bin/cmake', '--install', '/home/fiend/Navigation_Bot/dev_ws/build/navigation_bot'], 'cwd': '/home/fiend/Navigation_Bot/dev_ws/build/navigation_bot', 'env': OrderedDict([('GJS_DEBUG_TOPICS', 'JS ERROR;JS LOG'), ('LESSOPEN', '| /usr/bin/lesspipe %s'), ('LANGUAGE', 'en_IN:en'), ('USER', 'fiend'), ('STARSHIP_SHELL', 'bash'), ('XDG_SESSION_TYPE', 'wayland'), ('SHLVL', '1'), ('LD_LIBRARY_PATH', '/usr/lib/x86_64-linux-gnu/gazebo-11/plugins:/opt/ros/humble/opt/rviz_ogre_vendor/lib:/opt/ros/humble/lib/x86_64-linux-gnu:/opt/ros/humble/lib'), ('HOME', '/home/fiend'), ('OLDPWD', '/home/fiend/Navigation_Bot'), ('DESKTOP_SESSION', 'ubuntu'), ('GIO_LAUNCHED_DESKTOP_FILE', '/usr/share/applications/terminator.desktop'), ('ROS_PYTHON_VERSION', '3'), ('GNOME_SHELL_SESSION_MODE', 'ubuntu'), ('GTK_MODULES', 'gail:atk-bridge'), ('PS1', '\n\\[\x1b[38;5;156m\\]\\[\x1b[0m\\]\\[\x1b[38;5;166m\\]dev_ws\\[\x1b[0m\\]\\[\x1b[38;5;166m\\]\\[\x1b[0m\\] on \\[\x1b[38;5;162m\\]\ue0a0 \\[\x1b[0m\\]\\[\x1b[38;5;162m\\]main\\[\x1b[0m\\] underwent \\[\x1b[36m\\]1m13s\\[\x1b[0m\\]\n\\[\x1b[1;38;5;166m\\]➜\\[\x1b[0m\\]'), ('MANAGERPID', '865'), ('SYSTEMD_EXEC_PID', '1038'), ('DBUS_SESSION_BUS_ADDRESS', 'unix:path=/run/user/1000/bus'), ('COLORTERM', 'truecolor'), ('GIO_LAUNCHED_DESKTOP_FILE_PID', '5627'), ('_colcon_cd_root', '/opt/ros/humble/'), ('IM_CONFIG_PHASE', '1'), ('WAYLAND_DISPLAY', 'wayland-0'), ('COLCON_PREFIX_PATH', '/home/fiend/Navigation_Bot/dev_ws/install:/home/fiend/voice_grab/ros2_ws/install:/home/fiend/LineFollowingRobot/ros_ws/install:/home/fiend/ROS/practice_codes_ROS2/articubot_one/install'), ('ROS_DISTRO', 'humble'), ('LOGNAME', 'fiend'), ('JOURNAL_STREAM', '8:30767'), ('_', '/usr/bin/colcon'), ('ROS_VERSION', '2'), ('XDG_SESSION_CLASS', 'user'), ('USERNAME', 'fiend'), ('TERM', 'xterm-256color'), ('GNOME_DESKTOP_SESSION_ID', 'this-is-deprecated'), ('ROS_LOCALHOST_ONLY', '0'), ('PATH', '/opt/ros/humble/bin:/home/fiend/.local/bin:/usr/local/sbin:/usr/local/bin:/usr/sbin:/usr/bin:/sbin:/bin:/usr/games:/usr/local/games:/snap/bin:/snap/bin'), ('SESSION_MANAGER', 'local/fiend-Lenovo-Yoga-C740-14IML:@/tmp/.ICE-unix/1008,unix/fiend-Lenovo-Yoga-C740-14IML:/tmp/.ICE-unix/1008'), ('INVOCATION_ID', '37512f0c72ec48d79a8a8f1894f11f4d'), ('XDG_MENU_PREFIX', 'gnome-'), ('GNOME_SETUP_DISPLAY', ':1'), ('XDG_RUNTIME_DIR', '/run/user/1000'), ('DISPLAY', ':0'), ('LANG', 'en_US.UTF-8'), ('XDG_CURRENT_DESKTOP', 'ubuntu:GNOME'), ('IBUS_DISABLE_SNOOPER', '1'), ('XMODIFIERS', '@im=ibus'), ('XDG_SESSION_DESKTOP', 'ubuntu'), ('XAUTHORITY', '/run/user/1000/.mutter-Xwaylandauth.UJJAK2'), ('LS_COLORS', 'di=34:ow=34:tw=34:fi=13:ln=31:pi=5:so=5:bd=5:cd=5:or=31:mi=0:ex=35:*.rpm=90:*.png=35:*.gif=36:*.jpg=35:*.c=92:*.py=93:*.h=90:*.txt=94:*.doc=104:*.odt=104:*.csv=102:*.xlsx=102:*.xlsm=102:*.rb=31:*.cpp=92:*.sh=92:*.html=96:*.zip=4;33:*.tar.gz=4;33:*.mp4=105:*.mp3=106'), ('SSH_AGENT_LAUNCHER', 'gnome-keyring'), ('SSH_AUTH_SOCK', '/run/user/1000/keyring/ssh'), ('AMENT_PREFIX_PATH', '/home/fiend/Navigation_Bot/dev_ws/install/navigation_bot:/home/fiend/LineFollowingRobot/ros_ws/install/line_bhakt:/home/fiend/ROS/practice_codes_ROS2/articubot_one/install/articubot_one:/opt/ros/humble'), ('SHELL', '/bin/bash'), ('TERMINATOR_UUID', 'urn:uuid:de10c5cb-7f42-4ea2-ad3f-7446c017e8fd'), ('QT_ACCESSIBILITY', '1'), ('GDMSESSION', 'ubuntu'), ('LESSCLOSE', '/usr/bin/lesspipe %s %s'), ('GCC_COLORS', 'error=31:warning=35:note=36:caret=32:locus=01:quote=01'), ('GJS_DEBUG_OUTPUT', 'stderr'), ('QT_IM_MODULE', 'ibus'), ('PWD', '/home/fiend/Navigation_Bot/dev_ws/build/navigation_bot'), ('LC_ALL', 'en_US.UTF-8'), ('XDG_CONFIG_DIRS', '/etc/xdg/xdg-ubuntu:/etc/xdg'), ('XDG_DATA_DIRS', '/usr/share/ubuntu:/home/fiend/.local/share/flatpak/exports/share:/var/lib/flatpak/exports/share:/usr/local/share/:/usr/share/:/var/lib/snapd/desktop'), ('STARSHIP_SESSION_KEY', '2059017139146452'), ('PYTHONPATH', '/opt/ros/humble/lib/python3.10/site-packages:/opt/ros/humble/local/lib/python3.10/dist-packages'), ('COLCON', '1'), ('VTE_VERSION', '6800'), ('CMAKE_PREFIX_PATH', '/home/fiend/Navigation_Bot/dev_ws/install/navigation_bot:/home/fiend/LineFollowingRobot/ros_ws/install/line_bhakt:/home/fiend/ROS/practice_codes_ROS2/articubot_one/install/articubot_one:/opt/ros/humble')]), 'shell': False}
[21.241743] (navigation_bot) StdoutLine: {'line': b'-- Install configuration: ""\n'}
[21.243409] (navigation_bot) StdoutLine: {'line': b'-- Execute custom install script\n'}
[21.244749] (navigation_bot) StdoutLine: {'line': b'-- Up-to-date symlink: /home/fiend/Navigation_Bot/dev_ws/install/navigation_bot/share/navigation_bot/config/empty.yaml\n'}
[21.245221] (navigation_bot) StdoutLine: {'line': b'-- Up-to-date symlink: /home/fiend/Navigation_Bot/dev_ws/install/navigation_bot/share/navigation_bot/config/my_controller.yaml\n'}
[21.246183] (navigation_bot) StdoutLine: {'line': b'-- Up-to-date symlink: /home/fiend/Navigation_Bot/dev_ws/install/navigation_bot/share/navigation_bot/description/Depth_camera.xacro\n'}
[21.246771] (navigation_bot) StdoutLine: {'line': b'-- Up-to-date symlink: /home/fiend/Navigation_Bot/dev_ws/install/navigation_bot/share/navigation_bot/description/camera.xacro\n'}
[21.247181] (navigation_bot) StdoutLine: {'line': b'-- Up-to-date symlink: /home/fiend/Navigation_Bot/dev_ws/install/navigation_bot/share/navigation_bot/description/gazebo_control.xacro\n'}
[21.247615] (navigation_bot) StdoutLine: {'line': b'-- Up-to-date symlink: /home/fiend/Navigation_Bot/dev_ws/install/navigation_bot/share/navigation_bot/description/inertial_macros.xacro\n'}
[21.248097] (navigation_bot) StdoutLine: {'line': b'-- Up-to-date symlink: /home/fiend/Navigation_Bot/dev_ws/install/navigation_bot/share/navigation_bot/description/lidar.xacro\n'}
[21.248532] (navigation_bot) StdoutLine: {'line': b'-- Up-to-date symlink: /home/fiend/Navigation_Bot/dev_ws/install/navigation_bot/share/navigation_bot/description/robot.urdf.xacro\n'}
[21.248924] (navigation_bot) StdoutLine: {'line': b'-- Up-to-date symlink: /home/fiend/Navigation_Bot/dev_ws/install/navigation_bot/share/navigation_bot/description/robot_core.xacro\n'}
[21.249352] (navigation_bot) StdoutLine: {'line': b'-- Up-to-date symlink: /home/fiend/Navigation_Bot/dev_ws/install/navigation_bot/share/navigation_bot/description/ros2_control.xacro\n'}
[21.250006] (navigation_bot) StdoutLine: {'line': b'-- Up-to-date symlink: /home/fiend/Navigation_Bot/dev_ws/install/navigation_bot/share/navigation_bot/launch/launch_sim.launch.py\n'}
[21.250452] (navigation_bot) StdoutLine: {'line': b'-- Up-to-date symlink: /home/fiend/Navigation_Bot/dev_ws/install/navigation_bot/share/navigation_bot/launch/rsp.launch.py\n'}
[21.250828] (navigation_bot) StdoutLine: {'line': b'-- Up-to-date symlink: /home/fiend/Navigation_Bot/dev_ws/install/navigation_bot/share/navigation_bot/worlds/empty.world\n'}
[21.251166] (navigation_bot) StdoutLine: {'line': b'-- Up-to-date symlink: /home/fiend/Navigation_Bot/dev_ws/install/navigation_bot/share/navigation_bot/worlds/home.world\n'}
[21.251498] (navigation_bot) StdoutLine: {'line': b'-- Up-to-date symlink: /home/fiend/Navigation_Bot/dev_ws/install/navigation_bot/share/navigation_bot/worlds/obstacle.world\n'}
[21.251809] (navigation_bot) StdoutLine: {'line': b'-- Up-to-date symlink: /home/fiend/Navigation_Bot/dev_ws/install/navigation_bot/share/navigation_bot/worlds/track.world\n'}
[21.252219] (navigation_bot) StdoutLine: {'line': b'-- Up-to-date symlink: /home/fiend/Navigation_Bot/dev_ws/install/navigation_bot/share/navigation_bot/worlds/turtleWorld.world\n'}
[21.252726] (navigation_bot) StdoutLine: {'line': b'-- Up-to-date symlink: /home/fiend/Navigation_Bot/dev_ws/install/navigation_bot/lib/navigation_bot/ImageCapture\n'}
[21.266400] (navigation_bot) StdoutLine: {'line': b'-- Up-to-date symlink: /home/fiend/Navigation_Bot/dev_ws/install/navigation_bot/lib/navigation_bot/Motor_Driver_Node\n'}
[21.266963] (navigation_bot) StdoutLine: {'line': b'-- Up-to-date symlink: /home/fiend/Navigation_Bot/dev_ws/install/navigation_bot/share/ament_index/resource_index/package_run_dependencies/navigation_bot\n'}
[21.267237] (navigation_bot) StdoutLine: {'line': b'-- Up-to-date symlink: /home/fiend/Navigation_Bot/dev_ws/install/navigation_bot/share/ament_index/resource_index/parent_prefix_path/navigation_bot\n'}
[21.267477] (navigation_bot) StdoutLine: {'line': b'-- Up-to-date symlink: /home/fiend/Navigation_Bot/dev_ws/install/navigation_bot/share/navigation_bot/environment/ament_prefix_path.sh\n'}
[21.275800] (navigation_bot) StdoutLine: {'line': b'-- Up-to-date symlink: /home/fiend/Navigation_Bot/dev_ws/install/navigation_bot/share/navigation_bot/environment/ament_prefix_path.dsv\n'}
[21.276532] (navigation_bot) StdoutLine: {'line': b'-- Up-to-date symlink: /home/fiend/Navigation_Bot/dev_ws/install/navigation_bot/share/navigation_bot/environment/path.sh\n'}
[21.277189] (navigation_bot) StdoutLine: {'line': b'-- Up-to-date symlink: /home/fiend/Navigation_Bot/dev_ws/install/navigation_bot/share/navigation_bot/environment/path.dsv\n'}
[21.278103] (navigation_bot) StdoutLine: {'line': b'-- Up-to-date symlink: /home/fiend/Navigation_Bot/dev_ws/install/navigation_bot/share/navigation_bot/local_setup.bash\n'}
[21.279208] (navigation_bot) StdoutLine: {'line': b'-- Up-to-date symlink: /home/fiend/Navigation_Bot/dev_ws/install/navigation_bot/share/navigation_bot/local_setup.sh\n'}
[21.279710] (navigation_bot) StdoutLine: {'line': b'-- Up-to-date symlink: /home/fiend/Navigation_Bot/dev_ws/install/navigation_bot/share/navigation_bot/local_setup.zsh\n'}
[21.281647] (-) TimerEvent: {}
[21.288657] (navigation_bot) StdoutLine: {'line': b'-- Up-to-date symlink: /home/fiend/Navigation_Bot/dev_ws/install/navigation_bot/share/navigation_bot/local_setup.dsv\n'}
[21.289194] (navigation_bot) StdoutLine: {'line': b'-- Symlinking: /home/fiend/Navigation_Bot/dev_ws/install/navigation_bot/share/navigation_bot/package.dsv\n'}
[21.312298] (navigation_bot) StdoutLine: {'line': b'-- Up-to-date symlink: /home/fiend/Navigation_Bot/dev_ws/install/navigation_bot/share/ament_index/resource_index/packages/navigation_bot\n'}
[21.313133] (navigation_bot) StdoutLine: {'line': b'-- Up-to-date symlink: /home/fiend/Navigation_Bot/dev_ws/install/navigation_bot/share/navigation_bot/cmake/navigation_botConfig.cmake\n'}
[21.313791] (navigation_bot) StdoutLine: {'line': b'-- Up-to-date symlink: /home/fiend/Navigation_Bot/dev_ws/install/navigation_bot/share/navigation_bot/cmake/navigation_botConfig-version.cmake\n'}
[21.314455] (navigation_bot) StdoutLine: {'line': b'-- Up-to-date symlink: /home/fiend/Navigation_Bot/dev_ws/install/navigation_bot/share/navigation_bot/package.xml\n'}
[21.323195] (navigation_bot) CommandEnded: {'returncode': 0}
[21.381744] (-) TimerEvent: {}
[21.482168] (-) TimerEvent: {}
[21.582607] (-) TimerEvent: {}
[21.684308] (-) TimerEvent: {}
[21.712494] (navigation_bot) JobEnded: {'identifier': 'navigation_bot', 'rc': 0}
[21.713991] (-) EventReactorShutdown: {}
