[3.493s] DEBUG:colcon:Command line arguments: ['/usr/bin/colcon', 'build', '--symlink-install']
[3.493s] DEBUG:colcon:Parsed command line arguments: Namespace(log_base=None, log_level=None, verb_name='build', build_base='build', install_base='install', merge_install=False, symlink_install=True, test_result_base=None, continue_on_error=False, executor='parallel', parallel_workers=8, event_handlers=None, ignore_user_meta=False, metas=['./colcon.meta'], base_paths=['.'], packages_ignore=None, packages_ignore_regex=None, paths=None, packages_up_to=None, packages_up_to_regex=None, packages_above=None, packages_above_and_dependencies=None, packages_above_depth=None, packages_select_by_dep=None, packages_skip_by_dep=None, packages_skip_up_to=None, packages_select_build_failed=False, packages_skip_build_finished=False, packages_select_test_failures=False, packages_skip_test_passed=False, packages_select=None, packages_skip=None, packages_select_regex=None, packages_skip_regex=None, packages_start=None, packages_end=None, allow_overriding=[], cmake_args=None, cmake_target=None, cmake_target_skip_unavailable=False, cmake_clean_cache=False, cmake_clean_first=False, cmake_force_configure=False, ament_cmake_args=None, catkin_cmake_args=None, catkin_skip_building_tests=False, mixin_files=None, mixin=None, verb_parser=<colcon_mixin.mixin.mixin_argument.MixinArgumentDecorator object at 0x78a05ae41240>, verb_extension=<colcon_core.verb.build.BuildVerb object at 0x78a05afd6c80>, main=<bound method BuildVerb.main of <colcon_core.verb.build.BuildVerb object at 0x78a05afd6c80>>, mixin_verb=('build',))
[3.634s] Level 1:colcon.colcon_core.package_discovery:discover_packages(colcon_meta) check parameters
[3.635s] Level 1:colcon.colcon_core.package_discovery:discover_packages(recursive) check parameters
[3.635s] Level 1:colcon.colcon_core.package_discovery:discover_packages(ignore) check parameters
[3.635s] Level 1:colcon.colcon_core.package_discovery:discover_packages(path) check parameters
[3.635s] Level 1:colcon.colcon_core.package_discovery:discover_packages(colcon_meta) discover
[3.635s] Level 1:colcon.colcon_core.package_discovery:discover_packages(recursive) discover
[3.635s] INFO:colcon.colcon_core.package_discovery:Crawling recursively for packages in '/home/fiend/Navigation_Bot/dev_ws'
[3.636s] Level 1:colcon.colcon_core.package_identification:_identify(.) by extensions ['ignore', 'ignore_ament_install']
[3.636s] Level 1:colcon.colcon_core.package_identification:_identify(.) by extension 'ignore'
[3.636s] Level 1:colcon.colcon_core.package_identification:_identify(.) by extension 'ignore_ament_install'
[3.636s] Level 1:colcon.colcon_core.package_identification:_identify(.) by extensions ['colcon_pkg']
[3.637s] Level 1:colcon.colcon_core.package_identification:_identify(.) by extension 'colcon_pkg'
[3.637s] Level 1:colcon.colcon_core.package_identification:_identify(.) by extensions ['colcon_meta']
[3.637s] Level 1:colcon.colcon_core.package_identification:_identify(.) by extension 'colcon_meta'
[3.637s] Level 1:colcon.colcon_core.package_identification:_identify(.) by extensions ['ros']
[3.637s] Level 1:colcon.colcon_core.package_identification:_identify(.) by extension 'ros'
[3.662s] Level 1:colcon.colcon_core.package_identification:_identify(.) by extensions ['cmake', 'python']
[3.662s] Level 1:colcon.colcon_core.package_identification:_identify(.) by extension 'cmake'
[3.662s] Level 1:colcon.colcon_core.package_identification:_identify(.) by extension 'python'
[3.662s] Level 1:colcon.colcon_core.package_identification:_identify(.) by extensions ['python_setup_py']
[3.663s] Level 1:colcon.colcon_core.package_identification:_identify(.) by extension 'python_setup_py'
[3.663s] Level 1:colcon.colcon_core.package_identification:_identify(build) by extensions ['ignore', 'ignore_ament_install']
[3.663s] Level 1:colcon.colcon_core.package_identification:_identify(build) by extension 'ignore'
[3.663s] Level 1:colcon.colcon_core.package_identification:_identify(build) ignored
[3.663s] Level 1:colcon.colcon_core.package_identification:_identify(install) by extensions ['ignore', 'ignore_ament_install']
[3.664s] Level 1:colcon.colcon_core.package_identification:_identify(install) by extension 'ignore'
[3.664s] Level 1:colcon.colcon_core.package_identification:_identify(install) ignored
[3.664s] Level 1:colcon.colcon_core.package_identification:_identify(log) by extensions ['ignore', 'ignore_ament_install']
[3.664s] Level 1:colcon.colcon_core.package_identification:_identify(log) by extension 'ignore'
[3.664s] Level 1:colcon.colcon_core.package_identification:_identify(log) ignored
[3.664s] Level 1:colcon.colcon_core.package_identification:_identify(src) by extensions ['ignore', 'ignore_ament_install']
[3.665s] Level 1:colcon.colcon_core.package_identification:_identify(src) by extension 'ignore'
[3.665s] Level 1:colcon.colcon_core.package_identification:_identify(src) by extension 'ignore_ament_install'
[3.665s] Level 1:colcon.colcon_core.package_identification:_identify(src) by extensions ['colcon_pkg']
[3.665s] Level 1:colcon.colcon_core.package_identification:_identify(src) by extension 'colcon_pkg'
[3.665s] Level 1:colcon.colcon_core.package_identification:_identify(src) by extensions ['colcon_meta']
[3.665s] Level 1:colcon.colcon_core.package_identification:_identify(src) by extension 'colcon_meta'
[3.665s] Level 1:colcon.colcon_core.package_identification:_identify(src) by extensions ['ros']
[3.665s] Level 1:colcon.colcon_core.package_identification:_identify(src) by extension 'ros'
[3.670s] DEBUG:colcon.colcon_core.package_identification:Package 'src' with type 'ros.ament_cmake' and name 'navigation_bot'
[3.670s] Level 1:colcon.colcon_core.package_discovery:discover_packages(recursive) using defaults
[3.671s] Level 1:colcon.colcon_core.package_discovery:discover_packages(ignore) discover
[3.671s] Level 1:colcon.colcon_core.package_discovery:discover_packages(ignore) using defaults
[3.671s] Level 1:colcon.colcon_core.package_discovery:discover_packages(path) discover
[3.671s] Level 1:colcon.colcon_core.package_discovery:discover_packages(path) using defaults
[3.939s] Level 1:colcon.colcon_core.package_discovery:discover_packages(prefix_path) check parameters
[3.939s] Level 1:colcon.colcon_core.package_discovery:discover_packages(prefix_path) discover
[4.024s] DEBUG:colcon.colcon_installed_package_information.package_discovery:Found 1 installed packages in /home/fiend/Navigation_Bot/dev_ws/install
[4.065s] DEBUG:colcon.colcon_installed_package_information.package_discovery:Found 1 installed packages in /home/fiend/voice_grab/ros2_ws/install
[4.106s] DEBUG:colcon.colcon_installed_package_information.package_discovery:Found 1 installed packages in /home/fiend/LineFollowingRobot/ros_ws/install
[4.148s] DEBUG:colcon.colcon_installed_package_information.package_discovery:Found 1 installed packages in /home/fiend/ROS/practice_codes_ROS2/articubot_one/install
[4.192s] DEBUG:colcon.colcon_installed_package_information.package_discovery:Found 405 installed packages in /opt/ros/humble
[4.197s] Level 1:colcon.colcon_core.package_discovery:discover_packages(prefix_path) using defaults
[4.463s] Level 5:colcon.colcon_core.verb:set package 'navigation_bot' build argument 'cmake_args' from command line to 'None'
[4.463s] Level 5:colcon.colcon_core.verb:set package 'navigation_bot' build argument 'cmake_target' from command line to 'None'
[4.463s] Level 5:colcon.colcon_core.verb:set package 'navigation_bot' build argument 'cmake_target_skip_unavailable' from command line to 'False'
[4.463s] Level 5:colcon.colcon_core.verb:set package 'navigation_bot' build argument 'cmake_clean_cache' from command line to 'False'
[4.464s] Level 5:colcon.colcon_core.verb:set package 'navigation_bot' build argument 'cmake_clean_first' from command line to 'False'
[4.464s] Level 5:colcon.colcon_core.verb:set package 'navigation_bot' build argument 'cmake_force_configure' from command line to 'False'
[4.464s] Level 5:colcon.colcon_core.verb:set package 'navigation_bot' build argument 'ament_cmake_args' from command line to 'None'
[4.464s] Level 5:colcon.colcon_core.verb:set package 'navigation_bot' build argument 'catkin_cmake_args' from command line to 'None'
[4.464s] Level 5:colcon.colcon_core.verb:set package 'navigation_bot' build argument 'catkin_skip_building_tests' from command line to 'False'
[4.464s] DEBUG:colcon.colcon_core.verb:Building package 'navigation_bot' with the following arguments: {'ament_cmake_args': None, 'build_base': '/home/fiend/Navigation_Bot/dev_ws/build/navigation_bot', 'catkin_cmake_args': None, 'catkin_skip_building_tests': False, 'cmake_args': None, 'cmake_clean_cache': False, 'cmake_clean_first': False, 'cmake_force_configure': False, 'cmake_target': None, 'cmake_target_skip_unavailable': False, 'install_base': '/home/fiend/Navigation_Bot/dev_ws/install/navigation_bot', 'merge_install': False, 'path': '/home/fiend/Navigation_Bot/dev_ws/src', 'symlink_install': True, 'test_result_base': None}
[4.504s] INFO:colcon.colcon_core.executor:Executing jobs using 'parallel' executor
[4.545s] DEBUG:colcon.colcon_parallel_executor.executor.parallel:run_until_complete
[4.545s] INFO:colcon.colcon_ros.task.ament_cmake.build:Building ROS package in '/home/fiend/Navigation_Bot/dev_ws/src' with build type 'ament_cmake'
[4.546s] INFO:colcon.colcon_cmake.task.cmake.build:Building CMake package in '/home/fiend/Navigation_Bot/dev_ws/src'
[4.591s] INFO:colcon.colcon_core.plugin_system:Skipping extension 'colcon_core.shell.bat': Not used on non-Windows systems
[4.591s] INFO:colcon.colcon_core.shell:Skip shell extension 'powershell' for command environment: Not usable outside of PowerShell
[4.592s] DEBUG:colcon.colcon_core.shell:Skip shell extension 'dsv' for command environment
[4.887s] DEBUG:colcon.colcon_core.event_handler.log_command:Invoking command in '/home/fiend/Navigation_Bot/dev_ws/build/navigation_bot': CMAKE_PREFIX_PATH=${CMAKE_PREFIX_PATH}:/opt/ros/humble PS1=
\[[38;5;156m\]\[[0m\]\[[38;5;166m\]dev_ws\[[0m\]\[[38;5;166m\]\[[0m\] on \[[38;5;162m\] \[[0m\]\[[38;5;162m\]main\[[0m\] underwent \[[36m\]13s\[[0m\]
\[[1;38;5;166m\]➜\[[0m\] /usr/bin/cmake --build /home/fiend/Navigation_Bot/dev_ws/build/navigation_bot -- -j8 -l8
[24.931s] DEBUG:colcon.colcon_core.event_handler.log_command:Invoked command in '/home/fiend/Navigation_Bot/dev_ws/build/navigation_bot' returned '0': CMAKE_PREFIX_PATH=${CMAKE_PREFIX_PATH}:/opt/ros/humble PS1=
\[[38;5;156m\]\[[0m\]\[[38;5;166m\]dev_ws\[[0m\]\[[38;5;166m\]\[[0m\] on \[[38;5;162m\] \[[0m\]\[[38;5;162m\]main\[[0m\] underwent \[[36m\]13s\[[0m\]
\[[1;38;5;166m\]➜\[[0m\] /usr/bin/cmake --build /home/fiend/Navigation_Bot/dev_ws/build/navigation_bot -- -j8 -l8
[24.992s] DEBUG:colcon.colcon_core.event_handler.log_command:Invoking command in '/home/fiend/Navigation_Bot/dev_ws/build/navigation_bot': CMAKE_PREFIX_PATH=${CMAKE_PREFIX_PATH}:/opt/ros/humble PS1=
\[[38;5;156m\]\[[0m\]\[[38;5;166m\]dev_ws\[[0m\]\[[38;5;166m\]\[[0m\] on \[[38;5;162m\] \[[0m\]\[[38;5;162m\]main\[[0m\] underwent \[[36m\]13s\[[0m\]
\[[1;38;5;166m\]➜\[[0m\] /usr/bin/cmake --install /home/fiend/Navigation_Bot/dev_ws/build/navigation_bot
[25.034s] Level 1:colcon.colcon_core.environment:create_environment_scripts_only(navigation_bot)
[25.035s] DEBUG:colcon.colcon_core.event_handler.log_command:Invoked command in '/home/fiend/Navigation_Bot/dev_ws/build/navigation_bot' returned '0': CMAKE_PREFIX_PATH=${CMAKE_PREFIX_PATH}:/opt/ros/humble PS1=
\[[38;5;156m\]\[[0m\]\[[38;5;166m\]dev_ws\[[0m\]\[[38;5;166m\]\[[0m\] on \[[38;5;162m\] \[[0m\]\[[38;5;162m\]main\[[0m\] underwent \[[36m\]13s\[[0m\]
\[[1;38;5;166m\]➜\[[0m\] /usr/bin/cmake --install /home/fiend/Navigation_Bot/dev_ws/build/navigation_bot
[25.079s] Level 1:colcon.colcon_core.environment:checking '/home/fiend/Navigation_Bot/dev_ws/install/navigation_bot' for CMake module files
[25.081s] Level 1:colcon.colcon_core.environment:checking '/home/fiend/Navigation_Bot/dev_ws/install/navigation_bot' for CMake config files
[25.081s] Level 1:colcon.colcon_core.shell:create_environment_hook('navigation_bot', 'cmake_prefix_path')
[25.122s] INFO:colcon.colcon_core.shell:Creating environment hook '/home/fiend/Navigation_Bot/dev_ws/install/navigation_bot/share/navigation_bot/hook/cmake_prefix_path.ps1'
[25.124s] INFO:colcon.colcon_core.shell:Creating environment descriptor '/home/fiend/Navigation_Bot/dev_ws/install/navigation_bot/share/navigation_bot/hook/cmake_prefix_path.dsv'
[25.125s] INFO:colcon.colcon_core.shell:Creating environment hook '/home/fiend/Navigation_Bot/dev_ws/install/navigation_bot/share/navigation_bot/hook/cmake_prefix_path.sh'
[25.127s] Level 1:colcon.colcon_core.environment:checking '/home/fiend/Navigation_Bot/dev_ws/install/navigation_bot/lib'
[25.128s] Level 1:colcon.colcon_core.environment:checking '/home/fiend/Navigation_Bot/dev_ws/install/navigation_bot/bin'
[25.128s] Level 1:colcon.colcon_core.environment:checking '/home/fiend/Navigation_Bot/dev_ws/install/navigation_bot/lib/pkgconfig/navigation_bot.pc'
[25.128s] Level 1:colcon.colcon_core.environment:checking '/home/fiend/Navigation_Bot/dev_ws/install/navigation_bot/lib/python3.10/site-packages'
[25.129s] Level 1:colcon.colcon_core.environment:checking '/home/fiend/Navigation_Bot/dev_ws/install/navigation_bot/bin'
[25.170s] INFO:colcon.colcon_core.shell:Creating package script '/home/fiend/Navigation_Bot/dev_ws/install/navigation_bot/share/navigation_bot/package.ps1'
[25.172s] INFO:colcon.colcon_core.shell:Creating package descriptor '/home/fiend/Navigation_Bot/dev_ws/install/navigation_bot/share/navigation_bot/package.dsv'
[25.173s] INFO:colcon.colcon_core.shell:Creating package script '/home/fiend/Navigation_Bot/dev_ws/install/navigation_bot/share/navigation_bot/package.sh'
[25.175s] INFO:colcon.colcon_core.shell:Creating package script '/home/fiend/Navigation_Bot/dev_ws/install/navigation_bot/share/navigation_bot/package.bash'
[25.176s] INFO:colcon.colcon_core.shell:Creating package script '/home/fiend/Navigation_Bot/dev_ws/install/navigation_bot/share/navigation_bot/package.zsh'
[25.178s] Level 1:colcon.colcon_core.environment:create_file_with_runtime_dependencies(/home/fiend/Navigation_Bot/dev_ws/install/navigation_bot/share/colcon-core/packages/navigation_bot)
[25.269s] Level 1:colcon.colcon_core.environment:create_environment_scripts_only(navigation_bot)
[25.309s] Level 1:colcon.colcon_core.environment:checking '/home/fiend/Navigation_Bot/dev_ws/install/navigation_bot' for CMake module files
[25.310s] Level 1:colcon.colcon_core.environment:checking '/home/fiend/Navigation_Bot/dev_ws/install/navigation_bot' for CMake config files
[25.310s] Level 1:colcon.colcon_core.shell:create_environment_hook('navigation_bot', 'cmake_prefix_path')
[25.351s] INFO:colcon.colcon_core.shell:Creating environment hook '/home/fiend/Navigation_Bot/dev_ws/install/navigation_bot/share/navigation_bot/hook/cmake_prefix_path.ps1'
[25.352s] INFO:colcon.colcon_core.shell:Creating environment descriptor '/home/fiend/Navigation_Bot/dev_ws/install/navigation_bot/share/navigation_bot/hook/cmake_prefix_path.dsv'
[25.352s] INFO:colcon.colcon_core.shell:Creating environment hook '/home/fiend/Navigation_Bot/dev_ws/install/navigation_bot/share/navigation_bot/hook/cmake_prefix_path.sh'
[25.353s] Level 1:colcon.colcon_core.environment:checking '/home/fiend/Navigation_Bot/dev_ws/install/navigation_bot/lib'
[25.354s] Level 1:colcon.colcon_core.environment:checking '/home/fiend/Navigation_Bot/dev_ws/install/navigation_bot/bin'
[25.354s] Level 1:colcon.colcon_core.environment:checking '/home/fiend/Navigation_Bot/dev_ws/install/navigation_bot/lib/pkgconfig/navigation_bot.pc'
[25.354s] Level 1:colcon.colcon_core.environment:checking '/home/fiend/Navigation_Bot/dev_ws/install/navigation_bot/lib/python3.10/site-packages'
[25.355s] Level 1:colcon.colcon_core.environment:checking '/home/fiend/Navigation_Bot/dev_ws/install/navigation_bot/bin'
[25.395s] INFO:colcon.colcon_core.shell:Creating package script '/home/fiend/Navigation_Bot/dev_ws/install/navigation_bot/share/navigation_bot/package.ps1'
[25.396s] INFO:colcon.colcon_core.shell:Creating package descriptor '/home/fiend/Navigation_Bot/dev_ws/install/navigation_bot/share/navigation_bot/package.dsv'
[25.397s] INFO:colcon.colcon_core.shell:Creating package script '/home/fiend/Navigation_Bot/dev_ws/install/navigation_bot/share/navigation_bot/package.sh'
[25.398s] INFO:colcon.colcon_core.shell:Creating package script '/home/fiend/Navigation_Bot/dev_ws/install/navigation_bot/share/navigation_bot/package.bash'
[25.399s] INFO:colcon.colcon_core.shell:Creating package script '/home/fiend/Navigation_Bot/dev_ws/install/navigation_bot/share/navigation_bot/package.zsh'
[25.399s] Level 1:colcon.colcon_core.environment:create_file_with_runtime_dependencies(/home/fiend/Navigation_Bot/dev_ws/install/navigation_bot/share/colcon-core/packages/navigation_bot)
[25.400s] DEBUG:colcon.colcon_parallel_executor.executor.parallel:closing loop
[25.401s] DEBUG:colcon.colcon_parallel_executor.executor.parallel:loop closed
[25.401s] DEBUG:colcon.colcon_parallel_executor.executor.parallel:run_until_complete finished with '0'
[25.401s] DEBUG:colcon.colcon_core.event_reactor:joining thread
[25.454s] INFO:colcon.colcon_core.plugin_system:Skipping extension 'colcon_notification.desktop_notification.terminal_notifier': Not used on non-Darwin systems
[25.454s] INFO:colcon.colcon_core.plugin_system:Skipping extension 'colcon_notification.desktop_notification.win32': Not used on non-Windows systems
[25.454s] INFO:colcon.colcon_notification.desktop_notification:Sending desktop notification using 'notify2'
[25.475s] DEBUG:colcon.colcon_core.event_reactor:joined thread
[25.518s] INFO:colcon.colcon_core.shell:Creating prefix script '/home/fiend/Navigation_Bot/dev_ws/install/local_setup.ps1'
[25.520s] INFO:colcon.colcon_core.shell:Creating prefix util module '/home/fiend/Navigation_Bot/dev_ws/install/_local_setup_util_ps1.py'
[25.523s] INFO:colcon.colcon_core.shell:Creating prefix chain script '/home/fiend/Navigation_Bot/dev_ws/install/setup.ps1'
[25.571s] INFO:colcon.colcon_core.shell:Creating prefix script '/home/fiend/Navigation_Bot/dev_ws/install/local_setup.sh'
[25.573s] INFO:colcon.colcon_core.shell:Creating prefix util module '/home/fiend/Navigation_Bot/dev_ws/install/_local_setup_util_sh.py'
[25.574s] INFO:colcon.colcon_core.shell:Creating prefix chain script '/home/fiend/Navigation_Bot/dev_ws/install/setup.sh'
[25.622s] INFO:colcon.colcon_core.shell:Creating prefix script '/home/fiend/Navigation_Bot/dev_ws/install/local_setup.bash'
[25.623s] INFO:colcon.colcon_core.shell:Creating prefix chain script '/home/fiend/Navigation_Bot/dev_ws/install/setup.bash'
[25.671s] INFO:colcon.colcon_core.shell:Creating prefix script '/home/fiend/Navigation_Bot/dev_ws/install/local_setup.zsh'
[25.672s] INFO:colcon.colcon_core.shell:Creating prefix chain script '/home/fiend/Navigation_Bot/dev_ws/install/setup.zsh'
