[0.261s] Invoking command in '/home/fiend/Navigation_Bot/dev_ws/build/navigation_bot': CMAKE_PREFIX_PATH=${CMAKE_PREFIX_PATH}:/opt/ros/humble PS1=
\[[38;5;156m\]\[[0m\]\[[38;5;166m\]dev_ws\[[0m\]\[[38;5;166m\]\[[0m\] on \[[38;5;162m\] \[[0m\]\[[38;5;162m\]main\[[0m\]
\[[1;38;5;166m\]➜\[[0m\] /usr/bin/cmake /home/fiend/Navigation_Bot/dev_ws/src -DCMAKE_INSTALL_PREFIX=/home/fiend/Navigation_Bot/dev_ws/install/navigation_bot
[0.296s] -- Found rclcpp: 16.0.8 (/opt/ros/humble/share/rclcpp/cmake)
[0.693s] -- Override CMake install command with custom implementation using symlinks instead of copying resources
[0.823s] -- Found rosidl_generator_c: 3.1.5 (/opt/ros/humble/share/rosidl_generator_c/cmake)
[0.833s] -- Found rosidl_adapter: 3.1.5 (/opt/ros/humble/share/rosidl_adapter/cmake)
[0.858s] -- Found rosidl_generator_cpp: 3.1.5 (/opt/ros/humble/share/rosidl_generator_cpp/cmake)
[0.902s] -- Using all available rosidl_typesupport_c: rosidl_typesupport_fastrtps_c;rosidl_typesupport_introspection_c
[0.965s] -- Using all available rosidl_typesupport_cpp: rosidl_typesupport_fastrtps_cpp;rosidl_typesupport_introspection_cpp
[1.185s] -- Found rmw_implementation_cmake: 6.1.1 (/opt/ros/humble/share/rmw_implementation_cmake/cmake)
[1.189s] -- Found rmw_fastrtps_cpp: 6.2.6 (/opt/ros/humble/share/rmw_fastrtps_cpp/cmake)
[1.557s] -- Using RMW implementation 'rmw_fastrtps_cpp' as default
[2.042s] -- Found cv_bridge: 3.4.0 (/usr/local/share/cv_bridge/cmake)
[2.420s] [31mCMake Error at /usr/local/share/cv_bridge/cmake/export_cv_bridgeExport.cmake:79 (message):
[2.420s]   The imported target "cv_bridge::cv_bridge" references the file
[2.420s] 
[2.420s]      "/usr/local/lib/libcv_bridge.so"
[2.421s] 
[2.421s]   but this file does not exist.  Possible reasons include:
[2.421s] 
[2.421s]   * The file was deleted, renamed, or moved to another location.
[2.421s] 
[2.421s]   * An install or uninstall procedure did not complete successfully.
[2.422s] 
[2.422s]   * The installation package was faulty and contained
[2.422s] 
[2.422s]      "/usr/local/share/cv_bridge/cmake/export_cv_bridgeExport.cmake"
[2.422s] 
[2.423s]   but not all the files it references.
[2.423s] 
[2.423s] Call Stack (most recent call first):
[2.423s]   /usr/local/share/cv_bridge/cmake/ament_cmake_export_targets-extras.cmake:9 (include)
[2.423s]   /usr/local/share/cv_bridge/cmake/cv_bridgeConfig.cmake:41 (include)
[2.424s]   CMakeLists.txt:20 (find_package)
[2.424s] 
[2.424s] [0m
[2.424s] -- Configuring incomplete, errors occurred!
[2.424s] See also "/home/fiend/Navigation_Bot/dev_ws/build/navigation_bot/CMakeFiles/CMakeOutput.log".
[2.434s] Invoked command in '/home/fiend/Navigation_Bot/dev_ws/build/navigation_bot' returned '1': CMAKE_PREFIX_PATH=${CMAKE_PREFIX_PATH}:/opt/ros/humble PS1=
\[[38;5;156m\]\[[0m\]\[[38;5;166m\]dev_ws\[[0m\]\[[38;5;166m\]\[[0m\] on \[[38;5;162m\] \[[0m\]\[[38;5;162m\]main\[[0m\]
\[[1;38;5;166m\]➜\[[0m\] /usr/bin/cmake /home/fiend/Navigation_Bot/dev_ws/src -DCMAKE_INSTALL_PREFIX=/home/fiend/Navigation_Bot/dev_ws/install/navigation_bot
