[0.000000] (-) TimerEvent: {}
[0.000264] (navigation_bot) JobQueued: {'identifier': 'navigation_bot', 'dependencies': OrderedDict()}
[0.000340] (navigation_bot) JobStarted: {'identifier': 'navigation_bot'}
[0.098253] (-) TimerEvent: {}
[0.199223] (-) TimerEvent: {}
[0.299765] (-) TimerEvent: {}
[0.328679] (navigation_bot) JobProgress: {'identifier': 'navigation_bot', 'progress': 'cmake'}
[0.333151] (navigation_bot) JobProgress: {'identifier': 'navigation_bot', 'progress': 'build'}
[0.334796] (navigation_bot) Command: {'cmd': ['/usr/bin/cmake', '--build', '/home/fiend/Navigation_Bot/dev_ws/build/navigation_bot', '--', '-j8', '-l8'], 'cwd': '/home/fiend/Navigation_Bot/dev_ws/build/navigation_bot', 'env': OrderedDict([('GJS_DEBUG_TOPICS', 'JS ERROR;JS LOG'), ('LESSOPEN', '| /usr/bin/lesspipe %s'), ('LANGUAGE', 'en_IN:en'), ('USER', 'fiend'), ('STARSHIP_SHELL', 'bash'), ('XDG_SESSION_TYPE', 'wayland'), ('SHLVL', '1'), ('LD_LIBRARY_PATH', '/usr/lib/x86_64-linux-gnu/gazebo-11/plugins:/opt/ros/humble/opt/rviz_ogre_vendor/lib:/opt/ros/humble/lib/x86_64-linux-gnu:/opt/ros/humble/lib'), ('HOME', '/home/fiend'), ('OLDPWD', '/home/fiend/Navigation_Bot'), ('DESKTOP_SESSION', 'ubuntu'), ('GIO_LAUNCHED_DESKTOP_FILE', '/usr/share/applications/terminator.desktop'), ('ROS_PYTHON_VERSION', '3'), ('GNOME_SHELL_SESSION_MODE', 'ubuntu'), ('GTK_MODULES', 'gail:atk-bridge'), ('PS1', '\n\\[\x1b[38;5;156m\\]\\[\x1b[0m\\]\\[\x1b[38;5;166m\\]dev_ws\\[\x1b[0m\\]\\[\x1b[38;5;166m\\]\\[\x1b[0m\\] on \\[\x1b[38;5;162m\\]\ue0a0 \\[\x1b[0m\\]\\[\x1b[38;5;162m\\]main\\[\x1b[0m\\] underwent \\[\x1b[36m\\]19s\\[\x1b[0m\\]\n\\[\x1b[1;38;5;166m\\]➜\\[\x1b[0m\\]'), ('MANAGERPID', '865'), ('SYSTEMD_EXEC_PID', '1038'), ('DBUS_SESSION_BUS_ADDRESS', 'unix:path=/run/user/1000/bus'), ('COLORTERM', 'truecolor'), ('GIO_LAUNCHED_DESKTOP_FILE_PID', '5627'), ('_colcon_cd_root', '/opt/ros/humble/'), ('IM_CONFIG_PHASE', '1'), ('WAYLAND_DISPLAY', 'wayland-0'), ('COLCON_PREFIX_PATH', '/home/fiend/Navigation_Bot/dev_ws/install:/home/fiend/voice_grab/ros2_ws/install:/home/fiend/LineFollowingRobot/ros_ws/install:/home/fiend/ROS/practice_codes_ROS2/articubot_one/install'), ('ROS_DISTRO', 'humble'), ('LOGNAME', 'fiend'), ('JOURNAL_STREAM', '8:30767'), ('_', '/usr/bin/colcon'), ('ROS_VERSION', '2'), ('XDG_SESSION_CLASS', 'user'), ('USERNAME', 'fiend'), ('TERM', 'xterm-256color'), ('GNOME_DESKTOP_SESSION_ID', 'this-is-deprecated'), ('ROS_LOCALHOST_ONLY', '0'), ('PATH', '/opt/ros/humble/bin:/home/fiend/.local/bin:/usr/local/sbin:/usr/local/bin:/usr/sbin:/usr/bin:/sbin:/bin:/usr/games:/usr/local/games:/snap/bin:/snap/bin'), ('SESSION_MANAGER', 'local/fiend-Lenovo-Yoga-C740-14IML:@/tmp/.ICE-unix/1008,unix/fiend-Lenovo-Yoga-C740-14IML:/tmp/.ICE-unix/1008'), ('INVOCATION_ID', '37512f0c72ec48d79a8a8f1894f11f4d'), ('XDG_MENU_PREFIX', 'gnome-'), ('GNOME_SETUP_DISPLAY', ':1'), ('XDG_RUNTIME_DIR', '/run/user/1000'), ('DISPLAY', ':0'), ('LANG', 'en_US.UTF-8'), ('XDG_CURRENT_DESKTOP', 'ubuntu:GNOME'), ('IBUS_DISABLE_SNOOPER', '1'), ('XMODIFIERS', '@im=ibus'), ('XDG_SESSION_DESKTOP', 'ubuntu'), ('XAUTHORITY', '/run/user/1000/.mutter-Xwaylandauth.UJJAK2'), ('LS_COLORS', 'di=34:ow=34:tw=34:fi=13:ln=31:pi=5:so=5:bd=5:cd=5:or=31:mi=0:ex=35:*.rpm=90:*.png=35:*.gif=36:*.jpg=35:*.c=92:*.py=93:*.h=90:*.txt=94:*.doc=104:*.odt=104:*.csv=102:*.xlsx=102:*.xlsm=102:*.rb=31:*.cpp=92:*.sh=92:*.html=96:*.zip=4;33:*.tar.gz=4;33:*.mp4=105:*.mp3=106'), ('SSH_AGENT_LAUNCHER', 'gnome-keyring'), ('SSH_AUTH_SOCK', '/run/user/1000/keyring/ssh'), ('AMENT_PREFIX_PATH', '/home/fiend/Navigation_Bot/dev_ws/install/navigation_bot:/home/fiend/LineFollowingRobot/ros_ws/install/line_bhakt:/home/fiend/ROS/practice_codes_ROS2/articubot_one/install/articubot_one:/opt/ros/humble'), ('SHELL', '/bin/bash'), ('TERMINATOR_UUID', 'urn:uuid:de10c5cb-7f42-4ea2-ad3f-7446c017e8fd'), ('QT_ACCESSIBILITY', '1'), ('GDMSESSION', 'ubuntu'), ('LESSCLOSE', '/usr/bin/lesspipe %s %s'), ('GCC_COLORS', 'error=31:warning=35:note=36:caret=32:locus=01:quote=01'), ('GJS_DEBUG_OUTPUT', 'stderr'), ('QT_IM_MODULE', 'ibus'), ('PWD', '/home/fiend/Navigation_Bot/dev_ws/build/navigation_bot'), ('LC_ALL', 'en_US.UTF-8'), ('XDG_CONFIG_DIRS', '/etc/xdg/xdg-ubuntu:/etc/xdg'), ('XDG_DATA_DIRS', '/usr/share/ubuntu:/home/fiend/.local/share/flatpak/exports/share:/var/lib/flatpak/exports/share:/usr/local/share/:/usr/share/:/var/lib/snapd/desktop'), ('STARSHIP_SESSION_KEY', '2059017139146452'), ('PYTHONPATH', '/opt/ros/humble/lib/python3.10/site-packages:/opt/ros/humble/local/lib/python3.10/dist-packages'), ('COLCON', '1'), ('VTE_VERSION', '6800'), ('CMAKE_PREFIX_PATH', '/home/fiend/Navigation_Bot/dev_ws/install/navigation_bot:/home/fiend/LineFollowingRobot/ros_ws/install/line_bhakt:/home/fiend/ROS/practice_codes_ROS2/articubot_one/install/articubot_one:/opt/ros/humble')]), 'shell': False}
[0.399901] (-) TimerEvent: {}
[0.447838] (navigation_bot) StdoutLine: {'line': b'\x1b[35m\x1b[1mConsolidate compiler generated dependencies of target Motor_Driver_Node\x1b[0m\n'}
[0.471362] (navigation_bot) StdoutLine: {'line': b'[ 50%] Built target ImageCapture\n'}
[0.485771] (navigation_bot) StdoutLine: {'line': b'[ 75%] \x1b[32mBuilding CXX object CMakeFiles/Motor_Driver_Node.dir/Executables/follower.cpp.o\x1b[0m\n'}
[0.500034] (-) TimerEvent: {}
[0.600458] (-) TimerEvent: {}
[0.700839] (-) TimerEvent: {}
[0.801350] (-) TimerEvent: {}
[0.901866] (-) TimerEvent: {}
[1.002309] (-) TimerEvent: {}
[1.102700] (-) TimerEvent: {}
[1.203175] (-) TimerEvent: {}
[1.303559] (-) TimerEvent: {}
[1.403949] (-) TimerEvent: {}
[1.504384] (-) TimerEvent: {}
[1.604781] (-) TimerEvent: {}
[1.705151] (-) TimerEvent: {}
[1.805576] (-) TimerEvent: {}
[1.906059] (-) TimerEvent: {}
[2.006534] (-) TimerEvent: {}
[2.107006] (-) TimerEvent: {}
[2.207482] (-) TimerEvent: {}
[2.307967] (-) TimerEvent: {}
[2.408346] (-) TimerEvent: {}
[2.508739] (-) TimerEvent: {}
[2.609122] (-) TimerEvent: {}
[2.709477] (-) TimerEvent: {}
[2.809899] (-) TimerEvent: {}
[2.910267] (-) TimerEvent: {}
[3.010640] (-) TimerEvent: {}
[3.111011] (-) TimerEvent: {}
[3.211383] (-) TimerEvent: {}
[3.311784] (-) TimerEvent: {}
[3.412165] (-) TimerEvent: {}
[3.512578] (-) TimerEvent: {}
[3.612970] (-) TimerEvent: {}
[3.713355] (-) TimerEvent: {}
[3.813744] (-) TimerEvent: {}
[3.914114] (-) TimerEvent: {}
[4.014529] (-) TimerEvent: {}
[4.114904] (-) TimerEvent: {}
[4.215274] (-) TimerEvent: {}
[4.315641] (-) TimerEvent: {}
[4.416025] (-) TimerEvent: {}
[4.516422] (-) TimerEvent: {}
[4.616801] (-) TimerEvent: {}
[4.717170] (-) TimerEvent: {}
[4.817565] (-) TimerEvent: {}
[4.917945] (-) TimerEvent: {}
[5.018327] (-) TimerEvent: {}
[5.118732] (-) TimerEvent: {}
[5.219100] (-) TimerEvent: {}
[5.319513] (-) TimerEvent: {}
[5.419903] (-) TimerEvent: {}
[5.520270] (-) TimerEvent: {}
[5.620642] (-) TimerEvent: {}
[5.721008] (-) TimerEvent: {}
[5.821373] (-) TimerEvent: {}
[5.921756] (-) TimerEvent: {}
[6.022126] (-) TimerEvent: {}
[6.122496] (-) TimerEvent: {}
[6.222864] (-) TimerEvent: {}
[6.323290] (-) TimerEvent: {}
[6.423667] (-) TimerEvent: {}
[6.524038] (-) TimerEvent: {}
[6.624408] (-) TimerEvent: {}
[6.724773] (-) TimerEvent: {}
[6.825152] (-) TimerEvent: {}
[6.925551] (-) TimerEvent: {}
[7.025957] (-) TimerEvent: {}
[7.126341] (-) TimerEvent: {}
[7.226736] (-) TimerEvent: {}
[7.327104] (-) TimerEvent: {}
[7.427474] (-) TimerEvent: {}
[7.527844] (-) TimerEvent: {}
[7.628216] (-) TimerEvent: {}
[7.728602] (-) TimerEvent: {}
[7.828997] (-) TimerEvent: {}
[7.929416] (-) TimerEvent: {}
[8.029909] (-) TimerEvent: {}
[8.130289] (-) TimerEvent: {}
[8.230689] (-) TimerEvent: {}
[8.331059] (-) TimerEvent: {}
[8.431471] (-) TimerEvent: {}
[8.531843] (-) TimerEvent: {}
[8.632245] (-) TimerEvent: {}
[8.732715] (-) TimerEvent: {}
[8.833141] (-) TimerEvent: {}
[8.933597] (-) TimerEvent: {}
[9.034028] (-) TimerEvent: {}
[9.134510] (-) TimerEvent: {}
[9.234954] (-) TimerEvent: {}
[9.335385] (-) TimerEvent: {}
[9.435809] (-) TimerEvent: {}
[9.536237] (-) TimerEvent: {}
[9.636745] (-) TimerEvent: {}
[9.737168] (-) TimerEvent: {}
[9.837607] (-) TimerEvent: {}
[9.938029] (-) TimerEvent: {}
[10.038456] (-) TimerEvent: {}
[10.138872] (-) TimerEvent: {}
[10.239297] (-) TimerEvent: {}
[10.339743] (-) TimerEvent: {}
[10.440176] (-) TimerEvent: {}
[10.540591] (-) TimerEvent: {}
[10.641015] (-) TimerEvent: {}
[10.741455] (-) TimerEvent: {}
[10.841873] (-) TimerEvent: {}
[10.942292] (-) TimerEvent: {}
[11.042726] (-) TimerEvent: {}
[11.143177] (-) TimerEvent: {}
[11.243606] (-) TimerEvent: {}
[11.344035] (-) TimerEvent: {}
[11.444482] (-) TimerEvent: {}
[11.544899] (-) TimerEvent: {}
[11.645324] (-) TimerEvent: {}
[11.745773] (-) TimerEvent: {}
[11.846192] (-) TimerEvent: {}
[11.946610] (-) TimerEvent: {}
[12.047026] (-) TimerEvent: {}
[12.147427] (-) TimerEvent: {}
[12.247856] (-) TimerEvent: {}
[12.348228] (-) TimerEvent: {}
[12.448613] (-) TimerEvent: {}
[12.549019] (-) TimerEvent: {}
[12.649421] (-) TimerEvent: {}
[12.749814] (-) TimerEvent: {}
[12.850187] (-) TimerEvent: {}
[12.950602] (-) TimerEvent: {}
[13.051063] (-) TimerEvent: {}
[13.151445] (-) TimerEvent: {}
[13.251818] (-) TimerEvent: {}
[13.352184] (-) TimerEvent: {}
[13.452546] (-) TimerEvent: {}
[13.552913] (-) TimerEvent: {}
[13.653280] (-) TimerEvent: {}
[13.753670] (-) TimerEvent: {}
[13.854048] (-) TimerEvent: {}
[13.954443] (-) TimerEvent: {}
[14.054811] (-) TimerEvent: {}
[14.155179] (-) TimerEvent: {}
[14.255550] (-) TimerEvent: {}
[14.355954] (-) TimerEvent: {}
[14.456370] (-) TimerEvent: {}
[14.556728] (-) TimerEvent: {}
[14.657098] (-) TimerEvent: {}
[14.757475] (-) TimerEvent: {}
[14.857892] (-) TimerEvent: {}
[14.958286] (-) TimerEvent: {}
[15.058668] (-) TimerEvent: {}
[15.159126] (-) TimerEvent: {}
[15.259486] (-) TimerEvent: {}
[15.359880] (-) TimerEvent: {}
[15.460253] (-) TimerEvent: {}
[15.560625] (-) TimerEvent: {}
[15.661008] (-) TimerEvent: {}
[15.761395] (-) TimerEvent: {}
[15.861765] (-) TimerEvent: {}
[15.962139] (-) TimerEvent: {}
[16.062512] (-) TimerEvent: {}
[16.162878] (-) TimerEvent: {}
[16.263249] (-) TimerEvent: {}
[16.363619] (-) TimerEvent: {}
[16.463992] (-) TimerEvent: {}
[16.564366] (-) TimerEvent: {}
[16.664733] (-) TimerEvent: {}
[16.765104] (-) TimerEvent: {}
[16.865498] (-) TimerEvent: {}
[16.965905] (-) TimerEvent: {}
[17.066437] (-) TimerEvent: {}
[17.166853] (-) TimerEvent: {}
[17.267229] (-) TimerEvent: {}
[17.367598] (-) TimerEvent: {}
[17.467965] (-) TimerEvent: {}
[17.568333] (-) TimerEvent: {}
[17.668705] (-) TimerEvent: {}
[17.769063] (-) TimerEvent: {}
[17.869457] (-) TimerEvent: {}
[17.969820] (-) TimerEvent: {}
[18.070183] (-) TimerEvent: {}
[18.170592] (-) TimerEvent: {}
[18.270959] (-) TimerEvent: {}
[18.371357] (-) TimerEvent: {}
[18.471733] (-) TimerEvent: {}
[18.572102] (-) TimerEvent: {}
[18.672475] (-) TimerEvent: {}
[18.772864] (-) TimerEvent: {}
[18.873245] (-) TimerEvent: {}
[18.973633] (-) TimerEvent: {}
[19.074010] (-) TimerEvent: {}
[19.174394] (-) TimerEvent: {}
[19.274788] (-) TimerEvent: {}
[19.375164] (-) TimerEvent: {}
[19.475556] (-) TimerEvent: {}
[19.575950] (-) TimerEvent: {}
[19.676327] (-) TimerEvent: {}
[19.776712] (-) TimerEvent: {}
[19.877193] (-) TimerEvent: {}
[19.977604] (-) TimerEvent: {}
[19.994317] (navigation_bot) StdoutLine: {'line': b'[100%] \x1b[32m\x1b[1mLinking CXX executable Motor_Driver_Node\x1b[0m\n'}
[20.077725] (-) TimerEvent: {}
[20.178226] (-) TimerEvent: {}
[20.278770] (-) TimerEvent: {}
[20.379175] (-) TimerEvent: {}
[20.479602] (-) TimerEvent: {}
[20.580052] (-) TimerEvent: {}
[20.680471] (-) TimerEvent: {}
[20.780889] (-) TimerEvent: {}
[20.881317] (-) TimerEvent: {}
[20.981771] (-) TimerEvent: {}
[20.993552] (navigation_bot) StdoutLine: {'line': b'[100%] Built target Motor_Driver_Node\n'}
[21.011962] (navigation_bot) CommandEnded: {'returncode': 0}
[21.057958] (navigation_bot) JobProgress: {'identifier': 'navigation_bot', 'progress': 'install'}
[21.073769] (navigation_bot) Command: {'cmd': ['/usr/bin/cmake', '--install', '/home/fiend/Navigation_Bot/dev_ws/build/navigation_bot'], 'cwd': '/home/fiend/Navigation_Bot/dev_ws/build/navigation_bot', 'env': OrderedDict([('GJS_DEBUG_TOPICS', 'JS ERROR;JS LOG'), ('LESSOPEN', '| /usr/bin/lesspipe %s'), ('LANGUAGE', 'en_IN:en'), ('USER', 'fiend'), ('STARSHIP_SHELL', 'bash'), ('XDG_SESSION_TYPE', 'wayland'), ('SHLVL', '1'), ('LD_LIBRARY_PATH', '/usr/lib/x86_64-linux-gnu/gazebo-11/plugins:/opt/ros/humble/opt/rviz_ogre_vendor/lib:/opt/ros/humble/lib/x86_64-linux-gnu:/opt/ros/humble/lib'), ('HOME', '/home/fiend'), ('OLDPWD', '/home/fiend/Navigation_Bot'), ('DESKTOP_SESSION', 'ubuntu'), ('GIO_LAUNCHED_DESKTOP_FILE', '/usr/share/applications/terminator.desktop'), ('ROS_PYTHON_VERSION', '3'), ('GNOME_SHELL_SESSION_MODE', 'ubuntu'), ('GTK_MODULES', 'gail:atk-bridge'), ('PS1', '\n\\[\x1b[38;5;156m\\]\\[\x1b[0m\\]\\[\x1b[38;5;166m\\]dev_ws\\[\x1b[0m\\]\\[\x1b[38;5;166m\\]\\[\x1b[0m\\] on \\[\x1b[38;5;162m\\]\ue0a0 \\[\x1b[0m\\]\\[\x1b[38;5;162m\\]main\\[\x1b[0m\\] underwent \\[\x1b[36m\\]19s\\[\x1b[0m\\]\n\\[\x1b[1;38;5;166m\\]➜\\[\x1b[0m\\]'), ('MANAGERPID', '865'), ('SYSTEMD_EXEC_PID', '1038'), ('DBUS_SESSION_BUS_ADDRESS', 'unix:path=/run/user/1000/bus'), ('COLORTERM', 'truecolor'), ('GIO_LAUNCHED_DESKTOP_FILE_PID', '5627'), ('_colcon_cd_root', '/opt/ros/humble/'), ('IM_CONFIG_PHASE', '1'), ('WAYLAND_DISPLAY', 'wayland-0'), ('COLCON_PREFIX_PATH', '/home/fiend/Navigation_Bot/dev_ws/install:/home/fiend/voice_grab/ros2_ws/install:/home/fiend/LineFollowingRobot/ros_ws/install:/home/fiend/ROS/practice_codes_ROS2/articubot_one/install'), ('ROS_DISTRO', 'humble'), ('LOGNAME', 'fiend'), ('JOURNAL_STREAM', '8:30767'), ('_', '/usr/bin/colcon'), ('ROS_VERSION', '2'), ('XDG_SESSION_CLASS', 'user'), ('USERNAME', 'fiend'), ('TERM', 'xterm-256color'), ('GNOME_DESKTOP_SESSION_ID', 'this-is-deprecated'), ('ROS_LOCALHOST_ONLY', '0'), ('PATH', '/opt/ros/humble/bin:/home/fiend/.local/bin:/usr/local/sbin:/usr/local/bin:/usr/sbin:/usr/bin:/sbin:/bin:/usr/games:/usr/local/games:/snap/bin:/snap/bin'), ('SESSION_MANAGER', 'local/fiend-Lenovo-Yoga-C740-14IML:@/tmp/.ICE-unix/1008,unix/fiend-Lenovo-Yoga-C740-14IML:/tmp/.ICE-unix/1008'), ('INVOCATION_ID', '37512f0c72ec48d79a8a8f1894f11f4d'), ('XDG_MENU_PREFIX', 'gnome-'), ('GNOME_SETUP_DISPLAY', ':1'), ('XDG_RUNTIME_DIR', '/run/user/1000'), ('DISPLAY', ':0'), ('LANG', 'en_US.UTF-8'), ('XDG_CURRENT_DESKTOP', 'ubuntu:GNOME'), ('IBUS_DISABLE_SNOOPER', '1'), ('XMODIFIERS', '@im=ibus'), ('XDG_SESSION_DESKTOP', 'ubuntu'), ('XAUTHORITY', '/run/user/1000/.mutter-Xwaylandauth.UJJAK2'), ('LS_COLORS', 'di=34:ow=34:tw=34:fi=13:ln=31:pi=5:so=5:bd=5:cd=5:or=31:mi=0:ex=35:*.rpm=90:*.png=35:*.gif=36:*.jpg=35:*.c=92:*.py=93:*.h=90:*.txt=94:*.doc=104:*.odt=104:*.csv=102:*.xlsx=102:*.xlsm=102:*.rb=31:*.cpp=92:*.sh=92:*.html=96:*.zip=4;33:*.tar.gz=4;33:*.mp4=105:*.mp3=106'), ('SSH_AGENT_LAUNCHER', 'gnome-keyring'), ('SSH_AUTH_SOCK', '/run/user/1000/keyring/ssh'), ('AMENT_PREFIX_PATH', '/home/fiend/Navigation_Bot/dev_ws/install/navigation_bot:/home/fiend/LineFollowingRobot/ros_ws/install/line_bhakt:/home/fiend/ROS/practice_codes_ROS2/articubot_one/install/articubot_one:/opt/ros/humble'), ('SHELL', '/bin/bash'), ('TERMINATOR_UUID', 'urn:uuid:de10c5cb-7f42-4ea2-ad3f-7446c017e8fd'), ('QT_ACCESSIBILITY', '1'), ('GDMSESSION', 'ubuntu'), ('LESSCLOSE', '/usr/bin/lesspipe %s %s'), ('GCC_COLORS', 'error=31:warning=35:note=36:caret=32:locus=01:quote=01'), ('GJS_DEBUG_OUTPUT', 'stderr'), ('QT_IM_MODULE', 'ibus'), ('PWD', '/home/fiend/Navigation_Bot/dev_ws/build/navigation_bot'), ('LC_ALL', 'en_US.UTF-8'), ('XDG_CONFIG_DIRS', '/etc/xdg/xdg-ubuntu:/etc/xdg'), ('XDG_DATA_DIRS', '/usr/share/ubuntu:/home/fiend/.local/share/flatpak/exports/share:/var/lib/flatpak/exports/share:/usr/local/share/:/usr/share/:/var/lib/snapd/desktop'), ('STARSHIP_SESSION_KEY', '2059017139146452'), ('PYTHONPATH', '/opt/ros/humble/lib/python3.10/site-packages:/opt/ros/humble/local/lib/python3.10/dist-packages'), ('COLCON', '1'), ('VTE_VERSION', '6800'), ('CMAKE_PREFIX_PATH', '/home/fiend/Navigation_Bot/dev_ws/install/navigation_bot:/home/fiend/LineFollowingRobot/ros_ws/install/line_bhakt:/home/fiend/ROS/practice_codes_ROS2/articubot_one/install/articubot_one:/opt/ros/humble')]), 'shell': False}
[21.081891] (-) TimerEvent: {}
[21.087164] (navigation_bot) StdoutLine: {'line': b'-- Install configuration: ""\n'}
[21.088198] (navigation_bot) StdoutLine: {'line': b'-- Execute custom install script\n'}
[21.088902] (navigation_bot) StdoutLine: {'line': b'-- Up-to-date symlink: /home/fiend/Navigation_Bot/dev_ws/install/navigation_bot/share/navigation_bot/config/empty.yaml\n'}
[21.089202] (navigation_bot) StdoutLine: {'line': b'-- Up-to-date symlink: /home/fiend/Navigation_Bot/dev_ws/install/navigation_bot/share/navigation_bot/config/my_controller.yaml\n'}
[21.089944] (navigation_bot) StdoutLine: {'line': b'-- Up-to-date symlink: /home/fiend/Navigation_Bot/dev_ws/install/navigation_bot/share/navigation_bot/description/Depth_camera.xacro\n'}
[21.090283] (navigation_bot) StdoutLine: {'line': b'-- Up-to-date symlink: /home/fiend/Navigation_Bot/dev_ws/install/navigation_bot/share/navigation_bot/description/camera.xacro\n'}
[21.090626] (navigation_bot) StdoutLine: {'line': b'-- Up-to-date symlink: /home/fiend/Navigation_Bot/dev_ws/install/navigation_bot/share/navigation_bot/description/gazebo_control.xacro\n'}
[21.090972] (navigation_bot) StdoutLine: {'line': b'-- Up-to-date symlink: /home/fiend/Navigation_Bot/dev_ws/install/navigation_bot/share/navigation_bot/description/inertial_macros.xacro\n'}
[21.091302] (navigation_bot) StdoutLine: {'line': b'-- Up-to-date symlink: /home/fiend/Navigation_Bot/dev_ws/install/navigation_bot/share/navigation_bot/description/lidar.xacro\n'}
[21.091635] (navigation_bot) StdoutLine: {'line': b'-- Up-to-date symlink: /home/fiend/Navigation_Bot/dev_ws/install/navigation_bot/share/navigation_bot/description/robot.urdf.xacro\n'}
[21.091869] (navigation_bot) StdoutLine: {'line': b'-- Up-to-date symlink: /home/fiend/Navigation_Bot/dev_ws/install/navigation_bot/share/navigation_bot/description/robot_core.xacro\n'}
[21.092131] (navigation_bot) StdoutLine: {'line': b'-- Up-to-date symlink: /home/fiend/Navigation_Bot/dev_ws/install/navigation_bot/share/navigation_bot/description/ros2_control.xacro\n'}
[21.092811] (navigation_bot) StdoutLine: {'line': b'-- Up-to-date symlink: /home/fiend/Navigation_Bot/dev_ws/install/navigation_bot/share/navigation_bot/launch/launch_sim.launch.py\n'}
[21.093165] (navigation_bot) StdoutLine: {'line': b'-- Up-to-date symlink: /home/fiend/Navigation_Bot/dev_ws/install/navigation_bot/share/navigation_bot/launch/rsp.launch.py\n'}
[21.093950] (navigation_bot) StdoutLine: {'line': b'-- Up-to-date symlink: /home/fiend/Navigation_Bot/dev_ws/install/navigation_bot/share/navigation_bot/worlds/empty.world\n'}
[21.094284] (navigation_bot) StdoutLine: {'line': b'-- Up-to-date symlink: /home/fiend/Navigation_Bot/dev_ws/install/navigation_bot/share/navigation_bot/worlds/home.world\n'}
[21.094638] (navigation_bot) StdoutLine: {'line': b'-- Up-to-date symlink: /home/fiend/Navigation_Bot/dev_ws/install/navigation_bot/share/navigation_bot/worlds/obstacle.world\n'}
[21.094847] (navigation_bot) StdoutLine: {'line': b'-- Up-to-date symlink: /home/fiend/Navigation_Bot/dev_ws/install/navigation_bot/share/navigation_bot/worlds/track.world\n'}
[21.095144] (navigation_bot) StdoutLine: {'line': b'-- Up-to-date symlink: /home/fiend/Navigation_Bot/dev_ws/install/navigation_bot/share/navigation_bot/worlds/turtleWorld.world\n'}
[21.095678] (navigation_bot) StdoutLine: {'line': b'-- Up-to-date symlink: /home/fiend/Navigation_Bot/dev_ws/install/navigation_bot/lib/navigation_bot/ImageCapture\n'}
[21.096116] (navigation_bot) StdoutLine: {'line': b'-- Up-to-date symlink: /home/fiend/Navigation_Bot/dev_ws/install/navigation_bot/lib/navigation_bot/Motor_Driver_Node\n'}
[21.096471] (navigation_bot) StdoutLine: {'line': b'-- Up-to-date symlink: /home/fiend/Navigation_Bot/dev_ws/install/navigation_bot/share/ament_index/resource_index/package_run_dependencies/navigation_bot\n'}
[21.096969] (navigation_bot) StdoutLine: {'line': b'-- Up-to-date symlink: /home/fiend/Navigation_Bot/dev_ws/install/navigation_bot/share/ament_index/resource_index/parent_prefix_path/navigation_bot\n'}
[21.097344] (navigation_bot) StdoutLine: {'line': b'-- Up-to-date symlink: /home/fiend/Navigation_Bot/dev_ws/install/navigation_bot/share/navigation_bot/environment/ament_prefix_path.sh\n'}
[21.097872] (navigation_bot) StdoutLine: {'line': b'-- Up-to-date symlink: /home/fiend/Navigation_Bot/dev_ws/install/navigation_bot/share/navigation_bot/environment/ament_prefix_path.dsv\n'}
[21.098300] (navigation_bot) StdoutLine: {'line': b'-- Up-to-date symlink: /home/fiend/Navigation_Bot/dev_ws/install/navigation_bot/share/navigation_bot/environment/path.sh\n'}
[21.098726] (navigation_bot) StdoutLine: {'line': b'-- Up-to-date symlink: /home/fiend/Navigation_Bot/dev_ws/install/navigation_bot/share/navigation_bot/environment/path.dsv\n'}
[21.099124] (navigation_bot) StdoutLine: {'line': b'-- Up-to-date symlink: /home/fiend/Navigation_Bot/dev_ws/install/navigation_bot/share/navigation_bot/local_setup.bash\n'}
[21.099531] (navigation_bot) StdoutLine: {'line': b'-- Up-to-date symlink: /home/fiend/Navigation_Bot/dev_ws/install/navigation_bot/share/navigation_bot/local_setup.sh\n'}
[21.099977] (navigation_bot) StdoutLine: {'line': b'-- Up-to-date symlink: /home/fiend/Navigation_Bot/dev_ws/install/navigation_bot/share/navigation_bot/local_setup.zsh\n'}
[21.100451] (navigation_bot) StdoutLine: {'line': b'-- Up-to-date symlink: /home/fiend/Navigation_Bot/dev_ws/install/navigation_bot/share/navigation_bot/local_setup.dsv\n'}
[21.100807] (navigation_bot) StdoutLine: {'line': b'-- Symlinking: /home/fiend/Navigation_Bot/dev_ws/install/navigation_bot/share/navigation_bot/package.dsv\n'}
[21.116067] (navigation_bot) StdoutLine: {'line': b'-- Up-to-date symlink: /home/fiend/Navigation_Bot/dev_ws/install/navigation_bot/share/ament_index/resource_index/packages/navigation_bot\n'}
[21.116446] (navigation_bot) StdoutLine: {'line': b'-- Up-to-date symlink: /home/fiend/Navigation_Bot/dev_ws/install/navigation_bot/share/navigation_bot/cmake/navigation_botConfig.cmake\n'}
[21.116825] (navigation_bot) StdoutLine: {'line': b'-- Up-to-date symlink: /home/fiend/Navigation_Bot/dev_ws/install/navigation_bot/share/navigation_bot/cmake/navigation_botConfig-version.cmake\n'}
[21.117124] (navigation_bot) StdoutLine: {'line': b'-- Up-to-date symlink: /home/fiend/Navigation_Bot/dev_ws/install/navigation_bot/share/navigation_bot/package.xml\n'}
[21.120198] (navigation_bot) CommandEnded: {'returncode': 0}
[21.182151] (-) TimerEvent: {}
[21.283529] (-) TimerEvent: {}
[21.383895] (-) TimerEvent: {}
[21.484400] (-) TimerEvent: {}
[21.499338] (navigation_bot) JobEnded: {'identifier': 'navigation_bot', 'rc': 0}
[21.500725] (-) EventReactorShutdown: {}
