[0.000000] (-) TimerEvent: {}
[0.000487] (navigation_bot) JobQueued: {'identifier': 'navigation_bot', 'dependencies': OrderedDict()}
[0.000572] (navigation_bot) JobStarted: {'identifier': 'navigation_bot'}
[0.099016] (-) TimerEvent: {}
[0.199733] (-) TimerEvent: {}
[0.209715] (navigation_bot) JobProgress: {'identifier': 'navigation_bot', 'progress': 'cmake'}
[0.211374] (navigation_bot) JobProgress: {'identifier': 'navigation_bot', 'progress': 'build'}
[0.213132] (navigation_bot) Command: {'cmd': ['/usr/bin/cmake', '--build', '/home/fiend/Navigation_Bot/dev_ws/build/navigation_bot', '--', '-j8', '-l8'], 'cwd': '/home/fiend/Navigation_Bot/dev_ws/build/navigation_bot', 'env': OrderedDict([('GJS_DEBUG_TOPICS', 'JS ERROR;JS LOG'), ('LESSOPEN', '| /usr/bin/lesspipe %s'), ('LANGUAGE', 'en_IN:en'), ('USER', 'fiend'), ('STARSHIP_SHELL', 'bash'), ('XDG_SESSION_TYPE', 'wayland'), ('SHLVL', '1'), ('LD_LIBRARY_PATH', '/opt/ros/humble/opt/rviz_ogre_vendor/lib:/opt/ros/humble/lib/x86_64-linux-gnu:/opt/ros/humble/lib'), ('HOME', '/home/fiend'), ('OLDPWD', '/home/fiend'), ('DESKTOP_SESSION', 'ubuntu'), ('GIO_LAUNCHED_DESKTOP_FILE', '/usr/share/applications/terminator.desktop'), ('ROS_PYTHON_VERSION', '3'), ('GNOME_SHELL_SESSION_MODE', 'ubuntu'), ('GTK_MODULES', 'gail:atk-bridge'), ('PS1', '\n\\[\x1b[38;5;156m\\]\\[\x1b[0m\\]\\[\x1b[38;5;166m\\]dev_ws\\[\x1b[0m\\]\\[\x1b[38;5;166m\\]\\[\x1b[0m\\] on \\[\x1b[38;5;162m\\]\ue0a0 \\[\x1b[0m\\]\\[\x1b[38;5;162m\\]main\\[\x1b[0m\\] underwent \\[\x1b[36m\\]2s\\[\x1b[0m\\]\n\\[\x1b[1;38;5;166m\\]➜\\[\x1b[0m\\]'), ('MANAGERPID', '862'), ('SYSTEMD_EXEC_PID', '1052'), ('DBUS_SESSION_BUS_ADDRESS', 'unix:path=/run/user/1000/bus'), ('COLORTERM', 'truecolor'), ('GIO_LAUNCHED_DESKTOP_FILE_PID', '7088'), ('_colcon_cd_root', '/opt/ros/humble/'), ('IM_CONFIG_PHASE', '1'), ('WAYLAND_DISPLAY', 'wayland-0'), ('COLCON_PREFIX_PATH', '/home/fiend/LineFollowingRobot/ros_ws/install:/home/fiend/Navigation_Bot/dev_ws/install'), ('ROS_DISTRO', 'humble'), ('LOGNAME', 'fiend'), ('JOURNAL_STREAM', '8:22486'), ('_', '/usr/bin/colcon'), ('ROS_VERSION', '2'), ('XDG_SESSION_CLASS', 'user'), ('USERNAME', 'fiend'), ('TERM', 'xterm-256color'), ('GNOME_DESKTOP_SESSION_ID', 'this-is-deprecated'), ('ROS_LOCALHOST_ONLY', '0'), ('PATH', '/opt/ros/humble/bin:/home/fiend/.local/bin:/usr/local/sbin:/usr/local/bin:/usr/sbin:/usr/bin:/sbin:/bin:/usr/games:/usr/local/games:/snap/bin:/snap/bin'), ('SESSION_MANAGER', 'local/fiend-Lenovo-Yoga-C740-14IML:@/tmp/.ICE-unix/984,unix/fiend-Lenovo-Yoga-C740-14IML:/tmp/.ICE-unix/984'), ('INVOCATION_ID', '44b1c34a81a24502bb9488cdfb6a3dd6'), ('XDG_MENU_PREFIX', 'gnome-'), ('GNOME_SETUP_DISPLAY', ':1'), ('XDG_RUNTIME_DIR', '/run/user/1000'), ('DISPLAY', ':0'), ('LANG', 'en_US.UTF-8'), ('XDG_CURRENT_DESKTOP', 'ubuntu:GNOME'), ('IBUS_DISABLE_SNOOPER', '1'), ('XMODIFIERS', '@im=ibus'), ('XDG_SESSION_DESKTOP', 'ubuntu'), ('XAUTHORITY', '/run/user/1000/.mutter-Xwaylandauth.XX3DJ2'), ('LS_COLORS', 'di=34:ow=34:tw=34:fi=13:ln=31:pi=5:so=5:bd=5:cd=5:or=31:mi=0:ex=35:*.rpm=90:*.png=35:*.gif=36:*.jpg=35:*.c=92:*.py=93:*.h=90:*.txt=94:*.doc=104:*.odt=104:*.csv=102:*.xlsx=102:*.xlsm=102:*.rb=31:*.cpp=92:*.sh=92:*.html=96:*.zip=4;33:*.tar.gz=4;33:*.mp4=105:*.mp3=106'), ('SSH_AGENT_LAUNCHER', 'gnome-keyring'), ('SSH_AUTH_SOCK', '/run/user/1000/keyring/ssh'), ('AMENT_PREFIX_PATH', '/home/fiend/Navigation_Bot/dev_ws/install/navigation_bot:/home/fiend/LineFollowingRobot/ros_ws/install/line_bhakt:/opt/ros/humble'), ('SHELL', '/bin/bash'), ('TERMINATOR_UUID', 'urn:uuid:2dcb6c3f-b457-464c-8d0c-f56511f0bbc3'), ('QT_ACCESSIBILITY', '1'), ('GDMSESSION', 'ubuntu'), ('LESSCLOSE', '/usr/bin/lesspipe %s %s'), ('GCC_COLORS', 'error=31:warning=35:note=36:caret=32:locus=01:quote=01'), ('GJS_DEBUG_OUTPUT', 'stderr'), ('QT_IM_MODULE', 'ibus'), ('PWD', '/home/fiend/Navigation_Bot/dev_ws/build/navigation_bot'), ('LC_ALL', 'en_US.UTF-8'), ('XDG_CONFIG_DIRS', '/etc/xdg/xdg-ubuntu:/etc/xdg'), ('XDG_DATA_DIRS', '/usr/share/ubuntu:/usr/local/share/:/usr/share/:/var/lib/snapd/desktop'), ('STARSHIP_SESSION_KEY', '3791140715793928'), ('PYTHONPATH', '/opt/ros/humble/lib/python3.10/site-packages:/opt/ros/humble/local/lib/python3.10/dist-packages'), ('COLCON', '1'), ('VTE_VERSION', '6800'), ('CMAKE_PREFIX_PATH', '/home/fiend/Navigation_Bot/dev_ws/install/navigation_bot:/home/fiend/LineFollowingRobot/ros_ws/install/line_bhakt:/opt/ros/humble')]), 'shell': False}
[0.299899] (-) TimerEvent: {}
[0.324147] (navigation_bot) StdoutLine: {'line': b'[ 66%] \x1b[32mBuilding CXX object CMakeFiles/webcam_publisher.dir/Executables/WebCam.cpp.o\x1b[0m\n'}
[0.324667] (navigation_bot) StdoutLine: {'line': b'[ 83%] Built target ImageCapture\n'}
[0.324921] (navigation_bot) StdoutLine: {'line': b'[ 83%] Built target cv_bridge_test\n'}
[0.400037] (-) TimerEvent: {}
[0.500542] (-) TimerEvent: {}
[0.601024] (-) TimerEvent: {}
[0.701534] (-) TimerEvent: {}
[0.801996] (-) TimerEvent: {}
[0.902481] (-) TimerEvent: {}
[1.002960] (-) TimerEvent: {}
[1.103441] (-) TimerEvent: {}
[1.203834] (-) TimerEvent: {}
[1.304212] (-) TimerEvent: {}
[1.404607] (-) TimerEvent: {}
[1.504992] (-) TimerEvent: {}
[1.605369] (-) TimerEvent: {}
[1.705752] (-) TimerEvent: {}
[1.806132] (-) TimerEvent: {}
[1.906538] (-) TimerEvent: {}
[2.006913] (-) TimerEvent: {}
[2.107290] (-) TimerEvent: {}
[2.207673] (-) TimerEvent: {}
[2.308068] (-) TimerEvent: {}
[2.408568] (-) TimerEvent: {}
[2.508951] (-) TimerEvent: {}
[2.609345] (-) TimerEvent: {}
[2.709761] (-) TimerEvent: {}
[2.810147] (-) TimerEvent: {}
[2.910554] (-) TimerEvent: {}
[3.010940] (-) TimerEvent: {}
[3.111309] (-) TimerEvent: {}
[3.211702] (-) TimerEvent: {}
[3.312092] (-) TimerEvent: {}
[3.412485] (-) TimerEvent: {}
[3.512864] (-) TimerEvent: {}
[3.613257] (-) TimerEvent: {}
[3.713644] (-) TimerEvent: {}
[3.814024] (-) TimerEvent: {}
[3.914442] (-) TimerEvent: {}
[4.014862] (-) TimerEvent: {}
[4.115243] (-) TimerEvent: {}
[4.215645] (-) TimerEvent: {}
[4.316030] (-) TimerEvent: {}
[4.416453] (-) TimerEvent: {}
[4.516873] (-) TimerEvent: {}
[4.617288] (-) TimerEvent: {}
[4.717676] (-) TimerEvent: {}
[4.818096] (-) TimerEvent: {}
[4.918485] (-) TimerEvent: {}
[5.018878] (-) TimerEvent: {}
[5.119264] (-) TimerEvent: {}
[5.219657] (-) TimerEvent: {}
[5.320046] (-) TimerEvent: {}
[5.420451] (-) TimerEvent: {}
[5.520858] (-) TimerEvent: {}
[5.621265] (-) TimerEvent: {}
[5.721639] (-) TimerEvent: {}
[5.822015] (-) TimerEvent: {}
[5.922389] (-) TimerEvent: {}
[6.022767] (-) TimerEvent: {}
[6.123150] (-) TimerEvent: {}
[6.223541] (-) TimerEvent: {}
[6.323927] (-) TimerEvent: {}
[6.424327] (-) TimerEvent: {}
[6.524706] (-) TimerEvent: {}
[6.625077] (-) TimerEvent: {}
[6.725463] (-) TimerEvent: {}
[6.813699] (navigation_bot) StderrLine: {'line': b'In file included from \x1b[01m\x1b[K/opt/ros/humble/include/rclcpp/rclcpp/logging.hpp:24\x1b[m\x1b[K,\n'}
[6.814012] (navigation_bot) StderrLine: {'line': b'                 from \x1b[01m\x1b[K/opt/ros/humble/include/rclcpp/rclcpp/client.hpp:40\x1b[m\x1b[K,\n'}
[6.814164] (navigation_bot) StderrLine: {'line': b'                 from \x1b[01m\x1b[K/opt/ros/humble/include/rclcpp/rclcpp/callback_group.hpp:24\x1b[m\x1b[K,\n'}
[6.814300] (navigation_bot) StderrLine: {'line': b'                 from \x1b[01m\x1b[K/opt/ros/humble/include/rclcpp/rclcpp/any_executable.hpp:20\x1b[m\x1b[K,\n'}
[6.814430] (navigation_bot) StderrLine: {'line': b'                 from \x1b[01m\x1b[K/opt/ros/humble/include/rclcpp/rclcpp/memory_strategy.hpp:25\x1b[m\x1b[K,\n'}
[6.814557] (navigation_bot) StderrLine: {'line': b'                 from \x1b[01m\x1b[K/opt/ros/humble/include/rclcpp/rclcpp/memory_strategies.hpp:18\x1b[m\x1b[K,\n'}
[6.814684] (navigation_bot) StderrLine: {'line': b'                 from \x1b[01m\x1b[K/opt/ros/humble/include/rclcpp/rclcpp/executor_options.hpp:20\x1b[m\x1b[K,\n'}
[6.814811] (navigation_bot) StderrLine: {'line': b'                 from \x1b[01m\x1b[K/opt/ros/humble/include/rclcpp/rclcpp/executor.hpp:37\x1b[m\x1b[K,\n'}
[6.814936] (navigation_bot) StderrLine: {'line': b'                 from \x1b[01m\x1b[K/opt/ros/humble/include/rclcpp/rclcpp/executors/multi_threaded_executor.hpp:25\x1b[m\x1b[K,\n'}
[6.815062] (navigation_bot) StderrLine: {'line': b'                 from \x1b[01m\x1b[K/opt/ros/humble/include/rclcpp/rclcpp/executors.hpp:21\x1b[m\x1b[K,\n'}
[6.815203] (navigation_bot) StderrLine: {'line': b'                 from \x1b[01m\x1b[K/opt/ros/humble/include/rclcpp/rclcpp/rclcpp.hpp:155\x1b[m\x1b[K,\n'}
[6.815328] (navigation_bot) StderrLine: {'line': b'                 from \x1b[01m\x1b[K/home/fiend/Navigation_Bot/dev_ws/src/Executables/WebCam.cpp:7\x1b[m\x1b[K:\n'}
[6.815453] (navigation_bot) StderrLine: {'line': b'\x1b[01m\x1b[K/home/fiend/Navigation_Bot/dev_ws/src/Executables/WebCam.cpp:\x1b[m\x1b[K In member function \xe2\x80\x98\x1b[01m\x1b[Kvoid WebcamPublisher::publishFrame()\x1b[m\x1b[K\xe2\x80\x99:\n'}
[6.815580] (navigation_bot) StderrLine: {'line': b'\x1b[01m\x1b[K/home/fiend/Navigation_Bot/dev_ws/src/Executables/WebCam.cpp:50:41:\x1b[m\x1b[K \x1b[35m\x1b[Kwarning: \x1b[m\x1b[Kformat \xe2\x80\x98\x1b[01m\x1b[K%d\x1b[m\x1b[K\xe2\x80\x99 expects argument of type \xe2\x80\x98\x1b[01m\x1b[Kint\x1b[m\x1b[K\xe2\x80\x99, but argument 5 has type \xe2\x80\x98\x1b[01m\x1b[Kcv_bridge::CvImage\x1b[m\x1b[K\xe2\x80\x99 [\x1b[35m\x1b[K\x1b]8;;https://gcc.gnu.org/onlinedocs/gcc/Warning-Options.html#index-Wformat=\x07-Wformat=\x1b]8;;\x07\x1b[m\x1b[K]\n'}
[6.815717] (navigation_bot) StderrLine: {'line': b'   50 |         RCLCPP_INFO(this->get_logger(), \x1b[35m\x1b[K"Frame dimensions: msg=%d"\x1b[m\x1b[K, msg);\n'}
[6.815843] (navigation_bot) StderrLine: {'line': b'      |                                         \x1b[35m\x1b[K^~~~~~~~~~~~~~~~~~~~~~~~~~\x1b[m\x1b[K\n'}
[6.815970] (navigation_bot) StderrLine: {'line': b'\x1b[01m\x1b[K/home/fiend/Navigation_Bot/dev_ws/src/Executables/WebCam.cpp:50:65:\x1b[m\x1b[K \x1b[36m\x1b[Knote: \x1b[m\x1b[Kformat string is defined here\n'}
[6.816097] (navigation_bot) StderrLine: {'line': b'   50 |         RCLCPP_INFO(this->get_logger(), "Frame dimensions: msg=\x1b[36m\x1b[K%d\x1b[m\x1b[K", msg);\n'}
[6.816221] (navigation_bot) StderrLine: {'line': b'      |                                                                \x1b[36m\x1b[K~^\x1b[m\x1b[K\n'}
[6.816381] (navigation_bot) StderrLine: {'line': b'      |                                                                 \x1b[36m\x1b[K|\x1b[m\x1b[K\n'}
[6.816510] (navigation_bot) StderrLine: {'line': b'      |                                                                 \x1b[36m\x1b[Kint\x1b[m\x1b[K\n'}
[6.825571] (-) TimerEvent: {}
[6.925929] (-) TimerEvent: {}
[7.026343] (-) TimerEvent: {}
[7.126729] (-) TimerEvent: {}
[7.227274] (-) TimerEvent: {}
[7.327653] (-) TimerEvent: {}
[7.428036] (-) TimerEvent: {}
[7.528441] (-) TimerEvent: {}
[7.628820] (-) TimerEvent: {}
[7.729204] (-) TimerEvent: {}
[7.829586] (-) TimerEvent: {}
[7.929968] (-) TimerEvent: {}
[8.030342] (-) TimerEvent: {}
[8.130724] (-) TimerEvent: {}
[8.231107] (-) TimerEvent: {}
[8.331492] (-) TimerEvent: {}
[8.431873] (-) TimerEvent: {}
[8.532301] (-) TimerEvent: {}
[8.632673] (-) TimerEvent: {}
[8.733057] (-) TimerEvent: {}
[8.833443] (-) TimerEvent: {}
[8.933828] (-) TimerEvent: {}
[9.034214] (-) TimerEvent: {}
[9.134589] (-) TimerEvent: {}
[9.234989] (-) TimerEvent: {}
[9.335373] (-) TimerEvent: {}
[9.435748] (-) TimerEvent: {}
[9.536133] (-) TimerEvent: {}
[9.636553] (-) TimerEvent: {}
[9.736934] (-) TimerEvent: {}
[9.837316] (-) TimerEvent: {}
[9.937726] (-) TimerEvent: {}
[10.038095] (-) TimerEvent: {}
[10.138494] (-) TimerEvent: {}
[10.238873] (-) TimerEvent: {}
[10.339241] (-) TimerEvent: {}
[10.439610] (-) TimerEvent: {}
[10.539986] (-) TimerEvent: {}
[10.640355] (-) TimerEvent: {}
[10.740746] (-) TimerEvent: {}
[10.841115] (-) TimerEvent: {}
[10.941483] (-) TimerEvent: {}
[11.041872] (-) TimerEvent: {}
[11.142250] (-) TimerEvent: {}
[11.242621] (-) TimerEvent: {}
[11.342990] (-) TimerEvent: {}
[11.443364] (-) TimerEvent: {}
[11.543726] (-) TimerEvent: {}
[11.644124] (-) TimerEvent: {}
[11.744517] (-) TimerEvent: {}
[11.765569] (navigation_bot) StdoutLine: {'line': b'[100%] \x1b[32m\x1b[1mLinking CXX executable webcam_publisher\x1b[0m\n'}
[11.844639] (-) TimerEvent: {}
[11.945658] (-) TimerEvent: {}
[12.046117] (-) TimerEvent: {}
[12.146568] (-) TimerEvent: {}
[12.246962] (-) TimerEvent: {}
[12.347345] (-) TimerEvent: {}
[12.447729] (-) TimerEvent: {}
[12.463395] (navigation_bot) StdoutLine: {'line': b'[100%] Built target webcam_publisher\n'}
[12.483695] (navigation_bot) CommandEnded: {'returncode': 0}
[12.536665] (navigation_bot) JobProgress: {'identifier': 'navigation_bot', 'progress': 'install'}
[12.547876] (-) TimerEvent: {}
[12.553789] (navigation_bot) Command: {'cmd': ['/usr/bin/cmake', '--install', '/home/fiend/Navigation_Bot/dev_ws/build/navigation_bot'], 'cwd': '/home/fiend/Navigation_Bot/dev_ws/build/navigation_bot', 'env': OrderedDict([('GJS_DEBUG_TOPICS', 'JS ERROR;JS LOG'), ('LESSOPEN', '| /usr/bin/lesspipe %s'), ('LANGUAGE', 'en_IN:en'), ('USER', 'fiend'), ('STARSHIP_SHELL', 'bash'), ('XDG_SESSION_TYPE', 'wayland'), ('SHLVL', '1'), ('LD_LIBRARY_PATH', '/opt/ros/humble/opt/rviz_ogre_vendor/lib:/opt/ros/humble/lib/x86_64-linux-gnu:/opt/ros/humble/lib'), ('HOME', '/home/fiend'), ('OLDPWD', '/home/fiend'), ('DESKTOP_SESSION', 'ubuntu'), ('GIO_LAUNCHED_DESKTOP_FILE', '/usr/share/applications/terminator.desktop'), ('ROS_PYTHON_VERSION', '3'), ('GNOME_SHELL_SESSION_MODE', 'ubuntu'), ('GTK_MODULES', 'gail:atk-bridge'), ('PS1', '\n\\[\x1b[38;5;156m\\]\\[\x1b[0m\\]\\[\x1b[38;5;166m\\]dev_ws\\[\x1b[0m\\]\\[\x1b[38;5;166m\\]\\[\x1b[0m\\] on \\[\x1b[38;5;162m\\]\ue0a0 \\[\x1b[0m\\]\\[\x1b[38;5;162m\\]main\\[\x1b[0m\\] underwent \\[\x1b[36m\\]2s\\[\x1b[0m\\]\n\\[\x1b[1;38;5;166m\\]➜\\[\x1b[0m\\]'), ('MANAGERPID', '862'), ('SYSTEMD_EXEC_PID', '1052'), ('DBUS_SESSION_BUS_ADDRESS', 'unix:path=/run/user/1000/bus'), ('COLORTERM', 'truecolor'), ('GIO_LAUNCHED_DESKTOP_FILE_PID', '7088'), ('_colcon_cd_root', '/opt/ros/humble/'), ('IM_CONFIG_PHASE', '1'), ('WAYLAND_DISPLAY', 'wayland-0'), ('COLCON_PREFIX_PATH', '/home/fiend/LineFollowingRobot/ros_ws/install:/home/fiend/Navigation_Bot/dev_ws/install'), ('ROS_DISTRO', 'humble'), ('LOGNAME', 'fiend'), ('JOURNAL_STREAM', '8:22486'), ('_', '/usr/bin/colcon'), ('ROS_VERSION', '2'), ('XDG_SESSION_CLASS', 'user'), ('USERNAME', 'fiend'), ('TERM', 'xterm-256color'), ('GNOME_DESKTOP_SESSION_ID', 'this-is-deprecated'), ('ROS_LOCALHOST_ONLY', '0'), ('PATH', '/opt/ros/humble/bin:/home/fiend/.local/bin:/usr/local/sbin:/usr/local/bin:/usr/sbin:/usr/bin:/sbin:/bin:/usr/games:/usr/local/games:/snap/bin:/snap/bin'), ('SESSION_MANAGER', 'local/fiend-Lenovo-Yoga-C740-14IML:@/tmp/.ICE-unix/984,unix/fiend-Lenovo-Yoga-C740-14IML:/tmp/.ICE-unix/984'), ('INVOCATION_ID', '44b1c34a81a24502bb9488cdfb6a3dd6'), ('XDG_MENU_PREFIX', 'gnome-'), ('GNOME_SETUP_DISPLAY', ':1'), ('XDG_RUNTIME_DIR', '/run/user/1000'), ('DISPLAY', ':0'), ('LANG', 'en_US.UTF-8'), ('XDG_CURRENT_DESKTOP', 'ubuntu:GNOME'), ('IBUS_DISABLE_SNOOPER', '1'), ('XMODIFIERS', '@im=ibus'), ('XDG_SESSION_DESKTOP', 'ubuntu'), ('XAUTHORITY', '/run/user/1000/.mutter-Xwaylandauth.XX3DJ2'), ('LS_COLORS', 'di=34:ow=34:tw=34:fi=13:ln=31:pi=5:so=5:bd=5:cd=5:or=31:mi=0:ex=35:*.rpm=90:*.png=35:*.gif=36:*.jpg=35:*.c=92:*.py=93:*.h=90:*.txt=94:*.doc=104:*.odt=104:*.csv=102:*.xlsx=102:*.xlsm=102:*.rb=31:*.cpp=92:*.sh=92:*.html=96:*.zip=4;33:*.tar.gz=4;33:*.mp4=105:*.mp3=106'), ('SSH_AGENT_LAUNCHER', 'gnome-keyring'), ('SSH_AUTH_SOCK', '/run/user/1000/keyring/ssh'), ('AMENT_PREFIX_PATH', '/home/fiend/Navigation_Bot/dev_ws/install/navigation_bot:/home/fiend/LineFollowingRobot/ros_ws/install/line_bhakt:/opt/ros/humble'), ('SHELL', '/bin/bash'), ('TERMINATOR_UUID', 'urn:uuid:2dcb6c3f-b457-464c-8d0c-f56511f0bbc3'), ('QT_ACCESSIBILITY', '1'), ('GDMSESSION', 'ubuntu'), ('LESSCLOSE', '/usr/bin/lesspipe %s %s'), ('GCC_COLORS', 'error=31:warning=35:note=36:caret=32:locus=01:quote=01'), ('GJS_DEBUG_OUTPUT', 'stderr'), ('QT_IM_MODULE', 'ibus'), ('PWD', '/home/fiend/Navigation_Bot/dev_ws/build/navigation_bot'), ('LC_ALL', 'en_US.UTF-8'), ('XDG_CONFIG_DIRS', '/etc/xdg/xdg-ubuntu:/etc/xdg'), ('XDG_DATA_DIRS', '/usr/share/ubuntu:/usr/local/share/:/usr/share/:/var/lib/snapd/desktop'), ('STARSHIP_SESSION_KEY', '3791140715793928'), ('PYTHONPATH', '/opt/ros/humble/lib/python3.10/site-packages:/opt/ros/humble/local/lib/python3.10/dist-packages'), ('COLCON', '1'), ('VTE_VERSION', '6800'), ('CMAKE_PREFIX_PATH', '/home/fiend/Navigation_Bot/dev_ws/install/navigation_bot:/home/fiend/LineFollowingRobot/ros_ws/install/line_bhakt:/opt/ros/humble')]), 'shell': False}
[12.567123] (navigation_bot) StdoutLine: {'line': b'-- Install configuration: ""\n'}
[12.569178] (navigation_bot) StdoutLine: {'line': b'-- Execute custom install script\n'}
[12.569903] (navigation_bot) StdoutLine: {'line': b'-- Up-to-date symlink: /home/fiend/Navigation_Bot/dev_ws/install/navigation_bot/share/navigation_bot/config/empty.yaml\n'}
[12.570197] (navigation_bot) StdoutLine: {'line': b'-- Up-to-date symlink: /home/fiend/Navigation_Bot/dev_ws/install/navigation_bot/share/navigation_bot/config/my_controller.yaml\n'}
[12.570453] (navigation_bot) StdoutLine: {'line': b'-- Up-to-date symlink: /home/fiend/Navigation_Bot/dev_ws/install/navigation_bot/share/navigation_bot/config/my_teleop_params.yaml\n'}
[12.570909] (navigation_bot) StdoutLine: {'line': b'-- Up-to-date symlink: /home/fiend/Navigation_Bot/dev_ws/install/navigation_bot/share/navigation_bot/description/Depth_camera.xacro\n'}
[12.571198] (navigation_bot) StdoutLine: {'line': b'-- Up-to-date symlink: /home/fiend/Navigation_Bot/dev_ws/install/navigation_bot/share/navigation_bot/description/camera.xacro\n'}
[12.571431] (navigation_bot) StdoutLine: {'line': b'-- Up-to-date symlink: /home/fiend/Navigation_Bot/dev_ws/install/navigation_bot/share/navigation_bot/description/gazebo_control.xacro\n'}
[12.571685] (navigation_bot) StdoutLine: {'line': b'-- Up-to-date symlink: /home/fiend/Navigation_Bot/dev_ws/install/navigation_bot/share/navigation_bot/description/inertial_macros.xacro\n'}
[12.571853] (navigation_bot) StdoutLine: {'line': b'-- Up-to-date symlink: /home/fiend/Navigation_Bot/dev_ws/install/navigation_bot/share/navigation_bot/description/lidar.xacro\n'}
[12.572086] (navigation_bot) StdoutLine: {'line': b'-- Up-to-date symlink: /home/fiend/Navigation_Bot/dev_ws/install/navigation_bot/share/navigation_bot/description/robot.urdf.xacro\n'}
[12.572316] (navigation_bot) StdoutLine: {'line': b'-- Up-to-date symlink: /home/fiend/Navigation_Bot/dev_ws/install/navigation_bot/share/navigation_bot/description/robot_core.xacro\n'}
[12.572465] (navigation_bot) StdoutLine: {'line': b'-- Up-to-date symlink: /home/fiend/Navigation_Bot/dev_ws/install/navigation_bot/share/navigation_bot/description/ros2_control.xacro\n'}
[12.572682] (navigation_bot) StdoutLine: {'line': b'-- Up-to-date symlink: /home/fiend/Navigation_Bot/dev_ws/install/navigation_bot/share/navigation_bot/launch/launch_sim.launch.py\n'}
[12.572909] (navigation_bot) StdoutLine: {'line': b'-- Up-to-date symlink: /home/fiend/Navigation_Bot/dev_ws/install/navigation_bot/share/navigation_bot/launch/rsp.launch.py\n'}
[12.573119] (navigation_bot) StdoutLine: {'line': b'-- Up-to-date symlink: /home/fiend/Navigation_Bot/dev_ws/install/navigation_bot/share/navigation_bot/launch/teleop_twist.launch.py\n'}
[12.573499] (navigation_bot) StdoutLine: {'line': b'-- Up-to-date symlink: /home/fiend/Navigation_Bot/dev_ws/install/navigation_bot/share/navigation_bot/worlds/empty.world\n'}
[12.573714] (navigation_bot) StdoutLine: {'line': b'-- Up-to-date symlink: /home/fiend/Navigation_Bot/dev_ws/install/navigation_bot/share/navigation_bot/worlds/home.world\n'}
[12.573926] (navigation_bot) StdoutLine: {'line': b'-- Up-to-date symlink: /home/fiend/Navigation_Bot/dev_ws/install/navigation_bot/share/navigation_bot/worlds/obstacle.world\n'}
[12.574272] (navigation_bot) StdoutLine: {'line': b'-- Up-to-date symlink: /home/fiend/Navigation_Bot/dev_ws/install/navigation_bot/share/navigation_bot/worlds/track.world\n'}
[12.574496] (navigation_bot) StdoutLine: {'line': b'-- Up-to-date symlink: /home/fiend/Navigation_Bot/dev_ws/install/navigation_bot/share/navigation_bot/worlds/turtleWorld.world\n'}
[12.574910] (navigation_bot) StdoutLine: {'line': b'-- Up-to-date symlink: /home/fiend/Navigation_Bot/dev_ws/install/navigation_bot/lib/navigation_bot/ImageCapture\n'}
[12.575284] (navigation_bot) StdoutLine: {'line': b'-- Up-to-date symlink: /home/fiend/Navigation_Bot/dev_ws/install/navigation_bot/lib/navigation_bot/webcam_publisher\n'}
[12.575569] (navigation_bot) StdoutLine: {'line': b'-- Up-to-date symlink: /home/fiend/Navigation_Bot/dev_ws/install/navigation_bot/lib/navigation_bot/cv_bridge_test\n'}
[12.575921] (navigation_bot) StdoutLine: {'line': b'-- Up-to-date symlink: /home/fiend/Navigation_Bot/dev_ws/install/navigation_bot/share/ament_index/resource_index/package_run_dependencies/navigation_bot\n'}
[12.576189] (navigation_bot) StdoutLine: {'line': b'-- Up-to-date symlink: /home/fiend/Navigation_Bot/dev_ws/install/navigation_bot/share/ament_index/resource_index/parent_prefix_path/navigation_bot\n'}
[12.576488] (navigation_bot) StdoutLine: {'line': b'-- Up-to-date symlink: /home/fiend/Navigation_Bot/dev_ws/install/navigation_bot/share/navigation_bot/environment/ament_prefix_path.sh\n'}
[12.576937] (navigation_bot) StdoutLine: {'line': b'-- Up-to-date symlink: /home/fiend/Navigation_Bot/dev_ws/install/navigation_bot/share/navigation_bot/environment/ament_prefix_path.dsv\n'}
[12.577571] (navigation_bot) StdoutLine: {'line': b'-- Up-to-date symlink: /home/fiend/Navigation_Bot/dev_ws/install/navigation_bot/share/navigation_bot/environment/path.sh\n'}
[12.578083] (navigation_bot) StdoutLine: {'line': b'-- Up-to-date symlink: /home/fiend/Navigation_Bot/dev_ws/install/navigation_bot/share/navigation_bot/environment/path.dsv\n'}
[12.578431] (navigation_bot) StdoutLine: {'line': b'-- Up-to-date symlink: /home/fiend/Navigation_Bot/dev_ws/install/navigation_bot/share/navigation_bot/local_setup.bash\n'}
[12.579150] (navigation_bot) StdoutLine: {'line': b'-- Up-to-date symlink: /home/fiend/Navigation_Bot/dev_ws/install/navigation_bot/share/navigation_bot/local_setup.sh\n'}
[12.579657] (navigation_bot) StdoutLine: {'line': b'-- Up-to-date symlink: /home/fiend/Navigation_Bot/dev_ws/install/navigation_bot/share/navigation_bot/local_setup.zsh\n'}
[12.579964] (navigation_bot) StdoutLine: {'line': b'-- Up-to-date symlink: /home/fiend/Navigation_Bot/dev_ws/install/navigation_bot/share/navigation_bot/local_setup.dsv\n'}
[12.580204] (navigation_bot) StdoutLine: {'line': b'-- Symlinking: /home/fiend/Navigation_Bot/dev_ws/install/navigation_bot/share/navigation_bot/package.dsv\n'}
[12.595942] (navigation_bot) StdoutLine: {'line': b'-- Up-to-date symlink: /home/fiend/Navigation_Bot/dev_ws/install/navigation_bot/share/ament_index/resource_index/packages/navigation_bot\n'}
[12.596463] (navigation_bot) StdoutLine: {'line': b'-- Up-to-date symlink: /home/fiend/Navigation_Bot/dev_ws/install/navigation_bot/share/navigation_bot/cmake/navigation_botConfig.cmake\n'}
[12.596793] (navigation_bot) StdoutLine: {'line': b'-- Up-to-date symlink: /home/fiend/Navigation_Bot/dev_ws/install/navigation_bot/share/navigation_bot/cmake/navigation_botConfig-version.cmake\n'}
[12.597105] (navigation_bot) StdoutLine: {'line': b'-- Up-to-date symlink: /home/fiend/Navigation_Bot/dev_ws/install/navigation_bot/share/navigation_bot/package.xml\n'}
[12.600235] (navigation_bot) CommandEnded: {'returncode': 0}
[12.648128] (-) TimerEvent: {}
[12.748635] (-) TimerEvent: {}
[12.849382] (-) TimerEvent: {}
[12.932904] (navigation_bot) JobEnded: {'identifier': 'navigation_bot', 'rc': 0}
[12.934250] (-) EventReactorShutdown: {}
