[0.000000] (-) TimerEvent: {}
[0.000233] (navigation_bot) JobQueued: {'identifier': 'navigation_bot', 'dependencies': OrderedDict()}
[0.000324] (navigation_bot) JobStarted: {'identifier': 'navigation_bot'}
[0.098663] (-) TimerEvent: {}
[0.200030] (-) TimerEvent: {}
[0.301923] (-) TimerEvent: {}
[0.306100] (navigation_bot) JobProgress: {'identifier': 'navigation_bot', 'progress': 'cmake'}
[0.308862] (navigation_bot) JobProgress: {'identifier': 'navigation_bot', 'progress': 'build'}
[0.309163] (navigation_bot) Command: {'cmd': ['/usr/bin/cmake', '--build', '/home/fiend/Navigation_Bot/dev_ws/build/navigation_bot', '--', '-j8', '-l8'], 'cwd': '/home/fiend/Navigation_Bot/dev_ws/build/navigation_bot', 'env': OrderedDict([('GJS_DEBUG_TOPICS', 'JS ERROR;JS LOG'), ('LESSOPEN', '| /usr/bin/lesspipe %s'), ('LANGUAGE', 'en_IN:en'), ('USER', 'fiend'), ('STARSHIP_SHELL', 'bash'), ('XDG_SESSION_TYPE', 'wayland'), ('SHLVL', '1'), ('LD_LIBRARY_PATH', '/usr/lib/x86_64-linux-gnu/gazebo-11/plugins:/opt/ros/humble/opt/rviz_ogre_vendor/lib:/opt/ros/humble/lib/x86_64-linux-gnu:/opt/ros/humble/lib'), ('HOME', '/home/fiend'), ('OLDPWD', '/home/fiend/Navigation_Bot'), ('DESKTOP_SESSION', 'ubuntu'), ('GIO_LAUNCHED_DESKTOP_FILE', '/usr/share/applications/terminator.desktop'), ('ROS_PYTHON_VERSION', '3'), ('GNOME_SHELL_SESSION_MODE', 'ubuntu'), ('GTK_MODULES', 'gail:atk-bridge'), ('PS1', '\n\\[\x1b[38;5;156m\\]\\[\x1b[0m\\]\\[\x1b[38;5;166m\\]dev_ws\\[\x1b[0m\\]\\[\x1b[38;5;166m\\]\\[\x1b[0m\\] on \\[\x1b[38;5;162m\\]\ue0a0 \\[\x1b[0m\\]\\[\x1b[38;5;162m\\]main\\[\x1b[0m\\] underwent \\[\x1b[36m\\]42s\\[\x1b[0m\\]\n\\[\x1b[1;38;5;166m\\]➜\\[\x1b[0m\\]'), ('MANAGERPID', '865'), ('SYSTEMD_EXEC_PID', '1038'), ('DBUS_SESSION_BUS_ADDRESS', 'unix:path=/run/user/1000/bus'), ('COLORTERM', 'truecolor'), ('GIO_LAUNCHED_DESKTOP_FILE_PID', '5627'), ('_colcon_cd_root', '/opt/ros/humble/'), ('IM_CONFIG_PHASE', '1'), ('WAYLAND_DISPLAY', 'wayland-0'), ('COLCON_PREFIX_PATH', '/home/fiend/Navigation_Bot/dev_ws/install:/home/fiend/voice_grab/ros2_ws/install:/home/fiend/LineFollowingRobot/ros_ws/install:/home/fiend/ROS/practice_codes_ROS2/articubot_one/install'), ('ROS_DISTRO', 'humble'), ('LOGNAME', 'fiend'), ('JOURNAL_STREAM', '8:30767'), ('_', '/usr/bin/colcon'), ('ROS_VERSION', '2'), ('XDG_SESSION_CLASS', 'user'), ('USERNAME', 'fiend'), ('TERM', 'xterm-256color'), ('GNOME_DESKTOP_SESSION_ID', 'this-is-deprecated'), ('ROS_LOCALHOST_ONLY', '0'), ('PATH', '/opt/ros/humble/bin:/home/fiend/.local/bin:/usr/local/sbin:/usr/local/bin:/usr/sbin:/usr/bin:/sbin:/bin:/usr/games:/usr/local/games:/snap/bin:/snap/bin'), ('SESSION_MANAGER', 'local/fiend-Lenovo-Yoga-C740-14IML:@/tmp/.ICE-unix/1008,unix/fiend-Lenovo-Yoga-C740-14IML:/tmp/.ICE-unix/1008'), ('INVOCATION_ID', '37512f0c72ec48d79a8a8f1894f11f4d'), ('XDG_MENU_PREFIX', 'gnome-'), ('GNOME_SETUP_DISPLAY', ':1'), ('XDG_RUNTIME_DIR', '/run/user/1000'), ('DISPLAY', ':0'), ('LANG', 'en_US.UTF-8'), ('XDG_CURRENT_DESKTOP', 'ubuntu:GNOME'), ('IBUS_DISABLE_SNOOPER', '1'), ('XMODIFIERS', '@im=ibus'), ('XDG_SESSION_DESKTOP', 'ubuntu'), ('XAUTHORITY', '/run/user/1000/.mutter-Xwaylandauth.UJJAK2'), ('LS_COLORS', 'di=34:ow=34:tw=34:fi=13:ln=31:pi=5:so=5:bd=5:cd=5:or=31:mi=0:ex=35:*.rpm=90:*.png=35:*.gif=36:*.jpg=35:*.c=92:*.py=93:*.h=90:*.txt=94:*.doc=104:*.odt=104:*.csv=102:*.xlsx=102:*.xlsm=102:*.rb=31:*.cpp=92:*.sh=92:*.html=96:*.zip=4;33:*.tar.gz=4;33:*.mp4=105:*.mp3=106'), ('SSH_AGENT_LAUNCHER', 'gnome-keyring'), ('SSH_AUTH_SOCK', '/run/user/1000/keyring/ssh'), ('AMENT_PREFIX_PATH', '/home/fiend/Navigation_Bot/dev_ws/install/navigation_bot:/home/fiend/LineFollowingRobot/ros_ws/install/line_bhakt:/home/fiend/ROS/practice_codes_ROS2/articubot_one/install/articubot_one:/opt/ros/humble'), ('SHELL', '/bin/bash'), ('TERMINATOR_UUID', 'urn:uuid:de10c5cb-7f42-4ea2-ad3f-7446c017e8fd'), ('QT_ACCESSIBILITY', '1'), ('GDMSESSION', 'ubuntu'), ('LESSCLOSE', '/usr/bin/lesspipe %s %s'), ('GCC_COLORS', 'error=31:warning=35:note=36:caret=32:locus=01:quote=01'), ('GJS_DEBUG_OUTPUT', 'stderr'), ('QT_IM_MODULE', 'ibus'), ('PWD', '/home/fiend/Navigation_Bot/dev_ws/build/navigation_bot'), ('LC_ALL', 'en_US.UTF-8'), ('XDG_CONFIG_DIRS', '/etc/xdg/xdg-ubuntu:/etc/xdg'), ('XDG_DATA_DIRS', '/usr/share/ubuntu:/home/fiend/.local/share/flatpak/exports/share:/var/lib/flatpak/exports/share:/usr/local/share/:/usr/share/:/var/lib/snapd/desktop'), ('STARSHIP_SESSION_KEY', '2059017139146452'), ('PYTHONPATH', '/opt/ros/humble/lib/python3.10/site-packages:/opt/ros/humble/local/lib/python3.10/dist-packages'), ('COLCON', '1'), ('VTE_VERSION', '6800'), ('CMAKE_PREFIX_PATH', '/home/fiend/Navigation_Bot/dev_ws/install/navigation_bot:/home/fiend/LineFollowingRobot/ros_ws/install/line_bhakt:/home/fiend/ROS/practice_codes_ROS2/articubot_one/install/articubot_one:/opt/ros/humble')]), 'shell': False}
[0.390795] (navigation_bot) StdoutLine: {'line': b'\x1b[35m\x1b[1mConsolidate compiler generated dependencies of target Motor_Driver_Node\x1b[0m\n'}
[0.402113] (-) TimerEvent: {}
[0.420953] (navigation_bot) StdoutLine: {'line': b'[ 50%] Built target ImageCapture\n'}
[0.430492] (navigation_bot) StdoutLine: {'line': b'[ 75%] \x1b[32mBuilding CXX object CMakeFiles/Motor_Driver_Node.dir/Executables/follower.cpp.o\x1b[0m\n'}
[0.502246] (-) TimerEvent: {}
[0.602630] (-) TimerEvent: {}
[0.703004] (-) TimerEvent: {}
[0.803404] (-) TimerEvent: {}
[0.903906] (-) TimerEvent: {}
[1.004398] (-) TimerEvent: {}
[1.104778] (-) TimerEvent: {}
[1.205175] (-) TimerEvent: {}
[1.305557] (-) TimerEvent: {}
[1.405948] (-) TimerEvent: {}
[1.506340] (-) TimerEvent: {}
[1.606709] (-) TimerEvent: {}
[1.707080] (-) TimerEvent: {}
[1.807457] (-) TimerEvent: {}
[1.907837] (-) TimerEvent: {}
[2.008251] (-) TimerEvent: {}
[2.108628] (-) TimerEvent: {}
[2.209004] (-) TimerEvent: {}
[2.309400] (-) TimerEvent: {}
[2.409804] (-) TimerEvent: {}
[2.510185] (-) TimerEvent: {}
[2.610558] (-) TimerEvent: {}
[2.710944] (-) TimerEvent: {}
[2.811330] (-) TimerEvent: {}
[2.911703] (-) TimerEvent: {}
[3.012101] (-) TimerEvent: {}
[3.112480] (-) TimerEvent: {}
[3.212873] (-) TimerEvent: {}
[3.313252] (-) TimerEvent: {}
[3.413628] (-) TimerEvent: {}
[3.513993] (-) TimerEvent: {}
[3.614371] (-) TimerEvent: {}
[3.714745] (-) TimerEvent: {}
[3.815135] (-) TimerEvent: {}
[3.915526] (-) TimerEvent: {}
[4.015906] (-) TimerEvent: {}
[4.116305] (-) TimerEvent: {}
[4.216676] (-) TimerEvent: {}
[4.317061] (-) TimerEvent: {}
[4.417447] (-) TimerEvent: {}
[4.517836] (-) TimerEvent: {}
[4.618265] (-) TimerEvent: {}
[4.718693] (-) TimerEvent: {}
[4.819071] (-) TimerEvent: {}
[4.919489] (-) TimerEvent: {}
[5.019931] (-) TimerEvent: {}
[5.120335] (-) TimerEvent: {}
[5.220735] (-) TimerEvent: {}
[5.321111] (-) TimerEvent: {}
[5.421485] (-) TimerEvent: {}
[5.521855] (-) TimerEvent: {}
[5.622282] (-) TimerEvent: {}
[5.722667] (-) TimerEvent: {}
[5.823072] (-) TimerEvent: {}
[5.923454] (-) TimerEvent: {}
[6.023829] (-) TimerEvent: {}
[6.124218] (-) TimerEvent: {}
[6.224595] (-) TimerEvent: {}
[6.324975] (-) TimerEvent: {}
[6.425400] (-) TimerEvent: {}
[6.525775] (-) TimerEvent: {}
[6.626155] (-) TimerEvent: {}
[6.726533] (-) TimerEvent: {}
[6.826912] (-) TimerEvent: {}
[6.927306] (-) TimerEvent: {}
[7.027688] (-) TimerEvent: {}
[7.128071] (-) TimerEvent: {}
[7.228484] (-) TimerEvent: {}
[7.328861] (-) TimerEvent: {}
[7.429248] (-) TimerEvent: {}
[7.529652] (-) TimerEvent: {}
[7.630028] (-) TimerEvent: {}
[7.730404] (-) TimerEvent: {}
[7.830788] (-) TimerEvent: {}
[7.931174] (-) TimerEvent: {}
[8.031553] (-) TimerEvent: {}
[8.131940] (-) TimerEvent: {}
[8.232348] (-) TimerEvent: {}
[8.332756] (-) TimerEvent: {}
[8.433192] (-) TimerEvent: {}
[8.533611] (-) TimerEvent: {}
[8.634007] (-) TimerEvent: {}
[8.734393] (-) TimerEvent: {}
[8.834773] (-) TimerEvent: {}
[8.935156] (-) TimerEvent: {}
[9.035531] (-) TimerEvent: {}
[9.135907] (-) TimerEvent: {}
[9.236312] (-) TimerEvent: {}
[9.336680] (-) TimerEvent: {}
[9.437055] (-) TimerEvent: {}
[9.537430] (-) TimerEvent: {}
[9.637808] (-) TimerEvent: {}
[9.738168] (-) TimerEvent: {}
[9.838591] (-) TimerEvent: {}
[9.938974] (-) TimerEvent: {}
[10.039357] (-) TimerEvent: {}
[10.139766] (-) TimerEvent: {}
[10.240176] (-) TimerEvent: {}
[10.340609] (-) TimerEvent: {}
[10.441022] (-) TimerEvent: {}
[10.541408] (-) TimerEvent: {}
[10.641862] (-) TimerEvent: {}
[10.742279] (-) TimerEvent: {}
[10.842660] (-) TimerEvent: {}
[10.943056] (-) TimerEvent: {}
[11.043469] (-) TimerEvent: {}
[11.143848] (-) TimerEvent: {}
[11.244233] (-) TimerEvent: {}
[11.344602] (-) TimerEvent: {}
[11.444993] (-) TimerEvent: {}
[11.545373] (-) TimerEvent: {}
[11.645750] (-) TimerEvent: {}
[11.746143] (-) TimerEvent: {}
[11.846546] (-) TimerEvent: {}
[11.946921] (-) TimerEvent: {}
[12.047292] (-) TimerEvent: {}
[12.147704] (-) TimerEvent: {}
[12.248083] (-) TimerEvent: {}
[12.348467] (-) TimerEvent: {}
[12.448842] (-) TimerEvent: {}
[12.549225] (-) TimerEvent: {}
[12.649614] (-) TimerEvent: {}
[12.749982] (-) TimerEvent: {}
[12.850347] (-) TimerEvent: {}
[12.950708] (-) TimerEvent: {}
[13.051072] (-) TimerEvent: {}
[13.151468] (-) TimerEvent: {}
[13.251838] (-) TimerEvent: {}
[13.352210] (-) TimerEvent: {}
[13.452574] (-) TimerEvent: {}
[13.552935] (-) TimerEvent: {}
[13.653296] (-) TimerEvent: {}
[13.753670] (-) TimerEvent: {}
[13.854042] (-) TimerEvent: {}
[13.954406] (-) TimerEvent: {}
[14.054805] (-) TimerEvent: {}
[14.155171] (-) TimerEvent: {}
[14.255572] (-) TimerEvent: {}
[14.355946] (-) TimerEvent: {}
[14.456360] (-) TimerEvent: {}
[14.556728] (-) TimerEvent: {}
[14.657137] (-) TimerEvent: {}
[14.757517] (-) TimerEvent: {}
[14.857885] (-) TimerEvent: {}
[14.958259] (-) TimerEvent: {}
[15.058629] (-) TimerEvent: {}
[15.159040] (-) TimerEvent: {}
[15.259447] (-) TimerEvent: {}
[15.359818] (-) TimerEvent: {}
[15.460211] (-) TimerEvent: {}
[15.560614] (-) TimerEvent: {}
[15.660980] (-) TimerEvent: {}
[15.761340] (-) TimerEvent: {}
[15.861737] (-) TimerEvent: {}
[15.962112] (-) TimerEvent: {}
[16.062489] (-) TimerEvent: {}
[16.162858] (-) TimerEvent: {}
[16.263253] (-) TimerEvent: {}
[16.363623] (-) TimerEvent: {}
[16.464056] (-) TimerEvent: {}
[16.564438] (-) TimerEvent: {}
[16.664818] (-) TimerEvent: {}
[16.765193] (-) TimerEvent: {}
[16.865566] (-) TimerEvent: {}
[16.965941] (-) TimerEvent: {}
[17.066337] (-) TimerEvent: {}
[17.166710] (-) TimerEvent: {}
[17.267083] (-) TimerEvent: {}
[17.367492] (-) TimerEvent: {}
[17.467891] (-) TimerEvent: {}
[17.568278] (-) TimerEvent: {}
[17.668645] (-) TimerEvent: {}
[17.769040] (-) TimerEvent: {}
[17.869411] (-) TimerEvent: {}
[17.969780] (-) TimerEvent: {}
[18.070161] (-) TimerEvent: {}
[18.170532] (-) TimerEvent: {}
[18.270928] (-) TimerEvent: {}
[18.371296] (-) TimerEvent: {}
[18.471690] (-) TimerEvent: {}
[18.572169] (-) TimerEvent: {}
[18.672621] (-) TimerEvent: {}
[18.773073] (-) TimerEvent: {}
[18.873530] (-) TimerEvent: {}
[18.973984] (-) TimerEvent: {}
[19.074437] (-) TimerEvent: {}
[19.174894] (-) TimerEvent: {}
[19.275328] (-) TimerEvent: {}
[19.375783] (-) TimerEvent: {}
[19.395422] (navigation_bot) StdoutLine: {'line': b'[100%] \x1b[32m\x1b[1mLinking CXX executable Motor_Driver_Node\x1b[0m\n'}
[19.475943] (-) TimerEvent: {}
[19.576340] (-) TimerEvent: {}
[19.676802] (-) TimerEvent: {}
[19.777219] (-) TimerEvent: {}
[19.877677] (-) TimerEvent: {}
[19.978043] (-) TimerEvent: {}
[20.078409] (-) TimerEvent: {}
[20.178786] (-) TimerEvent: {}
[20.279170] (-) TimerEvent: {}
[20.357471] (navigation_bot) StdoutLine: {'line': b'[100%] Built target Motor_Driver_Node\n'}
[20.375558] (navigation_bot) CommandEnded: {'returncode': 0}
[20.379261] (-) TimerEvent: {}
[20.422040] (navigation_bot) JobProgress: {'identifier': 'navigation_bot', 'progress': 'install'}
[20.436508] (navigation_bot) Command: {'cmd': ['/usr/bin/cmake', '--install', '/home/fiend/Navigation_Bot/dev_ws/build/navigation_bot'], 'cwd': '/home/fiend/Navigation_Bot/dev_ws/build/navigation_bot', 'env': OrderedDict([('GJS_DEBUG_TOPICS', 'JS ERROR;JS LOG'), ('LESSOPEN', '| /usr/bin/lesspipe %s'), ('LANGUAGE', 'en_IN:en'), ('USER', 'fiend'), ('STARSHIP_SHELL', 'bash'), ('XDG_SESSION_TYPE', 'wayland'), ('SHLVL', '1'), ('LD_LIBRARY_PATH', '/usr/lib/x86_64-linux-gnu/gazebo-11/plugins:/opt/ros/humble/opt/rviz_ogre_vendor/lib:/opt/ros/humble/lib/x86_64-linux-gnu:/opt/ros/humble/lib'), ('HOME', '/home/fiend'), ('OLDPWD', '/home/fiend/Navigation_Bot'), ('DESKTOP_SESSION', 'ubuntu'), ('GIO_LAUNCHED_DESKTOP_FILE', '/usr/share/applications/terminator.desktop'), ('ROS_PYTHON_VERSION', '3'), ('GNOME_SHELL_SESSION_MODE', 'ubuntu'), ('GTK_MODULES', 'gail:atk-bridge'), ('PS1', '\n\\[\x1b[38;5;156m\\]\\[\x1b[0m\\]\\[\x1b[38;5;166m\\]dev_ws\\[\x1b[0m\\]\\[\x1b[38;5;166m\\]\\[\x1b[0m\\] on \\[\x1b[38;5;162m\\]\ue0a0 \\[\x1b[0m\\]\\[\x1b[38;5;162m\\]main\\[\x1b[0m\\] underwent \\[\x1b[36m\\]42s\\[\x1b[0m\\]\n\\[\x1b[1;38;5;166m\\]➜\\[\x1b[0m\\]'), ('MANAGERPID', '865'), ('SYSTEMD_EXEC_PID', '1038'), ('DBUS_SESSION_BUS_ADDRESS', 'unix:path=/run/user/1000/bus'), ('COLORTERM', 'truecolor'), ('GIO_LAUNCHED_DESKTOP_FILE_PID', '5627'), ('_colcon_cd_root', '/opt/ros/humble/'), ('IM_CONFIG_PHASE', '1'), ('WAYLAND_DISPLAY', 'wayland-0'), ('COLCON_PREFIX_PATH', '/home/fiend/Navigation_Bot/dev_ws/install:/home/fiend/voice_grab/ros2_ws/install:/home/fiend/LineFollowingRobot/ros_ws/install:/home/fiend/ROS/practice_codes_ROS2/articubot_one/install'), ('ROS_DISTRO', 'humble'), ('LOGNAME', 'fiend'), ('JOURNAL_STREAM', '8:30767'), ('_', '/usr/bin/colcon'), ('ROS_VERSION', '2'), ('XDG_SESSION_CLASS', 'user'), ('USERNAME', 'fiend'), ('TERM', 'xterm-256color'), ('GNOME_DESKTOP_SESSION_ID', 'this-is-deprecated'), ('ROS_LOCALHOST_ONLY', '0'), ('PATH', '/opt/ros/humble/bin:/home/fiend/.local/bin:/usr/local/sbin:/usr/local/bin:/usr/sbin:/usr/bin:/sbin:/bin:/usr/games:/usr/local/games:/snap/bin:/snap/bin'), ('SESSION_MANAGER', 'local/fiend-Lenovo-Yoga-C740-14IML:@/tmp/.ICE-unix/1008,unix/fiend-Lenovo-Yoga-C740-14IML:/tmp/.ICE-unix/1008'), ('INVOCATION_ID', '37512f0c72ec48d79a8a8f1894f11f4d'), ('XDG_MENU_PREFIX', 'gnome-'), ('GNOME_SETUP_DISPLAY', ':1'), ('XDG_RUNTIME_DIR', '/run/user/1000'), ('DISPLAY', ':0'), ('LANG', 'en_US.UTF-8'), ('XDG_CURRENT_DESKTOP', 'ubuntu:GNOME'), ('IBUS_DISABLE_SNOOPER', '1'), ('XMODIFIERS', '@im=ibus'), ('XDG_SESSION_DESKTOP', 'ubuntu'), ('XAUTHORITY', '/run/user/1000/.mutter-Xwaylandauth.UJJAK2'), ('LS_COLORS', 'di=34:ow=34:tw=34:fi=13:ln=31:pi=5:so=5:bd=5:cd=5:or=31:mi=0:ex=35:*.rpm=90:*.png=35:*.gif=36:*.jpg=35:*.c=92:*.py=93:*.h=90:*.txt=94:*.doc=104:*.odt=104:*.csv=102:*.xlsx=102:*.xlsm=102:*.rb=31:*.cpp=92:*.sh=92:*.html=96:*.zip=4;33:*.tar.gz=4;33:*.mp4=105:*.mp3=106'), ('SSH_AGENT_LAUNCHER', 'gnome-keyring'), ('SSH_AUTH_SOCK', '/run/user/1000/keyring/ssh'), ('AMENT_PREFIX_PATH', '/home/fiend/Navigation_Bot/dev_ws/install/navigation_bot:/home/fiend/LineFollowingRobot/ros_ws/install/line_bhakt:/home/fiend/ROS/practice_codes_ROS2/articubot_one/install/articubot_one:/opt/ros/humble'), ('SHELL', '/bin/bash'), ('TERMINATOR_UUID', 'urn:uuid:de10c5cb-7f42-4ea2-ad3f-7446c017e8fd'), ('QT_ACCESSIBILITY', '1'), ('GDMSESSION', 'ubuntu'), ('LESSCLOSE', '/usr/bin/lesspipe %s %s'), ('GCC_COLORS', 'error=31:warning=35:note=36:caret=32:locus=01:quote=01'), ('GJS_DEBUG_OUTPUT', 'stderr'), ('QT_IM_MODULE', 'ibus'), ('PWD', '/home/fiend/Navigation_Bot/dev_ws/build/navigation_bot'), ('LC_ALL', 'en_US.UTF-8'), ('XDG_CONFIG_DIRS', '/etc/xdg/xdg-ubuntu:/etc/xdg'), ('XDG_DATA_DIRS', '/usr/share/ubuntu:/home/fiend/.local/share/flatpak/exports/share:/var/lib/flatpak/exports/share:/usr/local/share/:/usr/share/:/var/lib/snapd/desktop'), ('STARSHIP_SESSION_KEY', '2059017139146452'), ('PYTHONPATH', '/opt/ros/humble/lib/python3.10/site-packages:/opt/ros/humble/local/lib/python3.10/dist-packages'), ('COLCON', '1'), ('VTE_VERSION', '6800'), ('CMAKE_PREFIX_PATH', '/home/fiend/Navigation_Bot/dev_ws/install/navigation_bot:/home/fiend/LineFollowingRobot/ros_ws/install/line_bhakt:/home/fiend/ROS/practice_codes_ROS2/articubot_one/install/articubot_one:/opt/ros/humble')]), 'shell': False}
[20.450125] (navigation_bot) StdoutLine: {'line': b'-- Install configuration: ""\n'}
[20.451025] (navigation_bot) StdoutLine: {'line': b'-- Execute custom install script\n'}
[20.451714] (navigation_bot) StdoutLine: {'line': b'-- Up-to-date symlink: /home/fiend/Navigation_Bot/dev_ws/install/navigation_bot/share/navigation_bot/config/empty.yaml\n'}
[20.452042] (navigation_bot) StdoutLine: {'line': b'-- Up-to-date symlink: /home/fiend/Navigation_Bot/dev_ws/install/navigation_bot/share/navigation_bot/config/my_controller.yaml\n'}
[20.452564] (navigation_bot) StdoutLine: {'line': b'-- Up-to-date symlink: /home/fiend/Navigation_Bot/dev_ws/install/navigation_bot/share/navigation_bot/description/Depth_camera.xacro\n'}
[20.452900] (navigation_bot) StdoutLine: {'line': b'-- Up-to-date symlink: /home/fiend/Navigation_Bot/dev_ws/install/navigation_bot/share/navigation_bot/description/camera.xacro\n'}
[20.453224] (navigation_bot) StdoutLine: {'line': b'-- Up-to-date symlink: /home/fiend/Navigation_Bot/dev_ws/install/navigation_bot/share/navigation_bot/description/gazebo_control.xacro\n'}
[20.453515] (navigation_bot) StdoutLine: {'line': b'-- Up-to-date symlink: /home/fiend/Navigation_Bot/dev_ws/install/navigation_bot/share/navigation_bot/description/inertial_macros.xacro\n'}
[20.453754] (navigation_bot) StdoutLine: {'line': b'-- Up-to-date symlink: /home/fiend/Navigation_Bot/dev_ws/install/navigation_bot/share/navigation_bot/description/lidar.xacro\n'}
[20.454000] (navigation_bot) StdoutLine: {'line': b'-- Up-to-date symlink: /home/fiend/Navigation_Bot/dev_ws/install/navigation_bot/share/navigation_bot/description/robot.urdf.xacro\n'}
[20.454218] (navigation_bot) StdoutLine: {'line': b'-- Up-to-date symlink: /home/fiend/Navigation_Bot/dev_ws/install/navigation_bot/share/navigation_bot/description/robot_core.xacro\n'}
[20.454390] (navigation_bot) StdoutLine: {'line': b'-- Up-to-date symlink: /home/fiend/Navigation_Bot/dev_ws/install/navigation_bot/share/navigation_bot/description/ros2_control.xacro\n'}
[20.454589] (navigation_bot) StdoutLine: {'line': b'-- Up-to-date symlink: /home/fiend/Navigation_Bot/dev_ws/install/navigation_bot/share/navigation_bot/launch/launch_sim.launch.py\n'}
[20.454862] (navigation_bot) StdoutLine: {'line': b'-- Up-to-date symlink: /home/fiend/Navigation_Bot/dev_ws/install/navigation_bot/share/navigation_bot/launch/rsp.launch.py\n'}
[20.455317] (navigation_bot) StdoutLine: {'line': b'-- Up-to-date symlink: /home/fiend/Navigation_Bot/dev_ws/install/navigation_bot/share/navigation_bot/worlds/empty.world\n'}
[20.455587] (navigation_bot) StdoutLine: {'line': b'-- Up-to-date symlink: /home/fiend/Navigation_Bot/dev_ws/install/navigation_bot/share/navigation_bot/worlds/home.world\n'}
[20.455865] (navigation_bot) StdoutLine: {'line': b'-- Up-to-date symlink: /home/fiend/Navigation_Bot/dev_ws/install/navigation_bot/share/navigation_bot/worlds/obstacle.world\n'}
[20.456076] (navigation_bot) StdoutLine: {'line': b'-- Up-to-date symlink: /home/fiend/Navigation_Bot/dev_ws/install/navigation_bot/share/navigation_bot/worlds/track.world\n'}
[20.456385] (navigation_bot) StdoutLine: {'line': b'-- Up-to-date symlink: /home/fiend/Navigation_Bot/dev_ws/install/navigation_bot/share/navigation_bot/worlds/turtleWorld.world\n'}
[20.456752] (navigation_bot) StdoutLine: {'line': b'-- Up-to-date symlink: /home/fiend/Navigation_Bot/dev_ws/install/navigation_bot/lib/navigation_bot/ImageCapture\n'}
[20.456993] (navigation_bot) StdoutLine: {'line': b'-- Up-to-date symlink: /home/fiend/Navigation_Bot/dev_ws/install/navigation_bot/lib/navigation_bot/Motor_Driver_Node\n'}
[20.457440] (navigation_bot) StdoutLine: {'line': b'-- Up-to-date symlink: /home/fiend/Navigation_Bot/dev_ws/install/navigation_bot/share/ament_index/resource_index/package_run_dependencies/navigation_bot\n'}
[20.457803] (navigation_bot) StdoutLine: {'line': b'-- Up-to-date symlink: /home/fiend/Navigation_Bot/dev_ws/install/navigation_bot/share/ament_index/resource_index/parent_prefix_path/navigation_bot\n'}
[20.458099] (navigation_bot) StdoutLine: {'line': b'-- Up-to-date symlink: /home/fiend/Navigation_Bot/dev_ws/install/navigation_bot/share/navigation_bot/environment/ament_prefix_path.sh\n'}
[20.458317] (navigation_bot) StdoutLine: {'line': b'-- Up-to-date symlink: /home/fiend/Navigation_Bot/dev_ws/install/navigation_bot/share/navigation_bot/environment/ament_prefix_path.dsv\n'}
[20.458608] (navigation_bot) StdoutLine: {'line': b'-- Up-to-date symlink: /home/fiend/Navigation_Bot/dev_ws/install/navigation_bot/share/navigation_bot/environment/path.sh\n'}
[20.458905] (navigation_bot) StdoutLine: {'line': b'-- Up-to-date symlink: /home/fiend/Navigation_Bot/dev_ws/install/navigation_bot/share/navigation_bot/environment/path.dsv\n'}
[20.459214] (navigation_bot) StdoutLine: {'line': b'-- Up-to-date symlink: /home/fiend/Navigation_Bot/dev_ws/install/navigation_bot/share/navigation_bot/local_setup.bash\n'}
[20.459580] (navigation_bot) StdoutLine: {'line': b'-- Up-to-date symlink: /home/fiend/Navigation_Bot/dev_ws/install/navigation_bot/share/navigation_bot/local_setup.sh\n'}
[20.459851] (navigation_bot) StdoutLine: {'line': b'-- Up-to-date symlink: /home/fiend/Navigation_Bot/dev_ws/install/navigation_bot/share/navigation_bot/local_setup.zsh\n'}
[20.460184] (navigation_bot) StdoutLine: {'line': b'-- Up-to-date symlink: /home/fiend/Navigation_Bot/dev_ws/install/navigation_bot/share/navigation_bot/local_setup.dsv\n'}
[20.460563] (navigation_bot) StdoutLine: {'line': b'-- Symlinking: /home/fiend/Navigation_Bot/dev_ws/install/navigation_bot/share/navigation_bot/package.dsv\n'}
[20.475299] (navigation_bot) StdoutLine: {'line': b'-- Up-to-date symlink: /home/fiend/Navigation_Bot/dev_ws/install/navigation_bot/share/ament_index/resource_index/packages/navigation_bot\n'}
[20.475663] (navigation_bot) StdoutLine: {'line': b'-- Up-to-date symlink: /home/fiend/Navigation_Bot/dev_ws/install/navigation_bot/share/navigation_bot/cmake/navigation_botConfig.cmake\n'}
[20.475886] (navigation_bot) StdoutLine: {'line': b'-- Up-to-date symlink: /home/fiend/Navigation_Bot/dev_ws/install/navigation_bot/share/navigation_bot/cmake/navigation_botConfig-version.cmake\n'}
[20.476199] (navigation_bot) StdoutLine: {'line': b'-- Up-to-date symlink: /home/fiend/Navigation_Bot/dev_ws/install/navigation_bot/share/navigation_bot/package.xml\n'}
[20.478923] (navigation_bot) CommandEnded: {'returncode': 0}
[20.479945] (-) TimerEvent: {}
[20.580694] (-) TimerEvent: {}
[20.681785] (-) TimerEvent: {}
[20.782491] (-) TimerEvent: {}
[20.858316] (navigation_bot) JobEnded: {'identifier': 'navigation_bot', 'rc': 0}
[20.859553] (-) EventReactorShutdown: {}
