[0.000000] (-) TimerEvent: {}
[0.000384] (navigation_bot) JobQueued: {'identifier': 'navigation_bot', 'dependencies': OrderedDict()}
[0.000459] (navigation_bot) JobStarted: {'identifier': 'navigation_bot'}
[0.097953] (-) TimerEvent: {}
[0.199343] (-) TimerEvent: {}
[0.299984] (-) TimerEvent: {}
[0.303050] (navigation_bot) JobProgress: {'identifier': 'navigation_bot', 'progress': 'cmake'}
[0.304341] (navigation_bot) JobProgress: {'identifier': 'navigation_bot', 'progress': 'build'}
[0.305976] (navigation_bot) Command: {'cmd': ['/usr/bin/cmake', '--build', '/home/fiend/Navigation_Bot/dev_ws/build/navigation_bot', '--', '-j8', '-l8'], 'cwd': '/home/fiend/Navigation_Bot/dev_ws/build/navigation_bot', 'env': OrderedDict([('GJS_DEBUG_TOPICS', 'JS ERROR;JS LOG'), ('LESSOPEN', '| /usr/bin/lesspipe %s'), ('LANGUAGE', 'en_IN:en'), ('USER', 'fiend'), ('STARSHIP_SHELL', 'bash'), ('XDG_SESSION_TYPE', 'wayland'), ('SHLVL', '1'), ('LD_LIBRARY_PATH', '/usr/lib/x86_64-linux-gnu/gazebo-11/plugins:/opt/ros/humble/opt/rviz_ogre_vendor/lib:/opt/ros/humble/lib/x86_64-linux-gnu:/opt/ros/humble/lib'), ('HOME', '/home/fiend'), ('OLDPWD', '/home/fiend/Navigation_Bot'), ('DESKTOP_SESSION', 'ubuntu'), ('GIO_LAUNCHED_DESKTOP_FILE', '/usr/share/applications/terminator.desktop'), ('ROS_PYTHON_VERSION', '3'), ('GNOME_SHELL_SESSION_MODE', 'ubuntu'), ('GTK_MODULES', 'gail:atk-bridge'), ('PS1', '\n\\[\x1b[38;5;156m\\]\\[\x1b[0m\\]\\[\x1b[38;5;166m\\]dev_ws\\[\x1b[0m\\]\\[\x1b[38;5;166m\\]\\[\x1b[0m\\] on \\[\x1b[38;5;162m\\]\ue0a0 \\[\x1b[0m\\]\\[\x1b[38;5;162m\\]main\\[\x1b[0m\\] underwent \\[\x1b[36m\\]15s\\[\x1b[0m\\]\n\\[\x1b[1;38;5;166m\\]➜\\[\x1b[0m\\]'), ('MANAGERPID', '865'), ('SYSTEMD_EXEC_PID', '1038'), ('DBUS_SESSION_BUS_ADDRESS', 'unix:path=/run/user/1000/bus'), ('COLORTERM', 'truecolor'), ('GIO_LAUNCHED_DESKTOP_FILE_PID', '5627'), ('_colcon_cd_root', '/opt/ros/humble/'), ('IM_CONFIG_PHASE', '1'), ('WAYLAND_DISPLAY', 'wayland-0'), ('COLCON_PREFIX_PATH', '/home/fiend/Navigation_Bot/dev_ws/install:/home/fiend/voice_grab/ros2_ws/install:/home/fiend/LineFollowingRobot/ros_ws/install:/home/fiend/ROS/practice_codes_ROS2/articubot_one/install'), ('ROS_DISTRO', 'humble'), ('LOGNAME', 'fiend'), ('JOURNAL_STREAM', '8:30767'), ('_', '/usr/bin/colcon'), ('ROS_VERSION', '2'), ('XDG_SESSION_CLASS', 'user'), ('USERNAME', 'fiend'), ('TERM', 'xterm-256color'), ('GNOME_DESKTOP_SESSION_ID', 'this-is-deprecated'), ('ROS_LOCALHOST_ONLY', '0'), ('PATH', '/opt/ros/humble/bin:/home/fiend/.local/bin:/usr/local/sbin:/usr/local/bin:/usr/sbin:/usr/bin:/sbin:/bin:/usr/games:/usr/local/games:/snap/bin:/snap/bin'), ('SESSION_MANAGER', 'local/fiend-Lenovo-Yoga-C740-14IML:@/tmp/.ICE-unix/1008,unix/fiend-Lenovo-Yoga-C740-14IML:/tmp/.ICE-unix/1008'), ('INVOCATION_ID', '37512f0c72ec48d79a8a8f1894f11f4d'), ('XDG_MENU_PREFIX', 'gnome-'), ('GNOME_SETUP_DISPLAY', ':1'), ('XDG_RUNTIME_DIR', '/run/user/1000'), ('DISPLAY', ':0'), ('LANG', 'en_US.UTF-8'), ('XDG_CURRENT_DESKTOP', 'ubuntu:GNOME'), ('IBUS_DISABLE_SNOOPER', '1'), ('XMODIFIERS', '@im=ibus'), ('XDG_SESSION_DESKTOP', 'ubuntu'), ('XAUTHORITY', '/run/user/1000/.mutter-Xwaylandauth.UJJAK2'), ('LS_COLORS', 'di=34:ow=34:tw=34:fi=13:ln=31:pi=5:so=5:bd=5:cd=5:or=31:mi=0:ex=35:*.rpm=90:*.png=35:*.gif=36:*.jpg=35:*.c=92:*.py=93:*.h=90:*.txt=94:*.doc=104:*.odt=104:*.csv=102:*.xlsx=102:*.xlsm=102:*.rb=31:*.cpp=92:*.sh=92:*.html=96:*.zip=4;33:*.tar.gz=4;33:*.mp4=105:*.mp3=106'), ('SSH_AGENT_LAUNCHER', 'gnome-keyring'), ('SSH_AUTH_SOCK', '/run/user/1000/keyring/ssh'), ('AMENT_PREFIX_PATH', '/home/fiend/Navigation_Bot/dev_ws/install/navigation_bot:/home/fiend/LineFollowingRobot/ros_ws/install/line_bhakt:/home/fiend/ROS/practice_codes_ROS2/articubot_one/install/articubot_one:/opt/ros/humble'), ('SHELL', '/bin/bash'), ('TERMINATOR_UUID', 'urn:uuid:de10c5cb-7f42-4ea2-ad3f-7446c017e8fd'), ('QT_ACCESSIBILITY', '1'), ('GDMSESSION', 'ubuntu'), ('LESSCLOSE', '/usr/bin/lesspipe %s %s'), ('GCC_COLORS', 'error=31:warning=35:note=36:caret=32:locus=01:quote=01'), ('GJS_DEBUG_OUTPUT', 'stderr'), ('QT_IM_MODULE', 'ibus'), ('PWD', '/home/fiend/Navigation_Bot/dev_ws/build/navigation_bot'), ('LC_ALL', 'en_US.UTF-8'), ('XDG_CONFIG_DIRS', '/etc/xdg/xdg-ubuntu:/etc/xdg'), ('XDG_DATA_DIRS', '/usr/share/ubuntu:/home/fiend/.local/share/flatpak/exports/share:/var/lib/flatpak/exports/share:/usr/local/share/:/usr/share/:/var/lib/snapd/desktop'), ('STARSHIP_SESSION_KEY', '2059017139146452'), ('PYTHONPATH', '/opt/ros/humble/lib/python3.10/site-packages:/opt/ros/humble/local/lib/python3.10/dist-packages'), ('COLCON', '1'), ('VTE_VERSION', '6800'), ('CMAKE_PREFIX_PATH', '/home/fiend/Navigation_Bot/dev_ws/install/navigation_bot:/home/fiend/LineFollowingRobot/ros_ws/install/line_bhakt:/home/fiend/ROS/practice_codes_ROS2/articubot_one/install/articubot_one:/opt/ros/humble')]), 'shell': False}
[0.387640] (navigation_bot) StdoutLine: {'line': b'\x1b[35m\x1b[1mConsolidate compiler generated dependencies of target Motor_Driver_Node\x1b[0m\n'}
[0.400149] (-) TimerEvent: {}
[0.415921] (navigation_bot) StdoutLine: {'line': b'[ 50%] Built target ImageCapture\n'}
[0.432883] (navigation_bot) StdoutLine: {'line': b'[ 75%] \x1b[32mBuilding CXX object CMakeFiles/Motor_Driver_Node.dir/Executables/follower.cpp.o\x1b[0m\n'}
[0.500281] (-) TimerEvent: {}
[0.600739] (-) TimerEvent: {}
[0.701176] (-) TimerEvent: {}
[0.801556] (-) TimerEvent: {}
[0.902024] (-) TimerEvent: {}
[1.002501] (-) TimerEvent: {}
[1.102975] (-) TimerEvent: {}
[1.203361] (-) TimerEvent: {}
[1.303757] (-) TimerEvent: {}
[1.404129] (-) TimerEvent: {}
[1.504532] (-) TimerEvent: {}
[1.604911] (-) TimerEvent: {}
[1.705291] (-) TimerEvent: {}
[1.805665] (-) TimerEvent: {}
[1.906062] (-) TimerEvent: {}
[2.006497] (-) TimerEvent: {}
[2.106920] (-) TimerEvent: {}
[2.207307] (-) TimerEvent: {}
[2.307688] (-) TimerEvent: {}
[2.408065] (-) TimerEvent: {}
[2.508441] (-) TimerEvent: {}
[2.608790] (-) TimerEvent: {}
[2.709154] (-) TimerEvent: {}
[2.809547] (-) TimerEvent: {}
[2.909923] (-) TimerEvent: {}
[3.010317] (-) TimerEvent: {}
[3.110752] (-) TimerEvent: {}
[3.211131] (-) TimerEvent: {}
[3.311510] (-) TimerEvent: {}
[3.411896] (-) TimerEvent: {}
[3.512280] (-) TimerEvent: {}
[3.612701] (-) TimerEvent: {}
[3.713073] (-) TimerEvent: {}
[3.813459] (-) TimerEvent: {}
[3.913837] (-) TimerEvent: {}
[4.014248] (-) TimerEvent: {}
[4.114670] (-) TimerEvent: {}
[4.215057] (-) TimerEvent: {}
[4.315435] (-) TimerEvent: {}
[4.415855] (-) TimerEvent: {}
[4.516270] (-) TimerEvent: {}
[4.616642] (-) TimerEvent: {}
[4.717022] (-) TimerEvent: {}
[4.817418] (-) TimerEvent: {}
[4.917794] (-) TimerEvent: {}
[5.018177] (-) TimerEvent: {}
[5.118573] (-) TimerEvent: {}
[5.218949] (-) TimerEvent: {}
[5.319346] (-) TimerEvent: {}
[5.419744] (-) TimerEvent: {}
[5.520112] (-) TimerEvent: {}
[5.620522] (-) TimerEvent: {}
[5.720954] (-) TimerEvent: {}
[5.821328] (-) TimerEvent: {}
[5.921699] (-) TimerEvent: {}
[6.022100] (-) TimerEvent: {}
[6.122489] (-) TimerEvent: {}
[6.222868] (-) TimerEvent: {}
[6.323245] (-) TimerEvent: {}
[6.423629] (-) TimerEvent: {}
[6.524014] (-) TimerEvent: {}
[6.624416] (-) TimerEvent: {}
[6.724802] (-) TimerEvent: {}
[6.825193] (-) TimerEvent: {}
[6.925569] (-) TimerEvent: {}
[7.025956] (-) TimerEvent: {}
[7.126376] (-) TimerEvent: {}
[7.226781] (-) TimerEvent: {}
[7.327155] (-) TimerEvent: {}
[7.427531] (-) TimerEvent: {}
[7.527907] (-) TimerEvent: {}
[7.628318] (-) TimerEvent: {}
[7.728707] (-) TimerEvent: {}
[7.829119] (-) TimerEvent: {}
[7.929496] (-) TimerEvent: {}
[8.029877] (-) TimerEvent: {}
[8.130280] (-) TimerEvent: {}
[8.230678] (-) TimerEvent: {}
[8.331099] (-) TimerEvent: {}
[8.431497] (-) TimerEvent: {}
[8.531877] (-) TimerEvent: {}
[8.632256] (-) TimerEvent: {}
[8.732641] (-) TimerEvent: {}
[8.833027] (-) TimerEvent: {}
[8.933421] (-) TimerEvent: {}
[9.033807] (-) TimerEvent: {}
[9.134183] (-) TimerEvent: {}
[9.234586] (-) TimerEvent: {}
[9.334971] (-) TimerEvent: {}
[9.435385] (-) TimerEvent: {}
[9.535777] (-) TimerEvent: {}
[9.636158] (-) TimerEvent: {}
[9.736542] (-) TimerEvent: {}
[9.836913] (-) TimerEvent: {}
[9.937280] (-) TimerEvent: {}
[10.037682] (-) TimerEvent: {}
[10.138067] (-) TimerEvent: {}
[10.238465] (-) TimerEvent: {}
[10.338870] (-) TimerEvent: {}
[10.439248] (-) TimerEvent: {}
[10.539625] (-) TimerEvent: {}
[10.639995] (-) TimerEvent: {}
[10.740366] (-) TimerEvent: {}
[10.840739] (-) TimerEvent: {}
[10.941123] (-) TimerEvent: {}
[11.041506] (-) TimerEvent: {}
[11.141882] (-) TimerEvent: {}
[11.242252] (-) TimerEvent: {}
[11.342638] (-) TimerEvent: {}
[11.443024] (-) TimerEvent: {}
[11.543394] (-) TimerEvent: {}
[11.643766] (-) TimerEvent: {}
[11.744133] (-) TimerEvent: {}
[11.844515] (-) TimerEvent: {}
[11.944902] (-) TimerEvent: {}
[12.045278] (-) TimerEvent: {}
[12.145647] (-) TimerEvent: {}
[12.246030] (-) TimerEvent: {}
[12.346401] (-) TimerEvent: {}
[12.446773] (-) TimerEvent: {}
[12.547136] (-) TimerEvent: {}
[12.647507] (-) TimerEvent: {}
[12.747882] (-) TimerEvent: {}
[12.848238] (-) TimerEvent: {}
[12.948617] (-) TimerEvent: {}
[13.049010] (-) TimerEvent: {}
[13.149381] (-) TimerEvent: {}
[13.249790] (-) TimerEvent: {}
[13.350191] (-) TimerEvent: {}
[13.450583] (-) TimerEvent: {}
[13.550950] (-) TimerEvent: {}
[13.651312] (-) TimerEvent: {}
[13.751681] (-) TimerEvent: {}
[13.852063] (-) TimerEvent: {}
[13.952450] (-) TimerEvent: {}
[14.052811] (-) TimerEvent: {}
[14.153181] (-) TimerEvent: {}
[14.253544] (-) TimerEvent: {}
[14.353911] (-) TimerEvent: {}
[14.454303] (-) TimerEvent: {}
[14.554694] (-) TimerEvent: {}
[14.655065] (-) TimerEvent: {}
[14.755433] (-) TimerEvent: {}
[14.855799] (-) TimerEvent: {}
[14.956178] (-) TimerEvent: {}
[15.056549] (-) TimerEvent: {}
[15.156928] (-) TimerEvent: {}
[15.257317] (-) TimerEvent: {}
[15.357686] (-) TimerEvent: {}
[15.458057] (-) TimerEvent: {}
[15.558439] (-) TimerEvent: {}
[15.658835] (-) TimerEvent: {}
[15.759203] (-) TimerEvent: {}
[15.859573] (-) TimerEvent: {}
[15.959939] (-) TimerEvent: {}
[16.060301] (-) TimerEvent: {}
[16.160674] (-) TimerEvent: {}
[16.261069] (-) TimerEvent: {}
[16.361515] (-) TimerEvent: {}
[16.461935] (-) TimerEvent: {}
[16.562358] (-) TimerEvent: {}
[16.662778] (-) TimerEvent: {}
[16.763192] (-) TimerEvent: {}
[16.863614] (-) TimerEvent: {}
[16.964027] (-) TimerEvent: {}
[17.064464] (-) TimerEvent: {}
[17.164902] (-) TimerEvent: {}
[17.265323] (-) TimerEvent: {}
[17.365754] (-) TimerEvent: {}
[17.466168] (-) TimerEvent: {}
[17.566595] (-) TimerEvent: {}
[17.667006] (-) TimerEvent: {}
[17.767420] (-) TimerEvent: {}
[17.867852] (-) TimerEvent: {}
[17.968295] (-) TimerEvent: {}
[18.068720] (-) TimerEvent: {}
[18.169130] (-) TimerEvent: {}
[18.269572] (-) TimerEvent: {}
[18.370013] (-) TimerEvent: {}
[18.470385] (-) TimerEvent: {}
[18.570785] (-) TimerEvent: {}
[18.671161] (-) TimerEvent: {}
[18.771537] (-) TimerEvent: {}
[18.871911] (-) TimerEvent: {}
[18.972295] (-) TimerEvent: {}
[19.072691] (-) TimerEvent: {}
[19.173066] (-) TimerEvent: {}
[19.273456] (-) TimerEvent: {}
[19.373844] (-) TimerEvent: {}
[19.474234] (-) TimerEvent: {}
[19.483857] (navigation_bot) StdoutLine: {'line': b'[100%] \x1b[32m\x1b[1mLinking CXX executable Motor_Driver_Node\x1b[0m\n'}
[19.574378] (-) TimerEvent: {}
[19.674844] (-) TimerEvent: {}
[19.776705] (-) TimerEvent: {}
[19.877114] (-) TimerEvent: {}
[19.977598] (-) TimerEvent: {}
[20.078091] (-) TimerEvent: {}
[20.178477] (-) TimerEvent: {}
[20.278847] (-) TimerEvent: {}
[20.379228] (-) TimerEvent: {}
[20.479626] (-) TimerEvent: {}
[20.515730] (navigation_bot) StdoutLine: {'line': b'[100%] Built target Motor_Driver_Node\n'}
[20.534079] (navigation_bot) CommandEnded: {'returncode': 0}
[20.579251] (navigation_bot) JobProgress: {'identifier': 'navigation_bot', 'progress': 'install'}
[20.579851] (-) TimerEvent: {}
[20.593923] (navigation_bot) Command: {'cmd': ['/usr/bin/cmake', '--install', '/home/fiend/Navigation_Bot/dev_ws/build/navigation_bot'], 'cwd': '/home/fiend/Navigation_Bot/dev_ws/build/navigation_bot', 'env': OrderedDict([('GJS_DEBUG_TOPICS', 'JS ERROR;JS LOG'), ('LESSOPEN', '| /usr/bin/lesspipe %s'), ('LANGUAGE', 'en_IN:en'), ('USER', 'fiend'), ('STARSHIP_SHELL', 'bash'), ('XDG_SESSION_TYPE', 'wayland'), ('SHLVL', '1'), ('LD_LIBRARY_PATH', '/usr/lib/x86_64-linux-gnu/gazebo-11/plugins:/opt/ros/humble/opt/rviz_ogre_vendor/lib:/opt/ros/humble/lib/x86_64-linux-gnu:/opt/ros/humble/lib'), ('HOME', '/home/fiend'), ('OLDPWD', '/home/fiend/Navigation_Bot'), ('DESKTOP_SESSION', 'ubuntu'), ('GIO_LAUNCHED_DESKTOP_FILE', '/usr/share/applications/terminator.desktop'), ('ROS_PYTHON_VERSION', '3'), ('GNOME_SHELL_SESSION_MODE', 'ubuntu'), ('GTK_MODULES', 'gail:atk-bridge'), ('PS1', '\n\\[\x1b[38;5;156m\\]\\[\x1b[0m\\]\\[\x1b[38;5;166m\\]dev_ws\\[\x1b[0m\\]\\[\x1b[38;5;166m\\]\\[\x1b[0m\\] on \\[\x1b[38;5;162m\\]\ue0a0 \\[\x1b[0m\\]\\[\x1b[38;5;162m\\]main\\[\x1b[0m\\] underwent \\[\x1b[36m\\]15s\\[\x1b[0m\\]\n\\[\x1b[1;38;5;166m\\]➜\\[\x1b[0m\\]'), ('MANAGERPID', '865'), ('SYSTEMD_EXEC_PID', '1038'), ('DBUS_SESSION_BUS_ADDRESS', 'unix:path=/run/user/1000/bus'), ('COLORTERM', 'truecolor'), ('GIO_LAUNCHED_DESKTOP_FILE_PID', '5627'), ('_colcon_cd_root', '/opt/ros/humble/'), ('IM_CONFIG_PHASE', '1'), ('WAYLAND_DISPLAY', 'wayland-0'), ('COLCON_PREFIX_PATH', '/home/fiend/Navigation_Bot/dev_ws/install:/home/fiend/voice_grab/ros2_ws/install:/home/fiend/LineFollowingRobot/ros_ws/install:/home/fiend/ROS/practice_codes_ROS2/articubot_one/install'), ('ROS_DISTRO', 'humble'), ('LOGNAME', 'fiend'), ('JOURNAL_STREAM', '8:30767'), ('_', '/usr/bin/colcon'), ('ROS_VERSION', '2'), ('XDG_SESSION_CLASS', 'user'), ('USERNAME', 'fiend'), ('TERM', 'xterm-256color'), ('GNOME_DESKTOP_SESSION_ID', 'this-is-deprecated'), ('ROS_LOCALHOST_ONLY', '0'), ('PATH', '/opt/ros/humble/bin:/home/fiend/.local/bin:/usr/local/sbin:/usr/local/bin:/usr/sbin:/usr/bin:/sbin:/bin:/usr/games:/usr/local/games:/snap/bin:/snap/bin'), ('SESSION_MANAGER', 'local/fiend-Lenovo-Yoga-C740-14IML:@/tmp/.ICE-unix/1008,unix/fiend-Lenovo-Yoga-C740-14IML:/tmp/.ICE-unix/1008'), ('INVOCATION_ID', '37512f0c72ec48d79a8a8f1894f11f4d'), ('XDG_MENU_PREFIX', 'gnome-'), ('GNOME_SETUP_DISPLAY', ':1'), ('XDG_RUNTIME_DIR', '/run/user/1000'), ('DISPLAY', ':0'), ('LANG', 'en_US.UTF-8'), ('XDG_CURRENT_DESKTOP', 'ubuntu:GNOME'), ('IBUS_DISABLE_SNOOPER', '1'), ('XMODIFIERS', '@im=ibus'), ('XDG_SESSION_DESKTOP', 'ubuntu'), ('XAUTHORITY', '/run/user/1000/.mutter-Xwaylandauth.UJJAK2'), ('LS_COLORS', 'di=34:ow=34:tw=34:fi=13:ln=31:pi=5:so=5:bd=5:cd=5:or=31:mi=0:ex=35:*.rpm=90:*.png=35:*.gif=36:*.jpg=35:*.c=92:*.py=93:*.h=90:*.txt=94:*.doc=104:*.odt=104:*.csv=102:*.xlsx=102:*.xlsm=102:*.rb=31:*.cpp=92:*.sh=92:*.html=96:*.zip=4;33:*.tar.gz=4;33:*.mp4=105:*.mp3=106'), ('SSH_AGENT_LAUNCHER', 'gnome-keyring'), ('SSH_AUTH_SOCK', '/run/user/1000/keyring/ssh'), ('AMENT_PREFIX_PATH', '/home/fiend/Navigation_Bot/dev_ws/install/navigation_bot:/home/fiend/LineFollowingRobot/ros_ws/install/line_bhakt:/home/fiend/ROS/practice_codes_ROS2/articubot_one/install/articubot_one:/opt/ros/humble'), ('SHELL', '/bin/bash'), ('TERMINATOR_UUID', 'urn:uuid:de10c5cb-7f42-4ea2-ad3f-7446c017e8fd'), ('QT_ACCESSIBILITY', '1'), ('GDMSESSION', 'ubuntu'), ('LESSCLOSE', '/usr/bin/lesspipe %s %s'), ('GCC_COLORS', 'error=31:warning=35:note=36:caret=32:locus=01:quote=01'), ('GJS_DEBUG_OUTPUT', 'stderr'), ('QT_IM_MODULE', 'ibus'), ('PWD', '/home/fiend/Navigation_Bot/dev_ws/build/navigation_bot'), ('LC_ALL', 'en_US.UTF-8'), ('XDG_CONFIG_DIRS', '/etc/xdg/xdg-ubuntu:/etc/xdg'), ('XDG_DATA_DIRS', '/usr/share/ubuntu:/home/fiend/.local/share/flatpak/exports/share:/var/lib/flatpak/exports/share:/usr/local/share/:/usr/share/:/var/lib/snapd/desktop'), ('STARSHIP_SESSION_KEY', '2059017139146452'), ('PYTHONPATH', '/opt/ros/humble/lib/python3.10/site-packages:/opt/ros/humble/local/lib/python3.10/dist-packages'), ('COLCON', '1'), ('VTE_VERSION', '6800'), ('CMAKE_PREFIX_PATH', '/home/fiend/Navigation_Bot/dev_ws/install/navigation_bot:/home/fiend/LineFollowingRobot/ros_ws/install/line_bhakt:/home/fiend/ROS/practice_codes_ROS2/articubot_one/install/articubot_one:/opt/ros/humble')]), 'shell': False}
[20.607644] (navigation_bot) StdoutLine: {'line': b'-- Install configuration: ""\n'}
[20.608477] (navigation_bot) StdoutLine: {'line': b'-- Execute custom install script\n'}
[20.609202] (navigation_bot) StdoutLine: {'line': b'-- Up-to-date symlink: /home/fiend/Navigation_Bot/dev_ws/install/navigation_bot/share/navigation_bot/config/empty.yaml\n'}
[20.609564] (navigation_bot) StdoutLine: {'line': b'-- Up-to-date symlink: /home/fiend/Navigation_Bot/dev_ws/install/navigation_bot/share/navigation_bot/config/my_controller.yaml\n'}
[20.609962] (navigation_bot) StdoutLine: {'line': b'-- Up-to-date symlink: /home/fiend/Navigation_Bot/dev_ws/install/navigation_bot/share/navigation_bot/description/Depth_camera.xacro\n'}
[20.610252] (navigation_bot) StdoutLine: {'line': b'-- Up-to-date symlink: /home/fiend/Navigation_Bot/dev_ws/install/navigation_bot/share/navigation_bot/description/camera.xacro\n'}
[20.610710] (navigation_bot) StdoutLine: {'line': b'-- Up-to-date symlink: /home/fiend/Navigation_Bot/dev_ws/install/navigation_bot/share/navigation_bot/description/gazebo_control.xacro\n'}
[20.610970] (navigation_bot) StdoutLine: {'line': b'-- Up-to-date symlink: /home/fiend/Navigation_Bot/dev_ws/install/navigation_bot/share/navigation_bot/description/inertial_macros.xacro\n'}
[20.611140] (navigation_bot) StdoutLine: {'line': b'-- Up-to-date symlink: /home/fiend/Navigation_Bot/dev_ws/install/navigation_bot/share/navigation_bot/description/lidar.xacro\n'}
[20.611403] (navigation_bot) StdoutLine: {'line': b'-- Up-to-date symlink: /home/fiend/Navigation_Bot/dev_ws/install/navigation_bot/share/navigation_bot/description/robot.urdf.xacro\n'}
[20.611602] (navigation_bot) StdoutLine: {'line': b'-- Up-to-date symlink: /home/fiend/Navigation_Bot/dev_ws/install/navigation_bot/share/navigation_bot/description/robot_core.xacro\n'}
[20.611802] (navigation_bot) StdoutLine: {'line': b'-- Up-to-date symlink: /home/fiend/Navigation_Bot/dev_ws/install/navigation_bot/share/navigation_bot/description/ros2_control.xacro\n'}
[20.611970] (navigation_bot) StdoutLine: {'line': b'-- Up-to-date symlink: /home/fiend/Navigation_Bot/dev_ws/install/navigation_bot/share/navigation_bot/launch/launch_sim.launch.py\n'}
[20.612166] (navigation_bot) StdoutLine: {'line': b'-- Up-to-date symlink: /home/fiend/Navigation_Bot/dev_ws/install/navigation_bot/share/navigation_bot/launch/rsp.launch.py\n'}
[20.612401] (navigation_bot) StdoutLine: {'line': b'-- Up-to-date symlink: /home/fiend/Navigation_Bot/dev_ws/install/navigation_bot/share/navigation_bot/worlds/empty.world\n'}
[20.612595] (navigation_bot) StdoutLine: {'line': b'-- Up-to-date symlink: /home/fiend/Navigation_Bot/dev_ws/install/navigation_bot/share/navigation_bot/worlds/home.world\n'}
[20.612784] (navigation_bot) StdoutLine: {'line': b'-- Up-to-date symlink: /home/fiend/Navigation_Bot/dev_ws/install/navigation_bot/share/navigation_bot/worlds/obstacle.world\n'}
[20.612970] (navigation_bot) StdoutLine: {'line': b'-- Up-to-date symlink: /home/fiend/Navigation_Bot/dev_ws/install/navigation_bot/share/navigation_bot/worlds/track.world\n'}
[20.613158] (navigation_bot) StdoutLine: {'line': b'-- Up-to-date symlink: /home/fiend/Navigation_Bot/dev_ws/install/navigation_bot/share/navigation_bot/worlds/turtleWorld.world\n'}
[20.613657] (navigation_bot) StdoutLine: {'line': b'-- Up-to-date symlink: /home/fiend/Navigation_Bot/dev_ws/install/navigation_bot/lib/navigation_bot/ImageCapture\n'}
[20.613950] (navigation_bot) StdoutLine: {'line': b'-- Up-to-date symlink: /home/fiend/Navigation_Bot/dev_ws/install/navigation_bot/lib/navigation_bot/Motor_Driver_Node\n'}
[20.614533] (navigation_bot) StdoutLine: {'line': b'-- Up-to-date symlink: /home/fiend/Navigation_Bot/dev_ws/install/navigation_bot/share/ament_index/resource_index/package_run_dependencies/navigation_bot\n'}
[20.615095] (navigation_bot) StdoutLine: {'line': b'-- Up-to-date symlink: /home/fiend/Navigation_Bot/dev_ws/install/navigation_bot/share/ament_index/resource_index/parent_prefix_path/navigation_bot\n'}
[20.615678] (navigation_bot) StdoutLine: {'line': b'-- Up-to-date symlink: /home/fiend/Navigation_Bot/dev_ws/install/navigation_bot/share/navigation_bot/environment/ament_prefix_path.sh\n'}
[20.616286] (navigation_bot) StdoutLine: {'line': b'-- Up-to-date symlink: /home/fiend/Navigation_Bot/dev_ws/install/navigation_bot/share/navigation_bot/environment/ament_prefix_path.dsv\n'}
[20.616765] (navigation_bot) StdoutLine: {'line': b'-- Up-to-date symlink: /home/fiend/Navigation_Bot/dev_ws/install/navigation_bot/share/navigation_bot/environment/path.sh\n'}
[20.617167] (navigation_bot) StdoutLine: {'line': b'-- Up-to-date symlink: /home/fiend/Navigation_Bot/dev_ws/install/navigation_bot/share/navigation_bot/environment/path.dsv\n'}
[20.617539] (navigation_bot) StdoutLine: {'line': b'-- Up-to-date symlink: /home/fiend/Navigation_Bot/dev_ws/install/navigation_bot/share/navigation_bot/local_setup.bash\n'}
[20.617969] (navigation_bot) StdoutLine: {'line': b'-- Up-to-date symlink: /home/fiend/Navigation_Bot/dev_ws/install/navigation_bot/share/navigation_bot/local_setup.sh\n'}
[20.618323] (navigation_bot) StdoutLine: {'line': b'-- Up-to-date symlink: /home/fiend/Navigation_Bot/dev_ws/install/navigation_bot/share/navigation_bot/local_setup.zsh\n'}
[20.618655] (navigation_bot) StdoutLine: {'line': b'-- Up-to-date symlink: /home/fiend/Navigation_Bot/dev_ws/install/navigation_bot/share/navigation_bot/local_setup.dsv\n'}
[20.618958] (navigation_bot) StdoutLine: {'line': b'-- Symlinking: /home/fiend/Navigation_Bot/dev_ws/install/navigation_bot/share/navigation_bot/package.dsv\n'}
[20.634077] (navigation_bot) StdoutLine: {'line': b'-- Up-to-date symlink: /home/fiend/Navigation_Bot/dev_ws/install/navigation_bot/share/ament_index/resource_index/packages/navigation_bot\n'}
[20.634488] (navigation_bot) StdoutLine: {'line': b'-- Up-to-date symlink: /home/fiend/Navigation_Bot/dev_ws/install/navigation_bot/share/navigation_bot/cmake/navigation_botConfig.cmake\n'}
[20.634783] (navigation_bot) StdoutLine: {'line': b'-- Up-to-date symlink: /home/fiend/Navigation_Bot/dev_ws/install/navigation_bot/share/navigation_bot/cmake/navigation_botConfig-version.cmake\n'}
[20.635050] (navigation_bot) StdoutLine: {'line': b'-- Up-to-date symlink: /home/fiend/Navigation_Bot/dev_ws/install/navigation_bot/share/navigation_bot/package.xml\n'}
[20.637665] (navigation_bot) CommandEnded: {'returncode': 0}
[20.681320] (-) TimerEvent: {}
[20.781889] (-) TimerEvent: {}
[20.882259] (-) TimerEvent: {}
[20.982988] (-) TimerEvent: {}
[21.009596] (navigation_bot) JobEnded: {'identifier': 'navigation_bot', 'rc': 0}
[21.010944] (-) EventReactorShutdown: {}
