[0.000000] (-) TimerEvent: {}
[0.000181] (navigation_bot) JobQueued: {'identifier': 'navigation_bot', 'dependencies': OrderedDict()}
[0.000500] (navigation_bot) JobStarted: {'identifier': 'navigation_bot'}
[0.092228] (navigation_bot) JobProgress: {'identifier': 'navigation_bot', 'progress': 'cmake'}
[0.094277] (navigation_bot) JobProgress: {'identifier': 'navigation_bot', 'progress': 'build'}
[0.094424] (navigation_bot) Command: {'cmd': ['/usr/bin/cmake', '--build', '/home/fiend/Navigation_Bot/dev_ws/build/navigation_bot', '--', '-j8', '-l8'], 'cwd': '/home/fiend/Navigation_Bot/dev_ws/build/navigation_bot', 'env': OrderedDict([('GJS_DEBUG_TOPICS', 'JS ERROR;JS LOG'), ('LESSOPEN', '| /usr/bin/lesspipe %s'), ('LANGUAGE', 'en_IN:en'), ('USER', 'fiend'), ('STARSHIP_SHELL', 'bash'), ('XDG_SESSION_TYPE', 'wayland'), ('SHLVL', '1'), ('LD_LIBRARY_PATH', '/opt/ros/humble/opt/rviz_ogre_vendor/lib:/opt/ros/humble/lib/x86_64-linux-gnu:/opt/ros/humble/lib'), ('HOME', '/home/fiend'), ('OLDPWD', '/home/fiend'), ('DESKTOP_SESSION', 'ubuntu'), ('GIO_LAUNCHED_DESKTOP_FILE', '/usr/share/applications/terminator.desktop'), ('ROS_PYTHON_VERSION', '3'), ('GNOME_SHELL_SESSION_MODE', 'ubuntu'), ('GTK_MODULES', 'gail:atk-bridge'), ('PS1', '\n\\[\x1b[38;5;156m\\]\\[\x1b[0m\\]\\[\x1b[38;5;166m\\]dev_ws\\[\x1b[0m\\]\\[\x1b[38;5;166m\\]\\[\x1b[0m\\] on \\[\x1b[38;5;162m\\]\ue0a0 \\[\x1b[0m\\]\\[\x1b[38;5;162m\\]main\\[\x1b[0m\\]\n\\[\x1b[1;38;5;166m\\]➜\\[\x1b[0m\\]'), ('MANAGERPID', '861'), ('SYSTEMD_EXEC_PID', '1015'), ('DBUS_SESSION_BUS_ADDRESS', 'unix:path=/run/user/1000/bus'), ('COLORTERM', 'truecolor'), ('GIO_LAUNCHED_DESKTOP_FILE_PID', '21631'), ('_colcon_cd_root', '/opt/ros/humble/'), ('IM_CONFIG_PHASE', '1'), ('WAYLAND_DISPLAY', 'wayland-0'), ('COLCON_PREFIX_PATH', '/home/fiend/LineFollowingRobot/ros_ws/install:/home/fiend/Navigation_Bot/dev_ws/install'), ('ROS_DISTRO', 'humble'), ('LOGNAME', 'fiend'), ('JOURNAL_STREAM', '8:22455'), ('_', '/usr/bin/colcon'), ('ROS_VERSION', '2'), ('XDG_SESSION_CLASS', 'user'), ('USERNAME', 'fiend'), ('TERM', 'xterm-256color'), ('GNOME_DESKTOP_SESSION_ID', 'this-is-deprecated'), ('ROS_LOCALHOST_ONLY', '0'), ('PATH', '/opt/ros/humble/bin:/home/fiend/.local/bin:/usr/local/sbin:/usr/local/bin:/usr/sbin:/usr/bin:/sbin:/bin:/usr/games:/usr/local/games:/snap/bin:/snap/bin'), ('SESSION_MANAGER', 'local/fiend-Lenovo-Yoga-C740-14IML:@/tmp/.ICE-unix/979,unix/fiend-Lenovo-Yoga-C740-14IML:/tmp/.ICE-unix/979'), ('INVOCATION_ID', '3fdbbc4af5f447298031a36ed1100046'), ('XDG_MENU_PREFIX', 'gnome-'), ('GNOME_SETUP_DISPLAY', ':1'), ('XDG_RUNTIME_DIR', '/run/user/1000'), ('DISPLAY', ':0'), ('LANG', 'en_US.UTF-8'), ('XDG_CURRENT_DESKTOP', 'ubuntu:GNOME'), ('IBUS_DISABLE_SNOOPER', '1'), ('XMODIFIERS', '@im=ibus'), ('XDG_SESSION_DESKTOP', 'ubuntu'), ('XAUTHORITY', '/run/user/1000/.mutter-Xwaylandauth.579GJ2'), ('LS_COLORS', 'di=34:ow=34:tw=34:fi=13:ln=31:pi=5:so=5:bd=5:cd=5:or=31:mi=0:ex=35:*.rpm=90:*.png=35:*.gif=36:*.jpg=35:*.c=92:*.py=93:*.h=90:*.txt=94:*.doc=104:*.odt=104:*.csv=102:*.xlsx=102:*.xlsm=102:*.rb=31:*.cpp=92:*.sh=92:*.html=96:*.zip=4;33:*.tar.gz=4;33:*.mp4=105:*.mp3=106'), ('SSH_AGENT_LAUNCHER', 'gnome-keyring'), ('SSH_AUTH_SOCK', '/run/user/1000/keyring/ssh'), ('AMENT_PREFIX_PATH', '/home/fiend/LineFollowingRobot/ros_ws/install/line_bhakt:/opt/ros/humble'), ('SHELL', '/bin/bash'), ('TERMINATOR_UUID', 'urn:uuid:55a8b1ef-0c73-4622-a352-6aaf49f0fb9b'), ('QT_ACCESSIBILITY', '1'), ('GDMSESSION', 'ubuntu'), ('LESSCLOSE', '/usr/bin/lesspipe %s %s'), ('GCC_COLORS', 'error=31:warning=35:note=36:caret=32:locus=01:quote=01'), ('GJS_DEBUG_OUTPUT', 'stderr'), ('QT_IM_MODULE', 'ibus'), ('PWD', '/home/fiend/Navigation_Bot/dev_ws/build/navigation_bot'), ('LC_ALL', 'en_US.UTF-8'), ('XDG_CONFIG_DIRS', '/etc/xdg/xdg-ubuntu:/etc/xdg'), ('XDG_DATA_DIRS', '/usr/share/ubuntu:/usr/local/share/:/usr/share/:/var/lib/snapd/desktop'), ('STARSHIP_SESSION_KEY', '7621396828694635'), ('PYTHONPATH', '/opt/ros/humble/lib/python3.10/site-packages:/opt/ros/humble/local/lib/python3.10/dist-packages'), ('COLCON', '1'), ('VTE_VERSION', '6800'), ('CMAKE_PREFIX_PATH', '/home/fiend/LineFollowingRobot/ros_ws/install/line_bhakt:/opt/ros/humble')]), 'shell': False}
[0.099826] (-) TimerEvent: {}
[0.128388] (navigation_bot) StdoutLine: {'line': b'-- Found rclcpp: 16.0.8 (/opt/ros/humble/share/rclcpp/cmake)\n'}
[0.199962] (-) TimerEvent: {}
[0.281871] (navigation_bot) StdoutLine: {'line': b'-- Override CMake install command with custom implementation using symlinks instead of copying resources\n'}
[0.300063] (-) TimerEvent: {}
[0.323989] (navigation_bot) StdoutLine: {'line': b'-- Found rosidl_generator_c: 3.1.5 (/opt/ros/humble/share/rosidl_generator_c/cmake)\n'}
[0.326822] (navigation_bot) StdoutLine: {'line': b'-- Found rosidl_adapter: 3.1.5 (/opt/ros/humble/share/rosidl_adapter/cmake)\n'}
[0.333712] (navigation_bot) StdoutLine: {'line': b'-- Found rosidl_generator_cpp: 3.1.5 (/opt/ros/humble/share/rosidl_generator_cpp/cmake)\n'}
[0.347496] (navigation_bot) StdoutLine: {'line': b'-- Using all available rosidl_typesupport_c: rosidl_typesupport_fastrtps_c;rosidl_typesupport_introspection_c\n'}
[0.364486] (navigation_bot) StdoutLine: {'line': b'-- Using all available rosidl_typesupport_cpp: rosidl_typesupport_fastrtps_cpp;rosidl_typesupport_introspection_cpp\n'}
[0.400151] (-) TimerEvent: {}
[0.433481] (navigation_bot) StdoutLine: {'line': b'-- Found rmw_implementation_cmake: 6.1.1 (/opt/ros/humble/share/rmw_implementation_cmake/cmake)\n'}
[0.435542] (navigation_bot) StdoutLine: {'line': b'-- Found rmw_fastrtps_cpp: 6.2.6 (/opt/ros/humble/share/rmw_fastrtps_cpp/cmake)\n'}
[0.500245] (-) TimerEvent: {}
[0.558099] (navigation_bot) StdoutLine: {'line': b"-- Using RMW implementation 'rmw_fastrtps_cpp' as default\n"}
[0.600353] (-) TimerEvent: {}
[0.700603] (-) TimerEvent: {}
[0.738077] (navigation_bot) StdoutLine: {'line': b'-- Found cv_bridge: 3.2.1 (/usr/local/share/cv_bridge/cmake)\n'}
[0.800708] (-) TimerEvent: {}
[0.900997] (-) TimerEvent: {}
[0.902388] (navigation_bot) StdoutLine: {'line': b'-- Found image_transport: 3.1.8 (/opt/ros/humble/share/image_transport/cmake)\n'}
[0.944144] (navigation_bot) StdoutLine: {'line': b'-- Found ament_lint_auto: 0.12.10 (/opt/ros/humble/share/ament_lint_auto/cmake)\n'}
[1.001104] (-) TimerEvent: {}
[1.016747] (navigation_bot) StdoutLine: {'line': b"-- Added test 'copyright' to check source files copyright and LICENSE\n"}
[1.019393] (navigation_bot) StdoutLine: {'line': b"-- Added test 'cppcheck' to perform static code analysis on C / C++ code\n"}
[1.019805] (navigation_bot) StdoutLine: {'line': b'-- Configured cppcheck include dirs: /home/fiend/Navigation_Bot/dev_ws/src/include\n'}
[1.019938] (navigation_bot) StdoutLine: {'line': b'-- Configured cppcheck exclude dirs and/or files: \n'}
[1.021261] (navigation_bot) StdoutLine: {'line': b"-- Added test 'cpplint' to check C / C++ code against the Google style\n"}
[1.021392] (navigation_bot) StdoutLine: {'line': b'-- Configured cpplint exclude dirs and/or files: \n'}
[1.021803] (navigation_bot) StdoutLine: {'line': b"-- Added test 'flake8' to check Python code syntax and style conventions\n"}
[1.022459] (navigation_bot) StdoutLine: {'line': b"-- Added test 'lint_cmake' to check CMake code style\n"}
[1.023009] (navigation_bot) StdoutLine: {'line': b"-- Added test 'pep257' to check Python code against some of the docstring style conventions in PEP 257\n"}
[1.024181] (navigation_bot) StdoutLine: {'line': b"-- Added test 'uncrustify' to check C / C++ code style\n"}
[1.024297] (navigation_bot) StdoutLine: {'line': b'-- Configured uncrustify additional arguments: \n'}
[1.024700] (navigation_bot) StdoutLine: {'line': b"-- Added test 'xmllint' to check XML markup files\n"}
[1.026014] (navigation_bot) StdoutLine: {'line': b'-- Configuring done\n'}
[1.041269] (navigation_bot) StdoutLine: {'line': b'-- Generating done\n'}
[1.042841] (navigation_bot) StdoutLine: {'line': b'-- Build files have been written to: /home/fiend/Navigation_Bot/dev_ws/build/navigation_bot\n'}
[1.076352] (navigation_bot) StdoutLine: {'line': b'[ 50%] \x1b[32mBuilding CXX object CMakeFiles/ImageCapture.dir/Executables/ImageCapture.cpp.o\x1b[0m\n'}
[1.076575] (navigation_bot) StdoutLine: {'line': b'[ 50%] \x1b[32mBuilding CXX object CMakeFiles/webcam_publisher.dir/Executables/WebCam.cpp.o\x1b[0m\n'}
[1.101198] (-) TimerEvent: {}
[1.201481] (-) TimerEvent: {}
[1.301750] (-) TimerEvent: {}
[1.402000] (-) TimerEvent: {}
[1.502283] (-) TimerEvent: {}
[1.602593] (-) TimerEvent: {}
[1.702900] (-) TimerEvent: {}
[1.803197] (-) TimerEvent: {}
[1.903499] (-) TimerEvent: {}
[2.003825] (-) TimerEvent: {}
[2.104162] (-) TimerEvent: {}
[2.204443] (-) TimerEvent: {}
[2.304737] (-) TimerEvent: {}
[2.404989] (-) TimerEvent: {}
[2.505240] (-) TimerEvent: {}
[2.605503] (-) TimerEvent: {}
[2.705750] (-) TimerEvent: {}
[2.805999] (-) TimerEvent: {}
[2.906250] (-) TimerEvent: {}
[3.006502] (-) TimerEvent: {}
[3.106744] (-) TimerEvent: {}
[3.207020] (-) TimerEvent: {}
[3.307276] (-) TimerEvent: {}
[3.407549] (-) TimerEvent: {}
[3.507849] (-) TimerEvent: {}
[3.608110] (-) TimerEvent: {}
[3.708378] (-) TimerEvent: {}
[3.808716] (-) TimerEvent: {}
[3.909026] (-) TimerEvent: {}
[4.009557] (-) TimerEvent: {}
[4.109893] (-) TimerEvent: {}
[4.210236] (-) TimerEvent: {}
[4.310579] (-) TimerEvent: {}
[4.410947] (-) TimerEvent: {}
[4.511295] (-) TimerEvent: {}
[4.611665] (-) TimerEvent: {}
[4.712162] (-) TimerEvent: {}
[4.812743] (-) TimerEvent: {}
[4.913211] (-) TimerEvent: {}
[5.013642] (-) TimerEvent: {}
[5.114030] (-) TimerEvent: {}
[5.214395] (-) TimerEvent: {}
[5.314781] (-) TimerEvent: {}
[5.415143] (-) TimerEvent: {}
[5.515558] (-) TimerEvent: {}
[5.615944] (-) TimerEvent: {}
[5.716293] (-) TimerEvent: {}
[5.816631] (-) TimerEvent: {}
[5.917002] (-) TimerEvent: {}
[6.017362] (-) TimerEvent: {}
[6.117731] (-) TimerEvent: {}
[6.218116] (-) TimerEvent: {}
[6.318448] (-) TimerEvent: {}
[6.418751] (-) TimerEvent: {}
[6.519098] (-) TimerEvent: {}
[6.619470] (-) TimerEvent: {}
[6.719837] (-) TimerEvent: {}
[6.820203] (-) TimerEvent: {}
[6.920572] (-) TimerEvent: {}
[7.020930] (-) TimerEvent: {}
[7.121228] (-) TimerEvent: {}
[7.221540] (-) TimerEvent: {}
[7.321914] (-) TimerEvent: {}
[7.422281] (-) TimerEvent: {}
[7.522617] (-) TimerEvent: {}
[7.623372] (-) TimerEvent: {}
[7.723678] (-) TimerEvent: {}
[7.823961] (-) TimerEvent: {}
[7.924235] (-) TimerEvent: {}
[8.024518] (-) TimerEvent: {}
[8.124811] (-) TimerEvent: {}
[8.225131] (-) TimerEvent: {}
[8.325408] (-) TimerEvent: {}
[8.425686] (-) TimerEvent: {}
[8.526029] (-) TimerEvent: {}
[8.569316] (navigation_bot) StdoutLine: {'line': b'[ 75%] \x1b[32m\x1b[1mLinking CXX executable webcam_publisher\x1b[0m\n'}
[8.626147] (-) TimerEvent: {}
[8.726634] (-) TimerEvent: {}
[8.827310] (-) TimerEvent: {}
[8.927886] (-) TimerEvent: {}
[9.028431] (-) TimerEvent: {}
[9.128733] (-) TimerEvent: {}
[9.196509] (navigation_bot) StdoutLine: {'line': b'[ 75%] Built target webcam_publisher\n'}
[9.228849] (-) TimerEvent: {}
[9.329154] (-) TimerEvent: {}
[9.429431] (-) TimerEvent: {}
[9.529695] (-) TimerEvent: {}
[9.629964] (-) TimerEvent: {}
[9.730233] (-) TimerEvent: {}
[9.830493] (-) TimerEvent: {}
[9.930743] (-) TimerEvent: {}
[10.030989] (-) TimerEvent: {}
[10.131228] (-) TimerEvent: {}
[10.231483] (-) TimerEvent: {}
[10.331737] (-) TimerEvent: {}
[10.431971] (-) TimerEvent: {}
[10.532203] (-) TimerEvent: {}
[10.632441] (-) TimerEvent: {}
[10.732689] (-) TimerEvent: {}
[10.832923] (-) TimerEvent: {}
[10.933165] (-) TimerEvent: {}
[11.033412] (-) TimerEvent: {}
[11.133673] (-) TimerEvent: {}
[11.233909] (-) TimerEvent: {}
[11.334163] (-) TimerEvent: {}
[11.434397] (-) TimerEvent: {}
[11.534648] (-) TimerEvent: {}
[11.634903] (-) TimerEvent: {}
[11.735144] (-) TimerEvent: {}
[11.835432] (-) TimerEvent: {}
[11.935693] (-) TimerEvent: {}
[12.035961] (-) TimerEvent: {}
[12.136228] (-) TimerEvent: {}
[12.236528] (-) TimerEvent: {}
[12.336791] (-) TimerEvent: {}
[12.437080] (-) TimerEvent: {}
[12.537381] (-) TimerEvent: {}
[12.637674] (-) TimerEvent: {}
[12.737923] (-) TimerEvent: {}
[12.785955] (navigation_bot) StdoutLine: {'line': b'[100%] \x1b[32m\x1b[1mLinking CXX executable ImageCapture\x1b[0m\n'}
[12.838050] (-) TimerEvent: {}
[12.938360] (-) TimerEvent: {}
[13.038735] (-) TimerEvent: {}
[13.139086] (-) TimerEvent: {}
[13.239433] (-) TimerEvent: {}
[13.339711] (-) TimerEvent: {}
[13.433036] (navigation_bot) StdoutLine: {'line': b'[100%] Built target ImageCapture\n'}
[13.439813] (-) TimerEvent: {}
[13.446145] (navigation_bot) CommandEnded: {'returncode': 0}
[13.474746] (navigation_bot) JobProgress: {'identifier': 'navigation_bot', 'progress': 'install'}
[13.486087] (navigation_bot) Command: {'cmd': ['/usr/bin/cmake', '--install', '/home/fiend/Navigation_Bot/dev_ws/build/navigation_bot'], 'cwd': '/home/fiend/Navigation_Bot/dev_ws/build/navigation_bot', 'env': OrderedDict([('GJS_DEBUG_TOPICS', 'JS ERROR;JS LOG'), ('LESSOPEN', '| /usr/bin/lesspipe %s'), ('LANGUAGE', 'en_IN:en'), ('USER', 'fiend'), ('STARSHIP_SHELL', 'bash'), ('XDG_SESSION_TYPE', 'wayland'), ('SHLVL', '1'), ('LD_LIBRARY_PATH', '/opt/ros/humble/opt/rviz_ogre_vendor/lib:/opt/ros/humble/lib/x86_64-linux-gnu:/opt/ros/humble/lib'), ('HOME', '/home/fiend'), ('OLDPWD', '/home/fiend'), ('DESKTOP_SESSION', 'ubuntu'), ('GIO_LAUNCHED_DESKTOP_FILE', '/usr/share/applications/terminator.desktop'), ('ROS_PYTHON_VERSION', '3'), ('GNOME_SHELL_SESSION_MODE', 'ubuntu'), ('GTK_MODULES', 'gail:atk-bridge'), ('PS1', '\n\\[\x1b[38;5;156m\\]\\[\x1b[0m\\]\\[\x1b[38;5;166m\\]dev_ws\\[\x1b[0m\\]\\[\x1b[38;5;166m\\]\\[\x1b[0m\\] on \\[\x1b[38;5;162m\\]\ue0a0 \\[\x1b[0m\\]\\[\x1b[38;5;162m\\]main\\[\x1b[0m\\]\n\\[\x1b[1;38;5;166m\\]➜\\[\x1b[0m\\]'), ('MANAGERPID', '861'), ('SYSTEMD_EXEC_PID', '1015'), ('DBUS_SESSION_BUS_ADDRESS', 'unix:path=/run/user/1000/bus'), ('COLORTERM', 'truecolor'), ('GIO_LAUNCHED_DESKTOP_FILE_PID', '21631'), ('_colcon_cd_root', '/opt/ros/humble/'), ('IM_CONFIG_PHASE', '1'), ('WAYLAND_DISPLAY', 'wayland-0'), ('COLCON_PREFIX_PATH', '/home/fiend/LineFollowingRobot/ros_ws/install:/home/fiend/Navigation_Bot/dev_ws/install'), ('ROS_DISTRO', 'humble'), ('LOGNAME', 'fiend'), ('JOURNAL_STREAM', '8:22455'), ('_', '/usr/bin/colcon'), ('ROS_VERSION', '2'), ('XDG_SESSION_CLASS', 'user'), ('USERNAME', 'fiend'), ('TERM', 'xterm-256color'), ('GNOME_DESKTOP_SESSION_ID', 'this-is-deprecated'), ('ROS_LOCALHOST_ONLY', '0'), ('PATH', '/opt/ros/humble/bin:/home/fiend/.local/bin:/usr/local/sbin:/usr/local/bin:/usr/sbin:/usr/bin:/sbin:/bin:/usr/games:/usr/local/games:/snap/bin:/snap/bin'), ('SESSION_MANAGER', 'local/fiend-Lenovo-Yoga-C740-14IML:@/tmp/.ICE-unix/979,unix/fiend-Lenovo-Yoga-C740-14IML:/tmp/.ICE-unix/979'), ('INVOCATION_ID', '3fdbbc4af5f447298031a36ed1100046'), ('XDG_MENU_PREFIX', 'gnome-'), ('GNOME_SETUP_DISPLAY', ':1'), ('XDG_RUNTIME_DIR', '/run/user/1000'), ('DISPLAY', ':0'), ('LANG', 'en_US.UTF-8'), ('XDG_CURRENT_DESKTOP', 'ubuntu:GNOME'), ('IBUS_DISABLE_SNOOPER', '1'), ('XMODIFIERS', '@im=ibus'), ('XDG_SESSION_DESKTOP', 'ubuntu'), ('XAUTHORITY', '/run/user/1000/.mutter-Xwaylandauth.579GJ2'), ('LS_COLORS', 'di=34:ow=34:tw=34:fi=13:ln=31:pi=5:so=5:bd=5:cd=5:or=31:mi=0:ex=35:*.rpm=90:*.png=35:*.gif=36:*.jpg=35:*.c=92:*.py=93:*.h=90:*.txt=94:*.doc=104:*.odt=104:*.csv=102:*.xlsx=102:*.xlsm=102:*.rb=31:*.cpp=92:*.sh=92:*.html=96:*.zip=4;33:*.tar.gz=4;33:*.mp4=105:*.mp3=106'), ('SSH_AGENT_LAUNCHER', 'gnome-keyring'), ('SSH_AUTH_SOCK', '/run/user/1000/keyring/ssh'), ('AMENT_PREFIX_PATH', '/home/fiend/LineFollowingRobot/ros_ws/install/line_bhakt:/opt/ros/humble'), ('SHELL', '/bin/bash'), ('TERMINATOR_UUID', 'urn:uuid:55a8b1ef-0c73-4622-a352-6aaf49f0fb9b'), ('QT_ACCESSIBILITY', '1'), ('GDMSESSION', 'ubuntu'), ('LESSCLOSE', '/usr/bin/lesspipe %s %s'), ('GCC_COLORS', 'error=31:warning=35:note=36:caret=32:locus=01:quote=01'), ('GJS_DEBUG_OUTPUT', 'stderr'), ('QT_IM_MODULE', 'ibus'), ('PWD', '/home/fiend/Navigation_Bot/dev_ws/build/navigation_bot'), ('LC_ALL', 'en_US.UTF-8'), ('XDG_CONFIG_DIRS', '/etc/xdg/xdg-ubuntu:/etc/xdg'), ('XDG_DATA_DIRS', '/usr/share/ubuntu:/usr/local/share/:/usr/share/:/var/lib/snapd/desktop'), ('STARSHIP_SESSION_KEY', '7621396828694635'), ('PYTHONPATH', '/opt/ros/humble/lib/python3.10/site-packages:/opt/ros/humble/local/lib/python3.10/dist-packages'), ('COLCON', '1'), ('VTE_VERSION', '6800'), ('CMAKE_PREFIX_PATH', '/home/fiend/LineFollowingRobot/ros_ws/install/line_bhakt:/opt/ros/humble')]), 'shell': False}
[13.497352] (navigation_bot) StdoutLine: {'line': b'-- Install configuration: ""\n'}
[13.498694] (navigation_bot) StdoutLine: {'line': b'-- Execute custom install script\n'}
[13.500131] (navigation_bot) StdoutLine: {'line': b'-- Symlinking: /home/fiend/Navigation_Bot/dev_ws/install/navigation_bot/share/navigation_bot/config/empty.yaml\n'}
[13.511490] (navigation_bot) StdoutLine: {'line': b'-- Symlinking: /home/fiend/Navigation_Bot/dev_ws/install/navigation_bot/share/navigation_bot/config/my_controller.yaml\n'}
[13.521247] (navigation_bot) StdoutLine: {'line': b'-- Symlinking: /home/fiend/Navigation_Bot/dev_ws/install/navigation_bot/share/navigation_bot/config/my_teleop_params.yaml\n'}
[13.532615] (navigation_bot) StdoutLine: {'line': b'-- Symlinking: /home/fiend/Navigation_Bot/dev_ws/install/navigation_bot/share/navigation_bot/description/Depth_camera.xacro\n'}
[13.539944] (-) TimerEvent: {}
[13.543567] (navigation_bot) StdoutLine: {'line': b'-- Symlinking: /home/fiend/Navigation_Bot/dev_ws/install/navigation_bot/share/navigation_bot/description/camera.xacro\n'}
[13.555010] (navigation_bot) StdoutLine: {'line': b'-- Symlinking: /home/fiend/Navigation_Bot/dev_ws/install/navigation_bot/share/navigation_bot/description/gazebo_control.xacro\n'}
[13.565593] (navigation_bot) StdoutLine: {'line': b'-- Symlinking: /home/fiend/Navigation_Bot/dev_ws/install/navigation_bot/share/navigation_bot/description/inertial_macros.xacro\n'}
[13.575796] (navigation_bot) StdoutLine: {'line': b'-- Symlinking: /home/fiend/Navigation_Bot/dev_ws/install/navigation_bot/share/navigation_bot/description/lidar.xacro\n'}
[13.586650] (navigation_bot) StdoutLine: {'line': b'-- Symlinking: /home/fiend/Navigation_Bot/dev_ws/install/navigation_bot/share/navigation_bot/description/robot.urdf.xacro\n'}
[13.597078] (navigation_bot) StdoutLine: {'line': b'-- Symlinking: /home/fiend/Navigation_Bot/dev_ws/install/navigation_bot/share/navigation_bot/description/robot_core.xacro\n'}
[13.606825] (navigation_bot) StdoutLine: {'line': b'-- Symlinking: /home/fiend/Navigation_Bot/dev_ws/install/navigation_bot/share/navigation_bot/description/ros2_control.xacro\n'}
[13.617856] (navigation_bot) StdoutLine: {'line': b'-- Symlinking: /home/fiend/Navigation_Bot/dev_ws/install/navigation_bot/share/navigation_bot/launch/launch_sim.launch.py\n'}
[13.629931] (navigation_bot) StdoutLine: {'line': b'-- Symlinking: /home/fiend/Navigation_Bot/dev_ws/install/navigation_bot/share/navigation_bot/launch/rsp.launch.py\n'}
[13.639842] (navigation_bot) StdoutLine: {'line': b'-- Symlinking: /home/fiend/Navigation_Bot/dev_ws/install/navigation_bot/share/navigation_bot/launch/teleop_twist.launch.py\n'}
[13.640033] (-) TimerEvent: {}
[13.650060] (navigation_bot) StdoutLine: {'line': b'-- Symlinking: /home/fiend/Navigation_Bot/dev_ws/install/navigation_bot/share/navigation_bot/worlds/empty.world\n'}
[13.660906] (navigation_bot) StdoutLine: {'line': b'-- Symlinking: /home/fiend/Navigation_Bot/dev_ws/install/navigation_bot/share/navigation_bot/worlds/home.world\n'}
[13.670724] (navigation_bot) StdoutLine: {'line': b'-- Symlinking: /home/fiend/Navigation_Bot/dev_ws/install/navigation_bot/share/navigation_bot/worlds/obstacle.world\n'}
[13.682641] (navigation_bot) StdoutLine: {'line': b'-- Symlinking: /home/fiend/Navigation_Bot/dev_ws/install/navigation_bot/share/navigation_bot/worlds/track.world\n'}
[13.692148] (navigation_bot) StdoutLine: {'line': b'-- Symlinking: /home/fiend/Navigation_Bot/dev_ws/install/navigation_bot/share/navigation_bot/worlds/turtleWorld.world\n'}
[13.703371] (navigation_bot) StdoutLine: {'line': b'-- Symlinking: /home/fiend/Navigation_Bot/dev_ws/install/navigation_bot/lib/navigation_bot/ImageCapture\n'}
[13.713366] (navigation_bot) StdoutLine: {'line': b'-- Symlinking: /home/fiend/Navigation_Bot/dev_ws/install/navigation_bot/lib/navigation_bot/webcam_publisher\n'}
[13.723141] (navigation_bot) StdoutLine: {'line': b'-- Symlinking: /home/fiend/Navigation_Bot/dev_ws/install/navigation_bot/share/ament_index/resource_index/package_run_dependencies/navigation_bot\n'}
[13.733419] (navigation_bot) StdoutLine: {'line': b'-- Symlinking: /home/fiend/Navigation_Bot/dev_ws/install/navigation_bot/share/ament_index/resource_index/parent_prefix_path/navigation_bot\n'}
[13.740150] (-) TimerEvent: {}
[13.751294] (navigation_bot) StdoutLine: {'line': b'-- Symlinking: /home/fiend/Navigation_Bot/dev_ws/install/navigation_bot/share/navigation_bot/environment/ament_prefix_path.sh\n'}
[13.761148] (navigation_bot) StdoutLine: {'line': b'-- Symlinking: /home/fiend/Navigation_Bot/dev_ws/install/navigation_bot/share/navigation_bot/environment/ament_prefix_path.dsv\n'}
[13.771135] (navigation_bot) StdoutLine: {'line': b'-- Symlinking: /home/fiend/Navigation_Bot/dev_ws/install/navigation_bot/share/navigation_bot/environment/path.sh\n'}
[13.782557] (navigation_bot) StdoutLine: {'line': b'-- Symlinking: /home/fiend/Navigation_Bot/dev_ws/install/navigation_bot/share/navigation_bot/environment/path.dsv\n'}
[13.791694] (navigation_bot) StdoutLine: {'line': b'-- Symlinking: /home/fiend/Navigation_Bot/dev_ws/install/navigation_bot/share/navigation_bot/local_setup.bash\n'}
[13.801769] (navigation_bot) StdoutLine: {'line': b'-- Symlinking: /home/fiend/Navigation_Bot/dev_ws/install/navigation_bot/share/navigation_bot/local_setup.sh\n'}
[13.812147] (navigation_bot) StdoutLine: {'line': b'-- Symlinking: /home/fiend/Navigation_Bot/dev_ws/install/navigation_bot/share/navigation_bot/local_setup.zsh\n'}
[13.821540] (navigation_bot) StdoutLine: {'line': b'-- Symlinking: /home/fiend/Navigation_Bot/dev_ws/install/navigation_bot/share/navigation_bot/local_setup.dsv\n'}
[13.832043] (navigation_bot) StdoutLine: {'line': b'-- Symlinking: /home/fiend/Navigation_Bot/dev_ws/install/navigation_bot/share/navigation_bot/package.dsv\n'}
[13.840245] (-) TimerEvent: {}
[13.841439] (navigation_bot) StdoutLine: {'line': b'-- Symlinking: /home/fiend/Navigation_Bot/dev_ws/install/navigation_bot/share/ament_index/resource_index/packages/navigation_bot\n'}
[13.851085] (navigation_bot) StdoutLine: {'line': b'-- Symlinking: /home/fiend/Navigation_Bot/dev_ws/install/navigation_bot/share/navigation_bot/cmake/navigation_botConfig.cmake\n'}
[13.861081] (navigation_bot) StdoutLine: {'line': b'-- Symlinking: /home/fiend/Navigation_Bot/dev_ws/install/navigation_bot/share/navigation_bot/cmake/navigation_botConfig-version.cmake\n'}
[13.871915] (navigation_bot) StdoutLine: {'line': b'-- Symlinking: /home/fiend/Navigation_Bot/dev_ws/install/navigation_bot/share/navigation_bot/package.xml\n'}
[13.884460] (navigation_bot) CommandEnded: {'returncode': 0}
[13.940440] (-) TimerEvent: {}
[14.040742] (-) TimerEvent: {}
[14.141006] (-) TimerEvent: {}
[14.164656] (navigation_bot) JobEnded: {'identifier': 'navigation_bot', 'rc': 0}
[14.165579] (-) EventReactorShutdown: {}
