[1.986s] DEBUG:colcon:Command line arguments: ['/usr/bin/colcon', 'list']
[1.986s] DEBUG:colcon:Parsed command line arguments: Namespace(log_base=None, log_level=None, verb_name='list', build_base='build', ignore_user_meta=False, metas=['./colcon.meta'], base_paths=['.'], packages_ignore=None, packages_ignore_regex=None, paths=None, packages_up_to=None, packages_up_to_regex=None, packages_above=None, packages_above_and_dependencies=None, packages_above_depth=None, packages_select_by_dep=None, packages_skip_by_dep=None, packages_skip_up_to=None, packages_select_build_failed=False, packages_skip_build_finished=False, packages_select_test_failures=False, packages_skip_test_passed=False, packages_select=None, packages_skip=None, packages_select_regex=None, packages_skip_regex=None, packages_start=None, packages_end=None, allow_overriding=[], topological_order=False, names_only=False, paths_only=False, topological_graph=False, topological_graph_dot=False, topological_graph_density=False, topological_graph_legend=False, topological_graph_dot_cluster=False, topological_graph_dot_include_skipped=False, verb_parser=<colcon_defaults.argument_parser.defaults.DefaultArgumentsDecorator object at 0x7f7c03f3c3d0>, verb_extension=<colcon_package_information.verb.list.ListVerb object at 0x7f7c03f44370>, main=<bound method ListVerb.main of <colcon_package_information.verb.list.ListVerb object at 0x7f7c03f44370>>)
[2.097s] Level 1:colcon.colcon_core.package_discovery:discover_packages(colcon_meta) check parameters
[2.098s] Level 1:colcon.colcon_core.package_discovery:discover_packages(recursive) check parameters
[2.098s] Level 1:colcon.colcon_core.package_discovery:discover_packages(ignore) check parameters
[2.098s] Level 1:colcon.colcon_core.package_discovery:discover_packages(path) check parameters
[2.098s] Level 1:colcon.colcon_core.package_discovery:discover_packages(colcon_meta) discover
[2.098s] Level 1:colcon.colcon_core.package_discovery:discover_packages(recursive) discover
[2.098s] INFO:colcon.colcon_core.package_discovery:Crawling recursively for packages in '/home/fiend/Navigation_Bot/dev_ws'
[2.098s] Level 1:colcon.colcon_core.package_identification:_identify(.) by extensions ['ignore', 'ignore_ament_install']
[2.099s] Level 1:colcon.colcon_core.package_identification:_identify(.) by extension 'ignore'
[2.099s] Level 1:colcon.colcon_core.package_identification:_identify(.) by extension 'ignore_ament_install'
[2.099s] Level 1:colcon.colcon_core.package_identification:_identify(.) by extensions ['colcon_pkg']
[2.099s] Level 1:colcon.colcon_core.package_identification:_identify(.) by extension 'colcon_pkg'
[2.099s] Level 1:colcon.colcon_core.package_identification:_identify(.) by extensions ['colcon_meta']
[2.099s] Level 1:colcon.colcon_core.package_identification:_identify(.) by extension 'colcon_meta'
[2.099s] Level 1:colcon.colcon_core.package_identification:_identify(.) by extensions ['ros']
[2.099s] Level 1:colcon.colcon_core.package_identification:_identify(.) by extension 'ros'
[2.122s] Level 1:colcon.colcon_core.package_identification:_identify(.) by extensions ['cmake', 'python']
[2.122s] Level 1:colcon.colcon_core.package_identification:_identify(.) by extension 'cmake'
[2.122s] Level 1:colcon.colcon_core.package_identification:_identify(.) by extension 'python'
[2.122s] Level 1:colcon.colcon_core.package_identification:_identify(.) by extensions ['python_setup_py']
[2.122s] Level 1:colcon.colcon_core.package_identification:_identify(.) by extension 'python_setup_py'
[2.122s] Level 1:colcon.colcon_core.package_identification:_identify(build) by extensions ['ignore', 'ignore_ament_install']
[2.123s] Level 1:colcon.colcon_core.package_identification:_identify(build) by extension 'ignore'
[2.123s] Level 1:colcon.colcon_core.package_identification:_identify(build) ignored
[2.123s] Level 1:colcon.colcon_core.package_identification:_identify(install) by extensions ['ignore', 'ignore_ament_install']
[2.123s] Level 1:colcon.colcon_core.package_identification:_identify(install) by extension 'ignore'
[2.123s] Level 1:colcon.colcon_core.package_identification:_identify(install) ignored
[2.124s] Level 1:colcon.colcon_core.package_identification:_identify(log) by extensions ['ignore', 'ignore_ament_install']
[2.124s] Level 1:colcon.colcon_core.package_identification:_identify(log) by extension 'ignore'
[2.124s] Level 1:colcon.colcon_core.package_identification:_identify(log) ignored
[2.124s] Level 1:colcon.colcon_core.package_identification:_identify(src) by extensions ['ignore', 'ignore_ament_install']
[2.125s] Level 1:colcon.colcon_core.package_identification:_identify(src) by extension 'ignore'
[2.125s] Level 1:colcon.colcon_core.package_identification:_identify(src) by extension 'ignore_ament_install'
[2.125s] Level 1:colcon.colcon_core.package_identification:_identify(src) by extensions ['colcon_pkg']
[2.125s] Level 1:colcon.colcon_core.package_identification:_identify(src) by extension 'colcon_pkg'
[2.125s] Level 1:colcon.colcon_core.package_identification:_identify(src) by extensions ['colcon_meta']
[2.125s] Level 1:colcon.colcon_core.package_identification:_identify(src) by extension 'colcon_meta'
[2.126s] Level 1:colcon.colcon_core.package_identification:_identify(src) by extensions ['ros']
[2.126s] Level 1:colcon.colcon_core.package_identification:_identify(src) by extension 'ros'
[2.131s] DEBUG:colcon.colcon_core.package_identification:Package 'src' with type 'ros.ament_cmake' and name 'navigation_bot'
[2.131s] Level 1:colcon.colcon_core.package_discovery:discover_packages(recursive) using defaults
[2.131s] Level 1:colcon.colcon_core.package_discovery:discover_packages(ignore) discover
[2.131s] Level 1:colcon.colcon_core.package_discovery:discover_packages(ignore) using defaults
[2.132s] Level 1:colcon.colcon_core.package_discovery:discover_packages(path) discover
[2.132s] Level 1:colcon.colcon_core.package_discovery:discover_packages(path) using defaults
