[0.000000] (-) TimerEvent: {}
[0.001120] (navigation_bot) JobQueued: {'identifier': 'navigation_bot', 'dependencies': OrderedDict()}
[0.001195] (navigation_bot) JobStarted: {'identifier': 'navigation_bot'}
[0.097155] (-) TimerEvent: {}
[0.197596] (-) TimerEvent: {}
[0.298519] (-) TimerEvent: {}
[0.334132] (navigation_bot) JobProgress: {'identifier': 'navigation_bot', 'progress': 'cmake'}
[0.335916] (navigation_bot) JobProgress: {'identifier': 'navigation_bot', 'progress': 'build'}
[0.337808] (navigation_bot) Command: {'cmd': ['/usr/bin/cmake', '--build', '/home/fiend/Navigation_Bot/dev_ws/build/navigation_bot', '--', '-j8', '-l8'], 'cwd': '/home/fiend/Navigation_Bot/dev_ws/build/navigation_bot', 'env': OrderedDict([('GJS_DEBUG_TOPICS', 'JS ERROR;JS LOG'), ('LESSOPEN', '| /usr/bin/lesspipe %s'), ('LANGUAGE', 'en_IN:en'), ('USER', 'fiend'), ('STARSHIP_SHELL', 'bash'), ('XDG_SESSION_TYPE', 'wayland'), ('SHLVL', '1'), ('LD_LIBRARY_PATH', '/usr/lib/x86_64-linux-gnu/gazebo-11/plugins:/opt/ros/humble/opt/rviz_ogre_vendor/lib:/opt/ros/humble/lib/x86_64-linux-gnu:/opt/ros/humble/lib'), ('HOME', '/home/fiend'), ('OLDPWD', '/home/fiend/Navigation_Bot'), ('DESKTOP_SESSION', 'ubuntu'), ('GIO_LAUNCHED_DESKTOP_FILE', '/usr/share/applications/terminator.desktop'), ('ROS_PYTHON_VERSION', '3'), ('GNOME_SHELL_SESSION_MODE', 'ubuntu'), ('GTK_MODULES', 'gail:atk-bridge'), ('PS1', '\n\\[\x1b[38;5;156m\\]\\[\x1b[0m\\]\\[\x1b[38;5;166m\\]dev_ws\\[\x1b[0m\\]\\[\x1b[38;5;166m\\]\\[\x1b[0m\\] on \\[\x1b[38;5;162m\\]\ue0a0 \\[\x1b[0m\\]\\[\x1b[38;5;162m\\]main\\[\x1b[0m\\] underwent \\[\x1b[36m\\]51s\\[\x1b[0m\\]\n\\[\x1b[1;38;5;166m\\]➜\\[\x1b[0m\\]'), ('MANAGERPID', '865'), ('SYSTEMD_EXEC_PID', '1038'), ('DBUS_SESSION_BUS_ADDRESS', 'unix:path=/run/user/1000/bus'), ('COLORTERM', 'truecolor'), ('GIO_LAUNCHED_DESKTOP_FILE_PID', '5627'), ('_colcon_cd_root', '/opt/ros/humble/'), ('IM_CONFIG_PHASE', '1'), ('WAYLAND_DISPLAY', 'wayland-0'), ('COLCON_PREFIX_PATH', '/home/fiend/Navigation_Bot/dev_ws/install:/home/fiend/voice_grab/ros2_ws/install:/home/fiend/LineFollowingRobot/ros_ws/install:/home/fiend/ROS/practice_codes_ROS2/articubot_one/install'), ('ROS_DISTRO', 'humble'), ('LOGNAME', 'fiend'), ('JOURNAL_STREAM', '8:30767'), ('_', '/usr/bin/colcon'), ('ROS_VERSION', '2'), ('XDG_SESSION_CLASS', 'user'), ('USERNAME', 'fiend'), ('TERM', 'xterm-256color'), ('GNOME_DESKTOP_SESSION_ID', 'this-is-deprecated'), ('ROS_LOCALHOST_ONLY', '0'), ('PATH', '/opt/ros/humble/bin:/home/fiend/.local/bin:/usr/local/sbin:/usr/local/bin:/usr/sbin:/usr/bin:/sbin:/bin:/usr/games:/usr/local/games:/snap/bin:/snap/bin'), ('SESSION_MANAGER', 'local/fiend-Lenovo-Yoga-C740-14IML:@/tmp/.ICE-unix/1008,unix/fiend-Lenovo-Yoga-C740-14IML:/tmp/.ICE-unix/1008'), ('INVOCATION_ID', '37512f0c72ec48d79a8a8f1894f11f4d'), ('XDG_MENU_PREFIX', 'gnome-'), ('GNOME_SETUP_DISPLAY', ':1'), ('XDG_RUNTIME_DIR', '/run/user/1000'), ('DISPLAY', ':0'), ('LANG', 'en_US.UTF-8'), ('XDG_CURRENT_DESKTOP', 'ubuntu:GNOME'), ('IBUS_DISABLE_SNOOPER', '1'), ('XMODIFIERS', '@im=ibus'), ('XDG_SESSION_DESKTOP', 'ubuntu'), ('XAUTHORITY', '/run/user/1000/.mutter-Xwaylandauth.UJJAK2'), ('LS_COLORS', 'di=34:ow=34:tw=34:fi=13:ln=31:pi=5:so=5:bd=5:cd=5:or=31:mi=0:ex=35:*.rpm=90:*.png=35:*.gif=36:*.jpg=35:*.c=92:*.py=93:*.h=90:*.txt=94:*.doc=104:*.odt=104:*.csv=102:*.xlsx=102:*.xlsm=102:*.rb=31:*.cpp=92:*.sh=92:*.html=96:*.zip=4;33:*.tar.gz=4;33:*.mp4=105:*.mp3=106'), ('SSH_AGENT_LAUNCHER', 'gnome-keyring'), ('SSH_AUTH_SOCK', '/run/user/1000/keyring/ssh'), ('AMENT_PREFIX_PATH', '/home/fiend/Navigation_Bot/dev_ws/install/navigation_bot:/home/fiend/LineFollowingRobot/ros_ws/install/line_bhakt:/home/fiend/ROS/practice_codes_ROS2/articubot_one/install/articubot_one:/opt/ros/humble'), ('SHELL', '/bin/bash'), ('TERMINATOR_UUID', 'urn:uuid:de10c5cb-7f42-4ea2-ad3f-7446c017e8fd'), ('QT_ACCESSIBILITY', '1'), ('GDMSESSION', 'ubuntu'), ('LESSCLOSE', '/usr/bin/lesspipe %s %s'), ('GCC_COLORS', 'error=31:warning=35:note=36:caret=32:locus=01:quote=01'), ('GJS_DEBUG_OUTPUT', 'stderr'), ('QT_IM_MODULE', 'ibus'), ('PWD', '/home/fiend/Navigation_Bot/dev_ws/build/navigation_bot'), ('LC_ALL', 'en_US.UTF-8'), ('XDG_CONFIG_DIRS', '/etc/xdg/xdg-ubuntu:/etc/xdg'), ('XDG_DATA_DIRS', '/usr/share/ubuntu:/home/fiend/.local/share/flatpak/exports/share:/var/lib/flatpak/exports/share:/usr/local/share/:/usr/share/:/var/lib/snapd/desktop'), ('STARSHIP_SESSION_KEY', '2059017139146452'), ('PYTHONPATH', '/opt/ros/humble/lib/python3.10/site-packages:/opt/ros/humble/local/lib/python3.10/dist-packages'), ('COLCON', '1'), ('VTE_VERSION', '6800'), ('CMAKE_PREFIX_PATH', '/home/fiend/Navigation_Bot/dev_ws/install/navigation_bot:/home/fiend/LineFollowingRobot/ros_ws/install/line_bhakt:/home/fiend/ROS/practice_codes_ROS2/articubot_one/install/articubot_one:/opt/ros/humble')]), 'shell': False}
[0.398675] (-) TimerEvent: {}
[0.456075] (navigation_bot) StdoutLine: {'line': b'\x1b[35m\x1b[1mConsolidate compiler generated dependencies of target Motor_Driver_Node\x1b[0m\n'}
[0.484733] (navigation_bot) StdoutLine: {'line': b'[ 50%] Built target ImageCapture\n'}
[0.494825] (navigation_bot) StdoutLine: {'line': b'[ 75%] \x1b[32mBuilding CXX object CMakeFiles/Motor_Driver_Node.dir/Executables/follower.cpp.o\x1b[0m\n'}
[0.498784] (-) TimerEvent: {}
[0.599144] (-) TimerEvent: {}
[0.699616] (-) TimerEvent: {}
[0.800058] (-) TimerEvent: {}
[0.900454] (-) TimerEvent: {}
[1.000899] (-) TimerEvent: {}
[1.101407] (-) TimerEvent: {}
[1.201819] (-) TimerEvent: {}
[1.302214] (-) TimerEvent: {}
[1.402582] (-) TimerEvent: {}
[1.502952] (-) TimerEvent: {}
[1.603383] (-) TimerEvent: {}
[1.703775] (-) TimerEvent: {}
[1.804156] (-) TimerEvent: {}
[1.904760] (-) TimerEvent: {}
[2.005125] (-) TimerEvent: {}
[2.105493] (-) TimerEvent: {}
[2.205900] (-) TimerEvent: {}
[2.306327] (-) TimerEvent: {}
[2.406753] (-) TimerEvent: {}
[2.507222] (-) TimerEvent: {}
[2.607653] (-) TimerEvent: {}
[2.708083] (-) TimerEvent: {}
[2.808533] (-) TimerEvent: {}
[2.908966] (-) TimerEvent: {}
[3.009385] (-) TimerEvent: {}
[3.109804] (-) TimerEvent: {}
[3.210258] (-) TimerEvent: {}
[3.310663] (-) TimerEvent: {}
[3.411036] (-) TimerEvent: {}
[3.511402] (-) TimerEvent: {}
[3.611786] (-) TimerEvent: {}
[3.712157] (-) TimerEvent: {}
[3.812524] (-) TimerEvent: {}
[3.912939] (-) TimerEvent: {}
[4.013349] (-) TimerEvent: {}
[4.113734] (-) TimerEvent: {}
[4.214127] (-) TimerEvent: {}
[4.314496] (-) TimerEvent: {}
[4.414892] (-) TimerEvent: {}
[4.515275] (-) TimerEvent: {}
[4.615656] (-) TimerEvent: {}
[4.716034] (-) TimerEvent: {}
[4.816414] (-) TimerEvent: {}
[4.916815] (-) TimerEvent: {}
[5.017239] (-) TimerEvent: {}
[5.117634] (-) TimerEvent: {}
[5.218002] (-) TimerEvent: {}
[5.318379] (-) TimerEvent: {}
[5.418755] (-) TimerEvent: {}
[5.519134] (-) TimerEvent: {}
[5.619549] (-) TimerEvent: {}
[5.719927] (-) TimerEvent: {}
[5.820296] (-) TimerEvent: {}
[5.920667] (-) TimerEvent: {}
[6.021041] (-) TimerEvent: {}
[6.121420] (-) TimerEvent: {}
[6.221829] (-) TimerEvent: {}
[6.322209] (-) TimerEvent: {}
[6.422591] (-) TimerEvent: {}
[6.522967] (-) TimerEvent: {}
[6.623383] (-) TimerEvent: {}
[6.723787] (-) TimerEvent: {}
[6.824198] (-) TimerEvent: {}
[6.924575] (-) TimerEvent: {}
[7.025000] (-) TimerEvent: {}
[7.125380] (-) TimerEvent: {}
[7.225750] (-) TimerEvent: {}
[7.326169] (-) TimerEvent: {}
[7.426543] (-) TimerEvent: {}
[7.526918] (-) TimerEvent: {}
[7.627280] (-) TimerEvent: {}
[7.727664] (-) TimerEvent: {}
[7.828033] (-) TimerEvent: {}
[7.928439] (-) TimerEvent: {}
[8.028962] (-) TimerEvent: {}
[8.129381] (-) TimerEvent: {}
[8.229913] (-) TimerEvent: {}
[8.330318] (-) TimerEvent: {}
[8.430814] (-) TimerEvent: {}
[8.531390] (-) TimerEvent: {}
[8.632025] (-) TimerEvent: {}
[8.732536] (-) TimerEvent: {}
[8.833115] (-) TimerEvent: {}
[8.933615] (-) TimerEvent: {}
[9.034155] (-) TimerEvent: {}
[9.134922] (-) TimerEvent: {}
[9.235437] (-) TimerEvent: {}
[9.335968] (-) TimerEvent: {}
[9.436373] (-) TimerEvent: {}
[9.536819] (-) TimerEvent: {}
[9.637322] (-) TimerEvent: {}
[9.738259] (-) TimerEvent: {}
[9.839059] (-) TimerEvent: {}
[9.939638] (-) TimerEvent: {}
[10.040410] (-) TimerEvent: {}
[10.141319] (-) TimerEvent: {}
[10.241818] (-) TimerEvent: {}
[10.342225] (-) TimerEvent: {}
[10.442622] (-) TimerEvent: {}
[10.543036] (-) TimerEvent: {}
[10.643899] (-) TimerEvent: {}
[10.744285] (-) TimerEvent: {}
[10.844668] (-) TimerEvent: {}
[10.945081] (-) TimerEvent: {}
[11.045843] (-) TimerEvent: {}
[11.146783] (-) TimerEvent: {}
[11.247268] (-) TimerEvent: {}
[11.347747] (-) TimerEvent: {}
[11.448162] (-) TimerEvent: {}
[11.548666] (-) TimerEvent: {}
[11.649072] (-) TimerEvent: {}
[11.749550] (-) TimerEvent: {}
[11.849982] (-) TimerEvent: {}
[11.950434] (-) TimerEvent: {}
[12.050876] (-) TimerEvent: {}
[12.151336] (-) TimerEvent: {}
[12.252269] (-) TimerEvent: {}
[12.353169] (-) TimerEvent: {}
[12.454111] (-) TimerEvent: {}
[12.554607] (-) TimerEvent: {}
[12.655119] (-) TimerEvent: {}
[12.755555] (-) TimerEvent: {}
[12.856520] (-) TimerEvent: {}
[12.956999] (-) TimerEvent: {}
[13.057493] (-) TimerEvent: {}
[13.158442] (-) TimerEvent: {}
[13.259077] (-) TimerEvent: {}
[13.359519] (-) TimerEvent: {}
[13.459961] (-) TimerEvent: {}
[13.560856] (-) TimerEvent: {}
[13.661339] (-) TimerEvent: {}
[13.761823] (-) TimerEvent: {}
[13.862289] (-) TimerEvent: {}
[13.962736] (-) TimerEvent: {}
[14.063218] (-) TimerEvent: {}
[14.163655] (-) TimerEvent: {}
[14.264102] (-) TimerEvent: {}
[14.364619] (-) TimerEvent: {}
[14.465285] (-) TimerEvent: {}
[14.566128] (-) TimerEvent: {}
[14.666647] (-) TimerEvent: {}
[14.767144] (-) TimerEvent: {}
[14.867654] (-) TimerEvent: {}
[14.968126] (-) TimerEvent: {}
[15.068621] (-) TimerEvent: {}
[15.169540] (-) TimerEvent: {}
[15.270228] (-) TimerEvent: {}
[15.370618] (-) TimerEvent: {}
[15.471102] (-) TimerEvent: {}
[15.571515] (-) TimerEvent: {}
[15.672008] (-) TimerEvent: {}
[15.772924] (-) TimerEvent: {}
[15.873579] (-) TimerEvent: {}
[15.974049] (-) TimerEvent: {}
[16.074523] (-) TimerEvent: {}
[16.174974] (-) TimerEvent: {}
[16.275352] (-) TimerEvent: {}
[16.375763] (-) TimerEvent: {}
[16.476422] (-) TimerEvent: {}
[16.576908] (-) TimerEvent: {}
[16.677424] (-) TimerEvent: {}
[16.777882] (-) TimerEvent: {}
[16.878268] (-) TimerEvent: {}
[16.978785] (-) TimerEvent: {}
[17.079276] (-) TimerEvent: {}
[17.179781] (-) TimerEvent: {}
[17.280312] (-) TimerEvent: {}
[17.381065] (-) TimerEvent: {}
[17.481555] (-) TimerEvent: {}
[17.582503] (-) TimerEvent: {}
[17.683012] (-) TimerEvent: {}
[17.783852] (-) TimerEvent: {}
[17.884729] (-) TimerEvent: {}
[17.985279] (-) TimerEvent: {}
[18.085691] (-) TimerEvent: {}
[18.186177] (-) TimerEvent: {}
[18.286666] (-) TimerEvent: {}
[18.387163] (-) TimerEvent: {}
[18.487668] (-) TimerEvent: {}
[18.588154] (-) TimerEvent: {}
[18.688638] (-) TimerEvent: {}
[18.789189] (-) TimerEvent: {}
[18.890553] (-) TimerEvent: {}
[18.991062] (-) TimerEvent: {}
[19.091475] (-) TimerEvent: {}
[19.191917] (-) TimerEvent: {}
[19.292298] (-) TimerEvent: {}
[19.392684] (-) TimerEvent: {}
[19.493074] (-) TimerEvent: {}
[19.593997] (-) TimerEvent: {}
[19.694927] (-) TimerEvent: {}
[19.795414] (-) TimerEvent: {}
[19.895951] (-) TimerEvent: {}
[19.996417] (-) TimerEvent: {}
[20.096886] (-) TimerEvent: {}
[20.197362] (-) TimerEvent: {}
[20.297849] (-) TimerEvent: {}
[20.398329] (-) TimerEvent: {}
[20.498801] (-) TimerEvent: {}
[20.599479] (-) TimerEvent: {}
[20.699982] (-) TimerEvent: {}
[20.801128] (-) TimerEvent: {}
[20.901988] (-) TimerEvent: {}
[21.002470] (-) TimerEvent: {}
[21.102894] (-) TimerEvent: {}
[21.203384] (-) TimerEvent: {}
[21.303880] (-) TimerEvent: {}
[21.404370] (-) TimerEvent: {}
[21.504964] (-) TimerEvent: {}
[21.605469] (-) TimerEvent: {}
[21.706391] (-) TimerEvent: {}
[21.807308] (-) TimerEvent: {}
[21.907828] (-) TimerEvent: {}
[22.008305] (-) TimerEvent: {}
[22.108692] (-) TimerEvent: {}
[22.209080] (-) TimerEvent: {}
[22.309569] (-) TimerEvent: {}
[22.409939] (-) TimerEvent: {}
[22.510317] (-) TimerEvent: {}
[22.610683] (-) TimerEvent: {}
[22.711094] (-) TimerEvent: {}
[22.811482] (-) TimerEvent: {}
[22.911886] (-) TimerEvent: {}
[23.012406] (-) TimerEvent: {}
[23.112887] (-) TimerEvent: {}
[23.145953] (navigation_bot) StdoutLine: {'line': b'[100%] \x1b[32m\x1b[1mLinking CXX executable Motor_Driver_Node\x1b[0m\n'}
[23.213018] (-) TimerEvent: {}
[23.313534] (-) TimerEvent: {}
[23.414044] (-) TimerEvent: {}
[23.514590] (-) TimerEvent: {}
[23.615547] (-) TimerEvent: {}
[23.717228] (-) TimerEvent: {}
[23.817723] (-) TimerEvent: {}
[23.918641] (-) TimerEvent: {}
[24.019140] (-) TimerEvent: {}
[24.119610] (-) TimerEvent: {}
[24.220042] (-) TimerEvent: {}
[24.320493] (-) TimerEvent: {}
[24.420933] (-) TimerEvent: {}
[24.443074] (navigation_bot) StdoutLine: {'line': b'[100%] Built target Motor_Driver_Node\n'}
[24.463220] (navigation_bot) CommandEnded: {'returncode': 0}
[24.521070] (-) TimerEvent: {}
[24.528004] (navigation_bot) JobProgress: {'identifier': 'navigation_bot', 'progress': 'install'}
[24.542828] (navigation_bot) Command: {'cmd': ['/usr/bin/cmake', '--install', '/home/fiend/Navigation_Bot/dev_ws/build/navigation_bot'], 'cwd': '/home/fiend/Navigation_Bot/dev_ws/build/navigation_bot', 'env': OrderedDict([('GJS_DEBUG_TOPICS', 'JS ERROR;JS LOG'), ('LESSOPEN', '| /usr/bin/lesspipe %s'), ('LANGUAGE', 'en_IN:en'), ('USER', 'fiend'), ('STARSHIP_SHELL', 'bash'), ('XDG_SESSION_TYPE', 'wayland'), ('SHLVL', '1'), ('LD_LIBRARY_PATH', '/usr/lib/x86_64-linux-gnu/gazebo-11/plugins:/opt/ros/humble/opt/rviz_ogre_vendor/lib:/opt/ros/humble/lib/x86_64-linux-gnu:/opt/ros/humble/lib'), ('HOME', '/home/fiend'), ('OLDPWD', '/home/fiend/Navigation_Bot'), ('DESKTOP_SESSION', 'ubuntu'), ('GIO_LAUNCHED_DESKTOP_FILE', '/usr/share/applications/terminator.desktop'), ('ROS_PYTHON_VERSION', '3'), ('GNOME_SHELL_SESSION_MODE', 'ubuntu'), ('GTK_MODULES', 'gail:atk-bridge'), ('PS1', '\n\\[\x1b[38;5;156m\\]\\[\x1b[0m\\]\\[\x1b[38;5;166m\\]dev_ws\\[\x1b[0m\\]\\[\x1b[38;5;166m\\]\\[\x1b[0m\\] on \\[\x1b[38;5;162m\\]\ue0a0 \\[\x1b[0m\\]\\[\x1b[38;5;162m\\]main\\[\x1b[0m\\] underwent \\[\x1b[36m\\]51s\\[\x1b[0m\\]\n\\[\x1b[1;38;5;166m\\]➜\\[\x1b[0m\\]'), ('MANAGERPID', '865'), ('SYSTEMD_EXEC_PID', '1038'), ('DBUS_SESSION_BUS_ADDRESS', 'unix:path=/run/user/1000/bus'), ('COLORTERM', 'truecolor'), ('GIO_LAUNCHED_DESKTOP_FILE_PID', '5627'), ('_colcon_cd_root', '/opt/ros/humble/'), ('IM_CONFIG_PHASE', '1'), ('WAYLAND_DISPLAY', 'wayland-0'), ('COLCON_PREFIX_PATH', '/home/fiend/Navigation_Bot/dev_ws/install:/home/fiend/voice_grab/ros2_ws/install:/home/fiend/LineFollowingRobot/ros_ws/install:/home/fiend/ROS/practice_codes_ROS2/articubot_one/install'), ('ROS_DISTRO', 'humble'), ('LOGNAME', 'fiend'), ('JOURNAL_STREAM', '8:30767'), ('_', '/usr/bin/colcon'), ('ROS_VERSION', '2'), ('XDG_SESSION_CLASS', 'user'), ('USERNAME', 'fiend'), ('TERM', 'xterm-256color'), ('GNOME_DESKTOP_SESSION_ID', 'this-is-deprecated'), ('ROS_LOCALHOST_ONLY', '0'), ('PATH', '/opt/ros/humble/bin:/home/fiend/.local/bin:/usr/local/sbin:/usr/local/bin:/usr/sbin:/usr/bin:/sbin:/bin:/usr/games:/usr/local/games:/snap/bin:/snap/bin'), ('SESSION_MANAGER', 'local/fiend-Lenovo-Yoga-C740-14IML:@/tmp/.ICE-unix/1008,unix/fiend-Lenovo-Yoga-C740-14IML:/tmp/.ICE-unix/1008'), ('INVOCATION_ID', '37512f0c72ec48d79a8a8f1894f11f4d'), ('XDG_MENU_PREFIX', 'gnome-'), ('GNOME_SETUP_DISPLAY', ':1'), ('XDG_RUNTIME_DIR', '/run/user/1000'), ('DISPLAY', ':0'), ('LANG', 'en_US.UTF-8'), ('XDG_CURRENT_DESKTOP', 'ubuntu:GNOME'), ('IBUS_DISABLE_SNOOPER', '1'), ('XMODIFIERS', '@im=ibus'), ('XDG_SESSION_DESKTOP', 'ubuntu'), ('XAUTHORITY', '/run/user/1000/.mutter-Xwaylandauth.UJJAK2'), ('LS_COLORS', 'di=34:ow=34:tw=34:fi=13:ln=31:pi=5:so=5:bd=5:cd=5:or=31:mi=0:ex=35:*.rpm=90:*.png=35:*.gif=36:*.jpg=35:*.c=92:*.py=93:*.h=90:*.txt=94:*.doc=104:*.odt=104:*.csv=102:*.xlsx=102:*.xlsm=102:*.rb=31:*.cpp=92:*.sh=92:*.html=96:*.zip=4;33:*.tar.gz=4;33:*.mp4=105:*.mp3=106'), ('SSH_AGENT_LAUNCHER', 'gnome-keyring'), ('SSH_AUTH_SOCK', '/run/user/1000/keyring/ssh'), ('AMENT_PREFIX_PATH', '/home/fiend/Navigation_Bot/dev_ws/install/navigation_bot:/home/fiend/LineFollowingRobot/ros_ws/install/line_bhakt:/home/fiend/ROS/practice_codes_ROS2/articubot_one/install/articubot_one:/opt/ros/humble'), ('SHELL', '/bin/bash'), ('TERMINATOR_UUID', 'urn:uuid:de10c5cb-7f42-4ea2-ad3f-7446c017e8fd'), ('QT_ACCESSIBILITY', '1'), ('GDMSESSION', 'ubuntu'), ('LESSCLOSE', '/usr/bin/lesspipe %s %s'), ('GCC_COLORS', 'error=31:warning=35:note=36:caret=32:locus=01:quote=01'), ('GJS_DEBUG_OUTPUT', 'stderr'), ('QT_IM_MODULE', 'ibus'), ('PWD', '/home/fiend/Navigation_Bot/dev_ws/build/navigation_bot'), ('LC_ALL', 'en_US.UTF-8'), ('XDG_CONFIG_DIRS', '/etc/xdg/xdg-ubuntu:/etc/xdg'), ('XDG_DATA_DIRS', '/usr/share/ubuntu:/home/fiend/.local/share/flatpak/exports/share:/var/lib/flatpak/exports/share:/usr/local/share/:/usr/share/:/var/lib/snapd/desktop'), ('STARSHIP_SESSION_KEY', '2059017139146452'), ('PYTHONPATH', '/opt/ros/humble/lib/python3.10/site-packages:/opt/ros/humble/local/lib/python3.10/dist-packages'), ('COLCON', '1'), ('VTE_VERSION', '6800'), ('CMAKE_PREFIX_PATH', '/home/fiend/Navigation_Bot/dev_ws/install/navigation_bot:/home/fiend/LineFollowingRobot/ros_ws/install/line_bhakt:/home/fiend/ROS/practice_codes_ROS2/articubot_one/install/articubot_one:/opt/ros/humble')]), 'shell': False}
[24.566917] (navigation_bot) StdoutLine: {'line': b'-- Install configuration: ""\n'}
[24.568398] (navigation_bot) StdoutLine: {'line': b'-- Execute custom install script\n'}
[24.569502] (navigation_bot) StdoutLine: {'line': b'-- Up-to-date symlink: /home/fiend/Navigation_Bot/dev_ws/install/navigation_bot/share/navigation_bot/config/empty.yaml\n'}
[24.569954] (navigation_bot) StdoutLine: {'line': b'-- Up-to-date symlink: /home/fiend/Navigation_Bot/dev_ws/install/navigation_bot/share/navigation_bot/config/my_controller.yaml\n'}
[24.570963] (navigation_bot) StdoutLine: {'line': b'-- Up-to-date symlink: /home/fiend/Navigation_Bot/dev_ws/install/navigation_bot/share/navigation_bot/description/Depth_camera.xacro\n'}
[24.571463] (navigation_bot) StdoutLine: {'line': b'-- Up-to-date symlink: /home/fiend/Navigation_Bot/dev_ws/install/navigation_bot/share/navigation_bot/description/camera.xacro\n'}
[24.572348] (navigation_bot) StdoutLine: {'line': b'-- Up-to-date symlink: /home/fiend/Navigation_Bot/dev_ws/install/navigation_bot/share/navigation_bot/description/gazebo_control.xacro\n'}
[24.572828] (navigation_bot) StdoutLine: {'line': b'-- Up-to-date symlink: /home/fiend/Navigation_Bot/dev_ws/install/navigation_bot/share/navigation_bot/description/inertial_macros.xacro\n'}
[24.573307] (navigation_bot) StdoutLine: {'line': b'-- Up-to-date symlink: /home/fiend/Navigation_Bot/dev_ws/install/navigation_bot/share/navigation_bot/description/lidar.xacro\n'}
[24.573782] (navigation_bot) StdoutLine: {'line': b'-- Up-to-date symlink: /home/fiend/Navigation_Bot/dev_ws/install/navigation_bot/share/navigation_bot/description/robot.urdf.xacro\n'}
[24.574269] (navigation_bot) StdoutLine: {'line': b'-- Up-to-date symlink: /home/fiend/Navigation_Bot/dev_ws/install/navigation_bot/share/navigation_bot/description/robot_core.xacro\n'}
[24.574744] (navigation_bot) StdoutLine: {'line': b'-- Up-to-date symlink: /home/fiend/Navigation_Bot/dev_ws/install/navigation_bot/share/navigation_bot/description/ros2_control.xacro\n'}
[24.575627] (navigation_bot) StdoutLine: {'line': b'-- Up-to-date symlink: /home/fiend/Navigation_Bot/dev_ws/install/navigation_bot/share/navigation_bot/launch/launch_sim.launch.py\n'}
[24.576060] (navigation_bot) StdoutLine: {'line': b'-- Up-to-date symlink: /home/fiend/Navigation_Bot/dev_ws/install/navigation_bot/share/navigation_bot/launch/rsp.launch.py\n'}
[24.576783] (navigation_bot) StdoutLine: {'line': b'-- Up-to-date symlink: /home/fiend/Navigation_Bot/dev_ws/install/navigation_bot/share/navigation_bot/worlds/empty.world\n'}
[24.577188] (navigation_bot) StdoutLine: {'line': b'-- Up-to-date symlink: /home/fiend/Navigation_Bot/dev_ws/install/navigation_bot/share/navigation_bot/worlds/home.world\n'}
[24.577576] (navigation_bot) StdoutLine: {'line': b'-- Up-to-date symlink: /home/fiend/Navigation_Bot/dev_ws/install/navigation_bot/share/navigation_bot/worlds/obstacle.world\n'}
[24.577959] (navigation_bot) StdoutLine: {'line': b'-- Up-to-date symlink: /home/fiend/Navigation_Bot/dev_ws/install/navigation_bot/share/navigation_bot/worlds/track.world\n'}
[24.580025] (navigation_bot) StdoutLine: {'line': b'-- Up-to-date symlink: /home/fiend/Navigation_Bot/dev_ws/install/navigation_bot/share/navigation_bot/worlds/turtleWorld.world\n'}
[24.581657] (navigation_bot) StdoutLine: {'line': b'-- Up-to-date symlink: /home/fiend/Navigation_Bot/dev_ws/install/navigation_bot/lib/navigation_bot/ImageCapture\n'}
[24.582876] (navigation_bot) StdoutLine: {'line': b'-- Up-to-date symlink: /home/fiend/Navigation_Bot/dev_ws/install/navigation_bot/lib/navigation_bot/Motor_Driver_Node\n'}
[24.590815] (navigation_bot) StdoutLine: {'line': b'-- Up-to-date symlink: /home/fiend/Navigation_Bot/dev_ws/install/navigation_bot/share/ament_index/resource_index/package_run_dependencies/navigation_bot\n'}
[24.591401] (navigation_bot) StdoutLine: {'line': b'-- Up-to-date symlink: /home/fiend/Navigation_Bot/dev_ws/install/navigation_bot/share/ament_index/resource_index/parent_prefix_path/navigation_bot\n'}
[24.598095] (navigation_bot) StdoutLine: {'line': b'-- Up-to-date symlink: /home/fiend/Navigation_Bot/dev_ws/install/navigation_bot/share/navigation_bot/environment/ament_prefix_path.sh\n'}
[24.598709] (navigation_bot) StdoutLine: {'line': b'-- Up-to-date symlink: /home/fiend/Navigation_Bot/dev_ws/install/navigation_bot/share/navigation_bot/environment/ament_prefix_path.dsv\n'}
[24.598979] (navigation_bot) StdoutLine: {'line': b'-- Up-to-date symlink: /home/fiend/Navigation_Bot/dev_ws/install/navigation_bot/share/navigation_bot/environment/path.sh\n'}
[24.599228] (navigation_bot) StdoutLine: {'line': b'-- Up-to-date symlink: /home/fiend/Navigation_Bot/dev_ws/install/navigation_bot/share/navigation_bot/environment/path.dsv\n'}
[24.604461] (navigation_bot) StdoutLine: {'line': b'-- Up-to-date symlink: /home/fiend/Navigation_Bot/dev_ws/install/navigation_bot/share/navigation_bot/local_setup.bash\n'}
[24.605137] (navigation_bot) StdoutLine: {'line': b'-- Up-to-date symlink: /home/fiend/Navigation_Bot/dev_ws/install/navigation_bot/share/navigation_bot/local_setup.sh\n'}
[24.606987] (navigation_bot) StdoutLine: {'line': b'-- Up-to-date symlink: /home/fiend/Navigation_Bot/dev_ws/install/navigation_bot/share/navigation_bot/local_setup.zsh\n'}
[24.608013] (navigation_bot) StdoutLine: {'line': b'-- Up-to-date symlink: /home/fiend/Navigation_Bot/dev_ws/install/navigation_bot/share/navigation_bot/local_setup.dsv\n'}
[24.608464] (navigation_bot) StdoutLine: {'line': b'-- Symlinking: /home/fiend/Navigation_Bot/dev_ws/install/navigation_bot/share/navigation_bot/package.dsv\n'}
[24.621199] (-) TimerEvent: {}
[24.633480] (navigation_bot) StdoutLine: {'line': b'-- Up-to-date symlink: /home/fiend/Navigation_Bot/dev_ws/install/navigation_bot/share/ament_index/resource_index/packages/navigation_bot\n'}
[24.634476] (navigation_bot) StdoutLine: {'line': b'-- Up-to-date symlink: /home/fiend/Navigation_Bot/dev_ws/install/navigation_bot/share/navigation_bot/cmake/navigation_botConfig.cmake\n'}
[24.635006] (navigation_bot) StdoutLine: {'line': b'-- Up-to-date symlink: /home/fiend/Navigation_Bot/dev_ws/install/navigation_bot/share/navigation_bot/cmake/navigation_botConfig-version.cmake\n'}
[24.635675] (navigation_bot) StdoutLine: {'line': b'-- Up-to-date symlink: /home/fiend/Navigation_Bot/dev_ws/install/navigation_bot/share/navigation_bot/package.xml\n'}
[24.640003] (navigation_bot) CommandEnded: {'returncode': 0}
[24.721375] (-) TimerEvent: {}
[24.821915] (-) TimerEvent: {}
[24.922822] (-) TimerEvent: {}
[25.023293] (-) TimerEvent: {}
[25.123661] (-) TimerEvent: {}
[25.126999] (navigation_bot) JobEnded: {'identifier': 'navigation_bot', 'rc': 0}
[25.128240] (-) EventReactorShutdown: {}
