[0.000000] (-) TimerEvent: {}
[0.000225] (navigation_bot) JobQueued: {'identifier': 'navigation_bot', 'dependencies': OrderedDict()}
[0.000321] (navigation_bot) JobStarted: {'identifier': 'navigation_bot'}
[0.097897] (-) TimerEvent: {}
[0.199178] (-) TimerEvent: {}
[0.299609] (-) TimerEvent: {}
[0.323427] (navigation_bot) JobProgress: {'identifier': 'navigation_bot', 'progress': 'cmake'}
[0.324805] (navigation_bot) JobProgress: {'identifier': 'navigation_bot', 'progress': 'build'}
[0.326349] (navigation_bot) Command: {'cmd': ['/usr/bin/cmake', '--build', '/home/fiend/Navigation_Bot/dev_ws/build/navigation_bot', '--', '-j8', '-l8'], 'cwd': '/home/fiend/Navigation_Bot/dev_ws/build/navigation_bot', 'env': OrderedDict([('GJS_DEBUG_TOPICS', 'JS ERROR;JS LOG'), ('LESSOPEN', '| /usr/bin/lesspipe %s'), ('LANGUAGE', 'en_IN:en'), ('USER', 'fiend'), ('STARSHIP_SHELL', 'bash'), ('XDG_SESSION_TYPE', 'wayland'), ('SHLVL', '1'), ('LD_LIBRARY_PATH', '/usr/lib/x86_64-linux-gnu/gazebo-11/plugins:/opt/ros/humble/opt/rviz_ogre_vendor/lib:/opt/ros/humble/lib/x86_64-linux-gnu:/opt/ros/humble/lib'), ('HOME', '/home/fiend'), ('OLDPWD', '/home/fiend/Navigation_Bot'), ('DESKTOP_SESSION', 'ubuntu'), ('GIO_LAUNCHED_DESKTOP_FILE', '/usr/share/applications/terminator.desktop'), ('ROS_PYTHON_VERSION', '3'), ('GNOME_SHELL_SESSION_MODE', 'ubuntu'), ('GTK_MODULES', 'gail:atk-bridge'), ('PS1', '\n\\[\x1b[38;5;156m\\]\\[\x1b[0m\\]\\[\x1b[38;5;166m\\]dev_ws\\[\x1b[0m\\]\\[\x1b[38;5;166m\\]\\[\x1b[0m\\] on \\[\x1b[38;5;162m\\]\ue0a0 \\[\x1b[0m\\]\\[\x1b[38;5;162m\\]main\\[\x1b[0m\\] underwent \\[\x1b[36m\\]18s\\[\x1b[0m\\]\n\\[\x1b[1;38;5;166m\\]➜\\[\x1b[0m\\]'), ('MANAGERPID', '865'), ('SYSTEMD_EXEC_PID', '1038'), ('DBUS_SESSION_BUS_ADDRESS', 'unix:path=/run/user/1000/bus'), ('COLORTERM', 'truecolor'), ('GIO_LAUNCHED_DESKTOP_FILE_PID', '5627'), ('_colcon_cd_root', '/opt/ros/humble/'), ('IM_CONFIG_PHASE', '1'), ('WAYLAND_DISPLAY', 'wayland-0'), ('COLCON_PREFIX_PATH', '/home/fiend/Navigation_Bot/dev_ws/install:/home/fiend/voice_grab/ros2_ws/install:/home/fiend/LineFollowingRobot/ros_ws/install:/home/fiend/ROS/practice_codes_ROS2/articubot_one/install'), ('ROS_DISTRO', 'humble'), ('LOGNAME', 'fiend'), ('JOURNAL_STREAM', '8:30767'), ('_', '/usr/bin/colcon'), ('ROS_VERSION', '2'), ('XDG_SESSION_CLASS', 'user'), ('USERNAME', 'fiend'), ('TERM', 'xterm-256color'), ('GNOME_DESKTOP_SESSION_ID', 'this-is-deprecated'), ('ROS_LOCALHOST_ONLY', '0'), ('PATH', '/opt/ros/humble/bin:/home/fiend/.local/bin:/usr/local/sbin:/usr/local/bin:/usr/sbin:/usr/bin:/sbin:/bin:/usr/games:/usr/local/games:/snap/bin:/snap/bin'), ('SESSION_MANAGER', 'local/fiend-Lenovo-Yoga-C740-14IML:@/tmp/.ICE-unix/1008,unix/fiend-Lenovo-Yoga-C740-14IML:/tmp/.ICE-unix/1008'), ('INVOCATION_ID', '37512f0c72ec48d79a8a8f1894f11f4d'), ('XDG_MENU_PREFIX', 'gnome-'), ('GNOME_SETUP_DISPLAY', ':1'), ('XDG_RUNTIME_DIR', '/run/user/1000'), ('DISPLAY', ':0'), ('LANG', 'en_US.UTF-8'), ('XDG_CURRENT_DESKTOP', 'ubuntu:GNOME'), ('IBUS_DISABLE_SNOOPER', '1'), ('XMODIFIERS', '@im=ibus'), ('XDG_SESSION_DESKTOP', 'ubuntu'), ('XAUTHORITY', '/run/user/1000/.mutter-Xwaylandauth.UJJAK2'), ('LS_COLORS', 'di=34:ow=34:tw=34:fi=13:ln=31:pi=5:so=5:bd=5:cd=5:or=31:mi=0:ex=35:*.rpm=90:*.png=35:*.gif=36:*.jpg=35:*.c=92:*.py=93:*.h=90:*.txt=94:*.doc=104:*.odt=104:*.csv=102:*.xlsx=102:*.xlsm=102:*.rb=31:*.cpp=92:*.sh=92:*.html=96:*.zip=4;33:*.tar.gz=4;33:*.mp4=105:*.mp3=106'), ('SSH_AGENT_LAUNCHER', 'gnome-keyring'), ('SSH_AUTH_SOCK', '/run/user/1000/keyring/ssh'), ('AMENT_PREFIX_PATH', '/home/fiend/Navigation_Bot/dev_ws/install/navigation_bot:/home/fiend/LineFollowingRobot/ros_ws/install/line_bhakt:/home/fiend/ROS/practice_codes_ROS2/articubot_one/install/articubot_one:/opt/ros/humble'), ('SHELL', '/bin/bash'), ('TERMINATOR_UUID', 'urn:uuid:de10c5cb-7f42-4ea2-ad3f-7446c017e8fd'), ('QT_ACCESSIBILITY', '1'), ('GDMSESSION', 'ubuntu'), ('LESSCLOSE', '/usr/bin/lesspipe %s %s'), ('GCC_COLORS', 'error=31:warning=35:note=36:caret=32:locus=01:quote=01'), ('GJS_DEBUG_OUTPUT', 'stderr'), ('QT_IM_MODULE', 'ibus'), ('PWD', '/home/fiend/Navigation_Bot/dev_ws/build/navigation_bot'), ('LC_ALL', 'en_US.UTF-8'), ('XDG_CONFIG_DIRS', '/etc/xdg/xdg-ubuntu:/etc/xdg'), ('XDG_DATA_DIRS', '/usr/share/ubuntu:/home/fiend/.local/share/flatpak/exports/share:/var/lib/flatpak/exports/share:/usr/local/share/:/usr/share/:/var/lib/snapd/desktop'), ('STARSHIP_SESSION_KEY', '2059017139146452'), ('PYTHONPATH', '/opt/ros/humble/lib/python3.10/site-packages:/opt/ros/humble/local/lib/python3.10/dist-packages'), ('COLCON', '1'), ('VTE_VERSION', '6800'), ('CMAKE_PREFIX_PATH', '/home/fiend/Navigation_Bot/dev_ws/install/navigation_bot:/home/fiend/LineFollowingRobot/ros_ws/install/line_bhakt:/home/fiend/ROS/practice_codes_ROS2/articubot_one/install/articubot_one:/opt/ros/humble')]), 'shell': False}
[0.399741] (-) TimerEvent: {}
[0.434631] (navigation_bot) StdoutLine: {'line': b'[ 50%] Built target ImageCapture\n'}
[0.437073] (navigation_bot) StdoutLine: {'line': b'[ 75%] \x1b[32mBuilding CXX object CMakeFiles/Motor_Driver_Node.dir/Executables/follower.cpp.o\x1b[0m\n'}
[0.499864] (-) TimerEvent: {}
[0.600319] (-) TimerEvent: {}
[0.700753] (-) TimerEvent: {}
[0.801198] (-) TimerEvent: {}
[0.901573] (-) TimerEvent: {}
[1.001965] (-) TimerEvent: {}
[1.102718] (-) TimerEvent: {}
[1.203100] (-) TimerEvent: {}
[1.303520] (-) TimerEvent: {}
[1.403887] (-) TimerEvent: {}
[1.504304] (-) TimerEvent: {}
[1.604879] (-) TimerEvent: {}
[1.705265] (-) TimerEvent: {}
[1.805636] (-) TimerEvent: {}
[1.906007] (-) TimerEvent: {}
[2.006391] (-) TimerEvent: {}
[2.106764] (-) TimerEvent: {}
[2.207135] (-) TimerEvent: {}
[2.307521] (-) TimerEvent: {}
[2.408000] (-) TimerEvent: {}
[2.508387] (-) TimerEvent: {}
[2.608751] (-) TimerEvent: {}
[2.709117] (-) TimerEvent: {}
[2.809480] (-) TimerEvent: {}
[2.909849] (-) TimerEvent: {}
[3.010224] (-) TimerEvent: {}
[3.110606] (-) TimerEvent: {}
[3.211001] (-) TimerEvent: {}
[3.311458] (-) TimerEvent: {}
[3.411834] (-) TimerEvent: {}
[3.512216] (-) TimerEvent: {}
[3.612603] (-) TimerEvent: {}
[3.712984] (-) TimerEvent: {}
[3.813363] (-) TimerEvent: {}
[3.913732] (-) TimerEvent: {}
[4.014121] (-) TimerEvent: {}
[4.114491] (-) TimerEvent: {}
[4.214902] (-) TimerEvent: {}
[4.315274] (-) TimerEvent: {}
[4.415659] (-) TimerEvent: {}
[4.516102] (-) TimerEvent: {}
[4.616565] (-) TimerEvent: {}
[4.716985] (-) TimerEvent: {}
[4.817409] (-) TimerEvent: {}
[4.917830] (-) TimerEvent: {}
[5.018254] (-) TimerEvent: {}
[5.118707] (-) TimerEvent: {}
[5.219150] (-) TimerEvent: {}
[5.319571] (-) TimerEvent: {}
[5.419984] (-) TimerEvent: {}
[5.520409] (-) TimerEvent: {}
[5.620840] (-) TimerEvent: {}
[5.721256] (-) TimerEvent: {}
[5.821707] (-) TimerEvent: {}
[5.922079] (-) TimerEvent: {}
[6.022476] (-) TimerEvent: {}
[6.122861] (-) TimerEvent: {}
[6.223238] (-) TimerEvent: {}
[6.323616] (-) TimerEvent: {}
[6.424216] (-) TimerEvent: {}
[6.524605] (-) TimerEvent: {}
[6.624994] (-) TimerEvent: {}
[6.725392] (-) TimerEvent: {}
[6.825773] (-) TimerEvent: {}
[6.926175] (-) TimerEvent: {}
[7.026551] (-) TimerEvent: {}
[7.126910] (-) TimerEvent: {}
[7.227286] (-) TimerEvent: {}
[7.327661] (-) TimerEvent: {}
[7.428075] (-) TimerEvent: {}
[7.528453] (-) TimerEvent: {}
[7.628867] (-) TimerEvent: {}
[7.729274] (-) TimerEvent: {}
[7.829663] (-) TimerEvent: {}
[7.930051] (-) TimerEvent: {}
[8.030451] (-) TimerEvent: {}
[8.130878] (-) TimerEvent: {}
[8.231294] (-) TimerEvent: {}
[8.331713] (-) TimerEvent: {}
[8.432130] (-) TimerEvent: {}
[8.532548] (-) TimerEvent: {}
[8.633014] (-) TimerEvent: {}
[8.733453] (-) TimerEvent: {}
[8.833874] (-) TimerEvent: {}
[8.934296] (-) TimerEvent: {}
[9.034709] (-) TimerEvent: {}
[9.135171] (-) TimerEvent: {}
[9.235599] (-) TimerEvent: {}
[9.335998] (-) TimerEvent: {}
[9.436385] (-) TimerEvent: {}
[9.536759] (-) TimerEvent: {}
[9.637138] (-) TimerEvent: {}
[9.737549] (-) TimerEvent: {}
[9.838119] (-) TimerEvent: {}
[9.938490] (-) TimerEvent: {}
[10.038897] (-) TimerEvent: {}
[10.139272] (-) TimerEvent: {}
[10.239659] (-) TimerEvent: {}
[10.340036] (-) TimerEvent: {}
[10.440400] (-) TimerEvent: {}
[10.540769] (-) TimerEvent: {}
[10.641134] (-) TimerEvent: {}
[10.741512] (-) TimerEvent: {}
[10.841920] (-) TimerEvent: {}
[10.942287] (-) TimerEvent: {}
[11.042665] (-) TimerEvent: {}
[11.143057] (-) TimerEvent: {}
[11.243429] (-) TimerEvent: {}
[11.343797] (-) TimerEvent: {}
[11.444180] (-) TimerEvent: {}
[11.544547] (-) TimerEvent: {}
[11.644919] (-) TimerEvent: {}
[11.745282] (-) TimerEvent: {}
[11.845650] (-) TimerEvent: {}
[11.946016] (-) TimerEvent: {}
[12.046378] (-) TimerEvent: {}
[12.146786] (-) TimerEvent: {}
[12.247173] (-) TimerEvent: {}
[12.347542] (-) TimerEvent: {}
[12.447921] (-) TimerEvent: {}
[12.548319] (-) TimerEvent: {}
[12.648688] (-) TimerEvent: {}
[12.749074] (-) TimerEvent: {}
[12.849466] (-) TimerEvent: {}
[12.949831] (-) TimerEvent: {}
[13.050226] (-) TimerEvent: {}
[13.150602] (-) TimerEvent: {}
[13.250975] (-) TimerEvent: {}
[13.351331] (-) TimerEvent: {}
[13.451694] (-) TimerEvent: {}
[13.552060] (-) TimerEvent: {}
[13.652435] (-) TimerEvent: {}
[13.752842] (-) TimerEvent: {}
[13.853254] (-) TimerEvent: {}
[13.953647] (-) TimerEvent: {}
[14.054010] (-) TimerEvent: {}
[14.154370] (-) TimerEvent: {}
[14.254740] (-) TimerEvent: {}
[14.355135] (-) TimerEvent: {}
[14.455615] (-) TimerEvent: {}
[14.555978] (-) TimerEvent: {}
[14.656375] (-) TimerEvent: {}
[14.756765] (-) TimerEvent: {}
[14.857112] (-) TimerEvent: {}
[14.957482] (-) TimerEvent: {}
[15.057847] (-) TimerEvent: {}
[15.158250] (-) TimerEvent: {}
[15.258614] (-) TimerEvent: {}
[15.359035] (-) TimerEvent: {}
[15.459399] (-) TimerEvent: {}
[15.559763] (-) TimerEvent: {}
[15.660174] (-) TimerEvent: {}
[15.760535] (-) TimerEvent: {}
[15.860931] (-) TimerEvent: {}
[15.961313] (-) TimerEvent: {}
[16.061676] (-) TimerEvent: {}
[16.162046] (-) TimerEvent: {}
[16.262423] (-) TimerEvent: {}
[16.362850] (-) TimerEvent: {}
[16.463217] (-) TimerEvent: {}
[16.563580] (-) TimerEvent: {}
[16.663942] (-) TimerEvent: {}
[16.764310] (-) TimerEvent: {}
[16.864684] (-) TimerEvent: {}
[16.965054] (-) TimerEvent: {}
[17.065433] (-) TimerEvent: {}
[17.165843] (-) TimerEvent: {}
[17.266204] (-) TimerEvent: {}
[17.366568] (-) TimerEvent: {}
[17.466942] (-) TimerEvent: {}
[17.567327] (-) TimerEvent: {}
[17.667693] (-) TimerEvent: {}
[17.768089] (-) TimerEvent: {}
[17.868588] (-) TimerEvent: {}
[17.968960] (-) TimerEvent: {}
[18.069384] (-) TimerEvent: {}
[18.169814] (-) TimerEvent: {}
[18.270172] (-) TimerEvent: {}
[18.370535] (-) TimerEvent: {}
[18.470906] (-) TimerEvent: {}
[18.571260] (-) TimerEvent: {}
[18.671628] (-) TimerEvent: {}
[18.771991] (-) TimerEvent: {}
[18.872355] (-) TimerEvent: {}
[18.972717] (-) TimerEvent: {}
[19.073069] (-) TimerEvent: {}
[19.173435] (-) TimerEvent: {}
[19.273809] (-) TimerEvent: {}
[19.374188] (-) TimerEvent: {}
[19.474558] (-) TimerEvent: {}
[19.574986] (-) TimerEvent: {}
[19.655526] (navigation_bot) StdoutLine: {'line': b'[100%] \x1b[32m\x1b[1mLinking CXX executable Motor_Driver_Node\x1b[0m\n'}
[19.675102] (-) TimerEvent: {}
[19.775473] (-) TimerEvent: {}
[19.875874] (-) TimerEvent: {}
[19.976293] (-) TimerEvent: {}
[20.076715] (-) TimerEvent: {}
[20.177072] (-) TimerEvent: {}
[20.277448] (-) TimerEvent: {}
[20.377822] (-) TimerEvent: {}
[20.478237] (-) TimerEvent: {}
[20.578647] (-) TimerEvent: {}
[20.629683] (navigation_bot) StdoutLine: {'line': b'[100%] Built target Motor_Driver_Node\n'}
[20.647964] (navigation_bot) CommandEnded: {'returncode': 0}
[20.678761] (-) TimerEvent: {}
[20.692642] (navigation_bot) JobProgress: {'identifier': 'navigation_bot', 'progress': 'install'}
[20.708879] (navigation_bot) Command: {'cmd': ['/usr/bin/cmake', '--install', '/home/fiend/Navigation_Bot/dev_ws/build/navigation_bot'], 'cwd': '/home/fiend/Navigation_Bot/dev_ws/build/navigation_bot', 'env': OrderedDict([('GJS_DEBUG_TOPICS', 'JS ERROR;JS LOG'), ('LESSOPEN', '| /usr/bin/lesspipe %s'), ('LANGUAGE', 'en_IN:en'), ('USER', 'fiend'), ('STARSHIP_SHELL', 'bash'), ('XDG_SESSION_TYPE', 'wayland'), ('SHLVL', '1'), ('LD_LIBRARY_PATH', '/usr/lib/x86_64-linux-gnu/gazebo-11/plugins:/opt/ros/humble/opt/rviz_ogre_vendor/lib:/opt/ros/humble/lib/x86_64-linux-gnu:/opt/ros/humble/lib'), ('HOME', '/home/fiend'), ('OLDPWD', '/home/fiend/Navigation_Bot'), ('DESKTOP_SESSION', 'ubuntu'), ('GIO_LAUNCHED_DESKTOP_FILE', '/usr/share/applications/terminator.desktop'), ('ROS_PYTHON_VERSION', '3'), ('GNOME_SHELL_SESSION_MODE', 'ubuntu'), ('GTK_MODULES', 'gail:atk-bridge'), ('PS1', '\n\\[\x1b[38;5;156m\\]\\[\x1b[0m\\]\\[\x1b[38;5;166m\\]dev_ws\\[\x1b[0m\\]\\[\x1b[38;5;166m\\]\\[\x1b[0m\\] on \\[\x1b[38;5;162m\\]\ue0a0 \\[\x1b[0m\\]\\[\x1b[38;5;162m\\]main\\[\x1b[0m\\] underwent \\[\x1b[36m\\]18s\\[\x1b[0m\\]\n\\[\x1b[1;38;5;166m\\]➜\\[\x1b[0m\\]'), ('MANAGERPID', '865'), ('SYSTEMD_EXEC_PID', '1038'), ('DBUS_SESSION_BUS_ADDRESS', 'unix:path=/run/user/1000/bus'), ('COLORTERM', 'truecolor'), ('GIO_LAUNCHED_DESKTOP_FILE_PID', '5627'), ('_colcon_cd_root', '/opt/ros/humble/'), ('IM_CONFIG_PHASE', '1'), ('WAYLAND_DISPLAY', 'wayland-0'), ('COLCON_PREFIX_PATH', '/home/fiend/Navigation_Bot/dev_ws/install:/home/fiend/voice_grab/ros2_ws/install:/home/fiend/LineFollowingRobot/ros_ws/install:/home/fiend/ROS/practice_codes_ROS2/articubot_one/install'), ('ROS_DISTRO', 'humble'), ('LOGNAME', 'fiend'), ('JOURNAL_STREAM', '8:30767'), ('_', '/usr/bin/colcon'), ('ROS_VERSION', '2'), ('XDG_SESSION_CLASS', 'user'), ('USERNAME', 'fiend'), ('TERM', 'xterm-256color'), ('GNOME_DESKTOP_SESSION_ID', 'this-is-deprecated'), ('ROS_LOCALHOST_ONLY', '0'), ('PATH', '/opt/ros/humble/bin:/home/fiend/.local/bin:/usr/local/sbin:/usr/local/bin:/usr/sbin:/usr/bin:/sbin:/bin:/usr/games:/usr/local/games:/snap/bin:/snap/bin'), ('SESSION_MANAGER', 'local/fiend-Lenovo-Yoga-C740-14IML:@/tmp/.ICE-unix/1008,unix/fiend-Lenovo-Yoga-C740-14IML:/tmp/.ICE-unix/1008'), ('INVOCATION_ID', '37512f0c72ec48d79a8a8f1894f11f4d'), ('XDG_MENU_PREFIX', 'gnome-'), ('GNOME_SETUP_DISPLAY', ':1'), ('XDG_RUNTIME_DIR', '/run/user/1000'), ('DISPLAY', ':0'), ('LANG', 'en_US.UTF-8'), ('XDG_CURRENT_DESKTOP', 'ubuntu:GNOME'), ('IBUS_DISABLE_SNOOPER', '1'), ('XMODIFIERS', '@im=ibus'), ('XDG_SESSION_DESKTOP', 'ubuntu'), ('XAUTHORITY', '/run/user/1000/.mutter-Xwaylandauth.UJJAK2'), ('LS_COLORS', 'di=34:ow=34:tw=34:fi=13:ln=31:pi=5:so=5:bd=5:cd=5:or=31:mi=0:ex=35:*.rpm=90:*.png=35:*.gif=36:*.jpg=35:*.c=92:*.py=93:*.h=90:*.txt=94:*.doc=104:*.odt=104:*.csv=102:*.xlsx=102:*.xlsm=102:*.rb=31:*.cpp=92:*.sh=92:*.html=96:*.zip=4;33:*.tar.gz=4;33:*.mp4=105:*.mp3=106'), ('SSH_AGENT_LAUNCHER', 'gnome-keyring'), ('SSH_AUTH_SOCK', '/run/user/1000/keyring/ssh'), ('AMENT_PREFIX_PATH', '/home/fiend/Navigation_Bot/dev_ws/install/navigation_bot:/home/fiend/LineFollowingRobot/ros_ws/install/line_bhakt:/home/fiend/ROS/practice_codes_ROS2/articubot_one/install/articubot_one:/opt/ros/humble'), ('SHELL', '/bin/bash'), ('TERMINATOR_UUID', 'urn:uuid:de10c5cb-7f42-4ea2-ad3f-7446c017e8fd'), ('QT_ACCESSIBILITY', '1'), ('GDMSESSION', 'ubuntu'), ('LESSCLOSE', '/usr/bin/lesspipe %s %s'), ('GCC_COLORS', 'error=31:warning=35:note=36:caret=32:locus=01:quote=01'), ('GJS_DEBUG_OUTPUT', 'stderr'), ('QT_IM_MODULE', 'ibus'), ('PWD', '/home/fiend/Navigation_Bot/dev_ws/build/navigation_bot'), ('LC_ALL', 'en_US.UTF-8'), ('XDG_CONFIG_DIRS', '/etc/xdg/xdg-ubuntu:/etc/xdg'), ('XDG_DATA_DIRS', '/usr/share/ubuntu:/home/fiend/.local/share/flatpak/exports/share:/var/lib/flatpak/exports/share:/usr/local/share/:/usr/share/:/var/lib/snapd/desktop'), ('STARSHIP_SESSION_KEY', '2059017139146452'), ('PYTHONPATH', '/opt/ros/humble/lib/python3.10/site-packages:/opt/ros/humble/local/lib/python3.10/dist-packages'), ('COLCON', '1'), ('VTE_VERSION', '6800'), ('CMAKE_PREFIX_PATH', '/home/fiend/Navigation_Bot/dev_ws/install/navigation_bot:/home/fiend/LineFollowingRobot/ros_ws/install/line_bhakt:/home/fiend/ROS/practice_codes_ROS2/articubot_one/install/articubot_one:/opt/ros/humble')]), 'shell': False}
[20.722224] (navigation_bot) StdoutLine: {'line': b'-- Install configuration: ""\n'}
[20.723222] (navigation_bot) StdoutLine: {'line': b'-- Execute custom install script\n'}
[20.724110] (navigation_bot) StdoutLine: {'line': b'-- Up-to-date symlink: /home/fiend/Navigation_Bot/dev_ws/install/navigation_bot/share/navigation_bot/config/empty.yaml\n'}
[20.724546] (navigation_bot) StdoutLine: {'line': b'-- Up-to-date symlink: /home/fiend/Navigation_Bot/dev_ws/install/navigation_bot/share/navigation_bot/config/my_controller.yaml\n'}
[20.725176] (navigation_bot) StdoutLine: {'line': b'-- Up-to-date symlink: /home/fiend/Navigation_Bot/dev_ws/install/navigation_bot/share/navigation_bot/description/Depth_camera.xacro\n'}
[20.725580] (navigation_bot) StdoutLine: {'line': b'-- Up-to-date symlink: /home/fiend/Navigation_Bot/dev_ws/install/navigation_bot/share/navigation_bot/description/camera.xacro\n'}
[20.725942] (navigation_bot) StdoutLine: {'line': b'-- Up-to-date symlink: /home/fiend/Navigation_Bot/dev_ws/install/navigation_bot/share/navigation_bot/description/gazebo_control.xacro\n'}
[20.726270] (navigation_bot) StdoutLine: {'line': b'-- Up-to-date symlink: /home/fiend/Navigation_Bot/dev_ws/install/navigation_bot/share/navigation_bot/description/inertial_macros.xacro\n'}
[20.726613] (navigation_bot) StdoutLine: {'line': b'-- Up-to-date symlink: /home/fiend/Navigation_Bot/dev_ws/install/navigation_bot/share/navigation_bot/description/lidar.xacro\n'}
[20.727008] (navigation_bot) StdoutLine: {'line': b'-- Up-to-date symlink: /home/fiend/Navigation_Bot/dev_ws/install/navigation_bot/share/navigation_bot/description/robot.urdf.xacro\n'}
[20.727407] (navigation_bot) StdoutLine: {'line': b'-- Up-to-date symlink: /home/fiend/Navigation_Bot/dev_ws/install/navigation_bot/share/navigation_bot/description/robot_core.xacro\n'}
[20.727743] (navigation_bot) StdoutLine: {'line': b'-- Up-to-date symlink: /home/fiend/Navigation_Bot/dev_ws/install/navigation_bot/share/navigation_bot/description/ros2_control.xacro\n'}
[20.728375] (navigation_bot) StdoutLine: {'line': b'-- Up-to-date symlink: /home/fiend/Navigation_Bot/dev_ws/install/navigation_bot/share/navigation_bot/launch/launch_sim.launch.py\n'}
[20.728758] (navigation_bot) StdoutLine: {'line': b'-- Up-to-date symlink: /home/fiend/Navigation_Bot/dev_ws/install/navigation_bot/share/navigation_bot/launch/rsp.launch.py\n'}
[20.729199] (navigation_bot) StdoutLine: {'line': b'-- Up-to-date symlink: /home/fiend/Navigation_Bot/dev_ws/install/navigation_bot/share/navigation_bot/worlds/empty.world\n'}
[20.729502] (navigation_bot) StdoutLine: {'line': b'-- Up-to-date symlink: /home/fiend/Navigation_Bot/dev_ws/install/navigation_bot/share/navigation_bot/worlds/home.world\n'}
[20.729784] (navigation_bot) StdoutLine: {'line': b'-- Up-to-date symlink: /home/fiend/Navigation_Bot/dev_ws/install/navigation_bot/share/navigation_bot/worlds/obstacle.world\n'}
[20.730095] (navigation_bot) StdoutLine: {'line': b'-- Up-to-date symlink: /home/fiend/Navigation_Bot/dev_ws/install/navigation_bot/share/navigation_bot/worlds/track.world\n'}
[20.730331] (navigation_bot) StdoutLine: {'line': b'-- Up-to-date symlink: /home/fiend/Navigation_Bot/dev_ws/install/navigation_bot/share/navigation_bot/worlds/turtleWorld.world\n'}
[20.730613] (navigation_bot) StdoutLine: {'line': b'-- Up-to-date symlink: /home/fiend/Navigation_Bot/dev_ws/install/navigation_bot/lib/navigation_bot/ImageCapture\n'}
[20.730893] (navigation_bot) StdoutLine: {'line': b'-- Up-to-date symlink: /home/fiend/Navigation_Bot/dev_ws/install/navigation_bot/lib/navigation_bot/Motor_Driver_Node\n'}
[20.731266] (navigation_bot) StdoutLine: {'line': b'-- Up-to-date symlink: /home/fiend/Navigation_Bot/dev_ws/install/navigation_bot/share/ament_index/resource_index/package_run_dependencies/navigation_bot\n'}
[20.731585] (navigation_bot) StdoutLine: {'line': b'-- Up-to-date symlink: /home/fiend/Navigation_Bot/dev_ws/install/navigation_bot/share/ament_index/resource_index/parent_prefix_path/navigation_bot\n'}
[20.731898] (navigation_bot) StdoutLine: {'line': b'-- Up-to-date symlink: /home/fiend/Navigation_Bot/dev_ws/install/navigation_bot/share/navigation_bot/environment/ament_prefix_path.sh\n'}
[20.732207] (navigation_bot) StdoutLine: {'line': b'-- Up-to-date symlink: /home/fiend/Navigation_Bot/dev_ws/install/navigation_bot/share/navigation_bot/environment/ament_prefix_path.dsv\n'}
[20.732472] (navigation_bot) StdoutLine: {'line': b'-- Up-to-date symlink: /home/fiend/Navigation_Bot/dev_ws/install/navigation_bot/share/navigation_bot/environment/path.sh\n'}
[20.732753] (navigation_bot) StdoutLine: {'line': b'-- Up-to-date symlink: /home/fiend/Navigation_Bot/dev_ws/install/navigation_bot/share/navigation_bot/environment/path.dsv\n'}
[20.733003] (navigation_bot) StdoutLine: {'line': b'-- Up-to-date symlink: /home/fiend/Navigation_Bot/dev_ws/install/navigation_bot/share/navigation_bot/local_setup.bash\n'}
[20.733277] (navigation_bot) StdoutLine: {'line': b'-- Up-to-date symlink: /home/fiend/Navigation_Bot/dev_ws/install/navigation_bot/share/navigation_bot/local_setup.sh\n'}
[20.733552] (navigation_bot) StdoutLine: {'line': b'-- Up-to-date symlink: /home/fiend/Navigation_Bot/dev_ws/install/navigation_bot/share/navigation_bot/local_setup.zsh\n'}
[20.733824] (navigation_bot) StdoutLine: {'line': b'-- Up-to-date symlink: /home/fiend/Navigation_Bot/dev_ws/install/navigation_bot/share/navigation_bot/local_setup.dsv\n'}
[20.734088] (navigation_bot) StdoutLine: {'line': b'-- Symlinking: /home/fiend/Navigation_Bot/dev_ws/install/navigation_bot/share/navigation_bot/package.dsv\n'}
[20.748948] (navigation_bot) StdoutLine: {'line': b'-- Up-to-date symlink: /home/fiend/Navigation_Bot/dev_ws/install/navigation_bot/share/ament_index/resource_index/packages/navigation_bot\n'}
[20.749360] (navigation_bot) StdoutLine: {'line': b'-- Up-to-date symlink: /home/fiend/Navigation_Bot/dev_ws/install/navigation_bot/share/navigation_bot/cmake/navigation_botConfig.cmake\n'}
[20.749670] (navigation_bot) StdoutLine: {'line': b'-- Up-to-date symlink: /home/fiend/Navigation_Bot/dev_ws/install/navigation_bot/share/navigation_bot/cmake/navigation_botConfig-version.cmake\n'}
[20.749971] (navigation_bot) StdoutLine: {'line': b'-- Up-to-date symlink: /home/fiend/Navigation_Bot/dev_ws/install/navigation_bot/share/navigation_bot/package.xml\n'}
[20.752879] (navigation_bot) CommandEnded: {'returncode': 0}
[20.779039] (-) TimerEvent: {}
[20.880699] (-) TimerEvent: {}
[20.981317] (-) TimerEvent: {}
[21.082380] (-) TimerEvent: {}
[21.129945] (navigation_bot) JobEnded: {'identifier': 'navigation_bot', 'rc': 0}
[21.131089] (-) EventReactorShutdown: {}
