[0.395s] Invoking command in '/home/fiend/Navigation_Bot/dev_ws/build/navigation_bot': CMAKE_PREFIX_PATH=${CMAKE_PREFIX_PATH}:/opt/ros/humble PS1=
\[[38;5;156m\]\[[0m\]\[[38;5;166m\]dev_ws\[[0m\]\[[38;5;166m\]\[[0m\] on \[[38;5;162m\] \[[0m\]\[[38;5;162m\]main\[[0m\] underwent \[[36m\]26s\[[0m\]
\[[1;38;5;166m\]➜\[[0m\] /usr/bin/cmake --build /home/fiend/Navigation_Bot/dev_ws/build/navigation_bot -- -j8 -l8
[0.516s] [35m[1mConsolidate compiler generated dependencies of target Motor_Driver_Node[0m
[0.543s] [ 50%] Built target ImageCapture
[0.559s] [ 75%] [32mBuilding CXX object CMakeFiles/Motor_Driver_Node.dir/Executables/follower.cpp.o[0m
[19.922s] [100%] [32m[1mLinking CXX executable Motor_Driver_Node[0m
[20.955s] [100%] Built target Motor_Driver_Node
[20.973s] Invoked command in '/home/fiend/Navigation_Bot/dev_ws/build/navigation_bot' returned '0': CMAKE_PREFIX_PATH=${CMAKE_PREFIX_PATH}:/opt/ros/humble PS1=
\[[38;5;156m\]\[[0m\]\[[38;5;166m\]dev_ws\[[0m\]\[[38;5;166m\]\[[0m\] on \[[38;5;162m\] \[[0m\]\[[38;5;162m\]main\[[0m\] underwent \[[36m\]26s\[[0m\]
\[[1;38;5;166m\]➜\[[0m\] /usr/bin/cmake --build /home/fiend/Navigation_Bot/dev_ws/build/navigation_bot -- -j8 -l8
[21.035s] Invoking command in '/home/fiend/Navigation_Bot/dev_ws/build/navigation_bot': CMAKE_PREFIX_PATH=${CMAKE_PREFIX_PATH}:/opt/ros/humble PS1=
\[[38;5;156m\]\[[0m\]\[[38;5;166m\]dev_ws\[[0m\]\[[38;5;166m\]\[[0m\] on \[[38;5;162m\] \[[0m\]\[[38;5;162m\]main\[[0m\] underwent \[[36m\]26s\[[0m\]
\[[1;38;5;166m\]➜\[[0m\] /usr/bin/cmake --install /home/fiend/Navigation_Bot/dev_ws/build/navigation_bot
[21.048s] -- Install configuration: ""
[21.049s] -- Execute custom install script
[21.050s] -- Up-to-date symlink: /home/fiend/Navigation_Bot/dev_ws/install/navigation_bot/share/navigation_bot/config/empty.yaml
[21.050s] -- Up-to-date symlink: /home/fiend/Navigation_Bot/dev_ws/install/navigation_bot/share/navigation_bot/config/my_controller.yaml
[21.051s] -- Up-to-date symlink: /home/fiend/Navigation_Bot/dev_ws/install/navigation_bot/share/navigation_bot/description/Depth_camera.xacro
[21.051s] -- Up-to-date symlink: /home/fiend/Navigation_Bot/dev_ws/install/navigation_bot/share/navigation_bot/description/camera.xacro
[21.052s] -- Up-to-date symlink: /home/fiend/Navigation_Bot/dev_ws/install/navigation_bot/share/navigation_bot/description/gazebo_control.xacro
[21.052s] -- Up-to-date symlink: /home/fiend/Navigation_Bot/dev_ws/install/navigation_bot/share/navigation_bot/description/inertial_macros.xacro
[21.052s] -- Up-to-date symlink: /home/fiend/Navigation_Bot/dev_ws/install/navigation_bot/share/navigation_bot/description/lidar.xacro
[21.053s] -- Up-to-date symlink: /home/fiend/Navigation_Bot/dev_ws/install/navigation_bot/share/navigation_bot/description/robot.urdf.xacro
[21.053s] -- Up-to-date symlink: /home/fiend/Navigation_Bot/dev_ws/install/navigation_bot/share/navigation_bot/description/robot_core.xacro
[21.053s] -- Up-to-date symlink: /home/fiend/Navigation_Bot/dev_ws/install/navigation_bot/share/navigation_bot/description/ros2_control.xacro
[21.054s] -- Up-to-date symlink: /home/fiend/Navigation_Bot/dev_ws/install/navigation_bot/share/navigation_bot/launch/launch_sim.launch.py
[21.054s] -- Up-to-date symlink: /home/fiend/Navigation_Bot/dev_ws/install/navigation_bot/share/navigation_bot/launch/rsp.launch.py
[21.054s] -- Up-to-date symlink: /home/fiend/Navigation_Bot/dev_ws/install/navigation_bot/share/navigation_bot/worlds/empty.world
[21.055s] -- Up-to-date symlink: /home/fiend/Navigation_Bot/dev_ws/install/navigation_bot/share/navigation_bot/worlds/home.world
[21.055s] -- Up-to-date symlink: /home/fiend/Navigation_Bot/dev_ws/install/navigation_bot/share/navigation_bot/worlds/obstacle.world
[21.055s] -- Up-to-date symlink: /home/fiend/Navigation_Bot/dev_ws/install/navigation_bot/share/navigation_bot/worlds/track.world
[21.055s] -- Up-to-date symlink: /home/fiend/Navigation_Bot/dev_ws/install/navigation_bot/share/navigation_bot/worlds/turtleWorld.world
[21.056s] -- Up-to-date symlink: /home/fiend/Navigation_Bot/dev_ws/install/navigation_bot/lib/navigation_bot/ImageCapture
[21.057s] -- Up-to-date symlink: /home/fiend/Navigation_Bot/dev_ws/install/navigation_bot/lib/navigation_bot/Motor_Driver_Node
[21.057s] -- Up-to-date symlink: /home/fiend/Navigation_Bot/dev_ws/install/navigation_bot/share/ament_index/resource_index/package_run_dependencies/navigation_bot
[21.057s] -- Up-to-date symlink: /home/fiend/Navigation_Bot/dev_ws/install/navigation_bot/share/ament_index/resource_index/parent_prefix_path/navigation_bot
[21.058s] -- Up-to-date symlink: /home/fiend/Navigation_Bot/dev_ws/install/navigation_bot/share/navigation_bot/environment/ament_prefix_path.sh
[21.058s] -- Up-to-date symlink: /home/fiend/Navigation_Bot/dev_ws/install/navigation_bot/share/navigation_bot/environment/ament_prefix_path.dsv
[21.059s] -- Up-to-date symlink: /home/fiend/Navigation_Bot/dev_ws/install/navigation_bot/share/navigation_bot/environment/path.sh
[21.059s] -- Up-to-date symlink: /home/fiend/Navigation_Bot/dev_ws/install/navigation_bot/share/navigation_bot/environment/path.dsv
[21.060s] -- Up-to-date symlink: /home/fiend/Navigation_Bot/dev_ws/install/navigation_bot/share/navigation_bot/local_setup.bash
[21.060s] -- Up-to-date symlink: /home/fiend/Navigation_Bot/dev_ws/install/navigation_bot/share/navigation_bot/local_setup.sh
[21.061s] -- Up-to-date symlink: /home/fiend/Navigation_Bot/dev_ws/install/navigation_bot/share/navigation_bot/local_setup.zsh
[21.061s] -- Up-to-date symlink: /home/fiend/Navigation_Bot/dev_ws/install/navigation_bot/share/navigation_bot/local_setup.dsv
[21.061s] -- Symlinking: /home/fiend/Navigation_Bot/dev_ws/install/navigation_bot/share/navigation_bot/package.dsv
[21.076s] -- Up-to-date symlink: /home/fiend/Navigation_Bot/dev_ws/install/navigation_bot/share/ament_index/resource_index/packages/navigation_bot
[21.077s] -- Up-to-date symlink: /home/fiend/Navigation_Bot/dev_ws/install/navigation_bot/share/navigation_bot/cmake/navigation_botConfig.cmake
[21.077s] -- Up-to-date symlink: /home/fiend/Navigation_Bot/dev_ws/install/navigation_bot/share/navigation_bot/cmake/navigation_botConfig-version.cmake
[21.077s] -- Up-to-date symlink: /home/fiend/Navigation_Bot/dev_ws/install/navigation_bot/share/navigation_bot/package.xml
[21.080s] Invoked command in '/home/fiend/Navigation_Bot/dev_ws/build/navigation_bot' returned '0': CMAKE_PREFIX_PATH=${CMAKE_PREFIX_PATH}:/opt/ros/humble PS1=
\[[38;5;156m\]\[[0m\]\[[38;5;166m\]dev_ws\[[0m\]\[[38;5;166m\]\[[0m\] on \[[38;5;162m\] \[[0m\]\[[38;5;162m\]main\[[0m\] underwent \[[36m\]26s\[[0m\]
\[[1;38;5;166m\]➜\[[0m\] /usr/bin/cmake --install /home/fiend/Navigation_Bot/dev_ws/build/navigation_bot
