[0.000000] (-) TimerEvent: {}
[0.000274] (navigation_bot) JobQueued: {'identifier': 'navigation_bot', 'dependencies': OrderedDict()}
[0.000435] (navigation_bot) JobStarted: {'identifier': 'navigation_bot'}
[0.098532] (-) TimerEvent: {}
[0.198986] (-) TimerEvent: {}
[0.299417] (-) TimerEvent: {}
[0.346550] (navigation_bot) JobProgress: {'identifier': 'navigation_bot', 'progress': 'cmake'}
[0.348451] (navigation_bot) JobProgress: {'identifier': 'navigation_bot', 'progress': 'build'}
[0.350839] (navigation_bot) Command: {'cmd': ['/usr/bin/cmake', '--build', '/home/fiend/Navigation_Bot/dev_ws/build/navigation_bot', '--', '-j8', '-l8'], 'cwd': '/home/fiend/Navigation_Bot/dev_ws/build/navigation_bot', 'env': OrderedDict([('GJS_DEBUG_TOPICS', 'JS ERROR;JS LOG'), ('LESSOPEN', '| /usr/bin/lesspipe %s'), ('LANGUAGE', 'en_IN:en'), ('USER', 'fiend'), ('STARSHIP_SHELL', 'bash'), ('XDG_SESSION_TYPE', 'wayland'), ('SHLVL', '1'), ('LD_LIBRARY_PATH', '/usr/lib/x86_64-linux-gnu/gazebo-11/plugins:/opt/ros/humble/opt/rviz_ogre_vendor/lib:/opt/ros/humble/lib/x86_64-linux-gnu:/opt/ros/humble/lib'), ('HOME', '/home/fiend'), ('OLDPWD', '/home/fiend/Navigation_Bot'), ('DESKTOP_SESSION', 'ubuntu'), ('GIO_LAUNCHED_DESKTOP_FILE', '/usr/share/applications/terminator.desktop'), ('ROS_PYTHON_VERSION', '3'), ('GNOME_SHELL_SESSION_MODE', 'ubuntu'), ('GTK_MODULES', 'gail:atk-bridge'), ('PS1', '\n\\[\x1b[38;5;156m\\]\\[\x1b[0m\\]\\[\x1b[38;5;166m\\]dev_ws\\[\x1b[0m\\]\\[\x1b[38;5;166m\\]\\[\x1b[0m\\] on \\[\x1b[38;5;162m\\]\ue0a0 \\[\x1b[0m\\]\\[\x1b[38;5;162m\\]main\\[\x1b[0m\\] underwent \\[\x1b[36m\\]32s\\[\x1b[0m\\]\n\\[\x1b[1;38;5;166m\\]➜\\[\x1b[0m\\]'), ('MANAGERPID', '865'), ('SYSTEMD_EXEC_PID', '1038'), ('DBUS_SESSION_BUS_ADDRESS', 'unix:path=/run/user/1000/bus'), ('COLORTERM', 'truecolor'), ('GIO_LAUNCHED_DESKTOP_FILE_PID', '5627'), ('_colcon_cd_root', '/opt/ros/humble/'), ('IM_CONFIG_PHASE', '1'), ('WAYLAND_DISPLAY', 'wayland-0'), ('COLCON_PREFIX_PATH', '/home/fiend/Navigation_Bot/dev_ws/install:/home/fiend/voice_grab/ros2_ws/install:/home/fiend/LineFollowingRobot/ros_ws/install:/home/fiend/ROS/practice_codes_ROS2/articubot_one/install'), ('ROS_DISTRO', 'humble'), ('LOGNAME', 'fiend'), ('JOURNAL_STREAM', '8:30767'), ('_', '/usr/bin/colcon'), ('ROS_VERSION', '2'), ('XDG_SESSION_CLASS', 'user'), ('USERNAME', 'fiend'), ('TERM', 'xterm-256color'), ('GNOME_DESKTOP_SESSION_ID', 'this-is-deprecated'), ('ROS_LOCALHOST_ONLY', '0'), ('PATH', '/opt/ros/humble/bin:/home/fiend/.local/bin:/usr/local/sbin:/usr/local/bin:/usr/sbin:/usr/bin:/sbin:/bin:/usr/games:/usr/local/games:/snap/bin:/snap/bin'), ('SESSION_MANAGER', 'local/fiend-Lenovo-Yoga-C740-14IML:@/tmp/.ICE-unix/1008,unix/fiend-Lenovo-Yoga-C740-14IML:/tmp/.ICE-unix/1008'), ('INVOCATION_ID', '37512f0c72ec48d79a8a8f1894f11f4d'), ('XDG_MENU_PREFIX', 'gnome-'), ('GNOME_SETUP_DISPLAY', ':1'), ('XDG_RUNTIME_DIR', '/run/user/1000'), ('DISPLAY', ':0'), ('LANG', 'en_US.UTF-8'), ('XDG_CURRENT_DESKTOP', 'ubuntu:GNOME'), ('IBUS_DISABLE_SNOOPER', '1'), ('XMODIFIERS', '@im=ibus'), ('XDG_SESSION_DESKTOP', 'ubuntu'), ('XAUTHORITY', '/run/user/1000/.mutter-Xwaylandauth.UJJAK2'), ('LS_COLORS', 'di=34:ow=34:tw=34:fi=13:ln=31:pi=5:so=5:bd=5:cd=5:or=31:mi=0:ex=35:*.rpm=90:*.png=35:*.gif=36:*.jpg=35:*.c=92:*.py=93:*.h=90:*.txt=94:*.doc=104:*.odt=104:*.csv=102:*.xlsx=102:*.xlsm=102:*.rb=31:*.cpp=92:*.sh=92:*.html=96:*.zip=4;33:*.tar.gz=4;33:*.mp4=105:*.mp3=106'), ('SSH_AGENT_LAUNCHER', 'gnome-keyring'), ('SSH_AUTH_SOCK', '/run/user/1000/keyring/ssh'), ('AMENT_PREFIX_PATH', '/home/fiend/Navigation_Bot/dev_ws/install/navigation_bot:/home/fiend/LineFollowingRobot/ros_ws/install/line_bhakt:/home/fiend/ROS/practice_codes_ROS2/articubot_one/install/articubot_one:/opt/ros/humble'), ('SHELL', '/bin/bash'), ('TERMINATOR_UUID', 'urn:uuid:de10c5cb-7f42-4ea2-ad3f-7446c017e8fd'), ('QT_ACCESSIBILITY', '1'), ('GDMSESSION', 'ubuntu'), ('LESSCLOSE', '/usr/bin/lesspipe %s %s'), ('GCC_COLORS', 'error=31:warning=35:note=36:caret=32:locus=01:quote=01'), ('GJS_DEBUG_OUTPUT', 'stderr'), ('QT_IM_MODULE', 'ibus'), ('PWD', '/home/fiend/Navigation_Bot/dev_ws/build/navigation_bot'), ('LC_ALL', 'en_US.UTF-8'), ('XDG_CONFIG_DIRS', '/etc/xdg/xdg-ubuntu:/etc/xdg'), ('XDG_DATA_DIRS', '/usr/share/ubuntu:/home/fiend/.local/share/flatpak/exports/share:/var/lib/flatpak/exports/share:/usr/local/share/:/usr/share/:/var/lib/snapd/desktop'), ('STARSHIP_SESSION_KEY', '2059017139146452'), ('PYTHONPATH', '/opt/ros/humble/lib/python3.10/site-packages:/opt/ros/humble/local/lib/python3.10/dist-packages'), ('COLCON', '1'), ('VTE_VERSION', '6800'), ('CMAKE_PREFIX_PATH', '/home/fiend/Navigation_Bot/dev_ws/install/navigation_bot:/home/fiend/LineFollowingRobot/ros_ws/install/line_bhakt:/home/fiend/ROS/practice_codes_ROS2/articubot_one/install/articubot_one:/opt/ros/humble')]), 'shell': False}
[0.399572] (-) TimerEvent: {}
[0.484955] (navigation_bot) StdoutLine: {'line': b'\x1b[35m\x1b[1mConsolidate compiler generated dependencies of target ImageCapture\x1b[0m\n'}
[0.499730] (-) TimerEvent: {}
[0.525011] (navigation_bot) StdoutLine: {'line': b'[ 50%] \x1b[32mBuilding CXX object CMakeFiles/ImageCapture.dir/Executables/ImageCapture.cpp.o\x1b[0m\n'}
[0.525345] (navigation_bot) StdoutLine: {'line': b'[ 50%] \x1b[32mBuilding CXX object CMakeFiles/Motor_Driver_Node.dir/Executables/follower.cpp.o\x1b[0m\n'}
[0.599858] (-) TimerEvent: {}
[0.700383] (-) TimerEvent: {}
[0.800770] (-) TimerEvent: {}
[0.901181] (-) TimerEvent: {}
[1.001599] (-) TimerEvent: {}
[1.101980] (-) TimerEvent: {}
[1.202440] (-) TimerEvent: {}
[1.302840] (-) TimerEvent: {}
[1.403287] (-) TimerEvent: {}
[1.503867] (-) TimerEvent: {}
[1.604272] (-) TimerEvent: {}
[1.704660] (-) TimerEvent: {}
[1.805039] (-) TimerEvent: {}
[1.905608] (-) TimerEvent: {}
[2.006158] (-) TimerEvent: {}
[2.106554] (-) TimerEvent: {}
[2.206985] (-) TimerEvent: {}
[2.307389] (-) TimerEvent: {}
[2.407800] (-) TimerEvent: {}
[2.508209] (-) TimerEvent: {}
[2.608594] (-) TimerEvent: {}
[2.708979] (-) TimerEvent: {}
[2.809352] (-) TimerEvent: {}
[2.909729] (-) TimerEvent: {}
[3.010103] (-) TimerEvent: {}
[3.110486] (-) TimerEvent: {}
[3.210878] (-) TimerEvent: {}
[3.311279] (-) TimerEvent: {}
[3.411727] (-) TimerEvent: {}
[3.512142] (-) TimerEvent: {}
[3.612793] (-) TimerEvent: {}
[3.713278] (-) TimerEvent: {}
[3.813756] (-) TimerEvent: {}
[3.914257] (-) TimerEvent: {}
[4.015630] (-) TimerEvent: {}
[4.116250] (-) TimerEvent: {}
[4.216686] (-) TimerEvent: {}
[4.317200] (-) TimerEvent: {}
[4.417639] (-) TimerEvent: {}
[4.518053] (-) TimerEvent: {}
[4.618489] (-) TimerEvent: {}
[4.718928] (-) TimerEvent: {}
[4.819431] (-) TimerEvent: {}
[4.919864] (-) TimerEvent: {}
[5.020307] (-) TimerEvent: {}
[5.120745] (-) TimerEvent: {}
[5.221206] (-) TimerEvent: {}
[5.321615] (-) TimerEvent: {}
[5.422126] (-) TimerEvent: {}
[5.522513] (-) TimerEvent: {}
[5.622883] (-) TimerEvent: {}
[5.723281] (-) TimerEvent: {}
[5.823664] (-) TimerEvent: {}
[5.924077] (-) TimerEvent: {}
[6.024623] (-) TimerEvent: {}
[6.125112] (-) TimerEvent: {}
[6.225609] (-) TimerEvent: {}
[6.326084] (-) TimerEvent: {}
[6.426463] (-) TimerEvent: {}
[6.526853] (-) TimerEvent: {}
[6.627270] (-) TimerEvent: {}
[6.727636] (-) TimerEvent: {}
[6.827997] (-) TimerEvent: {}
[6.928377] (-) TimerEvent: {}
[7.028777] (-) TimerEvent: {}
[7.129167] (-) TimerEvent: {}
[7.229604] (-) TimerEvent: {}
[7.329988] (-) TimerEvent: {}
[7.430381] (-) TimerEvent: {}
[7.530769] (-) TimerEvent: {}
[7.631176] (-) TimerEvent: {}
[7.731541] (-) TimerEvent: {}
[7.831917] (-) TimerEvent: {}
[7.932346] (-) TimerEvent: {}
[8.032748] (-) TimerEvent: {}
[8.133129] (-) TimerEvent: {}
[8.233547] (-) TimerEvent: {}
[8.334005] (-) TimerEvent: {}
[8.434469] (-) TimerEvent: {}
[8.534909] (-) TimerEvent: {}
[8.635349] (-) TimerEvent: {}
[8.735781] (-) TimerEvent: {}
[8.836225] (-) TimerEvent: {}
[8.936663] (-) TimerEvent: {}
[9.037097] (-) TimerEvent: {}
[9.137541] (-) TimerEvent: {}
[9.237984] (-) TimerEvent: {}
[9.338444] (-) TimerEvent: {}
[9.438890] (-) TimerEvent: {}
[9.539354] (-) TimerEvent: {}
[9.639831] (-) TimerEvent: {}
[9.740304] (-) TimerEvent: {}
[9.840757] (-) TimerEvent: {}
[9.941197] (-) TimerEvent: {}
[10.041625] (-) TimerEvent: {}
[10.142071] (-) TimerEvent: {}
[10.242516] (-) TimerEvent: {}
[10.342962] (-) TimerEvent: {}
[10.443427] (-) TimerEvent: {}
[10.543872] (-) TimerEvent: {}
[10.644311] (-) TimerEvent: {}
[10.744783] (-) TimerEvent: {}
[10.845178] (-) TimerEvent: {}
[10.945573] (-) TimerEvent: {}
[11.046025] (-) TimerEvent: {}
[11.146463] (-) TimerEvent: {}
[11.246898] (-) TimerEvent: {}
[11.347347] (-) TimerEvent: {}
[11.447785] (-) TimerEvent: {}
[11.548230] (-) TimerEvent: {}
[11.648721] (-) TimerEvent: {}
[11.749201] (-) TimerEvent: {}
[11.849675] (-) TimerEvent: {}
[11.950066] (-) TimerEvent: {}
[12.050450] (-) TimerEvent: {}
[12.150868] (-) TimerEvent: {}
[12.251276] (-) TimerEvent: {}
[12.351655] (-) TimerEvent: {}
[12.452038] (-) TimerEvent: {}
[12.552460] (-) TimerEvent: {}
[12.652953] (-) TimerEvent: {}
[12.753372] (-) TimerEvent: {}
[12.853782] (-) TimerEvent: {}
[12.954265] (-) TimerEvent: {}
[13.054659] (-) TimerEvent: {}
[13.155078] (-) TimerEvent: {}
[13.255561] (-) TimerEvent: {}
[13.356039] (-) TimerEvent: {}
[13.456528] (-) TimerEvent: {}
[13.557006] (-) TimerEvent: {}
[13.657420] (-) TimerEvent: {}
[13.757930] (-) TimerEvent: {}
[13.858345] (-) TimerEvent: {}
[13.958852] (-) TimerEvent: {}
[14.059348] (-) TimerEvent: {}
[14.159819] (-) TimerEvent: {}
[14.260289] (-) TimerEvent: {}
[14.360758] (-) TimerEvent: {}
[14.461235] (-) TimerEvent: {}
[14.561710] (-) TimerEvent: {}
[14.662197] (-) TimerEvent: {}
[14.762643] (-) TimerEvent: {}
[14.863076] (-) TimerEvent: {}
[14.963461] (-) TimerEvent: {}
[15.063829] (-) TimerEvent: {}
[15.164216] (-) TimerEvent: {}
[15.264695] (-) TimerEvent: {}
[15.365160] (-) TimerEvent: {}
[15.465534] (-) TimerEvent: {}
[15.565901] (-) TimerEvent: {}
[15.666281] (-) TimerEvent: {}
[15.766665] (-) TimerEvent: {}
[15.867057] (-) TimerEvent: {}
[15.967465] (-) TimerEvent: {}
[16.067963] (-) TimerEvent: {}
[16.168439] (-) TimerEvent: {}
[16.268917] (-) TimerEvent: {}
[16.369382] (-) TimerEvent: {}
[16.469868] (-) TimerEvent: {}
[16.570349] (-) TimerEvent: {}
[16.670835] (-) TimerEvent: {}
[16.771263] (-) TimerEvent: {}
[16.871746] (-) TimerEvent: {}
[16.972111] (-) TimerEvent: {}
[17.072532] (-) TimerEvent: {}
[17.172950] (-) TimerEvent: {}
[17.273441] (-) TimerEvent: {}
[17.373882] (-) TimerEvent: {}
[17.474315] (-) TimerEvent: {}
[17.574697] (-) TimerEvent: {}
[17.675180] (-) TimerEvent: {}
[17.775634] (-) TimerEvent: {}
[17.876016] (-) TimerEvent: {}
[17.976398] (-) TimerEvent: {}
[18.076772] (-) TimerEvent: {}
[18.177161] (-) TimerEvent: {}
[18.277658] (-) TimerEvent: {}
[18.378128] (-) TimerEvent: {}
[18.478596] (-) TimerEvent: {}
[18.579086] (-) TimerEvent: {}
[18.679560] (-) TimerEvent: {}
[18.779951] (-) TimerEvent: {}
[18.880419] (-) TimerEvent: {}
[18.980829] (-) TimerEvent: {}
[19.081273] (-) TimerEvent: {}
[19.181792] (-) TimerEvent: {}
[19.282162] (-) TimerEvent: {}
[19.382543] (-) TimerEvent: {}
[19.482913] (-) TimerEvent: {}
[19.583339] (-) TimerEvent: {}
[19.684014] (-) TimerEvent: {}
[19.784433] (-) TimerEvent: {}
[19.884839] (-) TimerEvent: {}
[19.985254] (-) TimerEvent: {}
[20.085721] (-) TimerEvent: {}
[20.186262] (-) TimerEvent: {}
[20.286760] (-) TimerEvent: {}
[20.387459] (-) TimerEvent: {}
[20.487968] (-) TimerEvent: {}
[20.588650] (-) TimerEvent: {}
[20.689152] (-) TimerEvent: {}
[20.789693] (-) TimerEvent: {}
[20.890334] (-) TimerEvent: {}
[20.990906] (-) TimerEvent: {}
[21.091611] (-) TimerEvent: {}
[21.192010] (-) TimerEvent: {}
[21.265967] (navigation_bot) StdoutLine: {'line': b'[ 75%] \x1b[32m\x1b[1mLinking CXX executable ImageCapture\x1b[0m\n'}
[21.271854] (navigation_bot) StdoutLine: {'line': b'[100%] \x1b[32m\x1b[1mLinking CXX executable Motor_Driver_Node\x1b[0m\n'}
[21.292134] (-) TimerEvent: {}
[21.392599] (-) TimerEvent: {}
[21.493084] (-) TimerEvent: {}
[21.593643] (-) TimerEvent: {}
[21.694186] (-) TimerEvent: {}
[21.794685] (-) TimerEvent: {}
[21.895115] (-) TimerEvent: {}
[21.995561] (-) TimerEvent: {}
[22.096081] (-) TimerEvent: {}
[22.196610] (-) TimerEvent: {}
[22.297122] (-) TimerEvent: {}
[22.397574] (-) TimerEvent: {}
[22.448139] (navigation_bot) StdoutLine: {'line': b'[100%] Built target Motor_Driver_Node\n'}
[22.464278] (navigation_bot) StdoutLine: {'line': b'[100%] Built target ImageCapture\n'}
[22.486796] (navigation_bot) CommandEnded: {'returncode': 0}
[22.497688] (-) TimerEvent: {}
[22.534895] (navigation_bot) JobProgress: {'identifier': 'navigation_bot', 'progress': 'install'}
[22.550575] (navigation_bot) Command: {'cmd': ['/usr/bin/cmake', '--install', '/home/fiend/Navigation_Bot/dev_ws/build/navigation_bot'], 'cwd': '/home/fiend/Navigation_Bot/dev_ws/build/navigation_bot', 'env': OrderedDict([('GJS_DEBUG_TOPICS', 'JS ERROR;JS LOG'), ('LESSOPEN', '| /usr/bin/lesspipe %s'), ('LANGUAGE', 'en_IN:en'), ('USER', 'fiend'), ('STARSHIP_SHELL', 'bash'), ('XDG_SESSION_TYPE', 'wayland'), ('SHLVL', '1'), ('LD_LIBRARY_PATH', '/usr/lib/x86_64-linux-gnu/gazebo-11/plugins:/opt/ros/humble/opt/rviz_ogre_vendor/lib:/opt/ros/humble/lib/x86_64-linux-gnu:/opt/ros/humble/lib'), ('HOME', '/home/fiend'), ('OLDPWD', '/home/fiend/Navigation_Bot'), ('DESKTOP_SESSION', 'ubuntu'), ('GIO_LAUNCHED_DESKTOP_FILE', '/usr/share/applications/terminator.desktop'), ('ROS_PYTHON_VERSION', '3'), ('GNOME_SHELL_SESSION_MODE', 'ubuntu'), ('GTK_MODULES', 'gail:atk-bridge'), ('PS1', '\n\\[\x1b[38;5;156m\\]\\[\x1b[0m\\]\\[\x1b[38;5;166m\\]dev_ws\\[\x1b[0m\\]\\[\x1b[38;5;166m\\]\\[\x1b[0m\\] on \\[\x1b[38;5;162m\\]\ue0a0 \\[\x1b[0m\\]\\[\x1b[38;5;162m\\]main\\[\x1b[0m\\] underwent \\[\x1b[36m\\]32s\\[\x1b[0m\\]\n\\[\x1b[1;38;5;166m\\]➜\\[\x1b[0m\\]'), ('MANAGERPID', '865'), ('SYSTEMD_EXEC_PID', '1038'), ('DBUS_SESSION_BUS_ADDRESS', 'unix:path=/run/user/1000/bus'), ('COLORTERM', 'truecolor'), ('GIO_LAUNCHED_DESKTOP_FILE_PID', '5627'), ('_colcon_cd_root', '/opt/ros/humble/'), ('IM_CONFIG_PHASE', '1'), ('WAYLAND_DISPLAY', 'wayland-0'), ('COLCON_PREFIX_PATH', '/home/fiend/Navigation_Bot/dev_ws/install:/home/fiend/voice_grab/ros2_ws/install:/home/fiend/LineFollowingRobot/ros_ws/install:/home/fiend/ROS/practice_codes_ROS2/articubot_one/install'), ('ROS_DISTRO', 'humble'), ('LOGNAME', 'fiend'), ('JOURNAL_STREAM', '8:30767'), ('_', '/usr/bin/colcon'), ('ROS_VERSION', '2'), ('XDG_SESSION_CLASS', 'user'), ('USERNAME', 'fiend'), ('TERM', 'xterm-256color'), ('GNOME_DESKTOP_SESSION_ID', 'this-is-deprecated'), ('ROS_LOCALHOST_ONLY', '0'), ('PATH', '/opt/ros/humble/bin:/home/fiend/.local/bin:/usr/local/sbin:/usr/local/bin:/usr/sbin:/usr/bin:/sbin:/bin:/usr/games:/usr/local/games:/snap/bin:/snap/bin'), ('SESSION_MANAGER', 'local/fiend-Lenovo-Yoga-C740-14IML:@/tmp/.ICE-unix/1008,unix/fiend-Lenovo-Yoga-C740-14IML:/tmp/.ICE-unix/1008'), ('INVOCATION_ID', '37512f0c72ec48d79a8a8f1894f11f4d'), ('XDG_MENU_PREFIX', 'gnome-'), ('GNOME_SETUP_DISPLAY', ':1'), ('XDG_RUNTIME_DIR', '/run/user/1000'), ('DISPLAY', ':0'), ('LANG', 'en_US.UTF-8'), ('XDG_CURRENT_DESKTOP', 'ubuntu:GNOME'), ('IBUS_DISABLE_SNOOPER', '1'), ('XMODIFIERS', '@im=ibus'), ('XDG_SESSION_DESKTOP', 'ubuntu'), ('XAUTHORITY', '/run/user/1000/.mutter-Xwaylandauth.UJJAK2'), ('LS_COLORS', 'di=34:ow=34:tw=34:fi=13:ln=31:pi=5:so=5:bd=5:cd=5:or=31:mi=0:ex=35:*.rpm=90:*.png=35:*.gif=36:*.jpg=35:*.c=92:*.py=93:*.h=90:*.txt=94:*.doc=104:*.odt=104:*.csv=102:*.xlsx=102:*.xlsm=102:*.rb=31:*.cpp=92:*.sh=92:*.html=96:*.zip=4;33:*.tar.gz=4;33:*.mp4=105:*.mp3=106'), ('SSH_AGENT_LAUNCHER', 'gnome-keyring'), ('SSH_AUTH_SOCK', '/run/user/1000/keyring/ssh'), ('AMENT_PREFIX_PATH', '/home/fiend/Navigation_Bot/dev_ws/install/navigation_bot:/home/fiend/LineFollowingRobot/ros_ws/install/line_bhakt:/home/fiend/ROS/practice_codes_ROS2/articubot_one/install/articubot_one:/opt/ros/humble'), ('SHELL', '/bin/bash'), ('TERMINATOR_UUID', 'urn:uuid:de10c5cb-7f42-4ea2-ad3f-7446c017e8fd'), ('QT_ACCESSIBILITY', '1'), ('GDMSESSION', 'ubuntu'), ('LESSCLOSE', '/usr/bin/lesspipe %s %s'), ('GCC_COLORS', 'error=31:warning=35:note=36:caret=32:locus=01:quote=01'), ('GJS_DEBUG_OUTPUT', 'stderr'), ('QT_IM_MODULE', 'ibus'), ('PWD', '/home/fiend/Navigation_Bot/dev_ws/build/navigation_bot'), ('LC_ALL', 'en_US.UTF-8'), ('XDG_CONFIG_DIRS', '/etc/xdg/xdg-ubuntu:/etc/xdg'), ('XDG_DATA_DIRS', '/usr/share/ubuntu:/home/fiend/.local/share/flatpak/exports/share:/var/lib/flatpak/exports/share:/usr/local/share/:/usr/share/:/var/lib/snapd/desktop'), ('STARSHIP_SESSION_KEY', '2059017139146452'), ('PYTHONPATH', '/opt/ros/humble/lib/python3.10/site-packages:/opt/ros/humble/local/lib/python3.10/dist-packages'), ('COLCON', '1'), ('VTE_VERSION', '6800'), ('CMAKE_PREFIX_PATH', '/home/fiend/Navigation_Bot/dev_ws/install/navigation_bot:/home/fiend/LineFollowingRobot/ros_ws/install/line_bhakt:/home/fiend/ROS/practice_codes_ROS2/articubot_one/install/articubot_one:/opt/ros/humble')]), 'shell': False}
[22.564634] (navigation_bot) StdoutLine: {'line': b'-- Install configuration: ""\n'}
[22.566010] (navigation_bot) StdoutLine: {'line': b'-- Execute custom install script\n'}
[22.567500] (navigation_bot) StdoutLine: {'line': b'-- Up-to-date symlink: /home/fiend/Navigation_Bot/dev_ws/install/navigation_bot/share/navigation_bot/config/empty.yaml\n'}
[22.568049] (navigation_bot) StdoutLine: {'line': b'-- Up-to-date symlink: /home/fiend/Navigation_Bot/dev_ws/install/navigation_bot/share/navigation_bot/config/my_controller.yaml\n'}
[22.568907] (navigation_bot) StdoutLine: {'line': b'-- Up-to-date symlink: /home/fiend/Navigation_Bot/dev_ws/install/navigation_bot/share/navigation_bot/description/Depth_camera.xacro\n'}
[22.569374] (navigation_bot) StdoutLine: {'line': b'-- Up-to-date symlink: /home/fiend/Navigation_Bot/dev_ws/install/navigation_bot/share/navigation_bot/description/camera.xacro\n'}
[22.569779] (navigation_bot) StdoutLine: {'line': b'-- Up-to-date symlink: /home/fiend/Navigation_Bot/dev_ws/install/navigation_bot/share/navigation_bot/description/gazebo_control.xacro\n'}
[22.570114] (navigation_bot) StdoutLine: {'line': b'-- Up-to-date symlink: /home/fiend/Navigation_Bot/dev_ws/install/navigation_bot/share/navigation_bot/description/inertial_macros.xacro\n'}
[22.570533] (navigation_bot) StdoutLine: {'line': b'-- Up-to-date symlink: /home/fiend/Navigation_Bot/dev_ws/install/navigation_bot/share/navigation_bot/description/lidar.xacro\n'}
[22.570867] (navigation_bot) StdoutLine: {'line': b'-- Up-to-date symlink: /home/fiend/Navigation_Bot/dev_ws/install/navigation_bot/share/navigation_bot/description/robot.urdf.xacro\n'}
[22.571224] (navigation_bot) StdoutLine: {'line': b'-- Up-to-date symlink: /home/fiend/Navigation_Bot/dev_ws/install/navigation_bot/share/navigation_bot/description/robot_core.xacro\n'}
[22.571577] (navigation_bot) StdoutLine: {'line': b'-- Up-to-date symlink: /home/fiend/Navigation_Bot/dev_ws/install/navigation_bot/share/navigation_bot/description/ros2_control.xacro\n'}
[22.572279] (navigation_bot) StdoutLine: {'line': b'-- Up-to-date symlink: /home/fiend/Navigation_Bot/dev_ws/install/navigation_bot/share/navigation_bot/launch/launch_sim.launch.py\n'}
[22.572517] (navigation_bot) StdoutLine: {'line': b'-- Up-to-date symlink: /home/fiend/Navigation_Bot/dev_ws/install/navigation_bot/share/navigation_bot/launch/rsp.launch.py\n'}
[22.573032] (navigation_bot) StdoutLine: {'line': b'-- Up-to-date symlink: /home/fiend/Navigation_Bot/dev_ws/install/navigation_bot/share/navigation_bot/worlds/empty.world\n'}
[22.573261] (navigation_bot) StdoutLine: {'line': b'-- Up-to-date symlink: /home/fiend/Navigation_Bot/dev_ws/install/navigation_bot/share/navigation_bot/worlds/home.world\n'}
[22.573486] (navigation_bot) StdoutLine: {'line': b'-- Up-to-date symlink: /home/fiend/Navigation_Bot/dev_ws/install/navigation_bot/share/navigation_bot/worlds/obstacle.world\n'}
[22.573717] (navigation_bot) StdoutLine: {'line': b'-- Up-to-date symlink: /home/fiend/Navigation_Bot/dev_ws/install/navigation_bot/share/navigation_bot/worlds/track.world\n'}
[22.574113] (navigation_bot) StdoutLine: {'line': b'-- Up-to-date symlink: /home/fiend/Navigation_Bot/dev_ws/install/navigation_bot/share/navigation_bot/worlds/turtleWorld.world\n'}
[22.575107] (navigation_bot) StdoutLine: {'line': b'-- Up-to-date symlink: /home/fiend/Navigation_Bot/dev_ws/install/navigation_bot/lib/navigation_bot/ImageCapture\n'}
[22.575678] (navigation_bot) StdoutLine: {'line': b'-- Up-to-date symlink: /home/fiend/Navigation_Bot/dev_ws/install/navigation_bot/lib/navigation_bot/Motor_Driver_Node\n'}
[22.576106] (navigation_bot) StdoutLine: {'line': b'-- Up-to-date symlink: /home/fiend/Navigation_Bot/dev_ws/install/navigation_bot/share/ament_index/resource_index/package_run_dependencies/navigation_bot\n'}
[22.576552] (navigation_bot) StdoutLine: {'line': b'-- Up-to-date symlink: /home/fiend/Navigation_Bot/dev_ws/install/navigation_bot/share/ament_index/resource_index/parent_prefix_path/navigation_bot\n'}
[22.577049] (navigation_bot) StdoutLine: {'line': b'-- Up-to-date symlink: /home/fiend/Navigation_Bot/dev_ws/install/navigation_bot/share/navigation_bot/environment/ament_prefix_path.sh\n'}
[22.577500] (navigation_bot) StdoutLine: {'line': b'-- Up-to-date symlink: /home/fiend/Navigation_Bot/dev_ws/install/navigation_bot/share/navigation_bot/environment/ament_prefix_path.dsv\n'}
[22.577926] (navigation_bot) StdoutLine: {'line': b'-- Up-to-date symlink: /home/fiend/Navigation_Bot/dev_ws/install/navigation_bot/share/navigation_bot/environment/path.sh\n'}
[22.578347] (navigation_bot) StdoutLine: {'line': b'-- Up-to-date symlink: /home/fiend/Navigation_Bot/dev_ws/install/navigation_bot/share/navigation_bot/environment/path.dsv\n'}
[22.578753] (navigation_bot) StdoutLine: {'line': b'-- Up-to-date symlink: /home/fiend/Navigation_Bot/dev_ws/install/navigation_bot/share/navigation_bot/local_setup.bash\n'}
[22.579196] (navigation_bot) StdoutLine: {'line': b'-- Up-to-date symlink: /home/fiend/Navigation_Bot/dev_ws/install/navigation_bot/share/navigation_bot/local_setup.sh\n'}
[22.579597] (navigation_bot) StdoutLine: {'line': b'-- Up-to-date symlink: /home/fiend/Navigation_Bot/dev_ws/install/navigation_bot/share/navigation_bot/local_setup.zsh\n'}
[22.579993] (navigation_bot) StdoutLine: {'line': b'-- Up-to-date symlink: /home/fiend/Navigation_Bot/dev_ws/install/navigation_bot/share/navigation_bot/local_setup.dsv\n'}
[22.580318] (navigation_bot) StdoutLine: {'line': b'-- Symlinking: /home/fiend/Navigation_Bot/dev_ws/install/navigation_bot/share/navigation_bot/package.dsv\n'}
[22.596707] (navigation_bot) StdoutLine: {'line': b'-- Up-to-date symlink: /home/fiend/Navigation_Bot/dev_ws/install/navigation_bot/share/ament_index/resource_index/packages/navigation_bot\n'}
[22.597259] (navigation_bot) StdoutLine: {'line': b'-- Up-to-date symlink: /home/fiend/Navigation_Bot/dev_ws/install/navigation_bot/share/navigation_bot/cmake/navigation_botConfig.cmake\n'}
[22.597732] (navigation_bot) StdoutLine: {'line': b'-- Up-to-date symlink: /home/fiend/Navigation_Bot/dev_ws/install/navigation_bot/share/navigation_bot/cmake/navigation_botConfig-version.cmake\n'}
[22.597967] (-) TimerEvent: {}
[22.598284] (navigation_bot) StdoutLine: {'line': b'-- Up-to-date symlink: /home/fiend/Navigation_Bot/dev_ws/install/navigation_bot/share/navigation_bot/package.xml\n'}
[22.602038] (navigation_bot) CommandEnded: {'returncode': 0}
[22.698152] (-) TimerEvent: {}
[22.798943] (-) TimerEvent: {}
[22.900118] (-) TimerEvent: {}
[23.000814] (-) TimerEvent: {}
[23.081929] (navigation_bot) JobEnded: {'identifier': 'navigation_bot', 'rc': 0}
[23.083429] (-) EventReactorShutdown: {}
