[0.000000] (-) TimerEvent: {}
[0.001231] (navigation_bot) JobQueued: {'identifier': 'navigation_bot', 'dependencies': OrderedDict()}
[0.001591] (navigation_bot) JobStarted: {'identifier': 'navigation_bot'}
[0.099995] (-) TimerEvent: {}
[0.200891] (-) TimerEvent: {}
[0.301535] (-) TimerEvent: {}
[0.328586] (navigation_bot) JobProgress: {'identifier': 'navigation_bot', 'progress': 'cmake'}
[0.330071] (navigation_bot) JobProgress: {'identifier': 'navigation_bot', 'progress': 'build'}
[0.331460] (navigation_bot) Command: {'cmd': ['/usr/bin/cmake', '--build', '/home/fiend/Navigation_Bot/dev_ws/build/navigation_bot', '--', '-j8', '-l8'], 'cwd': '/home/fiend/Navigation_Bot/dev_ws/build/navigation_bot', 'env': OrderedDict([('GJS_DEBUG_TOPICS', 'JS ERROR;JS LOG'), ('LESSOPEN', '| /usr/bin/lesspipe %s'), ('LANGUAGE', 'en_IN:en'), ('USER', 'fiend'), ('STARSHIP_SHELL', 'bash'), ('XDG_SESSION_TYPE', 'wayland'), ('SHLVL', '1'), ('LD_LIBRARY_PATH', '/usr/lib/x86_64-linux-gnu/gazebo-11/plugins:/opt/ros/humble/opt/rviz_ogre_vendor/lib:/opt/ros/humble/lib/x86_64-linux-gnu:/opt/ros/humble/lib'), ('HOME', '/home/fiend'), ('OLDPWD', '/home/fiend/Navigation_Bot'), ('DESKTOP_SESSION', 'ubuntu'), ('GIO_LAUNCHED_DESKTOP_FILE', '/usr/share/applications/terminator.desktop'), ('ROS_PYTHON_VERSION', '3'), ('GNOME_SHELL_SESSION_MODE', 'ubuntu'), ('GTK_MODULES', 'gail:atk-bridge'), ('PS1', '\n\\[\x1b[38;5;156m\\]\\[\x1b[0m\\]\\[\x1b[38;5;166m\\]dev_ws\\[\x1b[0m\\]\\[\x1b[38;5;166m\\]\\[\x1b[0m\\] on \\[\x1b[38;5;162m\\]\ue0a0 \\[\x1b[0m\\]\\[\x1b[38;5;162m\\]main\\[\x1b[0m\\] underwent \\[\x1b[36m\\]21s\\[\x1b[0m\\]\n\\[\x1b[1;38;5;166m\\]➜\\[\x1b[0m\\]'), ('MANAGERPID', '865'), ('SYSTEMD_EXEC_PID', '1038'), ('DBUS_SESSION_BUS_ADDRESS', 'unix:path=/run/user/1000/bus'), ('COLORTERM', 'truecolor'), ('GIO_LAUNCHED_DESKTOP_FILE_PID', '5627'), ('_colcon_cd_root', '/opt/ros/humble/'), ('IM_CONFIG_PHASE', '1'), ('WAYLAND_DISPLAY', 'wayland-0'), ('COLCON_PREFIX_PATH', '/home/fiend/Navigation_Bot/dev_ws/install:/home/fiend/voice_grab/ros2_ws/install:/home/fiend/LineFollowingRobot/ros_ws/install:/home/fiend/ROS/practice_codes_ROS2/articubot_one/install'), ('ROS_DISTRO', 'humble'), ('LOGNAME', 'fiend'), ('JOURNAL_STREAM', '8:30767'), ('_', '/usr/bin/colcon'), ('ROS_VERSION', '2'), ('XDG_SESSION_CLASS', 'user'), ('USERNAME', 'fiend'), ('TERM', 'xterm-256color'), ('GNOME_DESKTOP_SESSION_ID', 'this-is-deprecated'), ('ROS_LOCALHOST_ONLY', '0'), ('PATH', '/opt/ros/humble/bin:/home/fiend/.local/bin:/usr/local/sbin:/usr/local/bin:/usr/sbin:/usr/bin:/sbin:/bin:/usr/games:/usr/local/games:/snap/bin:/snap/bin'), ('SESSION_MANAGER', 'local/fiend-Lenovo-Yoga-C740-14IML:@/tmp/.ICE-unix/1008,unix/fiend-Lenovo-Yoga-C740-14IML:/tmp/.ICE-unix/1008'), ('INVOCATION_ID', '37512f0c72ec48d79a8a8f1894f11f4d'), ('XDG_MENU_PREFIX', 'gnome-'), ('GNOME_SETUP_DISPLAY', ':1'), ('XDG_RUNTIME_DIR', '/run/user/1000'), ('DISPLAY', ':0'), ('LANG', 'en_US.UTF-8'), ('XDG_CURRENT_DESKTOP', 'ubuntu:GNOME'), ('IBUS_DISABLE_SNOOPER', '1'), ('XMODIFIERS', '@im=ibus'), ('XDG_SESSION_DESKTOP', 'ubuntu'), ('XAUTHORITY', '/run/user/1000/.mutter-Xwaylandauth.UJJAK2'), ('LS_COLORS', 'di=34:ow=34:tw=34:fi=13:ln=31:pi=5:so=5:bd=5:cd=5:or=31:mi=0:ex=35:*.rpm=90:*.png=35:*.gif=36:*.jpg=35:*.c=92:*.py=93:*.h=90:*.txt=94:*.doc=104:*.odt=104:*.csv=102:*.xlsx=102:*.xlsm=102:*.rb=31:*.cpp=92:*.sh=92:*.html=96:*.zip=4;33:*.tar.gz=4;33:*.mp4=105:*.mp3=106'), ('SSH_AGENT_LAUNCHER', 'gnome-keyring'), ('SSH_AUTH_SOCK', '/run/user/1000/keyring/ssh'), ('AMENT_PREFIX_PATH', '/home/fiend/Navigation_Bot/dev_ws/install/navigation_bot:/home/fiend/LineFollowingRobot/ros_ws/install/line_bhakt:/home/fiend/ROS/practice_codes_ROS2/articubot_one/install/articubot_one:/opt/ros/humble'), ('SHELL', '/bin/bash'), ('TERMINATOR_UUID', 'urn:uuid:de10c5cb-7f42-4ea2-ad3f-7446c017e8fd'), ('QT_ACCESSIBILITY', '1'), ('GDMSESSION', 'ubuntu'), ('LESSCLOSE', '/usr/bin/lesspipe %s %s'), ('GCC_COLORS', 'error=31:warning=35:note=36:caret=32:locus=01:quote=01'), ('GJS_DEBUG_OUTPUT', 'stderr'), ('QT_IM_MODULE', 'ibus'), ('PWD', '/home/fiend/Navigation_Bot/dev_ws/build/navigation_bot'), ('LC_ALL', 'en_US.UTF-8'), ('XDG_CONFIG_DIRS', '/etc/xdg/xdg-ubuntu:/etc/xdg'), ('XDG_DATA_DIRS', '/usr/share/ubuntu:/home/fiend/.local/share/flatpak/exports/share:/var/lib/flatpak/exports/share:/usr/local/share/:/usr/share/:/var/lib/snapd/desktop'), ('STARSHIP_SESSION_KEY', '2059017139146452'), ('PYTHONPATH', '/opt/ros/humble/lib/python3.10/site-packages:/opt/ros/humble/local/lib/python3.10/dist-packages'), ('COLCON', '1'), ('VTE_VERSION', '6800'), ('CMAKE_PREFIX_PATH', '/home/fiend/Navigation_Bot/dev_ws/install/navigation_bot:/home/fiend/LineFollowingRobot/ros_ws/install/line_bhakt:/home/fiend/ROS/practice_codes_ROS2/articubot_one/install/articubot_one:/opt/ros/humble')]), 'shell': False}
[0.391791] (navigation_bot) StdoutLine: {'line': b'-- Found rclcpp: 16.0.8 (/opt/ros/humble/share/rclcpp/cmake)\n'}
[0.401650] (-) TimerEvent: {}
[0.502061] (-) TimerEvent: {}
[0.602498] (-) TimerEvent: {}
[0.644118] (navigation_bot) StdoutLine: {'line': b'-- Override CMake install command with custom implementation using symlinks instead of copying resources\n'}
[0.702606] (-) TimerEvent: {}
[0.752071] (navigation_bot) StdoutLine: {'line': b'-- Found rosidl_generator_c: 3.1.5 (/opt/ros/humble/share/rosidl_generator_c/cmake)\n'}
[0.758400] (navigation_bot) StdoutLine: {'line': b'-- Found rosidl_adapter: 3.1.5 (/opt/ros/humble/share/rosidl_adapter/cmake)\n'}
[0.773857] (navigation_bot) StdoutLine: {'line': b'-- Found rosidl_generator_cpp: 3.1.5 (/opt/ros/humble/share/rosidl_generator_cpp/cmake)\n'}
[0.801280] (navigation_bot) StdoutLine: {'line': b'-- Using all available rosidl_typesupport_c: rosidl_typesupport_fastrtps_c;rosidl_typesupport_introspection_c\n'}
[0.802697] (-) TimerEvent: {}
[0.839199] (navigation_bot) StdoutLine: {'line': b'-- Using all available rosidl_typesupport_cpp: rosidl_typesupport_fastrtps_cpp;rosidl_typesupport_introspection_cpp\n'}
[0.902829] (-) TimerEvent: {}
[0.980067] (navigation_bot) StdoutLine: {'line': b'-- Found rmw_implementation_cmake: 6.1.1 (/opt/ros/humble/share/rmw_implementation_cmake/cmake)\n'}
[0.983896] (navigation_bot) StdoutLine: {'line': b'-- Found rmw_fastrtps_cpp: 6.2.6 (/opt/ros/humble/share/rmw_fastrtps_cpp/cmake)\n'}
[1.002919] (-) TimerEvent: {}
[1.103284] (-) TimerEvent: {}
[1.203679] (-) TimerEvent: {}
[1.245807] (navigation_bot) StdoutLine: {'line': b"-- Using RMW implementation 'rmw_fastrtps_cpp' as default\n"}
[1.303799] (-) TimerEvent: {}
[1.404177] (-) TimerEvent: {}
[1.504577] (-) TimerEvent: {}
[1.604969] (-) TimerEvent: {}
[1.620676] (navigation_bot) StdoutLine: {'line': b'-- Found cv_bridge: 3.2.1 (/usr/local/share/cv_bridge/cmake)\n'}
[1.705087] (-) TimerEvent: {}
[1.805498] (-) TimerEvent: {}
[1.905874] (-) TimerEvent: {}
[1.953757] (navigation_bot) StdoutLine: {'line': b'-- Found image_transport: 3.1.8 (/opt/ros/humble/share/image_transport/cmake)\n'}
[2.005981] (-) TimerEvent: {}
[2.039987] (navigation_bot) StdoutLine: {'line': b'-- Found ament_lint_auto: 0.12.10 (/opt/ros/humble/share/ament_lint_auto/cmake)\n'}
[2.106095] (-) TimerEvent: {}
[2.204220] (navigation_bot) StdoutLine: {'line': b"-- Added test 'copyright' to check source files copyright and LICENSE\n"}
[2.206190] (-) TimerEvent: {}
[2.207464] (navigation_bot) StdoutLine: {'line': b"-- Added test 'cppcheck' to perform static code analysis on C / C++ code\n"}
[2.207876] (navigation_bot) StdoutLine: {'line': b'-- Configured cppcheck include dirs: /home/fiend/Navigation_Bot/dev_ws/src/include\n'}
[2.208109] (navigation_bot) StdoutLine: {'line': b'-- Configured cppcheck exclude dirs and/or files: \n'}
[2.210566] (navigation_bot) StdoutLine: {'line': b"-- Added test 'cpplint' to check C / C++ code against the Google style\n"}
[2.210778] (navigation_bot) StdoutLine: {'line': b'-- Configured cpplint exclude dirs and/or files: \n'}
[2.211533] (navigation_bot) StdoutLine: {'line': b"-- Added test 'flake8' to check Python code syntax and style conventions\n"}
[2.212750] (navigation_bot) StdoutLine: {'line': b"-- Added test 'lint_cmake' to check CMake code style\n"}
[2.213699] (navigation_bot) StdoutLine: {'line': b"-- Added test 'pep257' to check Python code against some of the docstring style conventions in PEP 257\n"}
[2.216288] (navigation_bot) StdoutLine: {'line': b"-- Added test 'uncrustify' to check C / C++ code style\n"}
[2.216504] (navigation_bot) StdoutLine: {'line': b'-- Configured uncrustify additional arguments: \n'}
[2.217590] (navigation_bot) StdoutLine: {'line': b"-- Added test 'xmllint' to check XML markup files\n"}
[2.220146] (navigation_bot) StdoutLine: {'line': b'-- Configuring done\n'}
[2.246705] (navigation_bot) StdoutLine: {'line': b'-- Generating done\n'}
[2.252117] (navigation_bot) StdoutLine: {'line': b'-- Build files have been written to: /home/fiend/Navigation_Bot/dev_ws/build/navigation_bot\n'}
[2.297483] (navigation_bot) StdoutLine: {'line': b'\x1b[35m\x1b[1mConsolidate compiler generated dependencies of target ImageCapture\x1b[0m\n'}
[2.306293] (-) TimerEvent: {}
[2.331336] (navigation_bot) StdoutLine: {'line': b'[ 50%] \x1b[32mBuilding CXX object CMakeFiles/ImageCapture.dir/Executables/ImageCapture.cpp.o\x1b[0m\n'}
[2.406461] (-) TimerEvent: {}
[2.506819] (-) TimerEvent: {}
[2.607185] (-) TimerEvent: {}
[2.707557] (-) TimerEvent: {}
[2.807958] (-) TimerEvent: {}
[2.908404] (-) TimerEvent: {}
[3.008798] (-) TimerEvent: {}
[3.109205] (-) TimerEvent: {}
[3.209576] (-) TimerEvent: {}
[3.309955] (-) TimerEvent: {}
[3.410332] (-) TimerEvent: {}
[3.510701] (-) TimerEvent: {}
[3.611074] (-) TimerEvent: {}
[3.711443] (-) TimerEvent: {}
[3.811807] (-) TimerEvent: {}
[3.912187] (-) TimerEvent: {}
[4.012583] (-) TimerEvent: {}
[4.112956] (-) TimerEvent: {}
[4.213361] (-) TimerEvent: {}
[4.313741] (-) TimerEvent: {}
[4.414109] (-) TimerEvent: {}
[4.514478] (-) TimerEvent: {}
[4.614853] (-) TimerEvent: {}
[4.715220] (-) TimerEvent: {}
[4.815593] (-) TimerEvent: {}
[4.915978] (-) TimerEvent: {}
[5.016381] (-) TimerEvent: {}
[5.116748] (-) TimerEvent: {}
[5.217150] (-) TimerEvent: {}
[5.317511] (-) TimerEvent: {}
[5.417910] (-) TimerEvent: {}
[5.518273] (-) TimerEvent: {}
[5.618656] (-) TimerEvent: {}
[5.719052] (-) TimerEvent: {}
[5.819430] (-) TimerEvent: {}
[5.919830] (-) TimerEvent: {}
[6.020222] (-) TimerEvent: {}
[6.120625] (-) TimerEvent: {}
[6.220997] (-) TimerEvent: {}
[6.321389] (-) TimerEvent: {}
[6.421779] (-) TimerEvent: {}
[6.522183] (-) TimerEvent: {}
[6.622602] (-) TimerEvent: {}
[6.722981] (-) TimerEvent: {}
[6.823352] (-) TimerEvent: {}
[6.923728] (-) TimerEvent: {}
[7.024118] (-) TimerEvent: {}
[7.124495] (-) TimerEvent: {}
[7.224861] (-) TimerEvent: {}
[7.325268] (-) TimerEvent: {}
[7.425673] (-) TimerEvent: {}
[7.526314] (-) TimerEvent: {}
[7.626690] (-) TimerEvent: {}
[7.727094] (-) TimerEvent: {}
[7.827489] (-) TimerEvent: {}
[7.927878] (-) TimerEvent: {}
[8.028272] (-) TimerEvent: {}
[8.128657] (-) TimerEvent: {}
[8.229044] (-) TimerEvent: {}
[8.329456] (-) TimerEvent: {}
[8.429833] (-) TimerEvent: {}
[8.530219] (-) TimerEvent: {}
[8.630597] (-) TimerEvent: {}
[8.730972] (-) TimerEvent: {}
[8.831338] (-) TimerEvent: {}
[8.931702] (-) TimerEvent: {}
[9.032115] (-) TimerEvent: {}
[9.132572] (-) TimerEvent: {}
[9.232941] (-) TimerEvent: {}
[9.333367] (-) TimerEvent: {}
[9.433749] (-) TimerEvent: {}
[9.534135] (-) TimerEvent: {}
[9.634503] (-) TimerEvent: {}
[9.734919] (-) TimerEvent: {}
[9.835293] (-) TimerEvent: {}
[9.935671] (-) TimerEvent: {}
[10.036065] (-) TimerEvent: {}
[10.136479] (-) TimerEvent: {}
[10.236847] (-) TimerEvent: {}
[10.337217] (-) TimerEvent: {}
[10.437612] (-) TimerEvent: {}
[10.537996] (-) TimerEvent: {}
[10.638407] (-) TimerEvent: {}
[10.738793] (-) TimerEvent: {}
[10.839164] (-) TimerEvent: {}
[10.939551] (-) TimerEvent: {}
[11.039920] (-) TimerEvent: {}
[11.140325] (-) TimerEvent: {}
[11.240691] (-) TimerEvent: {}
[11.341062] (-) TimerEvent: {}
[11.441451] (-) TimerEvent: {}
[11.541825] (-) TimerEvent: {}
[11.642213] (-) TimerEvent: {}
[11.742569] (-) TimerEvent: {}
[11.843024] (-) TimerEvent: {}
[11.943479] (-) TimerEvent: {}
[12.043852] (-) TimerEvent: {}
[12.144238] (-) TimerEvent: {}
[12.244615] (-) TimerEvent: {}
[12.344984] (-) TimerEvent: {}
[12.445392] (-) TimerEvent: {}
[12.545755] (-) TimerEvent: {}
[12.646124] (-) TimerEvent: {}
[12.746489] (-) TimerEvent: {}
[12.846860] (-) TimerEvent: {}
[12.947242] (-) TimerEvent: {}
[13.047624] (-) TimerEvent: {}
[13.148023] (-) TimerEvent: {}
[13.248404] (-) TimerEvent: {}
[13.348805] (-) TimerEvent: {}
[13.449177] (-) TimerEvent: {}
[13.549553] (-) TimerEvent: {}
[13.649921] (-) TimerEvent: {}
[13.750292] (-) TimerEvent: {}
[13.850689] (-) TimerEvent: {}
[13.951062] (-) TimerEvent: {}
[14.051432] (-) TimerEvent: {}
[14.151817] (-) TimerEvent: {}
[14.252288] (-) TimerEvent: {}
[14.352772] (-) TimerEvent: {}
[14.453280] (-) TimerEvent: {}
[14.553805] (-) TimerEvent: {}
[14.654353] (-) TimerEvent: {}
[14.754756] (-) TimerEvent: {}
[14.855552] (-) TimerEvent: {}
[14.956395] (-) TimerEvent: {}
[15.057322] (-) TimerEvent: {}
[15.158184] (-) TimerEvent: {}
[15.258578] (-) TimerEvent: {}
[15.359106] (-) TimerEvent: {}
[15.459533] (-) TimerEvent: {}
[15.560105] (-) TimerEvent: {}
[15.660653] (-) TimerEvent: {}
[15.761093] (-) TimerEvent: {}
[15.861618] (-) TimerEvent: {}
[15.962049] (-) TimerEvent: {}
[16.062635] (-) TimerEvent: {}
[16.163133] (-) TimerEvent: {}
[16.264111] (-) TimerEvent: {}
[16.364541] (-) TimerEvent: {}
[16.464905] (-) TimerEvent: {}
[16.565283] (-) TimerEvent: {}
[16.665673] (-) TimerEvent: {}
[16.766047] (-) TimerEvent: {}
[16.866418] (-) TimerEvent: {}
[16.966785] (-) TimerEvent: {}
[17.067179] (-) TimerEvent: {}
[17.167676] (-) TimerEvent: {}
[17.268158] (-) TimerEvent: {}
[17.368683] (-) TimerEvent: {}
[17.469131] (-) TimerEvent: {}
[17.569622] (-) TimerEvent: {}
[17.670130] (-) TimerEvent: {}
[17.770638] (-) TimerEvent: {}
[17.871129] (-) TimerEvent: {}
[17.971590] (-) TimerEvent: {}
[18.072105] (-) TimerEvent: {}
[18.172523] (-) TimerEvent: {}
[18.272974] (-) TimerEvent: {}
[18.373434] (-) TimerEvent: {}
[18.473871] (-) TimerEvent: {}
[18.574312] (-) TimerEvent: {}
[18.674751] (-) TimerEvent: {}
[18.775191] (-) TimerEvent: {}
[18.875611] (-) TimerEvent: {}
[18.976081] (-) TimerEvent: {}
[19.076511] (-) TimerEvent: {}
[19.176988] (-) TimerEvent: {}
[19.277876] (-) TimerEvent: {}
[19.378288] (-) TimerEvent: {}
[19.478788] (-) TimerEvent: {}
[19.579206] (-) TimerEvent: {}
[19.679707] (-) TimerEvent: {}
[19.780088] (-) TimerEvent: {}
[19.880490] (-) TimerEvent: {}
[19.980872] (-) TimerEvent: {}
[20.081245] (-) TimerEvent: {}
[20.181605] (-) TimerEvent: {}
[20.281989] (-) TimerEvent: {}
[20.382369] (-) TimerEvent: {}
[20.482766] (-) TimerEvent: {}
[20.583173] (-) TimerEvent: {}
[20.683624] (-) TimerEvent: {}
[20.784067] (-) TimerEvent: {}
[20.884439] (-) TimerEvent: {}
[20.984828] (-) TimerEvent: {}
[21.085199] (-) TimerEvent: {}
[21.185576] (-) TimerEvent: {}
[21.285939] (-) TimerEvent: {}
[21.386330] (-) TimerEvent: {}
[21.486683] (-) TimerEvent: {}
[21.587056] (-) TimerEvent: {}
[21.687450] (-) TimerEvent: {}
[21.787832] (-) TimerEvent: {}
[21.888209] (-) TimerEvent: {}
[21.988568] (-) TimerEvent: {}
[22.088973] (-) TimerEvent: {}
[22.189342] (-) TimerEvent: {}
[22.289737] (-) TimerEvent: {}
[22.390112] (-) TimerEvent: {}
[22.490532] (-) TimerEvent: {}
[22.590980] (-) TimerEvent: {}
[22.691388] (-) TimerEvent: {}
[22.791772] (-) TimerEvent: {}
[22.892140] (-) TimerEvent: {}
[22.992524] (-) TimerEvent: {}
[23.092894] (-) TimerEvent: {}
[23.100756] (navigation_bot) StdoutLine: {'line': b'[100%] \x1b[32m\x1b[1mLinking CXX executable ImageCapture\x1b[0m\n'}
[23.193020] (-) TimerEvent: {}
[23.293398] (-) TimerEvent: {}
[23.393796] (-) TimerEvent: {}
[23.494195] (-) TimerEvent: {}
[23.594590] (-) TimerEvent: {}
[23.694971] (-) TimerEvent: {}
[23.795389] (-) TimerEvent: {}
[23.895798] (-) TimerEvent: {}
[23.996236] (-) TimerEvent: {}
[24.096681] (-) TimerEvent: {}
[24.197134] (-) TimerEvent: {}
[24.200068] (navigation_bot) StdoutLine: {'line': b'[100%] Built target ImageCapture\n'}
[24.220851] (navigation_bot) CommandEnded: {'returncode': 0}
[24.265319] (navigation_bot) JobProgress: {'identifier': 'navigation_bot', 'progress': 'install'}
[24.282447] (navigation_bot) Command: {'cmd': ['/usr/bin/cmake', '--install', '/home/fiend/Navigation_Bot/dev_ws/build/navigation_bot'], 'cwd': '/home/fiend/Navigation_Bot/dev_ws/build/navigation_bot', 'env': OrderedDict([('GJS_DEBUG_TOPICS', 'JS ERROR;JS LOG'), ('LESSOPEN', '| /usr/bin/lesspipe %s'), ('LANGUAGE', 'en_IN:en'), ('USER', 'fiend'), ('STARSHIP_SHELL', 'bash'), ('XDG_SESSION_TYPE', 'wayland'), ('SHLVL', '1'), ('LD_LIBRARY_PATH', '/usr/lib/x86_64-linux-gnu/gazebo-11/plugins:/opt/ros/humble/opt/rviz_ogre_vendor/lib:/opt/ros/humble/lib/x86_64-linux-gnu:/opt/ros/humble/lib'), ('HOME', '/home/fiend'), ('OLDPWD', '/home/fiend/Navigation_Bot'), ('DESKTOP_SESSION', 'ubuntu'), ('GIO_LAUNCHED_DESKTOP_FILE', '/usr/share/applications/terminator.desktop'), ('ROS_PYTHON_VERSION', '3'), ('GNOME_SHELL_SESSION_MODE', 'ubuntu'), ('GTK_MODULES', 'gail:atk-bridge'), ('PS1', '\n\\[\x1b[38;5;156m\\]\\[\x1b[0m\\]\\[\x1b[38;5;166m\\]dev_ws\\[\x1b[0m\\]\\[\x1b[38;5;166m\\]\\[\x1b[0m\\] on \\[\x1b[38;5;162m\\]\ue0a0 \\[\x1b[0m\\]\\[\x1b[38;5;162m\\]main\\[\x1b[0m\\] underwent \\[\x1b[36m\\]21s\\[\x1b[0m\\]\n\\[\x1b[1;38;5;166m\\]➜\\[\x1b[0m\\]'), ('MANAGERPID', '865'), ('SYSTEMD_EXEC_PID', '1038'), ('DBUS_SESSION_BUS_ADDRESS', 'unix:path=/run/user/1000/bus'), ('COLORTERM', 'truecolor'), ('GIO_LAUNCHED_DESKTOP_FILE_PID', '5627'), ('_colcon_cd_root', '/opt/ros/humble/'), ('IM_CONFIG_PHASE', '1'), ('WAYLAND_DISPLAY', 'wayland-0'), ('COLCON_PREFIX_PATH', '/home/fiend/Navigation_Bot/dev_ws/install:/home/fiend/voice_grab/ros2_ws/install:/home/fiend/LineFollowingRobot/ros_ws/install:/home/fiend/ROS/practice_codes_ROS2/articubot_one/install'), ('ROS_DISTRO', 'humble'), ('LOGNAME', 'fiend'), ('JOURNAL_STREAM', '8:30767'), ('_', '/usr/bin/colcon'), ('ROS_VERSION', '2'), ('XDG_SESSION_CLASS', 'user'), ('USERNAME', 'fiend'), ('TERM', 'xterm-256color'), ('GNOME_DESKTOP_SESSION_ID', 'this-is-deprecated'), ('ROS_LOCALHOST_ONLY', '0'), ('PATH', '/opt/ros/humble/bin:/home/fiend/.local/bin:/usr/local/sbin:/usr/local/bin:/usr/sbin:/usr/bin:/sbin:/bin:/usr/games:/usr/local/games:/snap/bin:/snap/bin'), ('SESSION_MANAGER', 'local/fiend-Lenovo-Yoga-C740-14IML:@/tmp/.ICE-unix/1008,unix/fiend-Lenovo-Yoga-C740-14IML:/tmp/.ICE-unix/1008'), ('INVOCATION_ID', '37512f0c72ec48d79a8a8f1894f11f4d'), ('XDG_MENU_PREFIX', 'gnome-'), ('GNOME_SETUP_DISPLAY', ':1'), ('XDG_RUNTIME_DIR', '/run/user/1000'), ('DISPLAY', ':0'), ('LANG', 'en_US.UTF-8'), ('XDG_CURRENT_DESKTOP', 'ubuntu:GNOME'), ('IBUS_DISABLE_SNOOPER', '1'), ('XMODIFIERS', '@im=ibus'), ('XDG_SESSION_DESKTOP', 'ubuntu'), ('XAUTHORITY', '/run/user/1000/.mutter-Xwaylandauth.UJJAK2'), ('LS_COLORS', 'di=34:ow=34:tw=34:fi=13:ln=31:pi=5:so=5:bd=5:cd=5:or=31:mi=0:ex=35:*.rpm=90:*.png=35:*.gif=36:*.jpg=35:*.c=92:*.py=93:*.h=90:*.txt=94:*.doc=104:*.odt=104:*.csv=102:*.xlsx=102:*.xlsm=102:*.rb=31:*.cpp=92:*.sh=92:*.html=96:*.zip=4;33:*.tar.gz=4;33:*.mp4=105:*.mp3=106'), ('SSH_AGENT_LAUNCHER', 'gnome-keyring'), ('SSH_AUTH_SOCK', '/run/user/1000/keyring/ssh'), ('AMENT_PREFIX_PATH', '/home/fiend/Navigation_Bot/dev_ws/install/navigation_bot:/home/fiend/LineFollowingRobot/ros_ws/install/line_bhakt:/home/fiend/ROS/practice_codes_ROS2/articubot_one/install/articubot_one:/opt/ros/humble'), ('SHELL', '/bin/bash'), ('TERMINATOR_UUID', 'urn:uuid:de10c5cb-7f42-4ea2-ad3f-7446c017e8fd'), ('QT_ACCESSIBILITY', '1'), ('GDMSESSION', 'ubuntu'), ('LESSCLOSE', '/usr/bin/lesspipe %s %s'), ('GCC_COLORS', 'error=31:warning=35:note=36:caret=32:locus=01:quote=01'), ('GJS_DEBUG_OUTPUT', 'stderr'), ('QT_IM_MODULE', 'ibus'), ('PWD', '/home/fiend/Navigation_Bot/dev_ws/build/navigation_bot'), ('LC_ALL', 'en_US.UTF-8'), ('XDG_CONFIG_DIRS', '/etc/xdg/xdg-ubuntu:/etc/xdg'), ('XDG_DATA_DIRS', '/usr/share/ubuntu:/home/fiend/.local/share/flatpak/exports/share:/var/lib/flatpak/exports/share:/usr/local/share/:/usr/share/:/var/lib/snapd/desktop'), ('STARSHIP_SESSION_KEY', '2059017139146452'), ('PYTHONPATH', '/opt/ros/humble/lib/python3.10/site-packages:/opt/ros/humble/local/lib/python3.10/dist-packages'), ('COLCON', '1'), ('VTE_VERSION', '6800'), ('CMAKE_PREFIX_PATH', '/home/fiend/Navigation_Bot/dev_ws/install/navigation_bot:/home/fiend/LineFollowingRobot/ros_ws/install/line_bhakt:/home/fiend/ROS/practice_codes_ROS2/articubot_one/install/articubot_one:/opt/ros/humble')]), 'shell': False}
[24.295554] (navigation_bot) StdoutLine: {'line': b'-- Install configuration: ""\n'}
[24.296435] (navigation_bot) StdoutLine: {'line': b'-- Execute custom install script\n'}
[24.297143] (navigation_bot) StdoutLine: {'line': b'-- Up-to-date symlink: /home/fiend/Navigation_Bot/dev_ws/install/navigation_bot/share/navigation_bot/config/empty.yaml\n'}
[24.297428] (-) TimerEvent: {}
[24.298693] (navigation_bot) StdoutLine: {'line': b'-- Up-to-date symlink: /home/fiend/Navigation_Bot/dev_ws/install/navigation_bot/share/navigation_bot/config/my_controller.yaml\n'}
[24.299571] (navigation_bot) StdoutLine: {'line': b'-- Up-to-date symlink: /home/fiend/Navigation_Bot/dev_ws/install/navigation_bot/share/navigation_bot/description/Depth_camera.xacro\n'}
[24.300085] (navigation_bot) StdoutLine: {'line': b'-- Up-to-date symlink: /home/fiend/Navigation_Bot/dev_ws/install/navigation_bot/share/navigation_bot/description/camera.xacro\n'}
[24.301074] (navigation_bot) StdoutLine: {'line': b'-- Up-to-date symlink: /home/fiend/Navigation_Bot/dev_ws/install/navigation_bot/share/navigation_bot/description/gazebo_control.xacro\n'}
[24.301442] (navigation_bot) StdoutLine: {'line': b'-- Up-to-date symlink: /home/fiend/Navigation_Bot/dev_ws/install/navigation_bot/share/navigation_bot/description/inertial_macros.xacro\n'}
[24.301965] (navigation_bot) StdoutLine: {'line': b'-- Up-to-date symlink: /home/fiend/Navigation_Bot/dev_ws/install/navigation_bot/share/navigation_bot/description/lidar.xacro\n'}
[24.302396] (navigation_bot) StdoutLine: {'line': b'-- Up-to-date symlink: /home/fiend/Navigation_Bot/dev_ws/install/navigation_bot/share/navigation_bot/description/robot.urdf.xacro\n'}
[24.302771] (navigation_bot) StdoutLine: {'line': b'-- Up-to-date symlink: /home/fiend/Navigation_Bot/dev_ws/install/navigation_bot/share/navigation_bot/description/robot_core.xacro\n'}
[24.303507] (navigation_bot) StdoutLine: {'line': b'-- Up-to-date symlink: /home/fiend/Navigation_Bot/dev_ws/install/navigation_bot/share/navigation_bot/description/ros2_control.xacro\n'}
[24.304131] (navigation_bot) StdoutLine: {'line': b'-- Up-to-date symlink: /home/fiend/Navigation_Bot/dev_ws/install/navigation_bot/share/navigation_bot/launch/launch_sim.launch.py\n'}
[24.304429] (navigation_bot) StdoutLine: {'line': b'-- Up-to-date symlink: /home/fiend/Navigation_Bot/dev_ws/install/navigation_bot/share/navigation_bot/launch/rsp.launch.py\n'}
[24.304867] (navigation_bot) StdoutLine: {'line': b'-- Up-to-date symlink: /home/fiend/Navigation_Bot/dev_ws/install/navigation_bot/share/navigation_bot/worlds/empty.world\n'}
[24.305155] (navigation_bot) StdoutLine: {'line': b'-- Up-to-date symlink: /home/fiend/Navigation_Bot/dev_ws/install/navigation_bot/share/navigation_bot/worlds/home.world\n'}
[24.305468] (navigation_bot) StdoutLine: {'line': b'-- Up-to-date symlink: /home/fiend/Navigation_Bot/dev_ws/install/navigation_bot/share/navigation_bot/worlds/obstacle.world\n'}
[24.305700] (navigation_bot) StdoutLine: {'line': b'-- Up-to-date symlink: /home/fiend/Navigation_Bot/dev_ws/install/navigation_bot/share/navigation_bot/worlds/track.world\n'}
[24.305914] (navigation_bot) StdoutLine: {'line': b'-- Up-to-date symlink: /home/fiend/Navigation_Bot/dev_ws/install/navigation_bot/share/navigation_bot/worlds/turtleWorld.world\n'}
[24.306491] (navigation_bot) StdoutLine: {'line': b'-- Up-to-date symlink: /home/fiend/Navigation_Bot/dev_ws/install/navigation_bot/lib/navigation_bot/ImageCapture\n'}
[24.307014] (navigation_bot) StdoutLine: {'line': b'-- Up-to-date symlink: /home/fiend/Navigation_Bot/dev_ws/install/navigation_bot/share/ament_index/resource_index/package_run_dependencies/navigation_bot\n'}
[24.307623] (navigation_bot) StdoutLine: {'line': b'-- Up-to-date symlink: /home/fiend/Navigation_Bot/dev_ws/install/navigation_bot/share/ament_index/resource_index/parent_prefix_path/navigation_bot\n'}
[24.308380] (navigation_bot) StdoutLine: {'line': b'-- Up-to-date symlink: /home/fiend/Navigation_Bot/dev_ws/install/navigation_bot/share/navigation_bot/environment/ament_prefix_path.sh\n'}
[24.308920] (navigation_bot) StdoutLine: {'line': b'-- Up-to-date symlink: /home/fiend/Navigation_Bot/dev_ws/install/navigation_bot/share/navigation_bot/environment/ament_prefix_path.dsv\n'}
[24.309367] (navigation_bot) StdoutLine: {'line': b'-- Up-to-date symlink: /home/fiend/Navigation_Bot/dev_ws/install/navigation_bot/share/navigation_bot/environment/path.sh\n'}
[24.309800] (navigation_bot) StdoutLine: {'line': b'-- Up-to-date symlink: /home/fiend/Navigation_Bot/dev_ws/install/navigation_bot/share/navigation_bot/environment/path.dsv\n'}
[24.310221] (navigation_bot) StdoutLine: {'line': b'-- Up-to-date symlink: /home/fiend/Navigation_Bot/dev_ws/install/navigation_bot/share/navigation_bot/local_setup.bash\n'}
[24.310638] (navigation_bot) StdoutLine: {'line': b'-- Up-to-date symlink: /home/fiend/Navigation_Bot/dev_ws/install/navigation_bot/share/navigation_bot/local_setup.sh\n'}
[24.311038] (navigation_bot) StdoutLine: {'line': b'-- Up-to-date symlink: /home/fiend/Navigation_Bot/dev_ws/install/navigation_bot/share/navigation_bot/local_setup.zsh\n'}
[24.311449] (navigation_bot) StdoutLine: {'line': b'-- Up-to-date symlink: /home/fiend/Navigation_Bot/dev_ws/install/navigation_bot/share/navigation_bot/local_setup.dsv\n'}
[24.311756] (navigation_bot) StdoutLine: {'line': b'-- Symlinking: /home/fiend/Navigation_Bot/dev_ws/install/navigation_bot/share/navigation_bot/package.dsv\n'}
[24.328571] (navigation_bot) StdoutLine: {'line': b'-- Up-to-date symlink: /home/fiend/Navigation_Bot/dev_ws/install/navigation_bot/share/ament_index/resource_index/packages/navigation_bot\n'}
[24.329056] (navigation_bot) StdoutLine: {'line': b'-- Up-to-date symlink: /home/fiend/Navigation_Bot/dev_ws/install/navigation_bot/share/navigation_bot/cmake/navigation_botConfig.cmake\n'}
[24.329402] (navigation_bot) StdoutLine: {'line': b'-- Up-to-date symlink: /home/fiend/Navigation_Bot/dev_ws/install/navigation_bot/share/navigation_bot/cmake/navigation_botConfig-version.cmake\n'}
[24.329772] (navigation_bot) StdoutLine: {'line': b'-- Up-to-date symlink: /home/fiend/Navigation_Bot/dev_ws/install/navigation_bot/share/navigation_bot/package.xml\n'}
[24.332669] (navigation_bot) CommandEnded: {'returncode': 0}
[24.397570] (-) TimerEvent: {}
[24.498276] (-) TimerEvent: {}
[24.598817] (-) TimerEvent: {}
[24.699276] (-) TimerEvent: {}
[24.745703] (navigation_bot) JobEnded: {'identifier': 'navigation_bot', 'rc': 0}
[24.747145] (-) EventReactorShutdown: {}
