[0.000000] (-) TimerEvent: {}
[0.000240] (navigation_bot) JobQueued: {'identifier': 'navigation_bot', 'dependencies': OrderedDict()}
[0.000311] (navigation_bot) JobStarted: {'identifier': 'navigation_bot'}
[0.113697] (-) TimerEvent: {}
[0.214426] (-) TimerEvent: {}
[0.315433] (-) TimerEvent: {}
[0.400531] (navigation_bot) JobProgress: {'identifier': 'navigation_bot', 'progress': 'cmake'}
[0.402101] (navigation_bot) JobProgress: {'identifier': 'navigation_bot', 'progress': 'build'}
[0.403839] (navigation_bot) Command: {'cmd': ['/usr/bin/cmake', '--build', '/home/fiend/Navigation_Bot/dev_ws/build/navigation_bot', '--', '-j8', '-l8'], 'cwd': '/home/fiend/Navigation_Bot/dev_ws/build/navigation_bot', 'env': OrderedDict([('GJS_DEBUG_TOPICS', 'JS ERROR;JS LOG'), ('LESSOPEN', '| /usr/bin/lesspipe %s'), ('LANGUAGE', 'en_IN:en'), ('USER', 'fiend'), ('STARSHIP_SHELL', 'bash'), ('XDG_SESSION_TYPE', 'wayland'), ('SHLVL', '1'), ('LD_LIBRARY_PATH', '/usr/lib/x86_64-linux-gnu/gazebo-11/plugins:/opt/ros/humble/opt/rviz_ogre_vendor/lib:/opt/ros/humble/lib/x86_64-linux-gnu:/opt/ros/humble/lib'), ('HOME', '/home/fiend'), ('OLDPWD', '/home/fiend/Navigation_Bot'), ('DESKTOP_SESSION', 'ubuntu'), ('GIO_LAUNCHED_DESKTOP_FILE', '/usr/share/applications/terminator.desktop'), ('ROS_PYTHON_VERSION', '3'), ('GNOME_SHELL_SESSION_MODE', 'ubuntu'), ('GTK_MODULES', 'gail:atk-bridge'), ('PS1', '\n\\[\x1b[38;5;156m\\]\\[\x1b[0m\\]\\[\x1b[38;5;166m\\]dev_ws\\[\x1b[0m\\]\\[\x1b[38;5;166m\\]\\[\x1b[0m\\] on \\[\x1b[38;5;162m\\]\ue0a0 \\[\x1b[0m\\]\\[\x1b[38;5;162m\\]main\\[\x1b[0m\\] underwent \\[\x1b[36m\\]12s\\[\x1b[0m\\]\n\\[\x1b[1;38;5;166m\\]➜\\[\x1b[0m\\]'), ('MANAGERPID', '865'), ('SYSTEMD_EXEC_PID', '1038'), ('DBUS_SESSION_BUS_ADDRESS', 'unix:path=/run/user/1000/bus'), ('COLORTERM', 'truecolor'), ('GIO_LAUNCHED_DESKTOP_FILE_PID', '5627'), ('_colcon_cd_root', '/opt/ros/humble/'), ('IM_CONFIG_PHASE', '1'), ('WAYLAND_DISPLAY', 'wayland-0'), ('COLCON_PREFIX_PATH', '/home/fiend/Navigation_Bot/dev_ws/install:/home/fiend/voice_grab/ros2_ws/install:/home/fiend/LineFollowingRobot/ros_ws/install:/home/fiend/ROS/practice_codes_ROS2/articubot_one/install'), ('ROS_DISTRO', 'humble'), ('LOGNAME', 'fiend'), ('JOURNAL_STREAM', '8:30767'), ('_', '/usr/bin/colcon'), ('ROS_VERSION', '2'), ('XDG_SESSION_CLASS', 'user'), ('USERNAME', 'fiend'), ('TERM', 'xterm-256color'), ('GNOME_DESKTOP_SESSION_ID', 'this-is-deprecated'), ('ROS_LOCALHOST_ONLY', '0'), ('PATH', '/opt/ros/humble/bin:/home/fiend/.local/bin:/usr/local/sbin:/usr/local/bin:/usr/sbin:/usr/bin:/sbin:/bin:/usr/games:/usr/local/games:/snap/bin:/snap/bin'), ('SESSION_MANAGER', 'local/fiend-Lenovo-Yoga-C740-14IML:@/tmp/.ICE-unix/1008,unix/fiend-Lenovo-Yoga-C740-14IML:/tmp/.ICE-unix/1008'), ('INVOCATION_ID', '37512f0c72ec48d79a8a8f1894f11f4d'), ('XDG_MENU_PREFIX', 'gnome-'), ('GNOME_SETUP_DISPLAY', ':1'), ('XDG_RUNTIME_DIR', '/run/user/1000'), ('DISPLAY', ':0'), ('LANG', 'en_US.UTF-8'), ('XDG_CURRENT_DESKTOP', 'ubuntu:GNOME'), ('IBUS_DISABLE_SNOOPER', '1'), ('XMODIFIERS', '@im=ibus'), ('XDG_SESSION_DESKTOP', 'ubuntu'), ('XAUTHORITY', '/run/user/1000/.mutter-Xwaylandauth.UJJAK2'), ('LS_COLORS', 'di=34:ow=34:tw=34:fi=13:ln=31:pi=5:so=5:bd=5:cd=5:or=31:mi=0:ex=35:*.rpm=90:*.png=35:*.gif=36:*.jpg=35:*.c=92:*.py=93:*.h=90:*.txt=94:*.doc=104:*.odt=104:*.csv=102:*.xlsx=102:*.xlsm=102:*.rb=31:*.cpp=92:*.sh=92:*.html=96:*.zip=4;33:*.tar.gz=4;33:*.mp4=105:*.mp3=106'), ('SSH_AGENT_LAUNCHER', 'gnome-keyring'), ('SSH_AUTH_SOCK', '/run/user/1000/keyring/ssh'), ('AMENT_PREFIX_PATH', '/home/fiend/Navigation_Bot/dev_ws/install/navigation_bot:/home/fiend/LineFollowingRobot/ros_ws/install/line_bhakt:/home/fiend/ROS/practice_codes_ROS2/articubot_one/install/articubot_one:/opt/ros/humble'), ('SHELL', '/bin/bash'), ('TERMINATOR_UUID', 'urn:uuid:de10c5cb-7f42-4ea2-ad3f-7446c017e8fd'), ('QT_ACCESSIBILITY', '1'), ('GDMSESSION', 'ubuntu'), ('LESSCLOSE', '/usr/bin/lesspipe %s %s'), ('GCC_COLORS', 'error=31:warning=35:note=36:caret=32:locus=01:quote=01'), ('GJS_DEBUG_OUTPUT', 'stderr'), ('QT_IM_MODULE', 'ibus'), ('PWD', '/home/fiend/Navigation_Bot/dev_ws/build/navigation_bot'), ('LC_ALL', 'en_US.UTF-8'), ('XDG_CONFIG_DIRS', '/etc/xdg/xdg-ubuntu:/etc/xdg'), ('XDG_DATA_DIRS', '/usr/share/ubuntu:/home/fiend/.local/share/flatpak/exports/share:/var/lib/flatpak/exports/share:/usr/local/share/:/usr/share/:/var/lib/snapd/desktop'), ('STARSHIP_SESSION_KEY', '2059017139146452'), ('PYTHONPATH', '/opt/ros/humble/lib/python3.10/site-packages:/opt/ros/humble/local/lib/python3.10/dist-packages'), ('COLCON', '1'), ('VTE_VERSION', '6800'), ('CMAKE_PREFIX_PATH', '/home/fiend/Navigation_Bot/dev_ws/install/navigation_bot:/home/fiend/LineFollowingRobot/ros_ws/install/line_bhakt:/home/fiend/ROS/practice_codes_ROS2/articubot_one/install/articubot_one:/opt/ros/humble')]), 'shell': False}
[0.415589] (-) TimerEvent: {}
[0.490620] (navigation_bot) StdoutLine: {'line': b'\x1b[35m\x1b[1mConsolidate compiler generated dependencies of target Motor_Driver_Node\x1b[0m\n'}
[0.515783] (-) TimerEvent: {}
[0.520316] (navigation_bot) StdoutLine: {'line': b'[ 50%] Built target ImageCapture\n'}
[0.530590] (navigation_bot) StdoutLine: {'line': b'[ 75%] \x1b[32mBuilding CXX object CMakeFiles/Motor_Driver_Node.dir/Executables/follower.cpp.o\x1b[0m\n'}
[0.615900] (-) TimerEvent: {}
[0.716344] (-) TimerEvent: {}
[0.816849] (-) TimerEvent: {}
[0.917375] (-) TimerEvent: {}
[1.017821] (-) TimerEvent: {}
[1.118276] (-) TimerEvent: {}
[1.218769] (-) TimerEvent: {}
[1.319282] (-) TimerEvent: {}
[1.419816] (-) TimerEvent: {}
[1.520347] (-) TimerEvent: {}
[1.620878] (-) TimerEvent: {}
[1.721374] (-) TimerEvent: {}
[1.821860] (-) TimerEvent: {}
[1.922348] (-) TimerEvent: {}
[2.022874] (-) TimerEvent: {}
[2.123278] (-) TimerEvent: {}
[2.223688] (-) TimerEvent: {}
[2.324066] (-) TimerEvent: {}
[2.424451] (-) TimerEvent: {}
[2.524859] (-) TimerEvent: {}
[2.625243] (-) TimerEvent: {}
[2.725619] (-) TimerEvent: {}
[2.825996] (-) TimerEvent: {}
[2.926409] (-) TimerEvent: {}
[3.026785] (-) TimerEvent: {}
[3.127173] (-) TimerEvent: {}
[3.227569] (-) TimerEvent: {}
[3.327958] (-) TimerEvent: {}
[3.428372] (-) TimerEvent: {}
[3.528767] (-) TimerEvent: {}
[3.629146] (-) TimerEvent: {}
[3.729536] (-) TimerEvent: {}
[3.829921] (-) TimerEvent: {}
[3.930334] (-) TimerEvent: {}
[4.030722] (-) TimerEvent: {}
[4.131091] (-) TimerEvent: {}
[4.231473] (-) TimerEvent: {}
[4.331854] (-) TimerEvent: {}
[4.432271] (-) TimerEvent: {}
[4.532736] (-) TimerEvent: {}
[4.633110] (-) TimerEvent: {}
[4.733523] (-) TimerEvent: {}
[4.833930] (-) TimerEvent: {}
[4.934317] (-) TimerEvent: {}
[5.034739] (-) TimerEvent: {}
[5.135136] (-) TimerEvent: {}
[5.235507] (-) TimerEvent: {}
[5.335909] (-) TimerEvent: {}
[5.436289] (-) TimerEvent: {}
[5.536667] (-) TimerEvent: {}
[5.637081] (-) TimerEvent: {}
[5.737461] (-) TimerEvent: {}
[5.837833] (-) TimerEvent: {}
[5.938220] (-) TimerEvent: {}
[6.038614] (-) TimerEvent: {}
[6.139054] (-) TimerEvent: {}
[6.239428] (-) TimerEvent: {}
[6.339813] (-) TimerEvent: {}
[6.440238] (-) TimerEvent: {}
[6.540627] (-) TimerEvent: {}
[6.641025] (-) TimerEvent: {}
[6.741427] (-) TimerEvent: {}
[6.841802] (-) TimerEvent: {}
[6.942197] (-) TimerEvent: {}
[7.042646] (-) TimerEvent: {}
[7.143049] (-) TimerEvent: {}
[7.243448] (-) TimerEvent: {}
[7.343882] (-) TimerEvent: {}
[7.444259] (-) TimerEvent: {}
[7.544641] (-) TimerEvent: {}
[7.645028] (-) TimerEvent: {}
[7.745424] (-) TimerEvent: {}
[7.846061] (-) TimerEvent: {}
[7.946441] (-) TimerEvent: {}
[8.046805] (-) TimerEvent: {}
[8.147180] (-) TimerEvent: {}
[8.247566] (-) TimerEvent: {}
[8.347950] (-) TimerEvent: {}
[8.448350] (-) TimerEvent: {}
[8.548740] (-) TimerEvent: {}
[8.649131] (-) TimerEvent: {}
[8.749523] (-) TimerEvent: {}
[8.849908] (-) TimerEvent: {}
[8.950301] (-) TimerEvent: {}
[9.050719] (-) TimerEvent: {}
[9.151138] (-) TimerEvent: {}
[9.251524] (-) TimerEvent: {}
[9.351935] (-) TimerEvent: {}
[9.452373] (-) TimerEvent: {}
[9.552794] (-) TimerEvent: {}
[9.653387] (-) TimerEvent: {}
[9.753880] (-) TimerEvent: {}
[9.854382] (-) TimerEvent: {}
[9.954893] (-) TimerEvent: {}
[10.055407] (-) TimerEvent: {}
[10.155936] (-) TimerEvent: {}
[10.256525] (-) TimerEvent: {}
[10.357507] (-) TimerEvent: {}
[10.458002] (-) TimerEvent: {}
[10.558539] (-) TimerEvent: {}
[10.659087] (-) TimerEvent: {}
[10.759474] (-) TimerEvent: {}
[10.859896] (-) TimerEvent: {}
[10.960274] (-) TimerEvent: {}
[11.060661] (-) TimerEvent: {}
[11.161058] (-) TimerEvent: {}
[11.261441] (-) TimerEvent: {}
[11.361880] (-) TimerEvent: {}
[11.462481] (-) TimerEvent: {}
[11.563010] (-) TimerEvent: {}
[11.663524] (-) TimerEvent: {}
[11.764030] (-) TimerEvent: {}
[11.864528] (-) TimerEvent: {}
[11.965094] (-) TimerEvent: {}
[12.065559] (-) TimerEvent: {}
[12.166051] (-) TimerEvent: {}
[12.266451] (-) TimerEvent: {}
[12.366894] (-) TimerEvent: {}
[12.467390] (-) TimerEvent: {}
[12.568062] (-) TimerEvent: {}
[12.670213] (-) TimerEvent: {}
[12.770644] (-) TimerEvent: {}
[12.871336] (-) TimerEvent: {}
[12.971980] (-) TimerEvent: {}
[13.072613] (-) TimerEvent: {}
[13.173001] (-) TimerEvent: {}
[13.273387] (-) TimerEvent: {}
[13.373822] (-) TimerEvent: {}
[13.474307] (-) TimerEvent: {}
[13.574731] (-) TimerEvent: {}
[13.675194] (-) TimerEvent: {}
[13.775665] (-) TimerEvent: {}
[13.876162] (-) TimerEvent: {}
[13.976583] (-) TimerEvent: {}
[14.076975] (-) TimerEvent: {}
[14.177375] (-) TimerEvent: {}
[14.277758] (-) TimerEvent: {}
[14.378134] (-) TimerEvent: {}
[14.478523] (-) TimerEvent: {}
[14.578924] (-) TimerEvent: {}
[14.679297] (-) TimerEvent: {}
[14.779673] (-) TimerEvent: {}
[14.880085] (-) TimerEvent: {}
[14.980458] (-) TimerEvent: {}
[15.080846] (-) TimerEvent: {}
[15.181226] (-) TimerEvent: {}
[15.281596] (-) TimerEvent: {}
[15.381962] (-) TimerEvent: {}
[15.482328] (-) TimerEvent: {}
[15.582794] (-) TimerEvent: {}
[15.683251] (-) TimerEvent: {}
[15.783619] (-) TimerEvent: {}
[15.883984] (-) TimerEvent: {}
[15.984372] (-) TimerEvent: {}
[16.084745] (-) TimerEvent: {}
[16.185112] (-) TimerEvent: {}
[16.285479] (-) TimerEvent: {}
[16.385864] (-) TimerEvent: {}
[16.486240] (-) TimerEvent: {}
[16.586610] (-) TimerEvent: {}
[16.687023] (-) TimerEvent: {}
[16.787399] (-) TimerEvent: {}
[16.887757] (-) TimerEvent: {}
[16.988211] (-) TimerEvent: {}
[17.088631] (-) TimerEvent: {}
[17.189048] (-) TimerEvent: {}
[17.289484] (-) TimerEvent: {}
[17.389938] (-) TimerEvent: {}
[17.490353] (-) TimerEvent: {}
[17.590779] (-) TimerEvent: {}
[17.691195] (-) TimerEvent: {}
[17.791638] (-) TimerEvent: {}
[17.892054] (-) TimerEvent: {}
[17.992466] (-) TimerEvent: {}
[18.092879] (-) TimerEvent: {}
[18.193312] (-) TimerEvent: {}
[18.293729] (-) TimerEvent: {}
[18.394147] (-) TimerEvent: {}
[18.494563] (-) TimerEvent: {}
[18.595012] (-) TimerEvent: {}
[18.695433] (-) TimerEvent: {}
[18.795850] (-) TimerEvent: {}
[18.896271] (-) TimerEvent: {}
[18.996691] (-) TimerEvent: {}
[19.097107] (-) TimerEvent: {}
[19.197566] (-) TimerEvent: {}
[19.297941] (-) TimerEvent: {}
[19.398314] (-) TimerEvent: {}
[19.498715] (-) TimerEvent: {}
[19.599091] (-) TimerEvent: {}
[19.699465] (-) TimerEvent: {}
[19.799844] (-) TimerEvent: {}
[19.900246] (-) TimerEvent: {}
[20.000636] (-) TimerEvent: {}
[20.101051] (-) TimerEvent: {}
[20.201479] (-) TimerEvent: {}
[20.301914] (-) TimerEvent: {}
[20.402383] (-) TimerEvent: {}
[20.502776] (-) TimerEvent: {}
[20.603165] (-) TimerEvent: {}
[20.703542] (-) TimerEvent: {}
[20.803921] (-) TimerEvent: {}
[20.904299] (-) TimerEvent: {}
[21.004675] (-) TimerEvent: {}
[21.042831] (navigation_bot) StdoutLine: {'line': b'[100%] \x1b[32m\x1b[1mLinking CXX executable Motor_Driver_Node\x1b[0m\n'}
[21.104806] (-) TimerEvent: {}
[21.205227] (-) TimerEvent: {}
[21.305666] (-) TimerEvent: {}
[21.406304] (-) TimerEvent: {}
[21.506776] (-) TimerEvent: {}
[21.607299] (-) TimerEvent: {}
[21.707738] (-) TimerEvent: {}
[21.808137] (-) TimerEvent: {}
[21.908524] (-) TimerEvent: {}
[22.008958] (-) TimerEvent: {}
[22.014140] (navigation_bot) StdoutLine: {'line': b'[100%] Built target Motor_Driver_Node\n'}
[22.032442] (navigation_bot) CommandEnded: {'returncode': 0}
[22.077581] (navigation_bot) JobProgress: {'identifier': 'navigation_bot', 'progress': 'install'}
[22.093839] (navigation_bot) Command: {'cmd': ['/usr/bin/cmake', '--install', '/home/fiend/Navigation_Bot/dev_ws/build/navigation_bot'], 'cwd': '/home/fiend/Navigation_Bot/dev_ws/build/navigation_bot', 'env': OrderedDict([('GJS_DEBUG_TOPICS', 'JS ERROR;JS LOG'), ('LESSOPEN', '| /usr/bin/lesspipe %s'), ('LANGUAGE', 'en_IN:en'), ('USER', 'fiend'), ('STARSHIP_SHELL', 'bash'), ('XDG_SESSION_TYPE', 'wayland'), ('SHLVL', '1'), ('LD_LIBRARY_PATH', '/usr/lib/x86_64-linux-gnu/gazebo-11/plugins:/opt/ros/humble/opt/rviz_ogre_vendor/lib:/opt/ros/humble/lib/x86_64-linux-gnu:/opt/ros/humble/lib'), ('HOME', '/home/fiend'), ('OLDPWD', '/home/fiend/Navigation_Bot'), ('DESKTOP_SESSION', 'ubuntu'), ('GIO_LAUNCHED_DESKTOP_FILE', '/usr/share/applications/terminator.desktop'), ('ROS_PYTHON_VERSION', '3'), ('GNOME_SHELL_SESSION_MODE', 'ubuntu'), ('GTK_MODULES', 'gail:atk-bridge'), ('PS1', '\n\\[\x1b[38;5;156m\\]\\[\x1b[0m\\]\\[\x1b[38;5;166m\\]dev_ws\\[\x1b[0m\\]\\[\x1b[38;5;166m\\]\\[\x1b[0m\\] on \\[\x1b[38;5;162m\\]\ue0a0 \\[\x1b[0m\\]\\[\x1b[38;5;162m\\]main\\[\x1b[0m\\] underwent \\[\x1b[36m\\]12s\\[\x1b[0m\\]\n\\[\x1b[1;38;5;166m\\]➜\\[\x1b[0m\\]'), ('MANAGERPID', '865'), ('SYSTEMD_EXEC_PID', '1038'), ('DBUS_SESSION_BUS_ADDRESS', 'unix:path=/run/user/1000/bus'), ('COLORTERM', 'truecolor'), ('GIO_LAUNCHED_DESKTOP_FILE_PID', '5627'), ('_colcon_cd_root', '/opt/ros/humble/'), ('IM_CONFIG_PHASE', '1'), ('WAYLAND_DISPLAY', 'wayland-0'), ('COLCON_PREFIX_PATH', '/home/fiend/Navigation_Bot/dev_ws/install:/home/fiend/voice_grab/ros2_ws/install:/home/fiend/LineFollowingRobot/ros_ws/install:/home/fiend/ROS/practice_codes_ROS2/articubot_one/install'), ('ROS_DISTRO', 'humble'), ('LOGNAME', 'fiend'), ('JOURNAL_STREAM', '8:30767'), ('_', '/usr/bin/colcon'), ('ROS_VERSION', '2'), ('XDG_SESSION_CLASS', 'user'), ('USERNAME', 'fiend'), ('TERM', 'xterm-256color'), ('GNOME_DESKTOP_SESSION_ID', 'this-is-deprecated'), ('ROS_LOCALHOST_ONLY', '0'), ('PATH', '/opt/ros/humble/bin:/home/fiend/.local/bin:/usr/local/sbin:/usr/local/bin:/usr/sbin:/usr/bin:/sbin:/bin:/usr/games:/usr/local/games:/snap/bin:/snap/bin'), ('SESSION_MANAGER', 'local/fiend-Lenovo-Yoga-C740-14IML:@/tmp/.ICE-unix/1008,unix/fiend-Lenovo-Yoga-C740-14IML:/tmp/.ICE-unix/1008'), ('INVOCATION_ID', '37512f0c72ec48d79a8a8f1894f11f4d'), ('XDG_MENU_PREFIX', 'gnome-'), ('GNOME_SETUP_DISPLAY', ':1'), ('XDG_RUNTIME_DIR', '/run/user/1000'), ('DISPLAY', ':0'), ('LANG', 'en_US.UTF-8'), ('XDG_CURRENT_DESKTOP', 'ubuntu:GNOME'), ('IBUS_DISABLE_SNOOPER', '1'), ('XMODIFIERS', '@im=ibus'), ('XDG_SESSION_DESKTOP', 'ubuntu'), ('XAUTHORITY', '/run/user/1000/.mutter-Xwaylandauth.UJJAK2'), ('LS_COLORS', 'di=34:ow=34:tw=34:fi=13:ln=31:pi=5:so=5:bd=5:cd=5:or=31:mi=0:ex=35:*.rpm=90:*.png=35:*.gif=36:*.jpg=35:*.c=92:*.py=93:*.h=90:*.txt=94:*.doc=104:*.odt=104:*.csv=102:*.xlsx=102:*.xlsm=102:*.rb=31:*.cpp=92:*.sh=92:*.html=96:*.zip=4;33:*.tar.gz=4;33:*.mp4=105:*.mp3=106'), ('SSH_AGENT_LAUNCHER', 'gnome-keyring'), ('SSH_AUTH_SOCK', '/run/user/1000/keyring/ssh'), ('AMENT_PREFIX_PATH', '/home/fiend/Navigation_Bot/dev_ws/install/navigation_bot:/home/fiend/LineFollowingRobot/ros_ws/install/line_bhakt:/home/fiend/ROS/practice_codes_ROS2/articubot_one/install/articubot_one:/opt/ros/humble'), ('SHELL', '/bin/bash'), ('TERMINATOR_UUID', 'urn:uuid:de10c5cb-7f42-4ea2-ad3f-7446c017e8fd'), ('QT_ACCESSIBILITY', '1'), ('GDMSESSION', 'ubuntu'), ('LESSCLOSE', '/usr/bin/lesspipe %s %s'), ('GCC_COLORS', 'error=31:warning=35:note=36:caret=32:locus=01:quote=01'), ('GJS_DEBUG_OUTPUT', 'stderr'), ('QT_IM_MODULE', 'ibus'), ('PWD', '/home/fiend/Navigation_Bot/dev_ws/build/navigation_bot'), ('LC_ALL', 'en_US.UTF-8'), ('XDG_CONFIG_DIRS', '/etc/xdg/xdg-ubuntu:/etc/xdg'), ('XDG_DATA_DIRS', '/usr/share/ubuntu:/home/fiend/.local/share/flatpak/exports/share:/var/lib/flatpak/exports/share:/usr/local/share/:/usr/share/:/var/lib/snapd/desktop'), ('STARSHIP_SESSION_KEY', '2059017139146452'), ('PYTHONPATH', '/opt/ros/humble/lib/python3.10/site-packages:/opt/ros/humble/local/lib/python3.10/dist-packages'), ('COLCON', '1'), ('VTE_VERSION', '6800'), ('CMAKE_PREFIX_PATH', '/home/fiend/Navigation_Bot/dev_ws/install/navigation_bot:/home/fiend/LineFollowingRobot/ros_ws/install/line_bhakt:/home/fiend/ROS/practice_codes_ROS2/articubot_one/install/articubot_one:/opt/ros/humble')]), 'shell': False}
[22.105577] (navigation_bot) StdoutLine: {'line': b'-- Install configuration: ""\n'}
[22.106402] (navigation_bot) StdoutLine: {'line': b'-- Execute custom install script\n'}
[22.107246] (navigation_bot) StdoutLine: {'line': b'-- Up-to-date symlink: /home/fiend/Navigation_Bot/dev_ws/install/navigation_bot/share/navigation_bot/config/empty.yaml\n'}
[22.107590] (navigation_bot) StdoutLine: {'line': b'-- Up-to-date symlink: /home/fiend/Navigation_Bot/dev_ws/install/navigation_bot/share/navigation_bot/config/my_controller.yaml\n'}
[22.108048] (navigation_bot) StdoutLine: {'line': b'-- Up-to-date symlink: /home/fiend/Navigation_Bot/dev_ws/install/navigation_bot/share/navigation_bot/description/Depth_camera.xacro\n'}
[22.108407] (navigation_bot) StdoutLine: {'line': b'-- Up-to-date symlink: /home/fiend/Navigation_Bot/dev_ws/install/navigation_bot/share/navigation_bot/description/camera.xacro\n'}
[22.108681] (navigation_bot) StdoutLine: {'line': b'-- Up-to-date symlink: /home/fiend/Navigation_Bot/dev_ws/install/navigation_bot/share/navigation_bot/description/gazebo_control.xacro\n'}
[22.108849] (navigation_bot) StdoutLine: {'line': b'-- Up-to-date symlink: /home/fiend/Navigation_Bot/dev_ws/install/navigation_bot/share/navigation_bot/description/inertial_macros.xacro\n'}
[22.108988] (-) TimerEvent: {}
[22.109224] (navigation_bot) StdoutLine: {'line': b'-- Up-to-date symlink: /home/fiend/Navigation_Bot/dev_ws/install/navigation_bot/share/navigation_bot/description/lidar.xacro\n'}
[22.109388] (navigation_bot) StdoutLine: {'line': b'-- Up-to-date symlink: /home/fiend/Navigation_Bot/dev_ws/install/navigation_bot/share/navigation_bot/description/robot.urdf.xacro\n'}
[22.109532] (navigation_bot) StdoutLine: {'line': b'-- Up-to-date symlink: /home/fiend/Navigation_Bot/dev_ws/install/navigation_bot/share/navigation_bot/description/robot_core.xacro\n'}
[22.109729] (navigation_bot) StdoutLine: {'line': b'-- Up-to-date symlink: /home/fiend/Navigation_Bot/dev_ws/install/navigation_bot/share/navigation_bot/description/ros2_control.xacro\n'}
[22.109906] (navigation_bot) StdoutLine: {'line': b'-- Up-to-date symlink: /home/fiend/Navigation_Bot/dev_ws/install/navigation_bot/share/navigation_bot/launch/launch_sim.launch.py\n'}
[22.110094] (navigation_bot) StdoutLine: {'line': b'-- Up-to-date symlink: /home/fiend/Navigation_Bot/dev_ws/install/navigation_bot/share/navigation_bot/launch/rsp.launch.py\n'}
[22.110425] (navigation_bot) StdoutLine: {'line': b'-- Up-to-date symlink: /home/fiend/Navigation_Bot/dev_ws/install/navigation_bot/share/navigation_bot/worlds/empty.world\n'}
[22.110607] (navigation_bot) StdoutLine: {'line': b'-- Up-to-date symlink: /home/fiend/Navigation_Bot/dev_ws/install/navigation_bot/share/navigation_bot/worlds/home.world\n'}
[22.110839] (navigation_bot) StdoutLine: {'line': b'-- Up-to-date symlink: /home/fiend/Navigation_Bot/dev_ws/install/navigation_bot/share/navigation_bot/worlds/obstacle.world\n'}
[22.111025] (navigation_bot) StdoutLine: {'line': b'-- Up-to-date symlink: /home/fiend/Navigation_Bot/dev_ws/install/navigation_bot/share/navigation_bot/worlds/track.world\n'}
[22.111216] (navigation_bot) StdoutLine: {'line': b'-- Up-to-date symlink: /home/fiend/Navigation_Bot/dev_ws/install/navigation_bot/share/navigation_bot/worlds/turtleWorld.world\n'}
[22.111702] (navigation_bot) StdoutLine: {'line': b'-- Up-to-date symlink: /home/fiend/Navigation_Bot/dev_ws/install/navigation_bot/lib/navigation_bot/ImageCapture\n'}
[22.112014] (navigation_bot) StdoutLine: {'line': b'-- Up-to-date symlink: /home/fiend/Navigation_Bot/dev_ws/install/navigation_bot/lib/navigation_bot/Motor_Driver_Node\n'}
[22.112414] (navigation_bot) StdoutLine: {'line': b'-- Up-to-date symlink: /home/fiend/Navigation_Bot/dev_ws/install/navigation_bot/share/ament_index/resource_index/package_run_dependencies/navigation_bot\n'}
[22.112750] (navigation_bot) StdoutLine: {'line': b'-- Up-to-date symlink: /home/fiend/Navigation_Bot/dev_ws/install/navigation_bot/share/ament_index/resource_index/parent_prefix_path/navigation_bot\n'}
[22.113081] (navigation_bot) StdoutLine: {'line': b'-- Up-to-date symlink: /home/fiend/Navigation_Bot/dev_ws/install/navigation_bot/share/navigation_bot/environment/ament_prefix_path.sh\n'}
[22.113389] (navigation_bot) StdoutLine: {'line': b'-- Up-to-date symlink: /home/fiend/Navigation_Bot/dev_ws/install/navigation_bot/share/navigation_bot/environment/ament_prefix_path.dsv\n'}
[22.113713] (navigation_bot) StdoutLine: {'line': b'-- Up-to-date symlink: /home/fiend/Navigation_Bot/dev_ws/install/navigation_bot/share/navigation_bot/environment/path.sh\n'}
[22.114034] (navigation_bot) StdoutLine: {'line': b'-- Up-to-date symlink: /home/fiend/Navigation_Bot/dev_ws/install/navigation_bot/share/navigation_bot/environment/path.dsv\n'}
[22.114377] (navigation_bot) StdoutLine: {'line': b'-- Up-to-date symlink: /home/fiend/Navigation_Bot/dev_ws/install/navigation_bot/share/navigation_bot/local_setup.bash\n'}
[22.114601] (navigation_bot) StdoutLine: {'line': b'-- Up-to-date symlink: /home/fiend/Navigation_Bot/dev_ws/install/navigation_bot/share/navigation_bot/local_setup.sh\n'}
[22.114810] (navigation_bot) StdoutLine: {'line': b'-- Up-to-date symlink: /home/fiend/Navigation_Bot/dev_ws/install/navigation_bot/share/navigation_bot/local_setup.zsh\n'}
[22.115088] (navigation_bot) StdoutLine: {'line': b'-- Up-to-date symlink: /home/fiend/Navigation_Bot/dev_ws/install/navigation_bot/share/navigation_bot/local_setup.dsv\n'}
[22.115307] (navigation_bot) StdoutLine: {'line': b'-- Symlinking: /home/fiend/Navigation_Bot/dev_ws/install/navigation_bot/share/navigation_bot/package.dsv\n'}
[22.131108] (navigation_bot) StdoutLine: {'line': b'-- Up-to-date symlink: /home/fiend/Navigation_Bot/dev_ws/install/navigation_bot/share/ament_index/resource_index/packages/navigation_bot\n'}
[22.131518] (navigation_bot) StdoutLine: {'line': b'-- Up-to-date symlink: /home/fiend/Navigation_Bot/dev_ws/install/navigation_bot/share/navigation_bot/cmake/navigation_botConfig.cmake\n'}
[22.131822] (navigation_bot) StdoutLine: {'line': b'-- Up-to-date symlink: /home/fiend/Navigation_Bot/dev_ws/install/navigation_bot/share/navigation_bot/cmake/navigation_botConfig-version.cmake\n'}
[22.132085] (navigation_bot) StdoutLine: {'line': b'-- Up-to-date symlink: /home/fiend/Navigation_Bot/dev_ws/install/navigation_bot/share/navigation_bot/package.xml\n'}
[22.134680] (navigation_bot) CommandEnded: {'returncode': 0}
[22.209136] (-) TimerEvent: {}
[22.310304] (-) TimerEvent: {}
[22.410677] (-) TimerEvent: {}
[22.506156] (navigation_bot) JobEnded: {'identifier': 'navigation_bot', 'rc': 0}
[22.507426] (-) EventReactorShutdown: {}
