[0.000000] (-) TimerEvent: {}
[0.000230] (navigation_bot) JobQueued: {'identifier': 'navigation_bot', 'dependencies': OrderedDict()}
[0.000303] (navigation_bot) JobStarted: {'identifier': 'navigation_bot'}
[0.098423] (-) TimerEvent: {}
[0.199050] (-) TimerEvent: {}
[0.299869] (-) TimerEvent: {}
[0.334094] (navigation_bot) JobProgress: {'identifier': 'navigation_bot', 'progress': 'cmake'}
[0.335837] (navigation_bot) JobProgress: {'identifier': 'navigation_bot', 'progress': 'build'}
[0.337467] (navigation_bot) Command: {'cmd': ['/usr/bin/cmake', '--build', '/home/fiend/Navigation_Bot/dev_ws/build/navigation_bot', '--', '-j8', '-l8'], 'cwd': '/home/fiend/Navigation_Bot/dev_ws/build/navigation_bot', 'env': OrderedDict([('GJS_DEBUG_TOPICS', 'JS ERROR;JS LOG'), ('LESSOPEN', '| /usr/bin/lesspipe %s'), ('LANGUAGE', 'en_IN:en'), ('USER', 'fiend'), ('STARSHIP_SHELL', 'bash'), ('XDG_SESSION_TYPE', 'wayland'), ('SHLVL', '1'), ('LD_LIBRARY_PATH', '/usr/lib/x86_64-linux-gnu/gazebo-11/plugins:/opt/ros/humble/opt/rviz_ogre_vendor/lib:/opt/ros/humble/lib/x86_64-linux-gnu:/opt/ros/humble/lib'), ('HOME', '/home/fiend'), ('OLDPWD', '/home/fiend/Navigation_Bot'), ('DESKTOP_SESSION', 'ubuntu'), ('GIO_LAUNCHED_DESKTOP_FILE', '/usr/share/applications/terminator.desktop'), ('ROS_PYTHON_VERSION', '3'), ('GNOME_SHELL_SESSION_MODE', 'ubuntu'), ('GTK_MODULES', 'gail:atk-bridge'), ('PS1', '\n\\[\x1b[38;5;156m\\]\\[\x1b[0m\\]\\[\x1b[38;5;166m\\]dev_ws\\[\x1b[0m\\]\\[\x1b[38;5;166m\\]\\[\x1b[0m\\] on \\[\x1b[38;5;162m\\]\ue0a0 \\[\x1b[0m\\]\\[\x1b[38;5;162m\\]main\\[\x1b[0m\\]\n\\[\x1b[1;38;5;166m\\]➜\\[\x1b[0m\\]'), ('MANAGERPID', '865'), ('SYSTEMD_EXEC_PID', '1038'), ('DBUS_SESSION_BUS_ADDRESS', 'unix:path=/run/user/1000/bus'), ('COLORTERM', 'truecolor'), ('GIO_LAUNCHED_DESKTOP_FILE_PID', '5627'), ('_colcon_cd_root', '/opt/ros/humble/'), ('IM_CONFIG_PHASE', '1'), ('WAYLAND_DISPLAY', 'wayland-0'), ('COLCON_PREFIX_PATH', '/home/fiend/Navigation_Bot/dev_ws/install:/home/fiend/voice_grab/ros2_ws/install:/home/fiend/LineFollowingRobot/ros_ws/install:/home/fiend/ROS/practice_codes_ROS2/articubot_one/install'), ('ROS_DISTRO', 'humble'), ('LOGNAME', 'fiend'), ('JOURNAL_STREAM', '8:30767'), ('_', '/usr/bin/colcon'), ('ROS_VERSION', '2'), ('XDG_SESSION_CLASS', 'user'), ('USERNAME', 'fiend'), ('TERM', 'xterm-256color'), ('GNOME_DESKTOP_SESSION_ID', 'this-is-deprecated'), ('ROS_LOCALHOST_ONLY', '0'), ('PATH', '/opt/ros/humble/bin:/home/fiend/.local/bin:/usr/local/sbin:/usr/local/bin:/usr/sbin:/usr/bin:/sbin:/bin:/usr/games:/usr/local/games:/snap/bin:/snap/bin'), ('SESSION_MANAGER', 'local/fiend-Lenovo-Yoga-C740-14IML:@/tmp/.ICE-unix/1008,unix/fiend-Lenovo-Yoga-C740-14IML:/tmp/.ICE-unix/1008'), ('INVOCATION_ID', '37512f0c72ec48d79a8a8f1894f11f4d'), ('XDG_MENU_PREFIX', 'gnome-'), ('GNOME_SETUP_DISPLAY', ':1'), ('XDG_RUNTIME_DIR', '/run/user/1000'), ('DISPLAY', ':0'), ('LANG', 'en_US.UTF-8'), ('XDG_CURRENT_DESKTOP', 'ubuntu:GNOME'), ('IBUS_DISABLE_SNOOPER', '1'), ('XMODIFIERS', '@im=ibus'), ('XDG_SESSION_DESKTOP', 'ubuntu'), ('XAUTHORITY', '/run/user/1000/.mutter-Xwaylandauth.UJJAK2'), ('LS_COLORS', 'di=34:ow=34:tw=34:fi=13:ln=31:pi=5:so=5:bd=5:cd=5:or=31:mi=0:ex=35:*.rpm=90:*.png=35:*.gif=36:*.jpg=35:*.c=92:*.py=93:*.h=90:*.txt=94:*.doc=104:*.odt=104:*.csv=102:*.xlsx=102:*.xlsm=102:*.rb=31:*.cpp=92:*.sh=92:*.html=96:*.zip=4;33:*.tar.gz=4;33:*.mp4=105:*.mp3=106'), ('SSH_AGENT_LAUNCHER', 'gnome-keyring'), ('SSH_AUTH_SOCK', '/run/user/1000/keyring/ssh'), ('AMENT_PREFIX_PATH', '/home/fiend/Navigation_Bot/dev_ws/install/navigation_bot:/home/fiend/LineFollowingRobot/ros_ws/install/line_bhakt:/home/fiend/ROS/practice_codes_ROS2/articubot_one/install/articubot_one:/opt/ros/humble'), ('SHELL', '/bin/bash'), ('TERMINATOR_UUID', 'urn:uuid:de10c5cb-7f42-4ea2-ad3f-7446c017e8fd'), ('QT_ACCESSIBILITY', '1'), ('GDMSESSION', 'ubuntu'), ('LESSCLOSE', '/usr/bin/lesspipe %s %s'), ('GCC_COLORS', 'error=31:warning=35:note=36:caret=32:locus=01:quote=01'), ('GJS_DEBUG_OUTPUT', 'stderr'), ('QT_IM_MODULE', 'ibus'), ('PWD', '/home/fiend/Navigation_Bot/dev_ws/build/navigation_bot'), ('LC_ALL', 'en_US.UTF-8'), ('XDG_CONFIG_DIRS', '/etc/xdg/xdg-ubuntu:/etc/xdg'), ('XDG_DATA_DIRS', '/usr/share/ubuntu:/home/fiend/.local/share/flatpak/exports/share:/var/lib/flatpak/exports/share:/usr/local/share/:/usr/share/:/var/lib/snapd/desktop'), ('STARSHIP_SESSION_KEY', '2059017139146452'), ('PYTHONPATH', '/opt/ros/humble/lib/python3.10/site-packages:/opt/ros/humble/local/lib/python3.10/dist-packages'), ('COLCON', '1'), ('VTE_VERSION', '6800'), ('CMAKE_PREFIX_PATH', '/home/fiend/Navigation_Bot/dev_ws/install/navigation_bot:/home/fiend/LineFollowingRobot/ros_ws/install/line_bhakt:/home/fiend/ROS/practice_codes_ROS2/articubot_one/install/articubot_one:/opt/ros/humble')]), 'shell': False}
[0.400023] (-) TimerEvent: {}
[0.459605] (navigation_bot) StdoutLine: {'line': b'\x1b[35m\x1b[1mConsolidate compiler generated dependencies of target ImageCapture\x1b[0m\n'}
[0.497272] (navigation_bot) StdoutLine: {'line': b'[ 50%] \x1b[32mBuilding CXX object CMakeFiles/ImageCapture.dir/Executables/ImageCapture.cpp.o\x1b[0m\n'}
[0.500141] (-) TimerEvent: {}
[0.600572] (-) TimerEvent: {}
[0.700971] (-) TimerEvent: {}
[0.801354] (-) TimerEvent: {}
[0.901750] (-) TimerEvent: {}
[1.002301] (-) TimerEvent: {}
[1.102765] (-) TimerEvent: {}
[1.203218] (-) TimerEvent: {}
[1.303696] (-) TimerEvent: {}
[1.404091] (-) TimerEvent: {}
[1.504472] (-) TimerEvent: {}
[1.604861] (-) TimerEvent: {}
[1.705234] (-) TimerEvent: {}
[1.805674] (-) TimerEvent: {}
[1.906051] (-) TimerEvent: {}
[2.006439] (-) TimerEvent: {}
[2.106849] (-) TimerEvent: {}
[2.207228] (-) TimerEvent: {}
[2.307633] (-) TimerEvent: {}
[2.408018] (-) TimerEvent: {}
[2.508395] (-) TimerEvent: {}
[2.608789] (-) TimerEvent: {}
[2.709160] (-) TimerEvent: {}
[2.809528] (-) TimerEvent: {}
[2.909910] (-) TimerEvent: {}
[3.010324] (-) TimerEvent: {}
[3.110741] (-) TimerEvent: {}
[3.211147] (-) TimerEvent: {}
[3.311527] (-) TimerEvent: {}
[3.411901] (-) TimerEvent: {}
[3.512272] (-) TimerEvent: {}
[3.612655] (-) TimerEvent: {}
[3.713156] (-) TimerEvent: {}
[3.813642] (-) TimerEvent: {}
[3.914009] (-) TimerEvent: {}
[4.014382] (-) TimerEvent: {}
[4.114754] (-) TimerEvent: {}
[4.215140] (-) TimerEvent: {}
[4.315542] (-) TimerEvent: {}
[4.415913] (-) TimerEvent: {}
[4.516290] (-) TimerEvent: {}
[4.616691] (-) TimerEvent: {}
[4.717088] (-) TimerEvent: {}
[4.817471] (-) TimerEvent: {}
[4.917843] (-) TimerEvent: {}
[5.018212] (-) TimerEvent: {}
[5.118621] (-) TimerEvent: {}
[5.218981] (-) TimerEvent: {}
[5.319373] (-) TimerEvent: {}
[5.419792] (-) TimerEvent: {}
[5.520233] (-) TimerEvent: {}
[5.620619] (-) TimerEvent: {}
[5.721000] (-) TimerEvent: {}
[5.821390] (-) TimerEvent: {}
[5.921808] (-) TimerEvent: {}
[6.022214] (-) TimerEvent: {}
[6.122753] (-) TimerEvent: {}
[6.223244] (-) TimerEvent: {}
[6.323732] (-) TimerEvent: {}
[6.424208] (-) TimerEvent: {}
[6.524713] (-) TimerEvent: {}
[6.625198] (-) TimerEvent: {}
[6.725676] (-) TimerEvent: {}
[6.826164] (-) TimerEvent: {}
[6.926655] (-) TimerEvent: {}
[7.027137] (-) TimerEvent: {}
[7.127611] (-) TimerEvent: {}
[7.228098] (-) TimerEvent: {}
[7.328624] (-) TimerEvent: {}
[7.429026] (-) TimerEvent: {}
[7.529412] (-) TimerEvent: {}
[7.629812] (-) TimerEvent: {}
[7.730189] (-) TimerEvent: {}
[7.830565] (-) TimerEvent: {}
[7.930973] (-) TimerEvent: {}
[8.031360] (-) TimerEvent: {}
[8.131731] (-) TimerEvent: {}
[8.232123] (-) TimerEvent: {}
[8.332507] (-) TimerEvent: {}
[8.432928] (-) TimerEvent: {}
[8.533298] (-) TimerEvent: {}
[8.633691] (-) TimerEvent: {}
[8.734152] (-) TimerEvent: {}
[8.834613] (-) TimerEvent: {}
[8.935094] (-) TimerEvent: {}
[9.035550] (-) TimerEvent: {}
[9.136003] (-) TimerEvent: {}
[9.236480] (-) TimerEvent: {}
[9.336973] (-) TimerEvent: {}
[9.437450] (-) TimerEvent: {}
[9.537924] (-) TimerEvent: {}
[9.638398] (-) TimerEvent: {}
[9.738902] (-) TimerEvent: {}
[9.839331] (-) TimerEvent: {}
[9.939709] (-) TimerEvent: {}
[10.040092] (-) TimerEvent: {}
[10.140468] (-) TimerEvent: {}
[10.240856] (-) TimerEvent: {}
[10.341226] (-) TimerEvent: {}
[10.441606] (-) TimerEvent: {}
[10.541993] (-) TimerEvent: {}
[10.642394] (-) TimerEvent: {}
[10.742771] (-) TimerEvent: {}
[10.843179] (-) TimerEvent: {}
[10.943573] (-) TimerEvent: {}
[11.043981] (-) TimerEvent: {}
[11.144349] (-) TimerEvent: {}
[11.244740] (-) TimerEvent: {}
[11.345112] (-) TimerEvent: {}
[11.445503] (-) TimerEvent: {}
[11.546138] (-) TimerEvent: {}
[11.646536] (-) TimerEvent: {}
[11.746917] (-) TimerEvent: {}
[11.847380] (-) TimerEvent: {}
[11.947747] (-) TimerEvent: {}
[12.048157] (-) TimerEvent: {}
[12.148538] (-) TimerEvent: {}
[12.248935] (-) TimerEvent: {}
[12.349361] (-) TimerEvent: {}
[12.449851] (-) TimerEvent: {}
[12.550232] (-) TimerEvent: {}
[12.650636] (-) TimerEvent: {}
[12.751011] (-) TimerEvent: {}
[12.851389] (-) TimerEvent: {}
[12.951769] (-) TimerEvent: {}
[13.052180] (-) TimerEvent: {}
[13.152569] (-) TimerEvent: {}
[13.252954] (-) TimerEvent: {}
[13.353315] (-) TimerEvent: {}
[13.453679] (-) TimerEvent: {}
[13.554063] (-) TimerEvent: {}
[13.654431] (-) TimerEvent: {}
[13.754800] (-) TimerEvent: {}
[13.855193] (-) TimerEvent: {}
[13.955557] (-) TimerEvent: {}
[14.055932] (-) TimerEvent: {}
[14.156308] (-) TimerEvent: {}
[14.256657] (-) TimerEvent: {}
[14.357021] (-) TimerEvent: {}
[14.457459] (-) TimerEvent: {}
[14.557941] (-) TimerEvent: {}
[14.659259] (-) TimerEvent: {}
[14.760196] (-) TimerEvent: {}
[14.861245] (-) TimerEvent: {}
[14.961739] (-) TimerEvent: {}
[15.062234] (-) TimerEvent: {}
[15.162781] (-) TimerEvent: {}
[15.263338] (-) TimerEvent: {}
[15.363830] (-) TimerEvent: {}
[15.464307] (-) TimerEvent: {}
[15.564713] (-) TimerEvent: {}
[15.665522] (-) TimerEvent: {}
[15.765993] (-) TimerEvent: {}
[15.866400] (-) TimerEvent: {}
[15.966798] (-) TimerEvent: {}
[16.067735] (-) TimerEvent: {}
[16.169912] (-) TimerEvent: {}
[16.270853] (-) TimerEvent: {}
[16.371349] (-) TimerEvent: {}
[16.471873] (-) TimerEvent: {}
[16.577077] (-) TimerEvent: {}
[16.677631] (-) TimerEvent: {}
[16.778255] (-) TimerEvent: {}
[16.878727] (-) TimerEvent: {}
[16.979389] (-) TimerEvent: {}
[17.079881] (-) TimerEvent: {}
[17.180321] (-) TimerEvent: {}
[17.280743] (-) TimerEvent: {}
[17.381106] (-) TimerEvent: {}
[17.481486] (-) TimerEvent: {}
[17.581861] (-) TimerEvent: {}
[17.682270] (-) TimerEvent: {}
[17.782675] (-) TimerEvent: {}
[17.883041] (-) TimerEvent: {}
[17.983417] (-) TimerEvent: {}
[18.083800] (-) TimerEvent: {}
[18.184176] (-) TimerEvent: {}
[18.284566] (-) TimerEvent: {}
[18.384941] (-) TimerEvent: {}
[18.485313] (-) TimerEvent: {}
[18.585686] (-) TimerEvent: {}
[18.686105] (-) TimerEvent: {}
[18.786510] (-) TimerEvent: {}
[18.886878] (-) TimerEvent: {}
[18.987247] (-) TimerEvent: {}
[19.087635] (-) TimerEvent: {}
[19.188005] (-) TimerEvent: {}
[19.288381] (-) TimerEvent: {}
[19.388779] (-) TimerEvent: {}
[19.489166] (-) TimerEvent: {}
[19.589527] (-) TimerEvent: {}
[19.689885] (-) TimerEvent: {}
[19.790265] (-) TimerEvent: {}
[19.890667] (-) TimerEvent: {}
[19.991129] (-) TimerEvent: {}
[20.091588] (-) TimerEvent: {}
[20.192074] (-) TimerEvent: {}
[20.292511] (-) TimerEvent: {}
[20.392927] (-) TimerEvent: {}
[20.493332] (-) TimerEvent: {}
[20.593713] (-) TimerEvent: {}
[20.694086] (-) TimerEvent: {}
[20.794538] (-) TimerEvent: {}
[20.877776] (navigation_bot) StdoutLine: {'line': b'[100%] \x1b[32m\x1b[1mLinking CXX executable ImageCapture\x1b[0m\n'}
[20.894661] (-) TimerEvent: {}
[20.995083] (-) TimerEvent: {}
[21.095544] (-) TimerEvent: {}
[21.196137] (-) TimerEvent: {}
[21.296709] (-) TimerEvent: {}
[21.397257] (-) TimerEvent: {}
[21.497653] (-) TimerEvent: {}
[21.598105] (-) TimerEvent: {}
[21.698483] (-) TimerEvent: {}
[21.798867] (-) TimerEvent: {}
[21.899261] (-) TimerEvent: {}
[21.965763] (navigation_bot) StdoutLine: {'line': b'[100%] Built target ImageCapture\n'}
[21.984012] (navigation_bot) CommandEnded: {'returncode': 0}
[21.999386] (-) TimerEvent: {}
[22.026246] (navigation_bot) JobProgress: {'identifier': 'navigation_bot', 'progress': 'install'}
[22.042439] (navigation_bot) Command: {'cmd': ['/usr/bin/cmake', '--install', '/home/fiend/Navigation_Bot/dev_ws/build/navigation_bot'], 'cwd': '/home/fiend/Navigation_Bot/dev_ws/build/navigation_bot', 'env': OrderedDict([('GJS_DEBUG_TOPICS', 'JS ERROR;JS LOG'), ('LESSOPEN', '| /usr/bin/lesspipe %s'), ('LANGUAGE', 'en_IN:en'), ('USER', 'fiend'), ('STARSHIP_SHELL', 'bash'), ('XDG_SESSION_TYPE', 'wayland'), ('SHLVL', '1'), ('LD_LIBRARY_PATH', '/usr/lib/x86_64-linux-gnu/gazebo-11/plugins:/opt/ros/humble/opt/rviz_ogre_vendor/lib:/opt/ros/humble/lib/x86_64-linux-gnu:/opt/ros/humble/lib'), ('HOME', '/home/fiend'), ('OLDPWD', '/home/fiend/Navigation_Bot'), ('DESKTOP_SESSION', 'ubuntu'), ('GIO_LAUNCHED_DESKTOP_FILE', '/usr/share/applications/terminator.desktop'), ('ROS_PYTHON_VERSION', '3'), ('GNOME_SHELL_SESSION_MODE', 'ubuntu'), ('GTK_MODULES', 'gail:atk-bridge'), ('PS1', '\n\\[\x1b[38;5;156m\\]\\[\x1b[0m\\]\\[\x1b[38;5;166m\\]dev_ws\\[\x1b[0m\\]\\[\x1b[38;5;166m\\]\\[\x1b[0m\\] on \\[\x1b[38;5;162m\\]\ue0a0 \\[\x1b[0m\\]\\[\x1b[38;5;162m\\]main\\[\x1b[0m\\]\n\\[\x1b[1;38;5;166m\\]➜\\[\x1b[0m\\]'), ('MANAGERPID', '865'), ('SYSTEMD_EXEC_PID', '1038'), ('DBUS_SESSION_BUS_ADDRESS', 'unix:path=/run/user/1000/bus'), ('COLORTERM', 'truecolor'), ('GIO_LAUNCHED_DESKTOP_FILE_PID', '5627'), ('_colcon_cd_root', '/opt/ros/humble/'), ('IM_CONFIG_PHASE', '1'), ('WAYLAND_DISPLAY', 'wayland-0'), ('COLCON_PREFIX_PATH', '/home/fiend/Navigation_Bot/dev_ws/install:/home/fiend/voice_grab/ros2_ws/install:/home/fiend/LineFollowingRobot/ros_ws/install:/home/fiend/ROS/practice_codes_ROS2/articubot_one/install'), ('ROS_DISTRO', 'humble'), ('LOGNAME', 'fiend'), ('JOURNAL_STREAM', '8:30767'), ('_', '/usr/bin/colcon'), ('ROS_VERSION', '2'), ('XDG_SESSION_CLASS', 'user'), ('USERNAME', 'fiend'), ('TERM', 'xterm-256color'), ('GNOME_DESKTOP_SESSION_ID', 'this-is-deprecated'), ('ROS_LOCALHOST_ONLY', '0'), ('PATH', '/opt/ros/humble/bin:/home/fiend/.local/bin:/usr/local/sbin:/usr/local/bin:/usr/sbin:/usr/bin:/sbin:/bin:/usr/games:/usr/local/games:/snap/bin:/snap/bin'), ('SESSION_MANAGER', 'local/fiend-Lenovo-Yoga-C740-14IML:@/tmp/.ICE-unix/1008,unix/fiend-Lenovo-Yoga-C740-14IML:/tmp/.ICE-unix/1008'), ('INVOCATION_ID', '37512f0c72ec48d79a8a8f1894f11f4d'), ('XDG_MENU_PREFIX', 'gnome-'), ('GNOME_SETUP_DISPLAY', ':1'), ('XDG_RUNTIME_DIR', '/run/user/1000'), ('DISPLAY', ':0'), ('LANG', 'en_US.UTF-8'), ('XDG_CURRENT_DESKTOP', 'ubuntu:GNOME'), ('IBUS_DISABLE_SNOOPER', '1'), ('XMODIFIERS', '@im=ibus'), ('XDG_SESSION_DESKTOP', 'ubuntu'), ('XAUTHORITY', '/run/user/1000/.mutter-Xwaylandauth.UJJAK2'), ('LS_COLORS', 'di=34:ow=34:tw=34:fi=13:ln=31:pi=5:so=5:bd=5:cd=5:or=31:mi=0:ex=35:*.rpm=90:*.png=35:*.gif=36:*.jpg=35:*.c=92:*.py=93:*.h=90:*.txt=94:*.doc=104:*.odt=104:*.csv=102:*.xlsx=102:*.xlsm=102:*.rb=31:*.cpp=92:*.sh=92:*.html=96:*.zip=4;33:*.tar.gz=4;33:*.mp4=105:*.mp3=106'), ('SSH_AGENT_LAUNCHER', 'gnome-keyring'), ('SSH_AUTH_SOCK', '/run/user/1000/keyring/ssh'), ('AMENT_PREFIX_PATH', '/home/fiend/Navigation_Bot/dev_ws/install/navigation_bot:/home/fiend/LineFollowingRobot/ros_ws/install/line_bhakt:/home/fiend/ROS/practice_codes_ROS2/articubot_one/install/articubot_one:/opt/ros/humble'), ('SHELL', '/bin/bash'), ('TERMINATOR_UUID', 'urn:uuid:de10c5cb-7f42-4ea2-ad3f-7446c017e8fd'), ('QT_ACCESSIBILITY', '1'), ('GDMSESSION', 'ubuntu'), ('LESSCLOSE', '/usr/bin/lesspipe %s %s'), ('GCC_COLORS', 'error=31:warning=35:note=36:caret=32:locus=01:quote=01'), ('GJS_DEBUG_OUTPUT', 'stderr'), ('QT_IM_MODULE', 'ibus'), ('PWD', '/home/fiend/Navigation_Bot/dev_ws/build/navigation_bot'), ('LC_ALL', 'en_US.UTF-8'), ('XDG_CONFIG_DIRS', '/etc/xdg/xdg-ubuntu:/etc/xdg'), ('XDG_DATA_DIRS', '/usr/share/ubuntu:/home/fiend/.local/share/flatpak/exports/share:/var/lib/flatpak/exports/share:/usr/local/share/:/usr/share/:/var/lib/snapd/desktop'), ('STARSHIP_SESSION_KEY', '2059017139146452'), ('PYTHONPATH', '/opt/ros/humble/lib/python3.10/site-packages:/opt/ros/humble/local/lib/python3.10/dist-packages'), ('COLCON', '1'), ('VTE_VERSION', '6800'), ('CMAKE_PREFIX_PATH', '/home/fiend/Navigation_Bot/dev_ws/install/navigation_bot:/home/fiend/LineFollowingRobot/ros_ws/install/line_bhakt:/home/fiend/ROS/practice_codes_ROS2/articubot_one/install/articubot_one:/opt/ros/humble')]), 'shell': False}
[22.057498] (navigation_bot) StdoutLine: {'line': b'-- Install configuration: ""\n'}
[22.059199] (navigation_bot) StdoutLine: {'line': b'-- Execute custom install script\n'}
[22.060342] (navigation_bot) StdoutLine: {'line': b'-- Up-to-date symlink: /home/fiend/Navigation_Bot/dev_ws/install/navigation_bot/share/navigation_bot/config/empty.yaml\n'}
[22.060616] (navigation_bot) StdoutLine: {'line': b'-- Up-to-date symlink: /home/fiend/Navigation_Bot/dev_ws/install/navigation_bot/share/navigation_bot/config/my_controller.yaml\n'}
[22.061672] (navigation_bot) StdoutLine: {'line': b'-- Up-to-date symlink: /home/fiend/Navigation_Bot/dev_ws/install/navigation_bot/share/navigation_bot/description/Depth_camera.xacro\n'}
[22.062119] (navigation_bot) StdoutLine: {'line': b'-- Up-to-date symlink: /home/fiend/Navigation_Bot/dev_ws/install/navigation_bot/share/navigation_bot/description/camera.xacro\n'}
[22.062606] (navigation_bot) StdoutLine: {'line': b'-- Up-to-date symlink: /home/fiend/Navigation_Bot/dev_ws/install/navigation_bot/share/navigation_bot/description/gazebo_control.xacro\n'}
[22.063079] (navigation_bot) StdoutLine: {'line': b'-- Up-to-date symlink: /home/fiend/Navigation_Bot/dev_ws/install/navigation_bot/share/navigation_bot/description/inertial_macros.xacro\n'}
[22.063483] (navigation_bot) StdoutLine: {'line': b'-- Up-to-date symlink: /home/fiend/Navigation_Bot/dev_ws/install/navigation_bot/share/navigation_bot/description/lidar.xacro\n'}
[22.063993] (navigation_bot) StdoutLine: {'line': b'-- Up-to-date symlink: /home/fiend/Navigation_Bot/dev_ws/install/navigation_bot/share/navigation_bot/description/robot.urdf.xacro\n'}
[22.064356] (navigation_bot) StdoutLine: {'line': b'-- Up-to-date symlink: /home/fiend/Navigation_Bot/dev_ws/install/navigation_bot/share/navigation_bot/description/robot_core.xacro\n'}
[22.064845] (navigation_bot) StdoutLine: {'line': b'-- Up-to-date symlink: /home/fiend/Navigation_Bot/dev_ws/install/navigation_bot/share/navigation_bot/description/ros2_control.xacro\n'}
[22.065707] (navigation_bot) StdoutLine: {'line': b'-- Up-to-date symlink: /home/fiend/Navigation_Bot/dev_ws/install/navigation_bot/share/navigation_bot/launch/launch_sim.launch.py\n'}
[22.066029] (navigation_bot) StdoutLine: {'line': b'-- Up-to-date symlink: /home/fiend/Navigation_Bot/dev_ws/install/navigation_bot/share/navigation_bot/launch/rsp.launch.py\n'}
[22.066761] (navigation_bot) StdoutLine: {'line': b'-- Up-to-date symlink: /home/fiend/Navigation_Bot/dev_ws/install/navigation_bot/share/navigation_bot/worlds/empty.world\n'}
[22.067089] (navigation_bot) StdoutLine: {'line': b'-- Up-to-date symlink: /home/fiend/Navigation_Bot/dev_ws/install/navigation_bot/share/navigation_bot/worlds/home.world\n'}
[22.067410] (navigation_bot) StdoutLine: {'line': b'-- Up-to-date symlink: /home/fiend/Navigation_Bot/dev_ws/install/navigation_bot/share/navigation_bot/worlds/obstacle.world\n'}
[22.067782] (navigation_bot) StdoutLine: {'line': b'-- Up-to-date symlink: /home/fiend/Navigation_Bot/dev_ws/install/navigation_bot/share/navigation_bot/worlds/track.world\n'}
[22.068151] (navigation_bot) StdoutLine: {'line': b'-- Up-to-date symlink: /home/fiend/Navigation_Bot/dev_ws/install/navigation_bot/share/navigation_bot/worlds/turtleWorld.world\n'}
[22.069201] (navigation_bot) StdoutLine: {'line': b'-- Up-to-date symlink: /home/fiend/Navigation_Bot/dev_ws/install/navigation_bot/lib/navigation_bot/ImageCapture\n'}
[22.069780] (navigation_bot) StdoutLine: {'line': b'-- Up-to-date symlink: /home/fiend/Navigation_Bot/dev_ws/install/navigation_bot/share/ament_index/resource_index/package_run_dependencies/navigation_bot\n'}
[22.070431] (navigation_bot) StdoutLine: {'line': b'-- Up-to-date symlink: /home/fiend/Navigation_Bot/dev_ws/install/navigation_bot/share/ament_index/resource_index/parent_prefix_path/navigation_bot\n'}
[22.071071] (navigation_bot) StdoutLine: {'line': b'-- Up-to-date symlink: /home/fiend/Navigation_Bot/dev_ws/install/navigation_bot/share/navigation_bot/environment/ament_prefix_path.sh\n'}
[22.071692] (navigation_bot) StdoutLine: {'line': b'-- Up-to-date symlink: /home/fiend/Navigation_Bot/dev_ws/install/navigation_bot/share/navigation_bot/environment/ament_prefix_path.dsv\n'}
[22.072296] (navigation_bot) StdoutLine: {'line': b'-- Up-to-date symlink: /home/fiend/Navigation_Bot/dev_ws/install/navigation_bot/share/navigation_bot/environment/path.sh\n'}
[22.073302] (navigation_bot) StdoutLine: {'line': b'-- Up-to-date symlink: /home/fiend/Navigation_Bot/dev_ws/install/navigation_bot/share/navigation_bot/environment/path.dsv\n'}
[22.073893] (navigation_bot) StdoutLine: {'line': b'-- Up-to-date symlink: /home/fiend/Navigation_Bot/dev_ws/install/navigation_bot/share/navigation_bot/local_setup.bash\n'}
[22.074537] (navigation_bot) StdoutLine: {'line': b'-- Up-to-date symlink: /home/fiend/Navigation_Bot/dev_ws/install/navigation_bot/share/navigation_bot/local_setup.sh\n'}
[22.075113] (navigation_bot) StdoutLine: {'line': b'-- Up-to-date symlink: /home/fiend/Navigation_Bot/dev_ws/install/navigation_bot/share/navigation_bot/local_setup.zsh\n'}
[22.075664] (navigation_bot) StdoutLine: {'line': b'-- Up-to-date symlink: /home/fiend/Navigation_Bot/dev_ws/install/navigation_bot/share/navigation_bot/local_setup.dsv\n'}
[22.076057] (navigation_bot) StdoutLine: {'line': b'-- Symlinking: /home/fiend/Navigation_Bot/dev_ws/install/navigation_bot/share/navigation_bot/package.dsv\n'}
[22.091974] (navigation_bot) StdoutLine: {'line': b'-- Up-to-date symlink: /home/fiend/Navigation_Bot/dev_ws/install/navigation_bot/share/ament_index/resource_index/packages/navigation_bot\n'}
[22.092420] (navigation_bot) StdoutLine: {'line': b'-- Up-to-date symlink: /home/fiend/Navigation_Bot/dev_ws/install/navigation_bot/share/navigation_bot/cmake/navigation_botConfig.cmake\n'}
[22.092955] (navigation_bot) StdoutLine: {'line': b'-- Up-to-date symlink: /home/fiend/Navigation_Bot/dev_ws/install/navigation_bot/share/navigation_bot/cmake/navigation_botConfig-version.cmake\n'}
[22.093438] (navigation_bot) StdoutLine: {'line': b'-- Up-to-date symlink: /home/fiend/Navigation_Bot/dev_ws/install/navigation_bot/share/navigation_bot/package.xml\n'}
[22.097194] (navigation_bot) CommandEnded: {'returncode': 0}
[22.099455] (-) TimerEvent: {}
[22.200596] (-) TimerEvent: {}
[22.301426] (-) TimerEvent: {}
[22.401791] (-) TimerEvent: {}
[22.472584] (navigation_bot) JobEnded: {'identifier': 'navigation_bot', 'rc': 0}
[22.473821] (-) EventReactorShutdown: {}
