[0.000000] (-) TimerEvent: {}
[0.000321] (navigation_bot) JobQueued: {'identifier': 'navigation_bot', 'dependencies': OrderedDict()}
[0.000394] (navigation_bot) JobStarted: {'identifier': 'navigation_bot'}
[0.099564] (-) TimerEvent: {}
[0.200387] (-) TimerEvent: {}
[0.301313] (-) TimerEvent: {}
[0.321930] (navigation_bot) JobProgress: {'identifier': 'navigation_bot', 'progress': 'cmake'}
[0.323353] (navigation_bot) JobProgress: {'identifier': 'navigation_bot', 'progress': 'build'}
[0.324975] (navigation_bot) Command: {'cmd': ['/usr/bin/cmake', '--build', '/home/fiend/Navigation_Bot/dev_ws/build/navigation_bot', '--', '-j8', '-l8'], 'cwd': '/home/fiend/Navigation_Bot/dev_ws/build/navigation_bot', 'env': OrderedDict([('GJS_DEBUG_TOPICS', 'JS ERROR;JS LOG'), ('LESSOPEN', '| /usr/bin/lesspipe %s'), ('LANGUAGE', 'en_IN:en'), ('USER', 'fiend'), ('STARSHIP_SHELL', 'bash'), ('XDG_SESSION_TYPE', 'wayland'), ('SHLVL', '1'), ('LD_LIBRARY_PATH', '/usr/lib/x86_64-linux-gnu/gazebo-11/plugins:/opt/ros/humble/opt/rviz_ogre_vendor/lib:/opt/ros/humble/lib/x86_64-linux-gnu:/opt/ros/humble/lib'), ('HOME', '/home/fiend'), ('OLDPWD', '/home/fiend/Navigation_Bot'), ('DESKTOP_SESSION', 'ubuntu'), ('GIO_LAUNCHED_DESKTOP_FILE', '/usr/share/applications/terminator.desktop'), ('ROS_PYTHON_VERSION', '3'), ('GNOME_SHELL_SESSION_MODE', 'ubuntu'), ('GTK_MODULES', 'gail:atk-bridge'), ('PS1', '\n\\[\x1b[38;5;156m\\]\\[\x1b[0m\\]\\[\x1b[38;5;166m\\]dev_ws\\[\x1b[0m\\]\\[\x1b[38;5;166m\\]\\[\x1b[0m\\] on \\[\x1b[38;5;162m\\]\ue0a0 \\[\x1b[0m\\]\\[\x1b[38;5;162m\\]main\\[\x1b[0m\\] underwent \\[\x1b[36m\\]13s\\[\x1b[0m\\]\n\\[\x1b[1;38;5;166m\\]➜\\[\x1b[0m\\]'), ('MANAGERPID', '865'), ('SYSTEMD_EXEC_PID', '1038'), ('DBUS_SESSION_BUS_ADDRESS', 'unix:path=/run/user/1000/bus'), ('COLORTERM', 'truecolor'), ('GIO_LAUNCHED_DESKTOP_FILE_PID', '5627'), ('_colcon_cd_root', '/opt/ros/humble/'), ('IM_CONFIG_PHASE', '1'), ('WAYLAND_DISPLAY', 'wayland-0'), ('COLCON_PREFIX_PATH', '/home/fiend/Navigation_Bot/dev_ws/install:/home/fiend/voice_grab/ros2_ws/install:/home/fiend/LineFollowingRobot/ros_ws/install:/home/fiend/ROS/practice_codes_ROS2/articubot_one/install'), ('ROS_DISTRO', 'humble'), ('LOGNAME', 'fiend'), ('JOURNAL_STREAM', '8:30767'), ('_', '/usr/bin/colcon'), ('ROS_VERSION', '2'), ('XDG_SESSION_CLASS', 'user'), ('USERNAME', 'fiend'), ('TERM', 'xterm-256color'), ('GNOME_DESKTOP_SESSION_ID', 'this-is-deprecated'), ('ROS_LOCALHOST_ONLY', '0'), ('PATH', '/opt/ros/humble/bin:/home/fiend/.local/bin:/usr/local/sbin:/usr/local/bin:/usr/sbin:/usr/bin:/sbin:/bin:/usr/games:/usr/local/games:/snap/bin:/snap/bin'), ('SESSION_MANAGER', 'local/fiend-Lenovo-Yoga-C740-14IML:@/tmp/.ICE-unix/1008,unix/fiend-Lenovo-Yoga-C740-14IML:/tmp/.ICE-unix/1008'), ('INVOCATION_ID', '37512f0c72ec48d79a8a8f1894f11f4d'), ('XDG_MENU_PREFIX', 'gnome-'), ('GNOME_SETUP_DISPLAY', ':1'), ('XDG_RUNTIME_DIR', '/run/user/1000'), ('DISPLAY', ':0'), ('LANG', 'en_US.UTF-8'), ('XDG_CURRENT_DESKTOP', 'ubuntu:GNOME'), ('IBUS_DISABLE_SNOOPER', '1'), ('XMODIFIERS', '@im=ibus'), ('XDG_SESSION_DESKTOP', 'ubuntu'), ('XAUTHORITY', '/run/user/1000/.mutter-Xwaylandauth.UJJAK2'), ('LS_COLORS', 'di=34:ow=34:tw=34:fi=13:ln=31:pi=5:so=5:bd=5:cd=5:or=31:mi=0:ex=35:*.rpm=90:*.png=35:*.gif=36:*.jpg=35:*.c=92:*.py=93:*.h=90:*.txt=94:*.doc=104:*.odt=104:*.csv=102:*.xlsx=102:*.xlsm=102:*.rb=31:*.cpp=92:*.sh=92:*.html=96:*.zip=4;33:*.tar.gz=4;33:*.mp4=105:*.mp3=106'), ('SSH_AGENT_LAUNCHER', 'gnome-keyring'), ('SSH_AUTH_SOCK', '/run/user/1000/keyring/ssh'), ('AMENT_PREFIX_PATH', '/home/fiend/Navigation_Bot/dev_ws/install/navigation_bot:/home/fiend/LineFollowingRobot/ros_ws/install/line_bhakt:/home/fiend/ROS/practice_codes_ROS2/articubot_one/install/articubot_one:/opt/ros/humble'), ('SHELL', '/bin/bash'), ('TERMINATOR_UUID', 'urn:uuid:de10c5cb-7f42-4ea2-ad3f-7446c017e8fd'), ('QT_ACCESSIBILITY', '1'), ('GDMSESSION', 'ubuntu'), ('LESSCLOSE', '/usr/bin/lesspipe %s %s'), ('GCC_COLORS', 'error=31:warning=35:note=36:caret=32:locus=01:quote=01'), ('GJS_DEBUG_OUTPUT', 'stderr'), ('QT_IM_MODULE', 'ibus'), ('PWD', '/home/fiend/Navigation_Bot/dev_ws/build/navigation_bot'), ('LC_ALL', 'en_US.UTF-8'), ('XDG_CONFIG_DIRS', '/etc/xdg/xdg-ubuntu:/etc/xdg'), ('XDG_DATA_DIRS', '/usr/share/ubuntu:/home/fiend/.local/share/flatpak/exports/share:/var/lib/flatpak/exports/share:/usr/local/share/:/usr/share/:/var/lib/snapd/desktop'), ('STARSHIP_SESSION_KEY', '2059017139146452'), ('PYTHONPATH', '/opt/ros/humble/lib/python3.10/site-packages:/opt/ros/humble/local/lib/python3.10/dist-packages'), ('COLCON', '1'), ('VTE_VERSION', '6800'), ('CMAKE_PREFIX_PATH', '/home/fiend/Navigation_Bot/dev_ws/install/navigation_bot:/home/fiend/LineFollowingRobot/ros_ws/install/line_bhakt:/home/fiend/ROS/practice_codes_ROS2/articubot_one/install/articubot_one:/opt/ros/humble')]), 'shell': False}
[0.401469] (-) TimerEvent: {}
[0.417325] (navigation_bot) StdoutLine: {'line': b'\x1b[35m\x1b[1mConsolidate compiler generated dependencies of target Motor_Driver_Node\x1b[0m\n'}
[0.441846] (navigation_bot) StdoutLine: {'line': b'[ 50%] Built target ImageCapture\n'}
[0.453074] (navigation_bot) StdoutLine: {'line': b'[ 75%] \x1b[32mBuilding CXX object CMakeFiles/Motor_Driver_Node.dir/Executables/follower.cpp.o\x1b[0m\n'}
[0.501604] (-) TimerEvent: {}
[0.602083] (-) TimerEvent: {}
[0.702580] (-) TimerEvent: {}
[0.802985] (-) TimerEvent: {}
[0.903400] (-) TimerEvent: {}
[1.003872] (-) TimerEvent: {}
[1.104326] (-) TimerEvent: {}
[1.204773] (-) TimerEvent: {}
[1.305151] (-) TimerEvent: {}
[1.405528] (-) TimerEvent: {}
[1.505906] (-) TimerEvent: {}
[1.606286] (-) TimerEvent: {}
[1.706675] (-) TimerEvent: {}
[1.807075] (-) TimerEvent: {}
[1.907465] (-) TimerEvent: {}
[2.007842] (-) TimerEvent: {}
[2.108223] (-) TimerEvent: {}
[2.208607] (-) TimerEvent: {}
[2.309027] (-) TimerEvent: {}
[2.409418] (-) TimerEvent: {}
[2.509843] (-) TimerEvent: {}
[2.610232] (-) TimerEvent: {}
[2.710622] (-) TimerEvent: {}
[2.811018] (-) TimerEvent: {}
[2.911414] (-) TimerEvent: {}
[3.011837] (-) TimerEvent: {}
[3.112221] (-) TimerEvent: {}
[3.212638] (-) TimerEvent: {}
[3.313013] (-) TimerEvent: {}
[3.413397] (-) TimerEvent: {}
[3.513819] (-) TimerEvent: {}
[3.614227] (-) TimerEvent: {}
[3.714682] (-) TimerEvent: {}
[3.815091] (-) TimerEvent: {}
[3.915524] (-) TimerEvent: {}
[4.015936] (-) TimerEvent: {}
[4.116362] (-) TimerEvent: {}
[4.216750] (-) TimerEvent: {}
[4.317136] (-) TimerEvent: {}
[4.417558] (-) TimerEvent: {}
[4.517949] (-) TimerEvent: {}
[4.618346] (-) TimerEvent: {}
[4.718751] (-) TimerEvent: {}
[4.819158] (-) TimerEvent: {}
[4.919552] (-) TimerEvent: {}
[5.019940] (-) TimerEvent: {}
[5.120346] (-) TimerEvent: {}
[5.220738] (-) TimerEvent: {}
[5.321121] (-) TimerEvent: {}
[5.421510] (-) TimerEvent: {}
[5.521895] (-) TimerEvent: {}
[5.622281] (-) TimerEvent: {}
[5.722690] (-) TimerEvent: {}
[5.823111] (-) TimerEvent: {}
[5.923501] (-) TimerEvent: {}
[6.023888] (-) TimerEvent: {}
[6.124320] (-) TimerEvent: {}
[6.224739] (-) TimerEvent: {}
[6.325121] (-) TimerEvent: {}
[6.425508] (-) TimerEvent: {}
[6.525920] (-) TimerEvent: {}
[6.626310] (-) TimerEvent: {}
[6.726694] (-) TimerEvent: {}
[6.827089] (-) TimerEvent: {}
[6.927480] (-) TimerEvent: {}
[7.027864] (-) TimerEvent: {}
[7.128260] (-) TimerEvent: {}
[7.228646] (-) TimerEvent: {}
[7.329050] (-) TimerEvent: {}
[7.429444] (-) TimerEvent: {}
[7.529825] (-) TimerEvent: {}
[7.630217] (-) TimerEvent: {}
[7.730631] (-) TimerEvent: {}
[7.831027] (-) TimerEvent: {}
[7.931417] (-) TimerEvent: {}
[8.031827] (-) TimerEvent: {}
[8.132188] (-) TimerEvent: {}
[8.232633] (-) TimerEvent: {}
[8.333026] (-) TimerEvent: {}
[8.433422] (-) TimerEvent: {}
[8.533836] (-) TimerEvent: {}
[8.634227] (-) TimerEvent: {}
[8.734651] (-) TimerEvent: {}
[8.835034] (-) TimerEvent: {}
[8.935437] (-) TimerEvent: {}
[9.035902] (-) TimerEvent: {}
[9.136289] (-) TimerEvent: {}
[9.236665] (-) TimerEvent: {}
[9.337084] (-) TimerEvent: {}
[9.437459] (-) TimerEvent: {}
[9.537845] (-) TimerEvent: {}
[9.638283] (-) TimerEvent: {}
[9.738694] (-) TimerEvent: {}
[9.839123] (-) TimerEvent: {}
[9.939505] (-) TimerEvent: {}
[10.039908] (-) TimerEvent: {}
[10.140300] (-) TimerEvent: {}
[10.240678] (-) TimerEvent: {}
[10.341075] (-) TimerEvent: {}
[10.441466] (-) TimerEvent: {}
[10.541851] (-) TimerEvent: {}
[10.642268] (-) TimerEvent: {}
[10.742660] (-) TimerEvent: {}
[10.843053] (-) TimerEvent: {}
[10.943464] (-) TimerEvent: {}
[11.043861] (-) TimerEvent: {}
[11.144250] (-) TimerEvent: {}
[11.244670] (-) TimerEvent: {}
[11.345064] (-) TimerEvent: {}
[11.445462] (-) TimerEvent: {}
[11.545863] (-) TimerEvent: {}
[11.646253] (-) TimerEvent: {}
[11.746642] (-) TimerEvent: {}
[11.847054] (-) TimerEvent: {}
[11.947464] (-) TimerEvent: {}
[12.047855] (-) TimerEvent: {}
[12.148262] (-) TimerEvent: {}
[12.248645] (-) TimerEvent: {}
[12.349050] (-) TimerEvent: {}
[12.449455] (-) TimerEvent: {}
[12.549858] (-) TimerEvent: {}
[12.650271] (-) TimerEvent: {}
[12.750681] (-) TimerEvent: {}
[12.851086] (-) TimerEvent: {}
[12.951471] (-) TimerEvent: {}
[13.051875] (-) TimerEvent: {}
[13.152268] (-) TimerEvent: {}
[13.252646] (-) TimerEvent: {}
[13.353049] (-) TimerEvent: {}
[13.453426] (-) TimerEvent: {}
[13.553806] (-) TimerEvent: {}
[13.654184] (-) TimerEvent: {}
[13.754563] (-) TimerEvent: {}
[13.854944] (-) TimerEvent: {}
[13.955346] (-) TimerEvent: {}
[14.055716] (-) TimerEvent: {}
[14.156119] (-) TimerEvent: {}
[14.256517] (-) TimerEvent: {}
[14.356895] (-) TimerEvent: {}
[14.457266] (-) TimerEvent: {}
[14.557638] (-) TimerEvent: {}
[14.658039] (-) TimerEvent: {}
[14.758401] (-) TimerEvent: {}
[14.858773] (-) TimerEvent: {}
[14.959146] (-) TimerEvent: {}
[15.059522] (-) TimerEvent: {}
[15.159893] (-) TimerEvent: {}
[15.260270] (-) TimerEvent: {}
[15.360643] (-) TimerEvent: {}
[15.461007] (-) TimerEvent: {}
[15.561381] (-) TimerEvent: {}
[15.661752] (-) TimerEvent: {}
[15.762119] (-) TimerEvent: {}
[15.862506] (-) TimerEvent: {}
[15.962885] (-) TimerEvent: {}
[16.063267] (-) TimerEvent: {}
[16.163691] (-) TimerEvent: {}
[16.264103] (-) TimerEvent: {}
[16.364537] (-) TimerEvent: {}
[16.464912] (-) TimerEvent: {}
[16.565306] (-) TimerEvent: {}
[16.665673] (-) TimerEvent: {}
[16.766047] (-) TimerEvent: {}
[16.866427] (-) TimerEvent: {}
[16.966813] (-) TimerEvent: {}
[17.067187] (-) TimerEvent: {}
[17.167563] (-) TimerEvent: {}
[17.267932] (-) TimerEvent: {}
[17.368332] (-) TimerEvent: {}
[17.468710] (-) TimerEvent: {}
[17.569090] (-) TimerEvent: {}
[17.669468] (-) TimerEvent: {}
[17.769862] (-) TimerEvent: {}
[17.870249] (-) TimerEvent: {}
[17.970658] (-) TimerEvent: {}
[18.071034] (-) TimerEvent: {}
[18.171514] (-) TimerEvent: {}
[18.271903] (-) TimerEvent: {}
[18.372290] (-) TimerEvent: {}
[18.472679] (-) TimerEvent: {}
[18.573054] (-) TimerEvent: {}
[18.673435] (-) TimerEvent: {}
[18.773822] (-) TimerEvent: {}
[18.874198] (-) TimerEvent: {}
[18.974611] (-) TimerEvent: {}
[19.075103] (-) TimerEvent: {}
[19.175514] (-) TimerEvent: {}
[19.218538] (navigation_bot) StdoutLine: {'line': b'[100%] \x1b[32m\x1b[1mLinking CXX executable Motor_Driver_Node\x1b[0m\n'}
[19.275640] (-) TimerEvent: {}
[19.376054] (-) TimerEvent: {}
[19.476515] (-) TimerEvent: {}
[19.577072] (-) TimerEvent: {}
[19.677605] (-) TimerEvent: {}
[19.777979] (-) TimerEvent: {}
[19.878395] (-) TimerEvent: {}
[19.978830] (-) TimerEvent: {}
[20.079225] (-) TimerEvent: {}
[20.179600] (-) TimerEvent: {}
[20.186024] (navigation_bot) StdoutLine: {'line': b'[100%] Built target Motor_Driver_Node\n'}
[20.203761] (navigation_bot) CommandEnded: {'returncode': 0}
[20.249277] (navigation_bot) JobProgress: {'identifier': 'navigation_bot', 'progress': 'install'}
[20.264752] (navigation_bot) Command: {'cmd': ['/usr/bin/cmake', '--install', '/home/fiend/Navigation_Bot/dev_ws/build/navigation_bot'], 'cwd': '/home/fiend/Navigation_Bot/dev_ws/build/navigation_bot', 'env': OrderedDict([('GJS_DEBUG_TOPICS', 'JS ERROR;JS LOG'), ('LESSOPEN', '| /usr/bin/lesspipe %s'), ('LANGUAGE', 'en_IN:en'), ('USER', 'fiend'), ('STARSHIP_SHELL', 'bash'), ('XDG_SESSION_TYPE', 'wayland'), ('SHLVL', '1'), ('LD_LIBRARY_PATH', '/usr/lib/x86_64-linux-gnu/gazebo-11/plugins:/opt/ros/humble/opt/rviz_ogre_vendor/lib:/opt/ros/humble/lib/x86_64-linux-gnu:/opt/ros/humble/lib'), ('HOME', '/home/fiend'), ('OLDPWD', '/home/fiend/Navigation_Bot'), ('DESKTOP_SESSION', 'ubuntu'), ('GIO_LAUNCHED_DESKTOP_FILE', '/usr/share/applications/terminator.desktop'), ('ROS_PYTHON_VERSION', '3'), ('GNOME_SHELL_SESSION_MODE', 'ubuntu'), ('GTK_MODULES', 'gail:atk-bridge'), ('PS1', '\n\\[\x1b[38;5;156m\\]\\[\x1b[0m\\]\\[\x1b[38;5;166m\\]dev_ws\\[\x1b[0m\\]\\[\x1b[38;5;166m\\]\\[\x1b[0m\\] on \\[\x1b[38;5;162m\\]\ue0a0 \\[\x1b[0m\\]\\[\x1b[38;5;162m\\]main\\[\x1b[0m\\] underwent \\[\x1b[36m\\]13s\\[\x1b[0m\\]\n\\[\x1b[1;38;5;166m\\]➜\\[\x1b[0m\\]'), ('MANAGERPID', '865'), ('SYSTEMD_EXEC_PID', '1038'), ('DBUS_SESSION_BUS_ADDRESS', 'unix:path=/run/user/1000/bus'), ('COLORTERM', 'truecolor'), ('GIO_LAUNCHED_DESKTOP_FILE_PID', '5627'), ('_colcon_cd_root', '/opt/ros/humble/'), ('IM_CONFIG_PHASE', '1'), ('WAYLAND_DISPLAY', 'wayland-0'), ('COLCON_PREFIX_PATH', '/home/fiend/Navigation_Bot/dev_ws/install:/home/fiend/voice_grab/ros2_ws/install:/home/fiend/LineFollowingRobot/ros_ws/install:/home/fiend/ROS/practice_codes_ROS2/articubot_one/install'), ('ROS_DISTRO', 'humble'), ('LOGNAME', 'fiend'), ('JOURNAL_STREAM', '8:30767'), ('_', '/usr/bin/colcon'), ('ROS_VERSION', '2'), ('XDG_SESSION_CLASS', 'user'), ('USERNAME', 'fiend'), ('TERM', 'xterm-256color'), ('GNOME_DESKTOP_SESSION_ID', 'this-is-deprecated'), ('ROS_LOCALHOST_ONLY', '0'), ('PATH', '/opt/ros/humble/bin:/home/fiend/.local/bin:/usr/local/sbin:/usr/local/bin:/usr/sbin:/usr/bin:/sbin:/bin:/usr/games:/usr/local/games:/snap/bin:/snap/bin'), ('SESSION_MANAGER', 'local/fiend-Lenovo-Yoga-C740-14IML:@/tmp/.ICE-unix/1008,unix/fiend-Lenovo-Yoga-C740-14IML:/tmp/.ICE-unix/1008'), ('INVOCATION_ID', '37512f0c72ec48d79a8a8f1894f11f4d'), ('XDG_MENU_PREFIX', 'gnome-'), ('GNOME_SETUP_DISPLAY', ':1'), ('XDG_RUNTIME_DIR', '/run/user/1000'), ('DISPLAY', ':0'), ('LANG', 'en_US.UTF-8'), ('XDG_CURRENT_DESKTOP', 'ubuntu:GNOME'), ('IBUS_DISABLE_SNOOPER', '1'), ('XMODIFIERS', '@im=ibus'), ('XDG_SESSION_DESKTOP', 'ubuntu'), ('XAUTHORITY', '/run/user/1000/.mutter-Xwaylandauth.UJJAK2'), ('LS_COLORS', 'di=34:ow=34:tw=34:fi=13:ln=31:pi=5:so=5:bd=5:cd=5:or=31:mi=0:ex=35:*.rpm=90:*.png=35:*.gif=36:*.jpg=35:*.c=92:*.py=93:*.h=90:*.txt=94:*.doc=104:*.odt=104:*.csv=102:*.xlsx=102:*.xlsm=102:*.rb=31:*.cpp=92:*.sh=92:*.html=96:*.zip=4;33:*.tar.gz=4;33:*.mp4=105:*.mp3=106'), ('SSH_AGENT_LAUNCHER', 'gnome-keyring'), ('SSH_AUTH_SOCK', '/run/user/1000/keyring/ssh'), ('AMENT_PREFIX_PATH', '/home/fiend/Navigation_Bot/dev_ws/install/navigation_bot:/home/fiend/LineFollowingRobot/ros_ws/install/line_bhakt:/home/fiend/ROS/practice_codes_ROS2/articubot_one/install/articubot_one:/opt/ros/humble'), ('SHELL', '/bin/bash'), ('TERMINATOR_UUID', 'urn:uuid:de10c5cb-7f42-4ea2-ad3f-7446c017e8fd'), ('QT_ACCESSIBILITY', '1'), ('GDMSESSION', 'ubuntu'), ('LESSCLOSE', '/usr/bin/lesspipe %s %s'), ('GCC_COLORS', 'error=31:warning=35:note=36:caret=32:locus=01:quote=01'), ('GJS_DEBUG_OUTPUT', 'stderr'), ('QT_IM_MODULE', 'ibus'), ('PWD', '/home/fiend/Navigation_Bot/dev_ws/build/navigation_bot'), ('LC_ALL', 'en_US.UTF-8'), ('XDG_CONFIG_DIRS', '/etc/xdg/xdg-ubuntu:/etc/xdg'), ('XDG_DATA_DIRS', '/usr/share/ubuntu:/home/fiend/.local/share/flatpak/exports/share:/var/lib/flatpak/exports/share:/usr/local/share/:/usr/share/:/var/lib/snapd/desktop'), ('STARSHIP_SESSION_KEY', '2059017139146452'), ('PYTHONPATH', '/opt/ros/humble/lib/python3.10/site-packages:/opt/ros/humble/local/lib/python3.10/dist-packages'), ('COLCON', '1'), ('VTE_VERSION', '6800'), ('CMAKE_PREFIX_PATH', '/home/fiend/Navigation_Bot/dev_ws/install/navigation_bot:/home/fiend/LineFollowingRobot/ros_ws/install/line_bhakt:/home/fiend/ROS/practice_codes_ROS2/articubot_one/install/articubot_one:/opt/ros/humble')]), 'shell': False}
[20.277663] (navigation_bot) StdoutLine: {'line': b'-- Install configuration: ""\n'}
[20.278667] (navigation_bot) StdoutLine: {'line': b'-- Execute custom install script\n'}
[20.279503] (navigation_bot) StdoutLine: {'line': b'-- Up-to-date symlink: /home/fiend/Navigation_Bot/dev_ws/install/navigation_bot/share/navigation_bot/config/empty.yaml\n'}
[20.279804] (-) TimerEvent: {}
[20.280132] (navigation_bot) StdoutLine: {'line': b'-- Up-to-date symlink: /home/fiend/Navigation_Bot/dev_ws/install/navigation_bot/share/navigation_bot/config/my_controller.yaml\n'}
[20.280684] (navigation_bot) StdoutLine: {'line': b'-- Up-to-date symlink: /home/fiend/Navigation_Bot/dev_ws/install/navigation_bot/share/navigation_bot/description/Depth_camera.xacro\n'}
[20.281100] (navigation_bot) StdoutLine: {'line': b'-- Up-to-date symlink: /home/fiend/Navigation_Bot/dev_ws/install/navigation_bot/share/navigation_bot/description/camera.xacro\n'}
[20.281507] (navigation_bot) StdoutLine: {'line': b'-- Up-to-date symlink: /home/fiend/Navigation_Bot/dev_ws/install/navigation_bot/share/navigation_bot/description/gazebo_control.xacro\n'}
[20.281863] (navigation_bot) StdoutLine: {'line': b'-- Up-to-date symlink: /home/fiend/Navigation_Bot/dev_ws/install/navigation_bot/share/navigation_bot/description/inertial_macros.xacro\n'}
[20.282160] (navigation_bot) StdoutLine: {'line': b'-- Up-to-date symlink: /home/fiend/Navigation_Bot/dev_ws/install/navigation_bot/share/navigation_bot/description/lidar.xacro\n'}
[20.282496] (navigation_bot) StdoutLine: {'line': b'-- Up-to-date symlink: /home/fiend/Navigation_Bot/dev_ws/install/navigation_bot/share/navigation_bot/description/robot.urdf.xacro\n'}
[20.282868] (navigation_bot) StdoutLine: {'line': b'-- Up-to-date symlink: /home/fiend/Navigation_Bot/dev_ws/install/navigation_bot/share/navigation_bot/description/robot_core.xacro\n'}
[20.283175] (navigation_bot) StdoutLine: {'line': b'-- Up-to-date symlink: /home/fiend/Navigation_Bot/dev_ws/install/navigation_bot/share/navigation_bot/description/ros2_control.xacro\n'}
[20.283630] (navigation_bot) StdoutLine: {'line': b'-- Up-to-date symlink: /home/fiend/Navigation_Bot/dev_ws/install/navigation_bot/share/navigation_bot/launch/launch_sim.launch.py\n'}
[20.283951] (navigation_bot) StdoutLine: {'line': b'-- Up-to-date symlink: /home/fiend/Navigation_Bot/dev_ws/install/navigation_bot/share/navigation_bot/launch/rsp.launch.py\n'}
[20.284866] (navigation_bot) StdoutLine: {'line': b'-- Up-to-date symlink: /home/fiend/Navigation_Bot/dev_ws/install/navigation_bot/share/navigation_bot/worlds/empty.world\n'}
[20.285304] (navigation_bot) StdoutLine: {'line': b'-- Up-to-date symlink: /home/fiend/Navigation_Bot/dev_ws/install/navigation_bot/share/navigation_bot/worlds/home.world\n'}
[20.285664] (navigation_bot) StdoutLine: {'line': b'-- Up-to-date symlink: /home/fiend/Navigation_Bot/dev_ws/install/navigation_bot/share/navigation_bot/worlds/obstacle.world\n'}
[20.285970] (navigation_bot) StdoutLine: {'line': b'-- Up-to-date symlink: /home/fiend/Navigation_Bot/dev_ws/install/navigation_bot/share/navigation_bot/worlds/track.world\n'}
[20.286288] (navigation_bot) StdoutLine: {'line': b'-- Up-to-date symlink: /home/fiend/Navigation_Bot/dev_ws/install/navigation_bot/share/navigation_bot/worlds/turtleWorld.world\n'}
[20.286824] (navigation_bot) StdoutLine: {'line': b'-- Up-to-date symlink: /home/fiend/Navigation_Bot/dev_ws/install/navigation_bot/lib/navigation_bot/ImageCapture\n'}
[20.287324] (navigation_bot) StdoutLine: {'line': b'-- Up-to-date symlink: /home/fiend/Navigation_Bot/dev_ws/install/navigation_bot/lib/navigation_bot/Motor_Driver_Node\n'}
[20.287853] (navigation_bot) StdoutLine: {'line': b'-- Up-to-date symlink: /home/fiend/Navigation_Bot/dev_ws/install/navigation_bot/share/ament_index/resource_index/package_run_dependencies/navigation_bot\n'}
[20.288355] (navigation_bot) StdoutLine: {'line': b'-- Up-to-date symlink: /home/fiend/Navigation_Bot/dev_ws/install/navigation_bot/share/ament_index/resource_index/parent_prefix_path/navigation_bot\n'}
[20.288838] (navigation_bot) StdoutLine: {'line': b'-- Up-to-date symlink: /home/fiend/Navigation_Bot/dev_ws/install/navigation_bot/share/navigation_bot/environment/ament_prefix_path.sh\n'}
[20.289321] (navigation_bot) StdoutLine: {'line': b'-- Up-to-date symlink: /home/fiend/Navigation_Bot/dev_ws/install/navigation_bot/share/navigation_bot/environment/ament_prefix_path.dsv\n'}
[20.289773] (navigation_bot) StdoutLine: {'line': b'-- Up-to-date symlink: /home/fiend/Navigation_Bot/dev_ws/install/navigation_bot/share/navigation_bot/environment/path.sh\n'}
[20.290239] (navigation_bot) StdoutLine: {'line': b'-- Up-to-date symlink: /home/fiend/Navigation_Bot/dev_ws/install/navigation_bot/share/navigation_bot/environment/path.dsv\n'}
[20.290658] (navigation_bot) StdoutLine: {'line': b'-- Up-to-date symlink: /home/fiend/Navigation_Bot/dev_ws/install/navigation_bot/share/navigation_bot/local_setup.bash\n'}
[20.291117] (navigation_bot) StdoutLine: {'line': b'-- Up-to-date symlink: /home/fiend/Navigation_Bot/dev_ws/install/navigation_bot/share/navigation_bot/local_setup.sh\n'}
[20.291553] (navigation_bot) StdoutLine: {'line': b'-- Up-to-date symlink: /home/fiend/Navigation_Bot/dev_ws/install/navigation_bot/share/navigation_bot/local_setup.zsh\n'}
[20.292026] (navigation_bot) StdoutLine: {'line': b'-- Up-to-date symlink: /home/fiend/Navigation_Bot/dev_ws/install/navigation_bot/share/navigation_bot/local_setup.dsv\n'}
[20.292787] (navigation_bot) StdoutLine: {'line': b'-- Symlinking: /home/fiend/Navigation_Bot/dev_ws/install/navigation_bot/share/navigation_bot/package.dsv\n'}
[20.307383] (navigation_bot) StdoutLine: {'line': b'-- Up-to-date symlink: /home/fiend/Navigation_Bot/dev_ws/install/navigation_bot/share/ament_index/resource_index/packages/navigation_bot\n'}
[20.307893] (navigation_bot) StdoutLine: {'line': b'-- Up-to-date symlink: /home/fiend/Navigation_Bot/dev_ws/install/navigation_bot/share/navigation_bot/cmake/navigation_botConfig.cmake\n'}
[20.308272] (navigation_bot) StdoutLine: {'line': b'-- Up-to-date symlink: /home/fiend/Navigation_Bot/dev_ws/install/navigation_bot/share/navigation_bot/cmake/navigation_botConfig-version.cmake\n'}
[20.308678] (navigation_bot) StdoutLine: {'line': b'-- Up-to-date symlink: /home/fiend/Navigation_Bot/dev_ws/install/navigation_bot/share/navigation_bot/package.xml\n'}
[20.311751] (navigation_bot) CommandEnded: {'returncode': 0}
[20.380148] (-) TimerEvent: {}
[20.481091] (-) TimerEvent: {}
[20.582071] (-) TimerEvent: {}
[20.681206] (navigation_bot) JobEnded: {'identifier': 'navigation_bot', 'rc': 0}
[20.682338] (-) TimerEvent: {}
[20.682483] (-) EventReactorShutdown: {}
