[0.000000] (-) TimerEvent: {}
[0.000553] (navigation_bot) JobQueued: {'identifier': 'navigation_bot', 'dependencies': OrderedDict()}
[0.000770] (navigation_bot) JobStarted: {'identifier': 'navigation_bot'}
[0.098655] (-) TimerEvent: {}
[0.199016] (-) TimerEvent: {}
[0.300280] (-) TimerEvent: {}
[0.335532] (navigation_bot) JobProgress: {'identifier': 'navigation_bot', 'progress': 'cmake'}
[0.337251] (navigation_bot) JobProgress: {'identifier': 'navigation_bot', 'progress': 'build'}
[0.338934] (navigation_bot) Command: {'cmd': ['/usr/bin/cmake', '--build', '/home/fiend/Navigation_Bot/dev_ws/build/navigation_bot', '--', '-j8', '-l8'], 'cwd': '/home/fiend/Navigation_Bot/dev_ws/build/navigation_bot', 'env': OrderedDict([('GJS_DEBUG_TOPICS', 'JS ERROR;JS LOG'), ('LESSOPEN', '| /usr/bin/lesspipe %s'), ('LANGUAGE', 'en_IN:en'), ('USER', 'fiend'), ('STARSHIP_SHELL', 'bash'), ('XDG_SESSION_TYPE', 'wayland'), ('SHLVL', '1'), ('LD_LIBRARY_PATH', '/usr/lib/x86_64-linux-gnu/gazebo-11/plugins:/opt/ros/humble/opt/rviz_ogre_vendor/lib:/opt/ros/humble/lib/x86_64-linux-gnu:/opt/ros/humble/lib'), ('HOME', '/home/fiend'), ('OLDPWD', '/home/fiend/Navigation_Bot'), ('DESKTOP_SESSION', 'ubuntu'), ('GIO_LAUNCHED_DESKTOP_FILE', '/usr/share/applications/terminator.desktop'), ('ROS_PYTHON_VERSION', '3'), ('GNOME_SHELL_SESSION_MODE', 'ubuntu'), ('GTK_MODULES', 'gail:atk-bridge'), ('PS1', '\n\\[\x1b[38;5;156m\\]\\[\x1b[0m\\]\\[\x1b[38;5;166m\\]dev_ws\\[\x1b[0m\\]\\[\x1b[38;5;166m\\]\\[\x1b[0m\\] on \\[\x1b[38;5;162m\\]\ue0a0 \\[\x1b[0m\\]\\[\x1b[38;5;162m\\]main\\[\x1b[0m\\] underwent \\[\x1b[36m\\]25s\\[\x1b[0m\\]\n\\[\x1b[1;38;5;166m\\]➜\\[\x1b[0m\\]'), ('MANAGERPID', '865'), ('SYSTEMD_EXEC_PID', '1038'), ('DBUS_SESSION_BUS_ADDRESS', 'unix:path=/run/user/1000/bus'), ('COLORTERM', 'truecolor'), ('GIO_LAUNCHED_DESKTOP_FILE_PID', '5627'), ('_colcon_cd_root', '/opt/ros/humble/'), ('IM_CONFIG_PHASE', '1'), ('WAYLAND_DISPLAY', 'wayland-0'), ('COLCON_PREFIX_PATH', '/home/fiend/Navigation_Bot/dev_ws/install:/home/fiend/voice_grab/ros2_ws/install:/home/fiend/LineFollowingRobot/ros_ws/install:/home/fiend/ROS/practice_codes_ROS2/articubot_one/install'), ('ROS_DISTRO', 'humble'), ('LOGNAME', 'fiend'), ('JOURNAL_STREAM', '8:30767'), ('_', '/usr/bin/colcon'), ('ROS_VERSION', '2'), ('XDG_SESSION_CLASS', 'user'), ('USERNAME', 'fiend'), ('TERM', 'xterm-256color'), ('GNOME_DESKTOP_SESSION_ID', 'this-is-deprecated'), ('ROS_LOCALHOST_ONLY', '0'), ('PATH', '/opt/ros/humble/bin:/home/fiend/.local/bin:/usr/local/sbin:/usr/local/bin:/usr/sbin:/usr/bin:/sbin:/bin:/usr/games:/usr/local/games:/snap/bin:/snap/bin'), ('SESSION_MANAGER', 'local/fiend-Lenovo-Yoga-C740-14IML:@/tmp/.ICE-unix/1008,unix/fiend-Lenovo-Yoga-C740-14IML:/tmp/.ICE-unix/1008'), ('INVOCATION_ID', '37512f0c72ec48d79a8a8f1894f11f4d'), ('XDG_MENU_PREFIX', 'gnome-'), ('GNOME_SETUP_DISPLAY', ':1'), ('XDG_RUNTIME_DIR', '/run/user/1000'), ('DISPLAY', ':0'), ('LANG', 'en_US.UTF-8'), ('XDG_CURRENT_DESKTOP', 'ubuntu:GNOME'), ('IBUS_DISABLE_SNOOPER', '1'), ('XMODIFIERS', '@im=ibus'), ('XDG_SESSION_DESKTOP', 'ubuntu'), ('XAUTHORITY', '/run/user/1000/.mutter-Xwaylandauth.UJJAK2'), ('LS_COLORS', 'di=34:ow=34:tw=34:fi=13:ln=31:pi=5:so=5:bd=5:cd=5:or=31:mi=0:ex=35:*.rpm=90:*.png=35:*.gif=36:*.jpg=35:*.c=92:*.py=93:*.h=90:*.txt=94:*.doc=104:*.odt=104:*.csv=102:*.xlsx=102:*.xlsm=102:*.rb=31:*.cpp=92:*.sh=92:*.html=96:*.zip=4;33:*.tar.gz=4;33:*.mp4=105:*.mp3=106'), ('SSH_AGENT_LAUNCHER', 'gnome-keyring'), ('SSH_AUTH_SOCK', '/run/user/1000/keyring/ssh'), ('AMENT_PREFIX_PATH', '/home/fiend/Navigation_Bot/dev_ws/install/navigation_bot:/home/fiend/LineFollowingRobot/ros_ws/install/line_bhakt:/home/fiend/ROS/practice_codes_ROS2/articubot_one/install/articubot_one:/opt/ros/humble'), ('SHELL', '/bin/bash'), ('TERMINATOR_UUID', 'urn:uuid:de10c5cb-7f42-4ea2-ad3f-7446c017e8fd'), ('QT_ACCESSIBILITY', '1'), ('GDMSESSION', 'ubuntu'), ('LESSCLOSE', '/usr/bin/lesspipe %s %s'), ('GCC_COLORS', 'error=31:warning=35:note=36:caret=32:locus=01:quote=01'), ('GJS_DEBUG_OUTPUT', 'stderr'), ('QT_IM_MODULE', 'ibus'), ('PWD', '/home/fiend/Navigation_Bot/dev_ws/build/navigation_bot'), ('LC_ALL', 'en_US.UTF-8'), ('XDG_CONFIG_DIRS', '/etc/xdg/xdg-ubuntu:/etc/xdg'), ('XDG_DATA_DIRS', '/usr/share/ubuntu:/home/fiend/.local/share/flatpak/exports/share:/var/lib/flatpak/exports/share:/usr/local/share/:/usr/share/:/var/lib/snapd/desktop'), ('STARSHIP_SESSION_KEY', '2059017139146452'), ('PYTHONPATH', '/opt/ros/humble/lib/python3.10/site-packages:/opt/ros/humble/local/lib/python3.10/dist-packages'), ('COLCON', '1'), ('VTE_VERSION', '6800'), ('CMAKE_PREFIX_PATH', '/home/fiend/Navigation_Bot/dev_ws/install/navigation_bot:/home/fiend/LineFollowingRobot/ros_ws/install/line_bhakt:/home/fiend/ROS/practice_codes_ROS2/articubot_one/install/articubot_one:/opt/ros/humble')]), 'shell': False}
[0.400422] (-) TimerEvent: {}
[0.422482] (navigation_bot) StdoutLine: {'line': b'\x1b[35m\x1b[1mConsolidate compiler generated dependencies of target Motor_Driver_Node\x1b[0m\n'}
[0.444693] (navigation_bot) StdoutLine: {'line': b'[ 25%] \x1b[32mBuilding CXX object CMakeFiles/ImageCapture.dir/Executables/ImageCapture.cpp.o\x1b[0m\n'}
[0.467848] (navigation_bot) StdoutLine: {'line': b'[ 75%] Built target Motor_Driver_Node\n'}
[0.500545] (-) TimerEvent: {}
[0.600945] (-) TimerEvent: {}
[0.701322] (-) TimerEvent: {}
[0.801701] (-) TimerEvent: {}
[0.902093] (-) TimerEvent: {}
[1.002521] (-) TimerEvent: {}
[1.102894] (-) TimerEvent: {}
[1.203265] (-) TimerEvent: {}
[1.303673] (-) TimerEvent: {}
[1.404077] (-) TimerEvent: {}
[1.504449] (-) TimerEvent: {}
[1.604842] (-) TimerEvent: {}
[1.705212] (-) TimerEvent: {}
[1.805640] (-) TimerEvent: {}
[1.906096] (-) TimerEvent: {}
[2.006479] (-) TimerEvent: {}
[2.106886] (-) TimerEvent: {}
[2.207302] (-) TimerEvent: {}
[2.307673] (-) TimerEvent: {}
[2.408076] (-) TimerEvent: {}
[2.508477] (-) TimerEvent: {}
[2.608874] (-) TimerEvent: {}
[2.709246] (-) TimerEvent: {}
[2.809658] (-) TimerEvent: {}
[2.910092] (-) TimerEvent: {}
[3.010469] (-) TimerEvent: {}
[3.110848] (-) TimerEvent: {}
[3.211231] (-) TimerEvent: {}
[3.311664] (-) TimerEvent: {}
[3.412051] (-) TimerEvent: {}
[3.512454] (-) TimerEvent: {}
[3.612942] (-) TimerEvent: {}
[3.713308] (-) TimerEvent: {}
[3.813779] (-) TimerEvent: {}
[3.914187] (-) TimerEvent: {}
[4.014561] (-) TimerEvent: {}
[4.114924] (-) TimerEvent: {}
[4.215295] (-) TimerEvent: {}
[4.315662] (-) TimerEvent: {}
[4.416031] (-) TimerEvent: {}
[4.516404] (-) TimerEvent: {}
[4.616778] (-) TimerEvent: {}
[4.717208] (-) TimerEvent: {}
[4.817640] (-) TimerEvent: {}
[4.918096] (-) TimerEvent: {}
[5.018553] (-) TimerEvent: {}
[5.119021] (-) TimerEvent: {}
[5.219453] (-) TimerEvent: {}
[5.319825] (-) TimerEvent: {}
[5.420194] (-) TimerEvent: {}
[5.520600] (-) TimerEvent: {}
[5.621031] (-) TimerEvent: {}
[5.721397] (-) TimerEvent: {}
[5.821802] (-) TimerEvent: {}
[5.922194] (-) TimerEvent: {}
[6.022572] (-) TimerEvent: {}
[6.122953] (-) TimerEvent: {}
[6.223321] (-) TimerEvent: {}
[6.323684] (-) TimerEvent: {}
[6.424052] (-) TimerEvent: {}
[6.524420] (-) TimerEvent: {}
[6.624801] (-) TimerEvent: {}
[6.725202] (-) TimerEvent: {}
[6.825587] (-) TimerEvent: {}
[6.926032] (-) TimerEvent: {}
[7.026425] (-) TimerEvent: {}
[7.126800] (-) TimerEvent: {}
[7.227171] (-) TimerEvent: {}
[7.327548] (-) TimerEvent: {}
[7.427984] (-) TimerEvent: {}
[7.528360] (-) TimerEvent: {}
[7.628743] (-) TimerEvent: {}
[7.729144] (-) TimerEvent: {}
[7.829513] (-) TimerEvent: {}
[7.929960] (-) TimerEvent: {}
[8.030407] (-) TimerEvent: {}
[8.130817] (-) TimerEvent: {}
[8.231191] (-) TimerEvent: {}
[8.331577] (-) TimerEvent: {}
[8.431989] (-) TimerEvent: {}
[8.532366] (-) TimerEvent: {}
[8.632790] (-) TimerEvent: {}
[8.733218] (-) TimerEvent: {}
[8.833593] (-) TimerEvent: {}
[8.934050] (-) TimerEvent: {}
[9.034472] (-) TimerEvent: {}
[9.134874] (-) TimerEvent: {}
[9.235283] (-) TimerEvent: {}
[9.335657] (-) TimerEvent: {}
[9.436056] (-) TimerEvent: {}
[9.536439] (-) TimerEvent: {}
[9.636832] (-) TimerEvent: {}
[9.737205] (-) TimerEvent: {}
[9.837576] (-) TimerEvent: {}
[9.937965] (-) TimerEvent: {}
[10.038341] (-) TimerEvent: {}
[10.138732] (-) TimerEvent: {}
[10.239099] (-) TimerEvent: {}
[10.339485] (-) TimerEvent: {}
[10.439862] (-) TimerEvent: {}
[10.540250] (-) TimerEvent: {}
[10.640636] (-) TimerEvent: {}
[10.741004] (-) TimerEvent: {}
[10.841416] (-) TimerEvent: {}
[10.941808] (-) TimerEvent: {}
[11.042285] (-) TimerEvent: {}
[11.142752] (-) TimerEvent: {}
[11.243177] (-) TimerEvent: {}
[11.343621] (-) TimerEvent: {}
[11.444044] (-) TimerEvent: {}
[11.544465] (-) TimerEvent: {}
[11.644898] (-) TimerEvent: {}
[11.745336] (-) TimerEvent: {}
[11.845777] (-) TimerEvent: {}
[11.946198] (-) TimerEvent: {}
[12.046618] (-) TimerEvent: {}
[12.147049] (-) TimerEvent: {}
[12.247485] (-) TimerEvent: {}
[12.347911] (-) TimerEvent: {}
[12.448394] (-) TimerEvent: {}
[12.548951] (-) TimerEvent: {}
[12.649442] (-) TimerEvent: {}
[12.749945] (-) TimerEvent: {}
[12.850568] (-) TimerEvent: {}
[12.951239] (-) TimerEvent: {}
[13.051925] (-) TimerEvent: {}
[13.152926] (-) TimerEvent: {}
[13.254281] (-) TimerEvent: {}
[13.354776] (-) TimerEvent: {}
[13.455563] (-) TimerEvent: {}
[13.556050] (-) TimerEvent: {}
[13.656578] (-) TimerEvent: {}
[13.757282] (-) TimerEvent: {}
[13.858150] (-) TimerEvent: {}
[13.958678] (-) TimerEvent: {}
[14.059198] (-) TimerEvent: {}
[14.159619] (-) TimerEvent: {}
[14.260131] (-) TimerEvent: {}
[14.360624] (-) TimerEvent: {}
[14.461439] (-) TimerEvent: {}
[14.562016] (-) TimerEvent: {}
[14.662464] (-) TimerEvent: {}
[14.762983] (-) TimerEvent: {}
[14.863977] (-) TimerEvent: {}
[14.964915] (-) TimerEvent: {}
[15.065800] (-) TimerEvent: {}
[15.166750] (-) TimerEvent: {}
[15.267131] (-) TimerEvent: {}
[15.367604] (-) TimerEvent: {}
[15.468021] (-) TimerEvent: {}
[15.568492] (-) TimerEvent: {}
[15.668982] (-) TimerEvent: {}
[15.769923] (-) TimerEvent: {}
[15.870424] (-) TimerEvent: {}
[15.970906] (-) TimerEvent: {}
[16.071435] (-) TimerEvent: {}
[16.171908] (-) TimerEvent: {}
[16.273250] (-) TimerEvent: {}
[16.373642] (-) TimerEvent: {}
[16.474053] (-) TimerEvent: {}
[16.574499] (-) TimerEvent: {}
[16.674889] (-) TimerEvent: {}
[16.775298] (-) TimerEvent: {}
[16.875687] (-) TimerEvent: {}
[16.976083] (-) TimerEvent: {}
[17.076544] (-) TimerEvent: {}
[17.176937] (-) TimerEvent: {}
[17.277367] (-) TimerEvent: {}
[17.377793] (-) TimerEvent: {}
[17.478263] (-) TimerEvent: {}
[17.578657] (-) TimerEvent: {}
[17.679151] (-) TimerEvent: {}
[17.779578] (-) TimerEvent: {}
[17.880510] (-) TimerEvent: {}
[17.981449] (-) TimerEvent: {}
[18.081812] (-) TimerEvent: {}
[18.182387] (-) TimerEvent: {}
[18.282781] (-) TimerEvent: {}
[18.383277] (-) TimerEvent: {}
[18.492271] (-) TimerEvent: {}
[18.592788] (-) TimerEvent: {}
[18.693915] (-) TimerEvent: {}
[18.794356] (-) TimerEvent: {}
[18.894896] (-) TimerEvent: {}
[18.995557] (-) TimerEvent: {}
[19.096093] (-) TimerEvent: {}
[19.196745] (-) TimerEvent: {}
[19.297168] (-) TimerEvent: {}
[19.397687] (-) TimerEvent: {}
[19.498229] (-) TimerEvent: {}
[19.599181] (-) TimerEvent: {}
[19.700098] (-) TimerEvent: {}
[19.800560] (-) TimerEvent: {}
[19.901075] (-) TimerEvent: {}
[20.001578] (-) TimerEvent: {}
[20.102153] (-) TimerEvent: {}
[20.203137] (-) TimerEvent: {}
[20.303651] (-) TimerEvent: {}
[20.404535] (-) TimerEvent: {}
[20.505240] (-) TimerEvent: {}
[20.606616] (-) TimerEvent: {}
[20.707759] (-) TimerEvent: {}
[20.808290] (-) TimerEvent: {}
[20.908774] (-) TimerEvent: {}
[21.009395] (-) TimerEvent: {}
[21.110073] (-) TimerEvent: {}
[21.210559] (-) TimerEvent: {}
[21.311038] (-) TimerEvent: {}
[21.411443] (-) TimerEvent: {}
[21.511936] (-) TimerEvent: {}
[21.612427] (-) TimerEvent: {}
[21.713078] (-) TimerEvent: {}
[21.813698] (-) TimerEvent: {}
[21.914107] (-) TimerEvent: {}
[22.015050] (-) TimerEvent: {}
[22.115464] (-) TimerEvent: {}
[22.215969] (-) TimerEvent: {}
[22.316372] (-) TimerEvent: {}
[22.416875] (-) TimerEvent: {}
[22.496259] (navigation_bot) StdoutLine: {'line': b'[100%] \x1b[32m\x1b[1mLinking CXX executable ImageCapture\x1b[0m\n'}
[22.516995] (-) TimerEvent: {}
[22.617404] (-) TimerEvent: {}
[22.717952] (-) TimerEvent: {}
[22.819032] (-) TimerEvent: {}
[22.919750] (-) TimerEvent: {}
[23.020294] (-) TimerEvent: {}
[23.121750] (-) TimerEvent: {}
[23.222168] (-) TimerEvent: {}
[23.322707] (-) TimerEvent: {}
[23.423108] (-) TimerEvent: {}
[23.523597] (-) TimerEvent: {}
[23.623994] (-) TimerEvent: {}
[23.724461] (-) TimerEvent: {}
[23.824874] (-) TimerEvent: {}
[23.925392] (-) TimerEvent: {}
[24.000904] (navigation_bot) StdoutLine: {'line': b'[100%] Built target ImageCapture\n'}
[24.025525] (-) TimerEvent: {}
[24.031226] (navigation_bot) CommandEnded: {'returncode': 0}
[24.092333] (navigation_bot) JobProgress: {'identifier': 'navigation_bot', 'progress': 'install'}
[24.108199] (navigation_bot) Command: {'cmd': ['/usr/bin/cmake', '--install', '/home/fiend/Navigation_Bot/dev_ws/build/navigation_bot'], 'cwd': '/home/fiend/Navigation_Bot/dev_ws/build/navigation_bot', 'env': OrderedDict([('GJS_DEBUG_TOPICS', 'JS ERROR;JS LOG'), ('LESSOPEN', '| /usr/bin/lesspipe %s'), ('LANGUAGE', 'en_IN:en'), ('USER', 'fiend'), ('STARSHIP_SHELL', 'bash'), ('XDG_SESSION_TYPE', 'wayland'), ('SHLVL', '1'), ('LD_LIBRARY_PATH', '/usr/lib/x86_64-linux-gnu/gazebo-11/plugins:/opt/ros/humble/opt/rviz_ogre_vendor/lib:/opt/ros/humble/lib/x86_64-linux-gnu:/opt/ros/humble/lib'), ('HOME', '/home/fiend'), ('OLDPWD', '/home/fiend/Navigation_Bot'), ('DESKTOP_SESSION', 'ubuntu'), ('GIO_LAUNCHED_DESKTOP_FILE', '/usr/share/applications/terminator.desktop'), ('ROS_PYTHON_VERSION', '3'), ('GNOME_SHELL_SESSION_MODE', 'ubuntu'), ('GTK_MODULES', 'gail:atk-bridge'), ('PS1', '\n\\[\x1b[38;5;156m\\]\\[\x1b[0m\\]\\[\x1b[38;5;166m\\]dev_ws\\[\x1b[0m\\]\\[\x1b[38;5;166m\\]\\[\x1b[0m\\] on \\[\x1b[38;5;162m\\]\ue0a0 \\[\x1b[0m\\]\\[\x1b[38;5;162m\\]main\\[\x1b[0m\\] underwent \\[\x1b[36m\\]25s\\[\x1b[0m\\]\n\\[\x1b[1;38;5;166m\\]➜\\[\x1b[0m\\]'), ('MANAGERPID', '865'), ('SYSTEMD_EXEC_PID', '1038'), ('DBUS_SESSION_BUS_ADDRESS', 'unix:path=/run/user/1000/bus'), ('COLORTERM', 'truecolor'), ('GIO_LAUNCHED_DESKTOP_FILE_PID', '5627'), ('_colcon_cd_root', '/opt/ros/humble/'), ('IM_CONFIG_PHASE', '1'), ('WAYLAND_DISPLAY', 'wayland-0'), ('COLCON_PREFIX_PATH', '/home/fiend/Navigation_Bot/dev_ws/install:/home/fiend/voice_grab/ros2_ws/install:/home/fiend/LineFollowingRobot/ros_ws/install:/home/fiend/ROS/practice_codes_ROS2/articubot_one/install'), ('ROS_DISTRO', 'humble'), ('LOGNAME', 'fiend'), ('JOURNAL_STREAM', '8:30767'), ('_', '/usr/bin/colcon'), ('ROS_VERSION', '2'), ('XDG_SESSION_CLASS', 'user'), ('USERNAME', 'fiend'), ('TERM', 'xterm-256color'), ('GNOME_DESKTOP_SESSION_ID', 'this-is-deprecated'), ('ROS_LOCALHOST_ONLY', '0'), ('PATH', '/opt/ros/humble/bin:/home/fiend/.local/bin:/usr/local/sbin:/usr/local/bin:/usr/sbin:/usr/bin:/sbin:/bin:/usr/games:/usr/local/games:/snap/bin:/snap/bin'), ('SESSION_MANAGER', 'local/fiend-Lenovo-Yoga-C740-14IML:@/tmp/.ICE-unix/1008,unix/fiend-Lenovo-Yoga-C740-14IML:/tmp/.ICE-unix/1008'), ('INVOCATION_ID', '37512f0c72ec48d79a8a8f1894f11f4d'), ('XDG_MENU_PREFIX', 'gnome-'), ('GNOME_SETUP_DISPLAY', ':1'), ('XDG_RUNTIME_DIR', '/run/user/1000'), ('DISPLAY', ':0'), ('LANG', 'en_US.UTF-8'), ('XDG_CURRENT_DESKTOP', 'ubuntu:GNOME'), ('IBUS_DISABLE_SNOOPER', '1'), ('XMODIFIERS', '@im=ibus'), ('XDG_SESSION_DESKTOP', 'ubuntu'), ('XAUTHORITY', '/run/user/1000/.mutter-Xwaylandauth.UJJAK2'), ('LS_COLORS', 'di=34:ow=34:tw=34:fi=13:ln=31:pi=5:so=5:bd=5:cd=5:or=31:mi=0:ex=35:*.rpm=90:*.png=35:*.gif=36:*.jpg=35:*.c=92:*.py=93:*.h=90:*.txt=94:*.doc=104:*.odt=104:*.csv=102:*.xlsx=102:*.xlsm=102:*.rb=31:*.cpp=92:*.sh=92:*.html=96:*.zip=4;33:*.tar.gz=4;33:*.mp4=105:*.mp3=106'), ('SSH_AGENT_LAUNCHER', 'gnome-keyring'), ('SSH_AUTH_SOCK', '/run/user/1000/keyring/ssh'), ('AMENT_PREFIX_PATH', '/home/fiend/Navigation_Bot/dev_ws/install/navigation_bot:/home/fiend/LineFollowingRobot/ros_ws/install/line_bhakt:/home/fiend/ROS/practice_codes_ROS2/articubot_one/install/articubot_one:/opt/ros/humble'), ('SHELL', '/bin/bash'), ('TERMINATOR_UUID', 'urn:uuid:de10c5cb-7f42-4ea2-ad3f-7446c017e8fd'), ('QT_ACCESSIBILITY', '1'), ('GDMSESSION', 'ubuntu'), ('LESSCLOSE', '/usr/bin/lesspipe %s %s'), ('GCC_COLORS', 'error=31:warning=35:note=36:caret=32:locus=01:quote=01'), ('GJS_DEBUG_OUTPUT', 'stderr'), ('QT_IM_MODULE', 'ibus'), ('PWD', '/home/fiend/Navigation_Bot/dev_ws/build/navigation_bot'), ('LC_ALL', 'en_US.UTF-8'), ('XDG_CONFIG_DIRS', '/etc/xdg/xdg-ubuntu:/etc/xdg'), ('XDG_DATA_DIRS', '/usr/share/ubuntu:/home/fiend/.local/share/flatpak/exports/share:/var/lib/flatpak/exports/share:/usr/local/share/:/usr/share/:/var/lib/snapd/desktop'), ('STARSHIP_SESSION_KEY', '2059017139146452'), ('PYTHONPATH', '/opt/ros/humble/lib/python3.10/site-packages:/opt/ros/humble/local/lib/python3.10/dist-packages'), ('COLCON', '1'), ('VTE_VERSION', '6800'), ('CMAKE_PREFIX_PATH', '/home/fiend/Navigation_Bot/dev_ws/install/navigation_bot:/home/fiend/LineFollowingRobot/ros_ws/install/line_bhakt:/home/fiend/ROS/practice_codes_ROS2/articubot_one/install/articubot_one:/opt/ros/humble')]), 'shell': False}
[24.125256] (navigation_bot) StdoutLine: {'line': b'-- Install configuration: ""\n'}
[24.125741] (-) TimerEvent: {}
[24.126615] (navigation_bot) StdoutLine: {'line': b'-- Execute custom install script\n'}
[24.127795] (navigation_bot) StdoutLine: {'line': b'-- Up-to-date symlink: /home/fiend/Navigation_Bot/dev_ws/install/navigation_bot/share/navigation_bot/config/empty.yaml\n'}
[24.128329] (navigation_bot) StdoutLine: {'line': b'-- Up-to-date symlink: /home/fiend/Navigation_Bot/dev_ws/install/navigation_bot/share/navigation_bot/config/my_controller.yaml\n'}
[24.129184] (navigation_bot) StdoutLine: {'line': b'-- Up-to-date symlink: /home/fiend/Navigation_Bot/dev_ws/install/navigation_bot/share/navigation_bot/description/Depth_camera.xacro\n'}
[24.129616] (navigation_bot) StdoutLine: {'line': b'-- Up-to-date symlink: /home/fiend/Navigation_Bot/dev_ws/install/navigation_bot/share/navigation_bot/description/camera.xacro\n'}
[24.130078] (navigation_bot) StdoutLine: {'line': b'-- Up-to-date symlink: /home/fiend/Navigation_Bot/dev_ws/install/navigation_bot/share/navigation_bot/description/gazebo_control.xacro\n'}
[24.130486] (navigation_bot) StdoutLine: {'line': b'-- Up-to-date symlink: /home/fiend/Navigation_Bot/dev_ws/install/navigation_bot/share/navigation_bot/description/inertial_macros.xacro\n'}
[24.130929] (navigation_bot) StdoutLine: {'line': b'-- Up-to-date symlink: /home/fiend/Navigation_Bot/dev_ws/install/navigation_bot/share/navigation_bot/description/lidar.xacro\n'}
[24.131327] (navigation_bot) StdoutLine: {'line': b'-- Up-to-date symlink: /home/fiend/Navigation_Bot/dev_ws/install/navigation_bot/share/navigation_bot/description/robot.urdf.xacro\n'}
[24.131775] (navigation_bot) StdoutLine: {'line': b'-- Up-to-date symlink: /home/fiend/Navigation_Bot/dev_ws/install/navigation_bot/share/navigation_bot/description/robot_core.xacro\n'}
[24.132570] (navigation_bot) StdoutLine: {'line': b'-- Up-to-date symlink: /home/fiend/Navigation_Bot/dev_ws/install/navigation_bot/share/navigation_bot/description/ros2_control.xacro\n'}
[24.133314] (navigation_bot) StdoutLine: {'line': b'-- Up-to-date symlink: /home/fiend/Navigation_Bot/dev_ws/install/navigation_bot/share/navigation_bot/launch/launch_sim.launch.py\n'}
[24.133684] (navigation_bot) StdoutLine: {'line': b'-- Up-to-date symlink: /home/fiend/Navigation_Bot/dev_ws/install/navigation_bot/share/navigation_bot/launch/rsp.launch.py\n'}
[24.134283] (navigation_bot) StdoutLine: {'line': b'-- Up-to-date symlink: /home/fiend/Navigation_Bot/dev_ws/install/navigation_bot/share/navigation_bot/worlds/empty.world\n'}
[24.134648] (navigation_bot) StdoutLine: {'line': b'-- Up-to-date symlink: /home/fiend/Navigation_Bot/dev_ws/install/navigation_bot/share/navigation_bot/worlds/home.world\n'}
[24.135070] (navigation_bot) StdoutLine: {'line': b'-- Up-to-date symlink: /home/fiend/Navigation_Bot/dev_ws/install/navigation_bot/share/navigation_bot/worlds/obstacle.world\n'}
[24.135348] (navigation_bot) StdoutLine: {'line': b'-- Up-to-date symlink: /home/fiend/Navigation_Bot/dev_ws/install/navigation_bot/share/navigation_bot/worlds/track.world\n'}
[24.135792] (navigation_bot) StdoutLine: {'line': b'-- Up-to-date symlink: /home/fiend/Navigation_Bot/dev_ws/install/navigation_bot/share/navigation_bot/worlds/turtleWorld.world\n'}
[24.137061] (navigation_bot) StdoutLine: {'line': b'-- Up-to-date symlink: /home/fiend/Navigation_Bot/dev_ws/install/navigation_bot/lib/navigation_bot/ImageCapture\n'}
[24.137689] (navigation_bot) StdoutLine: {'line': b'-- Up-to-date symlink: /home/fiend/Navigation_Bot/dev_ws/install/navigation_bot/lib/navigation_bot/Motor_Driver_Node\n'}
[24.138498] (navigation_bot) StdoutLine: {'line': b'-- Up-to-date symlink: /home/fiend/Navigation_Bot/dev_ws/install/navigation_bot/share/ament_index/resource_index/package_run_dependencies/navigation_bot\n'}
[24.139053] (navigation_bot) StdoutLine: {'line': b'-- Up-to-date symlink: /home/fiend/Navigation_Bot/dev_ws/install/navigation_bot/share/ament_index/resource_index/parent_prefix_path/navigation_bot\n'}
[24.139820] (navigation_bot) StdoutLine: {'line': b'-- Up-to-date symlink: /home/fiend/Navigation_Bot/dev_ws/install/navigation_bot/share/navigation_bot/environment/ament_prefix_path.sh\n'}
[24.140394] (navigation_bot) StdoutLine: {'line': b'-- Up-to-date symlink: /home/fiend/Navigation_Bot/dev_ws/install/navigation_bot/share/navigation_bot/environment/ament_prefix_path.dsv\n'}
[24.140923] (navigation_bot) StdoutLine: {'line': b'-- Up-to-date symlink: /home/fiend/Navigation_Bot/dev_ws/install/navigation_bot/share/navigation_bot/environment/path.sh\n'}
[24.141391] (navigation_bot) StdoutLine: {'line': b'-- Up-to-date symlink: /home/fiend/Navigation_Bot/dev_ws/install/navigation_bot/share/navigation_bot/environment/path.dsv\n'}
[24.142166] (navigation_bot) StdoutLine: {'line': b'-- Up-to-date symlink: /home/fiend/Navigation_Bot/dev_ws/install/navigation_bot/share/navigation_bot/local_setup.bash\n'}
[24.142690] (navigation_bot) StdoutLine: {'line': b'-- Up-to-date symlink: /home/fiend/Navigation_Bot/dev_ws/install/navigation_bot/share/navigation_bot/local_setup.sh\n'}
[24.143111] (navigation_bot) StdoutLine: {'line': b'-- Up-to-date symlink: /home/fiend/Navigation_Bot/dev_ws/install/navigation_bot/share/navigation_bot/local_setup.zsh\n'}
[24.143518] (navigation_bot) StdoutLine: {'line': b'-- Up-to-date symlink: /home/fiend/Navigation_Bot/dev_ws/install/navigation_bot/share/navigation_bot/local_setup.dsv\n'}
[24.143896] (navigation_bot) StdoutLine: {'line': b'-- Symlinking: /home/fiend/Navigation_Bot/dev_ws/install/navigation_bot/share/navigation_bot/package.dsv\n'}
[24.162630] (navigation_bot) StdoutLine: {'line': b'-- Up-to-date symlink: /home/fiend/Navigation_Bot/dev_ws/install/navigation_bot/share/ament_index/resource_index/packages/navigation_bot\n'}
[24.163393] (navigation_bot) StdoutLine: {'line': b'-- Up-to-date symlink: /home/fiend/Navigation_Bot/dev_ws/install/navigation_bot/share/navigation_bot/cmake/navigation_botConfig.cmake\n'}
[24.164149] (navigation_bot) StdoutLine: {'line': b'-- Up-to-date symlink: /home/fiend/Navigation_Bot/dev_ws/install/navigation_bot/share/navigation_bot/cmake/navigation_botConfig-version.cmake\n'}
[24.164668] (navigation_bot) StdoutLine: {'line': b'-- Up-to-date symlink: /home/fiend/Navigation_Bot/dev_ws/install/navigation_bot/share/navigation_bot/package.xml\n'}
[24.168878] (navigation_bot) CommandEnded: {'returncode': 0}
[24.225814] (-) TimerEvent: {}
[24.326330] (-) TimerEvent: {}
[24.427276] (-) TimerEvent: {}
[24.530600] (-) TimerEvent: {}
[24.631269] (-) TimerEvent: {}
[24.731830] (-) TimerEvent: {}
[24.832545] (-) TimerEvent: {}
[24.872503] (navigation_bot) JobEnded: {'identifier': 'navigation_bot', 'rc': 0}
[24.875728] (-) EventReactorShutdown: {}
