[0.000000] (-) TimerEvent: {}
[0.000232] (navigation_bot) JobQueued: {'identifier': 'navigation_bot', 'dependencies': OrderedDict()}
[0.000327] (navigation_bot) JobStarted: {'identifier': 'navigation_bot'}
[0.098315] (-) TimerEvent: {}
[0.198815] (-) TimerEvent: {}
[0.299598] (-) TimerEvent: {}
[0.344038] (navigation_bot) JobProgress: {'identifier': 'navigation_bot', 'progress': 'cmake'}
[0.345623] (navigation_bot) JobProgress: {'identifier': 'navigation_bot', 'progress': 'build'}
[0.347181] (navigation_bot) Command: {'cmd': ['/usr/bin/cmake', '--build', '/home/fiend/Navigation_Bot/dev_ws/build/navigation_bot', '--', '-j8', '-l8'], 'cwd': '/home/fiend/Navigation_Bot/dev_ws/build/navigation_bot', 'env': OrderedDict([('GJS_DEBUG_TOPICS', 'JS ERROR;JS LOG'), ('LESSOPEN', '| /usr/bin/lesspipe %s'), ('LANGUAGE', 'en_IN:en'), ('USER', 'fiend'), ('STARSHIP_SHELL', 'bash'), ('XDG_SESSION_TYPE', 'wayland'), ('SHLVL', '1'), ('LD_LIBRARY_PATH', '/usr/lib/x86_64-linux-gnu/gazebo-11/plugins:/opt/ros/humble/opt/rviz_ogre_vendor/lib:/opt/ros/humble/lib/x86_64-linux-gnu:/opt/ros/humble/lib'), ('HOME', '/home/fiend'), ('OLDPWD', '/home/fiend/Navigation_Bot'), ('DESKTOP_SESSION', 'ubuntu'), ('GIO_LAUNCHED_DESKTOP_FILE', '/usr/share/applications/terminator.desktop'), ('ROS_PYTHON_VERSION', '3'), ('GNOME_SHELL_SESSION_MODE', 'ubuntu'), ('GTK_MODULES', 'gail:atk-bridge'), ('PS1', '\n\\[\x1b[38;5;156m\\]\\[\x1b[0m\\]\\[\x1b[38;5;166m\\]dev_ws\\[\x1b[0m\\]\\[\x1b[38;5;166m\\]\\[\x1b[0m\\] on \\[\x1b[38;5;162m\\]\ue0a0 \\[\x1b[0m\\]\\[\x1b[38;5;162m\\]main\\[\x1b[0m\\] underwent \\[\x1b[36m\\]1m53s\\[\x1b[0m\\]\n\\[\x1b[1;38;5;166m\\]➜\\[\x1b[0m\\]'), ('MANAGERPID', '865'), ('SYSTEMD_EXEC_PID', '1038'), ('DBUS_SESSION_BUS_ADDRESS', 'unix:path=/run/user/1000/bus'), ('COLORTERM', 'truecolor'), ('GIO_LAUNCHED_DESKTOP_FILE_PID', '5627'), ('_colcon_cd_root', '/opt/ros/humble/'), ('IM_CONFIG_PHASE', '1'), ('WAYLAND_DISPLAY', 'wayland-0'), ('COLCON_PREFIX_PATH', '/home/fiend/Navigation_Bot/dev_ws/install:/home/fiend/voice_grab/ros2_ws/install:/home/fiend/LineFollowingRobot/ros_ws/install:/home/fiend/ROS/practice_codes_ROS2/articubot_one/install'), ('ROS_DISTRO', 'humble'), ('LOGNAME', 'fiend'), ('JOURNAL_STREAM', '8:30767'), ('_', '/usr/bin/colcon'), ('ROS_VERSION', '2'), ('XDG_SESSION_CLASS', 'user'), ('USERNAME', 'fiend'), ('TERM', 'xterm-256color'), ('GNOME_DESKTOP_SESSION_ID', 'this-is-deprecated'), ('ROS_LOCALHOST_ONLY', '0'), ('PATH', '/opt/ros/humble/bin:/home/fiend/.local/bin:/usr/local/sbin:/usr/local/bin:/usr/sbin:/usr/bin:/sbin:/bin:/usr/games:/usr/local/games:/snap/bin:/snap/bin'), ('SESSION_MANAGER', 'local/fiend-Lenovo-Yoga-C740-14IML:@/tmp/.ICE-unix/1008,unix/fiend-Lenovo-Yoga-C740-14IML:/tmp/.ICE-unix/1008'), ('INVOCATION_ID', '37512f0c72ec48d79a8a8f1894f11f4d'), ('XDG_MENU_PREFIX', 'gnome-'), ('GNOME_SETUP_DISPLAY', ':1'), ('XDG_RUNTIME_DIR', '/run/user/1000'), ('DISPLAY', ':0'), ('LANG', 'en_US.UTF-8'), ('XDG_CURRENT_DESKTOP', 'ubuntu:GNOME'), ('IBUS_DISABLE_SNOOPER', '1'), ('XMODIFIERS', '@im=ibus'), ('XDG_SESSION_DESKTOP', 'ubuntu'), ('XAUTHORITY', '/run/user/1000/.mutter-Xwaylandauth.UJJAK2'), ('LS_COLORS', 'di=34:ow=34:tw=34:fi=13:ln=31:pi=5:so=5:bd=5:cd=5:or=31:mi=0:ex=35:*.rpm=90:*.png=35:*.gif=36:*.jpg=35:*.c=92:*.py=93:*.h=90:*.txt=94:*.doc=104:*.odt=104:*.csv=102:*.xlsx=102:*.xlsm=102:*.rb=31:*.cpp=92:*.sh=92:*.html=96:*.zip=4;33:*.tar.gz=4;33:*.mp4=105:*.mp3=106'), ('SSH_AGENT_LAUNCHER', 'gnome-keyring'), ('SSH_AUTH_SOCK', '/run/user/1000/keyring/ssh'), ('AMENT_PREFIX_PATH', '/home/fiend/Navigation_Bot/dev_ws/install/navigation_bot:/home/fiend/LineFollowingRobot/ros_ws/install/line_bhakt:/home/fiend/ROS/practice_codes_ROS2/articubot_one/install/articubot_one:/opt/ros/humble'), ('SHELL', '/bin/bash'), ('TERMINATOR_UUID', 'urn:uuid:de10c5cb-7f42-4ea2-ad3f-7446c017e8fd'), ('QT_ACCESSIBILITY', '1'), ('GDMSESSION', 'ubuntu'), ('LESSCLOSE', '/usr/bin/lesspipe %s %s'), ('GCC_COLORS', 'error=31:warning=35:note=36:caret=32:locus=01:quote=01'), ('GJS_DEBUG_OUTPUT', 'stderr'), ('QT_IM_MODULE', 'ibus'), ('PWD', '/home/fiend/Navigation_Bot/dev_ws/build/navigation_bot'), ('LC_ALL', 'en_US.UTF-8'), ('XDG_CONFIG_DIRS', '/etc/xdg/xdg-ubuntu:/etc/xdg'), ('XDG_DATA_DIRS', '/usr/share/ubuntu:/home/fiend/.local/share/flatpak/exports/share:/var/lib/flatpak/exports/share:/usr/local/share/:/usr/share/:/var/lib/snapd/desktop'), ('STARSHIP_SESSION_KEY', '2059017139146452'), ('PYTHONPATH', '/opt/ros/humble/lib/python3.10/site-packages:/opt/ros/humble/local/lib/python3.10/dist-packages'), ('COLCON', '1'), ('VTE_VERSION', '6800'), ('CMAKE_PREFIX_PATH', '/home/fiend/Navigation_Bot/dev_ws/install/navigation_bot:/home/fiend/LineFollowingRobot/ros_ws/install/line_bhakt:/home/fiend/ROS/practice_codes_ROS2/articubot_one/install/articubot_one:/opt/ros/humble')]), 'shell': False}
[0.399768] (-) TimerEvent: {}
[0.456726] (navigation_bot) StdoutLine: {'line': b'\x1b[35m\x1b[1mConsolidate compiler generated dependencies of target Motor_Driver_Node\x1b[0m\n'}
[0.487952] (navigation_bot) StdoutLine: {'line': b'[ 50%] Built target ImageCapture\n'}
[0.499893] (-) TimerEvent: {}
[0.500348] (navigation_bot) StdoutLine: {'line': b'[ 75%] \x1b[32mBuilding CXX object CMakeFiles/Motor_Driver_Node.dir/Executables/follower.cpp.o\x1b[0m\n'}
[0.600026] (-) TimerEvent: {}
[0.700493] (-) TimerEvent: {}
[0.800877] (-) TimerEvent: {}
[0.901297] (-) TimerEvent: {}
[1.001801] (-) TimerEvent: {}
[1.102307] (-) TimerEvent: {}
[1.202761] (-) TimerEvent: {}
[1.303219] (-) TimerEvent: {}
[1.403717] (-) TimerEvent: {}
[1.504197] (-) TimerEvent: {}
[1.604680] (-) TimerEvent: {}
[1.705209] (-) TimerEvent: {}
[1.805712] (-) TimerEvent: {}
[1.906188] (-) TimerEvent: {}
[2.006580] (-) TimerEvent: {}
[2.107057] (-) TimerEvent: {}
[2.207608] (-) TimerEvent: {}
[2.307977] (-) TimerEvent: {}
[2.408347] (-) TimerEvent: {}
[2.508733] (-) TimerEvent: {}
[2.609115] (-) TimerEvent: {}
[2.709504] (-) TimerEvent: {}
[2.809886] (-) TimerEvent: {}
[2.910255] (-) TimerEvent: {}
[3.010651] (-) TimerEvent: {}
[3.111045] (-) TimerEvent: {}
[3.211422] (-) TimerEvent: {}
[3.311826] (-) TimerEvent: {}
[3.412202] (-) TimerEvent: {}
[3.512616] (-) TimerEvent: {}
[3.613038] (-) TimerEvent: {}
[3.713405] (-) TimerEvent: {}
[3.813808] (-) TimerEvent: {}
[3.914353] (-) TimerEvent: {}
[4.014725] (-) TimerEvent: {}
[4.115116] (-) TimerEvent: {}
[4.215511] (-) TimerEvent: {}
[4.315891] (-) TimerEvent: {}
[4.416271] (-) TimerEvent: {}
[4.516668] (-) TimerEvent: {}
[4.617031] (-) TimerEvent: {}
[4.717415] (-) TimerEvent: {}
[4.817802] (-) TimerEvent: {}
[4.918201] (-) TimerEvent: {}
[5.018582] (-) TimerEvent: {}
[5.118985] (-) TimerEvent: {}
[5.219353] (-) TimerEvent: {}
[5.319780] (-) TimerEvent: {}
[5.420176] (-) TimerEvent: {}
[5.520552] (-) TimerEvent: {}
[5.621100] (-) TimerEvent: {}
[5.721483] (-) TimerEvent: {}
[5.821857] (-) TimerEvent: {}
[5.922230] (-) TimerEvent: {}
[6.022603] (-) TimerEvent: {}
[6.123007] (-) TimerEvent: {}
[6.223378] (-) TimerEvent: {}
[6.323754] (-) TimerEvent: {}
[6.424119] (-) TimerEvent: {}
[6.524522] (-) TimerEvent: {}
[6.624903] (-) TimerEvent: {}
[6.725318] (-) TimerEvent: {}
[6.825697] (-) TimerEvent: {}
[6.926087] (-) TimerEvent: {}
[7.026475] (-) TimerEvent: {}
[7.126926] (-) TimerEvent: {}
[7.227344] (-) TimerEvent: {}
[7.327814] (-) TimerEvent: {}
[7.428227] (-) TimerEvent: {}
[7.528605] (-) TimerEvent: {}
[7.629013] (-) TimerEvent: {}
[7.729424] (-) TimerEvent: {}
[7.829800] (-) TimerEvent: {}
[7.930179] (-) TimerEvent: {}
[8.030545] (-) TimerEvent: {}
[8.130930] (-) TimerEvent: {}
[8.231302] (-) TimerEvent: {}
[8.331701] (-) TimerEvent: {}
[8.432116] (-) TimerEvent: {}
[8.532508] (-) TimerEvent: {}
[8.632901] (-) TimerEvent: {}
[8.733305] (-) TimerEvent: {}
[8.833750] (-) TimerEvent: {}
[8.934215] (-) TimerEvent: {}
[9.034649] (-) TimerEvent: {}
[9.135115] (-) TimerEvent: {}
[9.235585] (-) TimerEvent: {}
[9.336076] (-) TimerEvent: {}
[9.436465] (-) TimerEvent: {}
[9.536888] (-) TimerEvent: {}
[9.637274] (-) TimerEvent: {}
[9.737664] (-) TimerEvent: {}
[9.838064] (-) TimerEvent: {}
[9.938441] (-) TimerEvent: {}
[10.038808] (-) TimerEvent: {}
[10.139181] (-) TimerEvent: {}
[10.239548] (-) TimerEvent: {}
[10.339940] (-) TimerEvent: {}
[10.440328] (-) TimerEvent: {}
[10.540703] (-) TimerEvent: {}
[10.641089] (-) TimerEvent: {}
[10.741453] (-) TimerEvent: {}
[10.841824] (-) TimerEvent: {}
[10.942225] (-) TimerEvent: {}
[11.042640] (-) TimerEvent: {}
[11.143059] (-) TimerEvent: {}
[11.243459] (-) TimerEvent: {}
[11.343848] (-) TimerEvent: {}
[11.444219] (-) TimerEvent: {}
[11.544590] (-) TimerEvent: {}
[11.644983] (-) TimerEvent: {}
[11.745359] (-) TimerEvent: {}
[11.845737] (-) TimerEvent: {}
[11.946103] (-) TimerEvent: {}
[12.046480] (-) TimerEvent: {}
[12.146924] (-) TimerEvent: {}
[12.247317] (-) TimerEvent: {}
[12.347688] (-) TimerEvent: {}
[12.448058] (-) TimerEvent: {}
[12.548425] (-) TimerEvent: {}
[12.648809] (-) TimerEvent: {}
[12.749214] (-) TimerEvent: {}
[12.849581] (-) TimerEvent: {}
[12.949974] (-) TimerEvent: {}
[13.050368] (-) TimerEvent: {}
[13.150754] (-) TimerEvent: {}
[13.251138] (-) TimerEvent: {}
[13.351546] (-) TimerEvent: {}
[13.451924] (-) TimerEvent: {}
[13.552307] (-) TimerEvent: {}
[13.652736] (-) TimerEvent: {}
[13.753120] (-) TimerEvent: {}
[13.853542] (-) TimerEvent: {}
[13.953913] (-) TimerEvent: {}
[14.054276] (-) TimerEvent: {}
[14.154635] (-) TimerEvent: {}
[14.255026] (-) TimerEvent: {}
[14.355398] (-) TimerEvent: {}
[14.455770] (-) TimerEvent: {}
[14.556139] (-) TimerEvent: {}
[14.656537] (-) TimerEvent: {}
[14.756927] (-) TimerEvent: {}
[14.857313] (-) TimerEvent: {}
[14.957693] (-) TimerEvent: {}
[15.058065] (-) TimerEvent: {}
[15.158437] (-) TimerEvent: {}
[15.258822] (-) TimerEvent: {}
[15.359185] (-) TimerEvent: {}
[15.459594] (-) TimerEvent: {}
[15.559982] (-) TimerEvent: {}
[15.660381] (-) TimerEvent: {}
[15.760749] (-) TimerEvent: {}
[15.861180] (-) TimerEvent: {}
[15.961595] (-) TimerEvent: {}
[16.062008] (-) TimerEvent: {}
[16.162424] (-) TimerEvent: {}
[16.262837] (-) TimerEvent: {}
[16.363260] (-) TimerEvent: {}
[16.463703] (-) TimerEvent: {}
[16.564125] (-) TimerEvent: {}
[16.664567] (-) TimerEvent: {}
[16.764997] (-) TimerEvent: {}
[16.865409] (-) TimerEvent: {}
[16.965831] (-) TimerEvent: {}
[17.066243] (-) TimerEvent: {}
[17.166660] (-) TimerEvent: {}
[17.267095] (-) TimerEvent: {}
[17.367660] (-) TimerEvent: {}
[17.468030] (-) TimerEvent: {}
[17.568400] (-) TimerEvent: {}
[17.668828] (-) TimerEvent: {}
[17.769280] (-) TimerEvent: {}
[17.869703] (-) TimerEvent: {}
[17.970119] (-) TimerEvent: {}
[18.070567] (-) TimerEvent: {}
[18.170989] (-) TimerEvent: {}
[18.271402] (-) TimerEvent: {}
[18.371814] (-) TimerEvent: {}
[18.472264] (-) TimerEvent: {}
[18.572687] (-) TimerEvent: {}
[18.673119] (-) TimerEvent: {}
[18.773542] (-) TimerEvent: {}
[18.873921] (-) TimerEvent: {}
[18.974375] (-) TimerEvent: {}
[19.074762] (-) TimerEvent: {}
[19.175135] (-) TimerEvent: {}
[19.275513] (-) TimerEvent: {}
[19.375919] (-) TimerEvent: {}
[19.476282] (-) TimerEvent: {}
[19.576658] (-) TimerEvent: {}
[19.677052] (-) TimerEvent: {}
[19.777413] (-) TimerEvent: {}
[19.877778] (-) TimerEvent: {}
[19.978144] (-) TimerEvent: {}
[19.985479] (navigation_bot) StdoutLine: {'line': b'[100%] \x1b[32m\x1b[1mLinking CXX executable Motor_Driver_Node\x1b[0m\n'}
[20.078276] (-) TimerEvent: {}
[20.178733] (-) TimerEvent: {}
[20.279177] (-) TimerEvent: {}
[20.379688] (-) TimerEvent: {}
[20.480309] (-) TimerEvent: {}
[20.580783] (-) TimerEvent: {}
[20.681255] (-) TimerEvent: {}
[20.781677] (-) TimerEvent: {}
[20.882105] (-) TimerEvent: {}
[20.982552] (-) TimerEvent: {}
[21.043527] (navigation_bot) StdoutLine: {'line': b'[100%] Built target Motor_Driver_Node\n'}
[21.061632] (navigation_bot) CommandEnded: {'returncode': 0}
[21.082667] (-) TimerEvent: {}
[21.106693] (navigation_bot) JobProgress: {'identifier': 'navigation_bot', 'progress': 'install'}
[21.122301] (navigation_bot) Command: {'cmd': ['/usr/bin/cmake', '--install', '/home/fiend/Navigation_Bot/dev_ws/build/navigation_bot'], 'cwd': '/home/fiend/Navigation_Bot/dev_ws/build/navigation_bot', 'env': OrderedDict([('GJS_DEBUG_TOPICS', 'JS ERROR;JS LOG'), ('LESSOPEN', '| /usr/bin/lesspipe %s'), ('LANGUAGE', 'en_IN:en'), ('USER', 'fiend'), ('STARSHIP_SHELL', 'bash'), ('XDG_SESSION_TYPE', 'wayland'), ('SHLVL', '1'), ('LD_LIBRARY_PATH', '/usr/lib/x86_64-linux-gnu/gazebo-11/plugins:/opt/ros/humble/opt/rviz_ogre_vendor/lib:/opt/ros/humble/lib/x86_64-linux-gnu:/opt/ros/humble/lib'), ('HOME', '/home/fiend'), ('OLDPWD', '/home/fiend/Navigation_Bot'), ('DESKTOP_SESSION', 'ubuntu'), ('GIO_LAUNCHED_DESKTOP_FILE', '/usr/share/applications/terminator.desktop'), ('ROS_PYTHON_VERSION', '3'), ('GNOME_SHELL_SESSION_MODE', 'ubuntu'), ('GTK_MODULES', 'gail:atk-bridge'), ('PS1', '\n\\[\x1b[38;5;156m\\]\\[\x1b[0m\\]\\[\x1b[38;5;166m\\]dev_ws\\[\x1b[0m\\]\\[\x1b[38;5;166m\\]\\[\x1b[0m\\] on \\[\x1b[38;5;162m\\]\ue0a0 \\[\x1b[0m\\]\\[\x1b[38;5;162m\\]main\\[\x1b[0m\\] underwent \\[\x1b[36m\\]1m53s\\[\x1b[0m\\]\n\\[\x1b[1;38;5;166m\\]➜\\[\x1b[0m\\]'), ('MANAGERPID', '865'), ('SYSTEMD_EXEC_PID', '1038'), ('DBUS_SESSION_BUS_ADDRESS', 'unix:path=/run/user/1000/bus'), ('COLORTERM', 'truecolor'), ('GIO_LAUNCHED_DESKTOP_FILE_PID', '5627'), ('_colcon_cd_root', '/opt/ros/humble/'), ('IM_CONFIG_PHASE', '1'), ('WAYLAND_DISPLAY', 'wayland-0'), ('COLCON_PREFIX_PATH', '/home/fiend/Navigation_Bot/dev_ws/install:/home/fiend/voice_grab/ros2_ws/install:/home/fiend/LineFollowingRobot/ros_ws/install:/home/fiend/ROS/practice_codes_ROS2/articubot_one/install'), ('ROS_DISTRO', 'humble'), ('LOGNAME', 'fiend'), ('JOURNAL_STREAM', '8:30767'), ('_', '/usr/bin/colcon'), ('ROS_VERSION', '2'), ('XDG_SESSION_CLASS', 'user'), ('USERNAME', 'fiend'), ('TERM', 'xterm-256color'), ('GNOME_DESKTOP_SESSION_ID', 'this-is-deprecated'), ('ROS_LOCALHOST_ONLY', '0'), ('PATH', '/opt/ros/humble/bin:/home/fiend/.local/bin:/usr/local/sbin:/usr/local/bin:/usr/sbin:/usr/bin:/sbin:/bin:/usr/games:/usr/local/games:/snap/bin:/snap/bin'), ('SESSION_MANAGER', 'local/fiend-Lenovo-Yoga-C740-14IML:@/tmp/.ICE-unix/1008,unix/fiend-Lenovo-Yoga-C740-14IML:/tmp/.ICE-unix/1008'), ('INVOCATION_ID', '37512f0c72ec48d79a8a8f1894f11f4d'), ('XDG_MENU_PREFIX', 'gnome-'), ('GNOME_SETUP_DISPLAY', ':1'), ('XDG_RUNTIME_DIR', '/run/user/1000'), ('DISPLAY', ':0'), ('LANG', 'en_US.UTF-8'), ('XDG_CURRENT_DESKTOP', 'ubuntu:GNOME'), ('IBUS_DISABLE_SNOOPER', '1'), ('XMODIFIERS', '@im=ibus'), ('XDG_SESSION_DESKTOP', 'ubuntu'), ('XAUTHORITY', '/run/user/1000/.mutter-Xwaylandauth.UJJAK2'), ('LS_COLORS', 'di=34:ow=34:tw=34:fi=13:ln=31:pi=5:so=5:bd=5:cd=5:or=31:mi=0:ex=35:*.rpm=90:*.png=35:*.gif=36:*.jpg=35:*.c=92:*.py=93:*.h=90:*.txt=94:*.doc=104:*.odt=104:*.csv=102:*.xlsx=102:*.xlsm=102:*.rb=31:*.cpp=92:*.sh=92:*.html=96:*.zip=4;33:*.tar.gz=4;33:*.mp4=105:*.mp3=106'), ('SSH_AGENT_LAUNCHER', 'gnome-keyring'), ('SSH_AUTH_SOCK', '/run/user/1000/keyring/ssh'), ('AMENT_PREFIX_PATH', '/home/fiend/Navigation_Bot/dev_ws/install/navigation_bot:/home/fiend/LineFollowingRobot/ros_ws/install/line_bhakt:/home/fiend/ROS/practice_codes_ROS2/articubot_one/install/articubot_one:/opt/ros/humble'), ('SHELL', '/bin/bash'), ('TERMINATOR_UUID', 'urn:uuid:de10c5cb-7f42-4ea2-ad3f-7446c017e8fd'), ('QT_ACCESSIBILITY', '1'), ('GDMSESSION', 'ubuntu'), ('LESSCLOSE', '/usr/bin/lesspipe %s %s'), ('GCC_COLORS', 'error=31:warning=35:note=36:caret=32:locus=01:quote=01'), ('GJS_DEBUG_OUTPUT', 'stderr'), ('QT_IM_MODULE', 'ibus'), ('PWD', '/home/fiend/Navigation_Bot/dev_ws/build/navigation_bot'), ('LC_ALL', 'en_US.UTF-8'), ('XDG_CONFIG_DIRS', '/etc/xdg/xdg-ubuntu:/etc/xdg'), ('XDG_DATA_DIRS', '/usr/share/ubuntu:/home/fiend/.local/share/flatpak/exports/share:/var/lib/flatpak/exports/share:/usr/local/share/:/usr/share/:/var/lib/snapd/desktop'), ('STARSHIP_SESSION_KEY', '2059017139146452'), ('PYTHONPATH', '/opt/ros/humble/lib/python3.10/site-packages:/opt/ros/humble/local/lib/python3.10/dist-packages'), ('COLCON', '1'), ('VTE_VERSION', '6800'), ('CMAKE_PREFIX_PATH', '/home/fiend/Navigation_Bot/dev_ws/install/navigation_bot:/home/fiend/LineFollowingRobot/ros_ws/install/line_bhakt:/home/fiend/ROS/practice_codes_ROS2/articubot_one/install/articubot_one:/opt/ros/humble')]), 'shell': False}
[21.137556] (navigation_bot) StdoutLine: {'line': b'-- Install configuration: ""\n'}
[21.138680] (navigation_bot) StdoutLine: {'line': b'-- Execute custom install script\n'}
[21.139386] (navigation_bot) StdoutLine: {'line': b'-- Up-to-date symlink: /home/fiend/Navigation_Bot/dev_ws/install/navigation_bot/share/navigation_bot/config/empty.yaml\n'}
[21.139731] (navigation_bot) StdoutLine: {'line': b'-- Up-to-date symlink: /home/fiend/Navigation_Bot/dev_ws/install/navigation_bot/share/navigation_bot/config/my_controller.yaml\n'}
[21.140334] (navigation_bot) StdoutLine: {'line': b'-- Up-to-date symlink: /home/fiend/Navigation_Bot/dev_ws/install/navigation_bot/share/navigation_bot/description/Depth_camera.xacro\n'}
[21.140690] (navigation_bot) StdoutLine: {'line': b'-- Up-to-date symlink: /home/fiend/Navigation_Bot/dev_ws/install/navigation_bot/share/navigation_bot/description/camera.xacro\n'}
[21.141003] (navigation_bot) StdoutLine: {'line': b'-- Up-to-date symlink: /home/fiend/Navigation_Bot/dev_ws/install/navigation_bot/share/navigation_bot/description/gazebo_control.xacro\n'}
[21.141391] (navigation_bot) StdoutLine: {'line': b'-- Up-to-date symlink: /home/fiend/Navigation_Bot/dev_ws/install/navigation_bot/share/navigation_bot/description/inertial_macros.xacro\n'}
[21.141719] (navigation_bot) StdoutLine: {'line': b'-- Up-to-date symlink: /home/fiend/Navigation_Bot/dev_ws/install/navigation_bot/share/navigation_bot/description/lidar.xacro\n'}
[21.142088] (navigation_bot) StdoutLine: {'line': b'-- Up-to-date symlink: /home/fiend/Navigation_Bot/dev_ws/install/navigation_bot/share/navigation_bot/description/robot.urdf.xacro\n'}
[21.142410] (navigation_bot) StdoutLine: {'line': b'-- Up-to-date symlink: /home/fiend/Navigation_Bot/dev_ws/install/navigation_bot/share/navigation_bot/description/robot_core.xacro\n'}
[21.142724] (navigation_bot) StdoutLine: {'line': b'-- Up-to-date symlink: /home/fiend/Navigation_Bot/dev_ws/install/navigation_bot/share/navigation_bot/description/ros2_control.xacro\n'}
[21.143137] (navigation_bot) StdoutLine: {'line': b'-- Up-to-date symlink: /home/fiend/Navigation_Bot/dev_ws/install/navigation_bot/share/navigation_bot/launch/launch_sim.launch.py\n'}
[21.143406] (navigation_bot) StdoutLine: {'line': b'-- Up-to-date symlink: /home/fiend/Navigation_Bot/dev_ws/install/navigation_bot/share/navigation_bot/launch/rsp.launch.py\n'}
[21.143767] (navigation_bot) StdoutLine: {'line': b'-- Up-to-date symlink: /home/fiend/Navigation_Bot/dev_ws/install/navigation_bot/share/navigation_bot/worlds/empty.world\n'}
[21.143980] (navigation_bot) StdoutLine: {'line': b'-- Up-to-date symlink: /home/fiend/Navigation_Bot/dev_ws/install/navigation_bot/share/navigation_bot/worlds/home.world\n'}
[21.144180] (navigation_bot) StdoutLine: {'line': b'-- Up-to-date symlink: /home/fiend/Navigation_Bot/dev_ws/install/navigation_bot/share/navigation_bot/worlds/obstacle.world\n'}
[21.144406] (navigation_bot) StdoutLine: {'line': b'-- Up-to-date symlink: /home/fiend/Navigation_Bot/dev_ws/install/navigation_bot/share/navigation_bot/worlds/track.world\n'}
[21.144628] (navigation_bot) StdoutLine: {'line': b'-- Up-to-date symlink: /home/fiend/Navigation_Bot/dev_ws/install/navigation_bot/share/navigation_bot/worlds/turtleWorld.world\n'}
[21.145380] (navigation_bot) StdoutLine: {'line': b'-- Up-to-date symlink: /home/fiend/Navigation_Bot/dev_ws/install/navigation_bot/lib/navigation_bot/ImageCapture\n'}
[21.145822] (navigation_bot) StdoutLine: {'line': b'-- Up-to-date symlink: /home/fiend/Navigation_Bot/dev_ws/install/navigation_bot/lib/navigation_bot/Motor_Driver_Node\n'}
[21.146232] (navigation_bot) StdoutLine: {'line': b'-- Up-to-date symlink: /home/fiend/Navigation_Bot/dev_ws/install/navigation_bot/share/ament_index/resource_index/package_run_dependencies/navigation_bot\n'}
[21.146670] (navigation_bot) StdoutLine: {'line': b'-- Up-to-date symlink: /home/fiend/Navigation_Bot/dev_ws/install/navigation_bot/share/ament_index/resource_index/parent_prefix_path/navigation_bot\n'}
[21.147151] (navigation_bot) StdoutLine: {'line': b'-- Up-to-date symlink: /home/fiend/Navigation_Bot/dev_ws/install/navigation_bot/share/navigation_bot/environment/ament_prefix_path.sh\n'}
[21.147652] (navigation_bot) StdoutLine: {'line': b'-- Up-to-date symlink: /home/fiend/Navigation_Bot/dev_ws/install/navigation_bot/share/navigation_bot/environment/ament_prefix_path.dsv\n'}
[21.148080] (navigation_bot) StdoutLine: {'line': b'-- Up-to-date symlink: /home/fiend/Navigation_Bot/dev_ws/install/navigation_bot/share/navigation_bot/environment/path.sh\n'}
[21.148525] (navigation_bot) StdoutLine: {'line': b'-- Up-to-date symlink: /home/fiend/Navigation_Bot/dev_ws/install/navigation_bot/share/navigation_bot/environment/path.dsv\n'}
[21.148909] (navigation_bot) StdoutLine: {'line': b'-- Up-to-date symlink: /home/fiend/Navigation_Bot/dev_ws/install/navigation_bot/share/navigation_bot/local_setup.bash\n'}
[21.149391] (navigation_bot) StdoutLine: {'line': b'-- Up-to-date symlink: /home/fiend/Navigation_Bot/dev_ws/install/navigation_bot/share/navigation_bot/local_setup.sh\n'}
[21.149795] (navigation_bot) StdoutLine: {'line': b'-- Up-to-date symlink: /home/fiend/Navigation_Bot/dev_ws/install/navigation_bot/share/navigation_bot/local_setup.zsh\n'}
[21.150201] (navigation_bot) StdoutLine: {'line': b'-- Up-to-date symlink: /home/fiend/Navigation_Bot/dev_ws/install/navigation_bot/share/navigation_bot/local_setup.dsv\n'}
[21.150480] (navigation_bot) StdoutLine: {'line': b'-- Symlinking: /home/fiend/Navigation_Bot/dev_ws/install/navigation_bot/share/navigation_bot/package.dsv\n'}
[21.165696] (navigation_bot) StdoutLine: {'line': b'-- Up-to-date symlink: /home/fiend/Navigation_Bot/dev_ws/install/navigation_bot/share/ament_index/resource_index/packages/navigation_bot\n'}
[21.166152] (navigation_bot) StdoutLine: {'line': b'-- Up-to-date symlink: /home/fiend/Navigation_Bot/dev_ws/install/navigation_bot/share/navigation_bot/cmake/navigation_botConfig.cmake\n'}
[21.166477] (navigation_bot) StdoutLine: {'line': b'-- Up-to-date symlink: /home/fiend/Navigation_Bot/dev_ws/install/navigation_bot/share/navigation_bot/cmake/navigation_botConfig-version.cmake\n'}
[21.166766] (navigation_bot) StdoutLine: {'line': b'-- Up-to-date symlink: /home/fiend/Navigation_Bot/dev_ws/install/navigation_bot/share/navigation_bot/package.xml\n'}
[21.170090] (navigation_bot) CommandEnded: {'returncode': 0}
[21.182912] (-) TimerEvent: {}
[21.283856] (-) TimerEvent: {}
[21.384834] (-) TimerEvent: {}
[21.485280] (-) TimerEvent: {}
[21.563013] (navigation_bot) JobEnded: {'identifier': 'navigation_bot', 'rc': 0}
[21.564212] (-) EventReactorShutdown: {}
