[0.000000] (-) TimerEvent: {}
[0.000427] (navigation_bot) JobQueued: {'identifier': 'navigation_bot', 'dependencies': OrderedDict()}
[0.000531] (navigation_bot) JobStarted: {'identifier': 'navigation_bot'}
[0.098438] (-) TimerEvent: {}
[0.199610] (-) TimerEvent: {}
[0.300902] (-) TimerEvent: {}
[0.351297] (navigation_bot) JobProgress: {'identifier': 'navigation_bot', 'progress': 'cmake'}
[0.352715] (navigation_bot) JobProgress: {'identifier': 'navigation_bot', 'progress': 'build'}
[0.354495] (navigation_bot) Command: {'cmd': ['/usr/bin/cmake', '--build', '/home/fiend/Navigation_Bot/dev_ws/build/navigation_bot', '--', '-j8', '-l8'], 'cwd': '/home/fiend/Navigation_Bot/dev_ws/build/navigation_bot', 'env': OrderedDict([('GJS_DEBUG_TOPICS', 'JS ERROR;JS LOG'), ('LESSOPEN', '| /usr/bin/lesspipe %s'), ('LANGUAGE', 'en_IN:en'), ('USER', 'fiend'), ('STARSHIP_SHELL', 'bash'), ('XDG_SESSION_TYPE', 'wayland'), ('SHLVL', '1'), ('LD_LIBRARY_PATH', '/usr/lib/x86_64-linux-gnu/gazebo-11/plugins:/opt/ros/humble/opt/rviz_ogre_vendor/lib:/opt/ros/humble/lib/x86_64-linux-gnu:/opt/ros/humble/lib'), ('HOME', '/home/fiend'), ('OLDPWD', '/home/fiend/Navigation_Bot'), ('DESKTOP_SESSION', 'ubuntu'), ('GIO_LAUNCHED_DESKTOP_FILE', '/usr/share/applications/terminator.desktop'), ('ROS_PYTHON_VERSION', '3'), ('GNOME_SHELL_SESSION_MODE', 'ubuntu'), ('GTK_MODULES', 'gail:atk-bridge'), ('PS1', '\n\\[\x1b[38;5;156m\\]\\[\x1b[0m\\]\\[\x1b[38;5;166m\\]dev_ws\\[\x1b[0m\\]\\[\x1b[38;5;166m\\]\\[\x1b[0m\\] on \\[\x1b[38;5;162m\\]\ue0a0 \\[\x1b[0m\\]\\[\x1b[38;5;162m\\]main\\[\x1b[0m\\] underwent \\[\x1b[36m\\]17s\\[\x1b[0m\\]\n\\[\x1b[1;38;5;166m\\]➜\\[\x1b[0m\\]'), ('MANAGERPID', '865'), ('SYSTEMD_EXEC_PID', '1038'), ('DBUS_SESSION_BUS_ADDRESS', 'unix:path=/run/user/1000/bus'), ('COLORTERM', 'truecolor'), ('GIO_LAUNCHED_DESKTOP_FILE_PID', '5627'), ('_colcon_cd_root', '/opt/ros/humble/'), ('IM_CONFIG_PHASE', '1'), ('WAYLAND_DISPLAY', 'wayland-0'), ('COLCON_PREFIX_PATH', '/home/fiend/Navigation_Bot/dev_ws/install:/home/fiend/voice_grab/ros2_ws/install:/home/fiend/LineFollowingRobot/ros_ws/install:/home/fiend/ROS/practice_codes_ROS2/articubot_one/install'), ('ROS_DISTRO', 'humble'), ('LOGNAME', 'fiend'), ('JOURNAL_STREAM', '8:30767'), ('_', '/usr/bin/colcon'), ('ROS_VERSION', '2'), ('XDG_SESSION_CLASS', 'user'), ('USERNAME', 'fiend'), ('TERM', 'xterm-256color'), ('GNOME_DESKTOP_SESSION_ID', 'this-is-deprecated'), ('ROS_LOCALHOST_ONLY', '0'), ('PATH', '/opt/ros/humble/bin:/home/fiend/.local/bin:/usr/local/sbin:/usr/local/bin:/usr/sbin:/usr/bin:/sbin:/bin:/usr/games:/usr/local/games:/snap/bin:/snap/bin'), ('SESSION_MANAGER', 'local/fiend-Lenovo-Yoga-C740-14IML:@/tmp/.ICE-unix/1008,unix/fiend-Lenovo-Yoga-C740-14IML:/tmp/.ICE-unix/1008'), ('INVOCATION_ID', '37512f0c72ec48d79a8a8f1894f11f4d'), ('XDG_MENU_PREFIX', 'gnome-'), ('GNOME_SETUP_DISPLAY', ':1'), ('XDG_RUNTIME_DIR', '/run/user/1000'), ('DISPLAY', ':0'), ('LANG', 'en_US.UTF-8'), ('XDG_CURRENT_DESKTOP', 'ubuntu:GNOME'), ('IBUS_DISABLE_SNOOPER', '1'), ('XMODIFIERS', '@im=ibus'), ('XDG_SESSION_DESKTOP', 'ubuntu'), ('XAUTHORITY', '/run/user/1000/.mutter-Xwaylandauth.UJJAK2'), ('LS_COLORS', 'di=34:ow=34:tw=34:fi=13:ln=31:pi=5:so=5:bd=5:cd=5:or=31:mi=0:ex=35:*.rpm=90:*.png=35:*.gif=36:*.jpg=35:*.c=92:*.py=93:*.h=90:*.txt=94:*.doc=104:*.odt=104:*.csv=102:*.xlsx=102:*.xlsm=102:*.rb=31:*.cpp=92:*.sh=92:*.html=96:*.zip=4;33:*.tar.gz=4;33:*.mp4=105:*.mp3=106'), ('SSH_AGENT_LAUNCHER', 'gnome-keyring'), ('SSH_AUTH_SOCK', '/run/user/1000/keyring/ssh'), ('AMENT_PREFIX_PATH', '/home/fiend/Navigation_Bot/dev_ws/install/navigation_bot:/home/fiend/LineFollowingRobot/ros_ws/install/line_bhakt:/home/fiend/ROS/practice_codes_ROS2/articubot_one/install/articubot_one:/opt/ros/humble'), ('SHELL', '/bin/bash'), ('TERMINATOR_UUID', 'urn:uuid:de10c5cb-7f42-4ea2-ad3f-7446c017e8fd'), ('QT_ACCESSIBILITY', '1'), ('GDMSESSION', 'ubuntu'), ('LESSCLOSE', '/usr/bin/lesspipe %s %s'), ('GCC_COLORS', 'error=31:warning=35:note=36:caret=32:locus=01:quote=01'), ('GJS_DEBUG_OUTPUT', 'stderr'), ('QT_IM_MODULE', 'ibus'), ('PWD', '/home/fiend/Navigation_Bot/dev_ws/build/navigation_bot'), ('LC_ALL', 'en_US.UTF-8'), ('XDG_CONFIG_DIRS', '/etc/xdg/xdg-ubuntu:/etc/xdg'), ('XDG_DATA_DIRS', '/usr/share/ubuntu:/home/fiend/.local/share/flatpak/exports/share:/var/lib/flatpak/exports/share:/usr/local/share/:/usr/share/:/var/lib/snapd/desktop'), ('STARSHIP_SESSION_KEY', '2059017139146452'), ('PYTHONPATH', '/opt/ros/humble/lib/python3.10/site-packages:/opt/ros/humble/local/lib/python3.10/dist-packages'), ('COLCON', '1'), ('VTE_VERSION', '6800'), ('CMAKE_PREFIX_PATH', '/home/fiend/Navigation_Bot/dev_ws/install/navigation_bot:/home/fiend/LineFollowingRobot/ros_ws/install/line_bhakt:/home/fiend/ROS/practice_codes_ROS2/articubot_one/install/articubot_one:/opt/ros/humble')]), 'shell': False}
[0.401071] (-) TimerEvent: {}
[0.443021] (navigation_bot) StdoutLine: {'line': b'\x1b[35m\x1b[1mConsolidate compiler generated dependencies of target Motor_Driver_Node\x1b[0m\n'}
[0.467088] (navigation_bot) StdoutLine: {'line': b'[ 50%] Built target ImageCapture\n'}
[0.480614] (navigation_bot) StdoutLine: {'line': b'[ 75%] \x1b[32mBuilding CXX object CMakeFiles/Motor_Driver_Node.dir/Executables/follower.cpp.o\x1b[0m\n'}
[0.501188] (-) TimerEvent: {}
[0.601611] (-) TimerEvent: {}
[0.702040] (-) TimerEvent: {}
[0.802567] (-) TimerEvent: {}
[0.903033] (-) TimerEvent: {}
[1.003483] (-) TimerEvent: {}
[1.103872] (-) TimerEvent: {}
[1.204298] (-) TimerEvent: {}
[1.304685] (-) TimerEvent: {}
[1.405128] (-) TimerEvent: {}
[1.505521] (-) TimerEvent: {}
[1.605925] (-) TimerEvent: {}
[1.706308] (-) TimerEvent: {}
[1.806688] (-) TimerEvent: {}
[1.907104] (-) TimerEvent: {}
[2.007505] (-) TimerEvent: {}
[2.107897] (-) TimerEvent: {}
[2.208281] (-) TimerEvent: {}
[2.308671] (-) TimerEvent: {}
[2.409052] (-) TimerEvent: {}
[2.509438] (-) TimerEvent: {}
[2.609816] (-) TimerEvent: {}
[2.710242] (-) TimerEvent: {}
[2.810634] (-) TimerEvent: {}
[2.911042] (-) TimerEvent: {}
[3.011424] (-) TimerEvent: {}
[3.111815] (-) TimerEvent: {}
[3.212189] (-) TimerEvent: {}
[3.312612] (-) TimerEvent: {}
[3.413011] (-) TimerEvent: {}
[3.513492] (-) TimerEvent: {}
[3.613881] (-) TimerEvent: {}
[3.714281] (-) TimerEvent: {}
[3.814688] (-) TimerEvent: {}
[3.915078] (-) TimerEvent: {}
[4.015466] (-) TimerEvent: {}
[4.115857] (-) TimerEvent: {}
[4.216239] (-) TimerEvent: {}
[4.316644] (-) TimerEvent: {}
[4.417077] (-) TimerEvent: {}
[4.517476] (-) TimerEvent: {}
[4.617882] (-) TimerEvent: {}
[4.718316] (-) TimerEvent: {}
[4.818733] (-) TimerEvent: {}
[4.919124] (-) TimerEvent: {}
[5.019518] (-) TimerEvent: {}
[5.119951] (-) TimerEvent: {}
[5.220398] (-) TimerEvent: {}
[5.320846] (-) TimerEvent: {}
[5.421305] (-) TimerEvent: {}
[5.521734] (-) TimerEvent: {}
[5.622160] (-) TimerEvent: {}
[5.722631] (-) TimerEvent: {}
[5.823083] (-) TimerEvent: {}
[5.923532] (-) TimerEvent: {}
[6.023970] (-) TimerEvent: {}
[6.124431] (-) TimerEvent: {}
[6.224881] (-) TimerEvent: {}
[6.325317] (-) TimerEvent: {}
[6.425753] (-) TimerEvent: {}
[6.526179] (-) TimerEvent: {}
[6.626629] (-) TimerEvent: {}
[6.727052] (-) TimerEvent: {}
[6.827497] (-) TimerEvent: {}
[6.927919] (-) TimerEvent: {}
[7.028366] (-) TimerEvent: {}
[7.128799] (-) TimerEvent: {}
[7.229230] (-) TimerEvent: {}
[7.329656] (-) TimerEvent: {}
[7.430081] (-) TimerEvent: {}
[7.530518] (-) TimerEvent: {}
[7.630960] (-) TimerEvent: {}
[7.731394] (-) TimerEvent: {}
[7.831818] (-) TimerEvent: {}
[7.932258] (-) TimerEvent: {}
[8.032691] (-) TimerEvent: {}
[8.133148] (-) TimerEvent: {}
[8.233750] (-) TimerEvent: {}
[8.334261] (-) TimerEvent: {}
[8.434718] (-) TimerEvent: {}
[8.535184] (-) TimerEvent: {}
[8.635837] (-) TimerEvent: {}
[8.736397] (-) TimerEvent: {}
[8.836987] (-) TimerEvent: {}
[8.937560] (-) TimerEvent: {}
[9.038546] (-) TimerEvent: {}
[9.139085] (-) TimerEvent: {}
[9.239714] (-) TimerEvent: {}
[9.340347] (-) TimerEvent: {}
[9.440858] (-) TimerEvent: {}
[9.541366] (-) TimerEvent: {}
[9.641758] (-) TimerEvent: {}
[9.742130] (-) TimerEvent: {}
[9.842533] (-) TimerEvent: {}
[9.942911] (-) TimerEvent: {}
[10.043311] (-) TimerEvent: {}
[10.143701] (-) TimerEvent: {}
[10.244121] (-) TimerEvent: {}
[10.344560] (-) TimerEvent: {}
[10.444947] (-) TimerEvent: {}
[10.545328] (-) TimerEvent: {}
[10.645703] (-) TimerEvent: {}
[10.746080] (-) TimerEvent: {}
[10.846486] (-) TimerEvent: {}
[10.946877] (-) TimerEvent: {}
[11.047262] (-) TimerEvent: {}
[11.147642] (-) TimerEvent: {}
[11.248013] (-) TimerEvent: {}
[11.348393] (-) TimerEvent: {}
[11.448772] (-) TimerEvent: {}
[11.549146] (-) TimerEvent: {}
[11.649548] (-) TimerEvent: {}
[11.749932] (-) TimerEvent: {}
[11.850309] (-) TimerEvent: {}
[11.950702] (-) TimerEvent: {}
[12.051111] (-) TimerEvent: {}
[12.151487] (-) TimerEvent: {}
[12.251872] (-) TimerEvent: {}
[12.352265] (-) TimerEvent: {}
[12.452647] (-) TimerEvent: {}
[12.553027] (-) TimerEvent: {}
[12.653405] (-) TimerEvent: {}
[12.753799] (-) TimerEvent: {}
[12.854214] (-) TimerEvent: {}
[12.954624] (-) TimerEvent: {}
[13.055038] (-) TimerEvent: {}
[13.155434] (-) TimerEvent: {}
[13.255803] (-) TimerEvent: {}
[13.356170] (-) TimerEvent: {}
[13.456590] (-) TimerEvent: {}
[13.556954] (-) TimerEvent: {}
[13.657332] (-) TimerEvent: {}
[13.757731] (-) TimerEvent: {}
[13.858098] (-) TimerEvent: {}
[13.958503] (-) TimerEvent: {}
[14.058866] (-) TimerEvent: {}
[14.159253] (-) TimerEvent: {}
[14.259685] (-) TimerEvent: {}
[14.362231] (-) TimerEvent: {}
[14.462588] (-) TimerEvent: {}
[14.562956] (-) TimerEvent: {}
[14.663361] (-) TimerEvent: {}
[14.763734] (-) TimerEvent: {}
[14.864097] (-) TimerEvent: {}
[14.964459] (-) TimerEvent: {}
[15.064827] (-) TimerEvent: {}
[15.165202] (-) TimerEvent: {}
[15.265570] (-) TimerEvent: {}
[15.365942] (-) TimerEvent: {}
[15.466327] (-) TimerEvent: {}
[15.566700] (-) TimerEvent: {}
[15.667063] (-) TimerEvent: {}
[15.767438] (-) TimerEvent: {}
[15.867818] (-) TimerEvent: {}
[15.968199] (-) TimerEvent: {}
[16.068587] (-) TimerEvent: {}
[16.168959] (-) TimerEvent: {}
[16.269333] (-) TimerEvent: {}
[16.369740] (-) TimerEvent: {}
[16.470140] (-) TimerEvent: {}
[16.570541] (-) TimerEvent: {}
[16.670911] (-) TimerEvent: {}
[16.771286] (-) TimerEvent: {}
[16.871685] (-) TimerEvent: {}
[16.972069] (-) TimerEvent: {}
[17.072443] (-) TimerEvent: {}
[17.172858] (-) TimerEvent: {}
[17.273227] (-) TimerEvent: {}
[17.373629] (-) TimerEvent: {}
[17.473998] (-) TimerEvent: {}
[17.574421] (-) TimerEvent: {}
[17.674796] (-) TimerEvent: {}
[17.775167] (-) TimerEvent: {}
[17.875538] (-) TimerEvent: {}
[17.975950] (-) TimerEvent: {}
[18.076346] (-) TimerEvent: {}
[18.176723] (-) TimerEvent: {}
[18.277105] (-) TimerEvent: {}
[18.377523] (-) TimerEvent: {}
[18.477900] (-) TimerEvent: {}
[18.578275] (-) TimerEvent: {}
[18.678642] (-) TimerEvent: {}
[18.779007] (-) TimerEvent: {}
[18.879372] (-) TimerEvent: {}
[18.979745] (-) TimerEvent: {}
[19.080145] (-) TimerEvent: {}
[19.180662] (-) TimerEvent: {}
[19.281046] (-) TimerEvent: {}
[19.381440] (-) TimerEvent: {}
[19.481825] (-) TimerEvent: {}
[19.582222] (-) TimerEvent: {}
[19.682611] (-) TimerEvent: {}
[19.782996] (-) TimerEvent: {}
[19.883389] (-) TimerEvent: {}
[19.983787] (-) TimerEvent: {}
[20.084166] (-) TimerEvent: {}
[20.184580] (-) TimerEvent: {}
[20.256942] (navigation_bot) StdoutLine: {'line': b'[100%] \x1b[32m\x1b[1mLinking CXX executable Motor_Driver_Node\x1b[0m\n'}
[20.284738] (-) TimerEvent: {}
[20.385124] (-) TimerEvent: {}
[20.485519] (-) TimerEvent: {}
[20.585924] (-) TimerEvent: {}
[20.686403] (-) TimerEvent: {}
[20.786861] (-) TimerEvent: {}
[20.887265] (-) TimerEvent: {}
[20.987678] (-) TimerEvent: {}
[21.088066] (-) TimerEvent: {}
[21.168724] (navigation_bot) StdoutLine: {'line': b'[100%] Built target Motor_Driver_Node\n'}
[21.186801] (navigation_bot) CommandEnded: {'returncode': 0}
[21.188526] (-) TimerEvent: {}
[21.231885] (navigation_bot) JobProgress: {'identifier': 'navigation_bot', 'progress': 'install'}
[21.247039] (navigation_bot) Command: {'cmd': ['/usr/bin/cmake', '--install', '/home/fiend/Navigation_Bot/dev_ws/build/navigation_bot'], 'cwd': '/home/fiend/Navigation_Bot/dev_ws/build/navigation_bot', 'env': OrderedDict([('GJS_DEBUG_TOPICS', 'JS ERROR;JS LOG'), ('LESSOPEN', '| /usr/bin/lesspipe %s'), ('LANGUAGE', 'en_IN:en'), ('USER', 'fiend'), ('STARSHIP_SHELL', 'bash'), ('XDG_SESSION_TYPE', 'wayland'), ('SHLVL', '1'), ('LD_LIBRARY_PATH', '/usr/lib/x86_64-linux-gnu/gazebo-11/plugins:/opt/ros/humble/opt/rviz_ogre_vendor/lib:/opt/ros/humble/lib/x86_64-linux-gnu:/opt/ros/humble/lib'), ('HOME', '/home/fiend'), ('OLDPWD', '/home/fiend/Navigation_Bot'), ('DESKTOP_SESSION', 'ubuntu'), ('GIO_LAUNCHED_DESKTOP_FILE', '/usr/share/applications/terminator.desktop'), ('ROS_PYTHON_VERSION', '3'), ('GNOME_SHELL_SESSION_MODE', 'ubuntu'), ('GTK_MODULES', 'gail:atk-bridge'), ('PS1', '\n\\[\x1b[38;5;156m\\]\\[\x1b[0m\\]\\[\x1b[38;5;166m\\]dev_ws\\[\x1b[0m\\]\\[\x1b[38;5;166m\\]\\[\x1b[0m\\] on \\[\x1b[38;5;162m\\]\ue0a0 \\[\x1b[0m\\]\\[\x1b[38;5;162m\\]main\\[\x1b[0m\\] underwent \\[\x1b[36m\\]17s\\[\x1b[0m\\]\n\\[\x1b[1;38;5;166m\\]➜\\[\x1b[0m\\]'), ('MANAGERPID', '865'), ('SYSTEMD_EXEC_PID', '1038'), ('DBUS_SESSION_BUS_ADDRESS', 'unix:path=/run/user/1000/bus'), ('COLORTERM', 'truecolor'), ('GIO_LAUNCHED_DESKTOP_FILE_PID', '5627'), ('_colcon_cd_root', '/opt/ros/humble/'), ('IM_CONFIG_PHASE', '1'), ('WAYLAND_DISPLAY', 'wayland-0'), ('COLCON_PREFIX_PATH', '/home/fiend/Navigation_Bot/dev_ws/install:/home/fiend/voice_grab/ros2_ws/install:/home/fiend/LineFollowingRobot/ros_ws/install:/home/fiend/ROS/practice_codes_ROS2/articubot_one/install'), ('ROS_DISTRO', 'humble'), ('LOGNAME', 'fiend'), ('JOURNAL_STREAM', '8:30767'), ('_', '/usr/bin/colcon'), ('ROS_VERSION', '2'), ('XDG_SESSION_CLASS', 'user'), ('USERNAME', 'fiend'), ('TERM', 'xterm-256color'), ('GNOME_DESKTOP_SESSION_ID', 'this-is-deprecated'), ('ROS_LOCALHOST_ONLY', '0'), ('PATH', '/opt/ros/humble/bin:/home/fiend/.local/bin:/usr/local/sbin:/usr/local/bin:/usr/sbin:/usr/bin:/sbin:/bin:/usr/games:/usr/local/games:/snap/bin:/snap/bin'), ('SESSION_MANAGER', 'local/fiend-Lenovo-Yoga-C740-14IML:@/tmp/.ICE-unix/1008,unix/fiend-Lenovo-Yoga-C740-14IML:/tmp/.ICE-unix/1008'), ('INVOCATION_ID', '37512f0c72ec48d79a8a8f1894f11f4d'), ('XDG_MENU_PREFIX', 'gnome-'), ('GNOME_SETUP_DISPLAY', ':1'), ('XDG_RUNTIME_DIR', '/run/user/1000'), ('DISPLAY', ':0'), ('LANG', 'en_US.UTF-8'), ('XDG_CURRENT_DESKTOP', 'ubuntu:GNOME'), ('IBUS_DISABLE_SNOOPER', '1'), ('XMODIFIERS', '@im=ibus'), ('XDG_SESSION_DESKTOP', 'ubuntu'), ('XAUTHORITY', '/run/user/1000/.mutter-Xwaylandauth.UJJAK2'), ('LS_COLORS', 'di=34:ow=34:tw=34:fi=13:ln=31:pi=5:so=5:bd=5:cd=5:or=31:mi=0:ex=35:*.rpm=90:*.png=35:*.gif=36:*.jpg=35:*.c=92:*.py=93:*.h=90:*.txt=94:*.doc=104:*.odt=104:*.csv=102:*.xlsx=102:*.xlsm=102:*.rb=31:*.cpp=92:*.sh=92:*.html=96:*.zip=4;33:*.tar.gz=4;33:*.mp4=105:*.mp3=106'), ('SSH_AGENT_LAUNCHER', 'gnome-keyring'), ('SSH_AUTH_SOCK', '/run/user/1000/keyring/ssh'), ('AMENT_PREFIX_PATH', '/home/fiend/Navigation_Bot/dev_ws/install/navigation_bot:/home/fiend/LineFollowingRobot/ros_ws/install/line_bhakt:/home/fiend/ROS/practice_codes_ROS2/articubot_one/install/articubot_one:/opt/ros/humble'), ('SHELL', '/bin/bash'), ('TERMINATOR_UUID', 'urn:uuid:de10c5cb-7f42-4ea2-ad3f-7446c017e8fd'), ('QT_ACCESSIBILITY', '1'), ('GDMSESSION', 'ubuntu'), ('LESSCLOSE', '/usr/bin/lesspipe %s %s'), ('GCC_COLORS', 'error=31:warning=35:note=36:caret=32:locus=01:quote=01'), ('GJS_DEBUG_OUTPUT', 'stderr'), ('QT_IM_MODULE', 'ibus'), ('PWD', '/home/fiend/Navigation_Bot/dev_ws/build/navigation_bot'), ('LC_ALL', 'en_US.UTF-8'), ('XDG_CONFIG_DIRS', '/etc/xdg/xdg-ubuntu:/etc/xdg'), ('XDG_DATA_DIRS', '/usr/share/ubuntu:/home/fiend/.local/share/flatpak/exports/share:/var/lib/flatpak/exports/share:/usr/local/share/:/usr/share/:/var/lib/snapd/desktop'), ('STARSHIP_SESSION_KEY', '2059017139146452'), ('PYTHONPATH', '/opt/ros/humble/lib/python3.10/site-packages:/opt/ros/humble/local/lib/python3.10/dist-packages'), ('COLCON', '1'), ('VTE_VERSION', '6800'), ('CMAKE_PREFIX_PATH', '/home/fiend/Navigation_Bot/dev_ws/install/navigation_bot:/home/fiend/LineFollowingRobot/ros_ws/install/line_bhakt:/home/fiend/ROS/practice_codes_ROS2/articubot_one/install/articubot_one:/opt/ros/humble')]), 'shell': False}
[21.260508] (navigation_bot) StdoutLine: {'line': b'-- Install configuration: ""\n'}
[21.261327] (navigation_bot) StdoutLine: {'line': b'-- Execute custom install script\n'}
[21.262119] (navigation_bot) StdoutLine: {'line': b'-- Up-to-date symlink: /home/fiend/Navigation_Bot/dev_ws/install/navigation_bot/share/navigation_bot/config/empty.yaml\n'}
[21.262509] (navigation_bot) StdoutLine: {'line': b'-- Up-to-date symlink: /home/fiend/Navigation_Bot/dev_ws/install/navigation_bot/share/navigation_bot/config/my_controller.yaml\n'}
[21.262901] (navigation_bot) StdoutLine: {'line': b'-- Up-to-date symlink: /home/fiend/Navigation_Bot/dev_ws/install/navigation_bot/share/navigation_bot/description/Depth_camera.xacro\n'}
[21.263250] (navigation_bot) StdoutLine: {'line': b'-- Up-to-date symlink: /home/fiend/Navigation_Bot/dev_ws/install/navigation_bot/share/navigation_bot/description/camera.xacro\n'}
[21.263539] (navigation_bot) StdoutLine: {'line': b'-- Up-to-date symlink: /home/fiend/Navigation_Bot/dev_ws/install/navigation_bot/share/navigation_bot/description/gazebo_control.xacro\n'}
[21.263774] (navigation_bot) StdoutLine: {'line': b'-- Up-to-date symlink: /home/fiend/Navigation_Bot/dev_ws/install/navigation_bot/share/navigation_bot/description/inertial_macros.xacro\n'}
[21.264113] (navigation_bot) StdoutLine: {'line': b'-- Up-to-date symlink: /home/fiend/Navigation_Bot/dev_ws/install/navigation_bot/share/navigation_bot/description/lidar.xacro\n'}
[21.264313] (navigation_bot) StdoutLine: {'line': b'-- Up-to-date symlink: /home/fiend/Navigation_Bot/dev_ws/install/navigation_bot/share/navigation_bot/description/robot.urdf.xacro\n'}
[21.264456] (navigation_bot) StdoutLine: {'line': b'-- Up-to-date symlink: /home/fiend/Navigation_Bot/dev_ws/install/navigation_bot/share/navigation_bot/description/robot_core.xacro\n'}
[21.264615] (navigation_bot) StdoutLine: {'line': b'-- Up-to-date symlink: /home/fiend/Navigation_Bot/dev_ws/install/navigation_bot/share/navigation_bot/description/ros2_control.xacro\n'}
[21.264748] (navigation_bot) StdoutLine: {'line': b'-- Up-to-date symlink: /home/fiend/Navigation_Bot/dev_ws/install/navigation_bot/share/navigation_bot/launch/launch_sim.launch.py\n'}
[21.264915] (navigation_bot) StdoutLine: {'line': b'-- Up-to-date symlink: /home/fiend/Navigation_Bot/dev_ws/install/navigation_bot/share/navigation_bot/launch/rsp.launch.py\n'}
[21.265239] (navigation_bot) StdoutLine: {'line': b'-- Up-to-date symlink: /home/fiend/Navigation_Bot/dev_ws/install/navigation_bot/share/navigation_bot/worlds/empty.world\n'}
[21.265498] (navigation_bot) StdoutLine: {'line': b'-- Up-to-date symlink: /home/fiend/Navigation_Bot/dev_ws/install/navigation_bot/share/navigation_bot/worlds/home.world\n'}
[21.265705] (navigation_bot) StdoutLine: {'line': b'-- Up-to-date symlink: /home/fiend/Navigation_Bot/dev_ws/install/navigation_bot/share/navigation_bot/worlds/obstacle.world\n'}
[21.265937] (navigation_bot) StdoutLine: {'line': b'-- Up-to-date symlink: /home/fiend/Navigation_Bot/dev_ws/install/navigation_bot/share/navigation_bot/worlds/track.world\n'}
[21.266117] (navigation_bot) StdoutLine: {'line': b'-- Up-to-date symlink: /home/fiend/Navigation_Bot/dev_ws/install/navigation_bot/share/navigation_bot/worlds/turtleWorld.world\n'}
[21.266624] (navigation_bot) StdoutLine: {'line': b'-- Up-to-date symlink: /home/fiend/Navigation_Bot/dev_ws/install/navigation_bot/lib/navigation_bot/ImageCapture\n'}
[21.266971] (navigation_bot) StdoutLine: {'line': b'-- Up-to-date symlink: /home/fiend/Navigation_Bot/dev_ws/install/navigation_bot/lib/navigation_bot/Motor_Driver_Node\n'}
[21.267242] (navigation_bot) StdoutLine: {'line': b'-- Up-to-date symlink: /home/fiend/Navigation_Bot/dev_ws/install/navigation_bot/share/ament_index/resource_index/package_run_dependencies/navigation_bot\n'}
[21.267568] (navigation_bot) StdoutLine: {'line': b'-- Up-to-date symlink: /home/fiend/Navigation_Bot/dev_ws/install/navigation_bot/share/ament_index/resource_index/parent_prefix_path/navigation_bot\n'}
[21.267891] (navigation_bot) StdoutLine: {'line': b'-- Up-to-date symlink: /home/fiend/Navigation_Bot/dev_ws/install/navigation_bot/share/navigation_bot/environment/ament_prefix_path.sh\n'}
[21.268250] (navigation_bot) StdoutLine: {'line': b'-- Up-to-date symlink: /home/fiend/Navigation_Bot/dev_ws/install/navigation_bot/share/navigation_bot/environment/ament_prefix_path.dsv\n'}
[21.268514] (navigation_bot) StdoutLine: {'line': b'-- Up-to-date symlink: /home/fiend/Navigation_Bot/dev_ws/install/navigation_bot/share/navigation_bot/environment/path.sh\n'}
[21.268746] (navigation_bot) StdoutLine: {'line': b'-- Up-to-date symlink: /home/fiend/Navigation_Bot/dev_ws/install/navigation_bot/share/navigation_bot/environment/path.dsv\n'}
[21.269003] (navigation_bot) StdoutLine: {'line': b'-- Up-to-date symlink: /home/fiend/Navigation_Bot/dev_ws/install/navigation_bot/share/navigation_bot/local_setup.bash\n'}
[21.269280] (navigation_bot) StdoutLine: {'line': b'-- Up-to-date symlink: /home/fiend/Navigation_Bot/dev_ws/install/navigation_bot/share/navigation_bot/local_setup.sh\n'}
[21.269629] (navigation_bot) StdoutLine: {'line': b'-- Up-to-date symlink: /home/fiend/Navigation_Bot/dev_ws/install/navigation_bot/share/navigation_bot/local_setup.zsh\n'}
[21.269917] (navigation_bot) StdoutLine: {'line': b'-- Up-to-date symlink: /home/fiend/Navigation_Bot/dev_ws/install/navigation_bot/share/navigation_bot/local_setup.dsv\n'}
[21.270114] (navigation_bot) StdoutLine: {'line': b'-- Symlinking: /home/fiend/Navigation_Bot/dev_ws/install/navigation_bot/share/navigation_bot/package.dsv\n'}
[21.285073] (navigation_bot) StdoutLine: {'line': b'-- Up-to-date symlink: /home/fiend/Navigation_Bot/dev_ws/install/navigation_bot/share/ament_index/resource_index/packages/navigation_bot\n'}
[21.285468] (navigation_bot) StdoutLine: {'line': b'-- Up-to-date symlink: /home/fiend/Navigation_Bot/dev_ws/install/navigation_bot/share/navigation_bot/cmake/navigation_botConfig.cmake\n'}
[21.285684] (navigation_bot) StdoutLine: {'line': b'-- Up-to-date symlink: /home/fiend/Navigation_Bot/dev_ws/install/navigation_bot/share/navigation_bot/cmake/navigation_botConfig-version.cmake\n'}
[21.285992] (navigation_bot) StdoutLine: {'line': b'-- Up-to-date symlink: /home/fiend/Navigation_Bot/dev_ws/install/navigation_bot/share/navigation_bot/package.xml\n'}
[21.288984] (navigation_bot) CommandEnded: {'returncode': 0}
[21.291503] (-) TimerEvent: {}
[21.392755] (-) TimerEvent: {}
[21.493159] (-) TimerEvent: {}
[21.593635] (-) TimerEvent: {}
[21.665930] (navigation_bot) JobEnded: {'identifier': 'navigation_bot', 'rc': 0}
[21.667168] (-) EventReactorShutdown: {}
