[0.000000] (-) TimerEvent: {}
[0.000464] (navigation_bot) JobQueued: {'identifier': 'navigation_bot', 'dependencies': OrderedDict()}
[0.000566] (navigation_bot) JobStarted: {'identifier': 'navigation_bot'}
[0.099231] (-) TimerEvent: {}
[0.199986] (-) TimerEvent: {}
[0.300546] (-) TimerEvent: {}
[0.312567] (navigation_bot) JobProgress: {'identifier': 'navigation_bot', 'progress': 'cmake'}
[0.315519] (navigation_bot) JobProgress: {'identifier': 'navigation_bot', 'progress': 'build'}
[0.315618] (navigation_bot) Command: {'cmd': ['/usr/bin/cmake', '--build', '/home/fiend/Navigation_Bot/dev_ws/build/navigation_bot', '--', '-j8', '-l8'], 'cwd': '/home/fiend/Navigation_Bot/dev_ws/build/navigation_bot', 'env': OrderedDict([('GJS_DEBUG_TOPICS', 'JS ERROR;JS LOG'), ('LESSOPEN', '| /usr/bin/lesspipe %s'), ('LANGUAGE', 'en_IN:en'), ('USER', 'fiend'), ('STARSHIP_SHELL', 'bash'), ('XDG_SESSION_TYPE', 'wayland'), ('SHLVL', '1'), ('LD_LIBRARY_PATH', '/usr/lib/x86_64-linux-gnu/gazebo-11/plugins:/opt/ros/humble/opt/rviz_ogre_vendor/lib:/opt/ros/humble/lib/x86_64-linux-gnu:/opt/ros/humble/lib'), ('HOME', '/home/fiend'), ('OLDPWD', '/home/fiend/Navigation_Bot'), ('DESKTOP_SESSION', 'ubuntu'), ('GIO_LAUNCHED_DESKTOP_FILE', '/usr/share/applications/terminator.desktop'), ('ROS_PYTHON_VERSION', '3'), ('GNOME_SHELL_SESSION_MODE', 'ubuntu'), ('GTK_MODULES', 'gail:atk-bridge'), ('PS1', '\n\\[\x1b[38;5;156m\\]\\[\x1b[0m\\]\\[\x1b[38;5;166m\\]dev_ws\\[\x1b[0m\\]\\[\x1b[38;5;166m\\]\\[\x1b[0m\\] on \\[\x1b[38;5;162m\\]\ue0a0 \\[\x1b[0m\\]\\[\x1b[38;5;162m\\]main\\[\x1b[0m\\] underwent \\[\x1b[36m\\]39s\\[\x1b[0m\\]\n\\[\x1b[1;38;5;166m\\]➜\\[\x1b[0m\\]'), ('MANAGERPID', '865'), ('SYSTEMD_EXEC_PID', '1038'), ('DBUS_SESSION_BUS_ADDRESS', 'unix:path=/run/user/1000/bus'), ('COLORTERM', 'truecolor'), ('GIO_LAUNCHED_DESKTOP_FILE_PID', '5627'), ('_colcon_cd_root', '/opt/ros/humble/'), ('IM_CONFIG_PHASE', '1'), ('WAYLAND_DISPLAY', 'wayland-0'), ('COLCON_PREFIX_PATH', '/home/fiend/Navigation_Bot/dev_ws/install:/home/fiend/voice_grab/ros2_ws/install:/home/fiend/LineFollowingRobot/ros_ws/install:/home/fiend/ROS/practice_codes_ROS2/articubot_one/install'), ('ROS_DISTRO', 'humble'), ('LOGNAME', 'fiend'), ('JOURNAL_STREAM', '8:30767'), ('_', '/usr/bin/colcon'), ('ROS_VERSION', '2'), ('XDG_SESSION_CLASS', 'user'), ('USERNAME', 'fiend'), ('TERM', 'xterm-256color'), ('GNOME_DESKTOP_SESSION_ID', 'this-is-deprecated'), ('ROS_LOCALHOST_ONLY', '0'), ('PATH', '/opt/ros/humble/bin:/home/fiend/.local/bin:/usr/local/sbin:/usr/local/bin:/usr/sbin:/usr/bin:/sbin:/bin:/usr/games:/usr/local/games:/snap/bin:/snap/bin'), ('SESSION_MANAGER', 'local/fiend-Lenovo-Yoga-C740-14IML:@/tmp/.ICE-unix/1008,unix/fiend-Lenovo-Yoga-C740-14IML:/tmp/.ICE-unix/1008'), ('INVOCATION_ID', '37512f0c72ec48d79a8a8f1894f11f4d'), ('XDG_MENU_PREFIX', 'gnome-'), ('GNOME_SETUP_DISPLAY', ':1'), ('XDG_RUNTIME_DIR', '/run/user/1000'), ('DISPLAY', ':0'), ('LANG', 'en_US.UTF-8'), ('XDG_CURRENT_DESKTOP', 'ubuntu:GNOME'), ('IBUS_DISABLE_SNOOPER', '1'), ('XMODIFIERS', '@im=ibus'), ('XDG_SESSION_DESKTOP', 'ubuntu'), ('XAUTHORITY', '/run/user/1000/.mutter-Xwaylandauth.UJJAK2'), ('LS_COLORS', 'di=34:ow=34:tw=34:fi=13:ln=31:pi=5:so=5:bd=5:cd=5:or=31:mi=0:ex=35:*.rpm=90:*.png=35:*.gif=36:*.jpg=35:*.c=92:*.py=93:*.h=90:*.txt=94:*.doc=104:*.odt=104:*.csv=102:*.xlsx=102:*.xlsm=102:*.rb=31:*.cpp=92:*.sh=92:*.html=96:*.zip=4;33:*.tar.gz=4;33:*.mp4=105:*.mp3=106'), ('SSH_AGENT_LAUNCHER', 'gnome-keyring'), ('SSH_AUTH_SOCK', '/run/user/1000/keyring/ssh'), ('AMENT_PREFIX_PATH', '/home/fiend/Navigation_Bot/dev_ws/install/navigation_bot:/home/fiend/LineFollowingRobot/ros_ws/install/line_bhakt:/home/fiend/ROS/practice_codes_ROS2/articubot_one/install/articubot_one:/opt/ros/humble'), ('SHELL', '/bin/bash'), ('TERMINATOR_UUID', 'urn:uuid:de10c5cb-7f42-4ea2-ad3f-7446c017e8fd'), ('QT_ACCESSIBILITY', '1'), ('GDMSESSION', 'ubuntu'), ('LESSCLOSE', '/usr/bin/lesspipe %s %s'), ('GCC_COLORS', 'error=31:warning=35:note=36:caret=32:locus=01:quote=01'), ('GJS_DEBUG_OUTPUT', 'stderr'), ('QT_IM_MODULE', 'ibus'), ('PWD', '/home/fiend/Navigation_Bot/dev_ws/build/navigation_bot'), ('LC_ALL', 'en_US.UTF-8'), ('XDG_CONFIG_DIRS', '/etc/xdg/xdg-ubuntu:/etc/xdg'), ('XDG_DATA_DIRS', '/usr/share/ubuntu:/home/fiend/.local/share/flatpak/exports/share:/var/lib/flatpak/exports/share:/usr/local/share/:/usr/share/:/var/lib/snapd/desktop'), ('STARSHIP_SESSION_KEY', '2059017139146452'), ('PYTHONPATH', '/opt/ros/humble/lib/python3.10/site-packages:/opt/ros/humble/local/lib/python3.10/dist-packages'), ('COLCON', '1'), ('VTE_VERSION', '6800'), ('CMAKE_PREFIX_PATH', '/home/fiend/Navigation_Bot/dev_ws/install/navigation_bot:/home/fiend/LineFollowingRobot/ros_ws/install/line_bhakt:/home/fiend/ROS/practice_codes_ROS2/articubot_one/install/articubot_one:/opt/ros/humble')]), 'shell': False}
[0.396703] (navigation_bot) StdoutLine: {'line': b'\x1b[35m\x1b[1mConsolidate compiler generated dependencies of target Motor_Driver_Node\x1b[0m\n'}
[0.400685] (-) TimerEvent: {}
[0.421074] (navigation_bot) StdoutLine: {'line': b'[ 50%] Built target ImageCapture\n'}
[0.436268] (navigation_bot) StdoutLine: {'line': b'[ 75%] \x1b[32mBuilding CXX object CMakeFiles/Motor_Driver_Node.dir/Executables/follower.cpp.o\x1b[0m\n'}
[0.500804] (-) TimerEvent: {}
[0.601306] (-) TimerEvent: {}
[0.701699] (-) TimerEvent: {}
[0.802163] (-) TimerEvent: {}
[0.902651] (-) TimerEvent: {}
[1.003022] (-) TimerEvent: {}
[1.103390] (-) TimerEvent: {}
[1.203763] (-) TimerEvent: {}
[1.304159] (-) TimerEvent: {}
[1.405089] (-) TimerEvent: {}
[1.505470] (-) TimerEvent: {}
[1.605864] (-) TimerEvent: {}
[1.706253] (-) TimerEvent: {}
[1.806624] (-) TimerEvent: {}
[1.907013] (-) TimerEvent: {}
[2.007394] (-) TimerEvent: {}
[2.107765] (-) TimerEvent: {}
[2.208131] (-) TimerEvent: {}
[2.308500] (-) TimerEvent: {}
[2.408884] (-) TimerEvent: {}
[2.509344] (-) TimerEvent: {}
[2.609721] (-) TimerEvent: {}
[2.710100] (-) TimerEvent: {}
[2.810472] (-) TimerEvent: {}
[2.910844] (-) TimerEvent: {}
[3.011233] (-) TimerEvent: {}
[3.111618] (-) TimerEvent: {}
[3.212046] (-) TimerEvent: {}
[3.312423] (-) TimerEvent: {}
[3.412795] (-) TimerEvent: {}
[3.513175] (-) TimerEvent: {}
[3.613547] (-) TimerEvent: {}
[3.713920] (-) TimerEvent: {}
[3.814290] (-) TimerEvent: {}
[3.914688] (-) TimerEvent: {}
[4.015069] (-) TimerEvent: {}
[4.115448] (-) TimerEvent: {}
[4.215821] (-) TimerEvent: {}
[4.316200] (-) TimerEvent: {}
[4.416579] (-) TimerEvent: {}
[4.516967] (-) TimerEvent: {}
[4.617349] (-) TimerEvent: {}
[4.717746] (-) TimerEvent: {}
[4.818121] (-) TimerEvent: {}
[4.918545] (-) TimerEvent: {}
[5.018925] (-) TimerEvent: {}
[5.119314] (-) TimerEvent: {}
[5.219727] (-) TimerEvent: {}
[5.320139] (-) TimerEvent: {}
[5.420556] (-) TimerEvent: {}
[5.520929] (-) TimerEvent: {}
[5.621333] (-) TimerEvent: {}
[5.721705] (-) TimerEvent: {}
[5.822090] (-) TimerEvent: {}
[5.922468] (-) TimerEvent: {}
[6.022854] (-) TimerEvent: {}
[6.123244] (-) TimerEvent: {}
[6.223622] (-) TimerEvent: {}
[6.324006] (-) TimerEvent: {}
[6.424384] (-) TimerEvent: {}
[6.524770] (-) TimerEvent: {}
[6.625159] (-) TimerEvent: {}
[6.725537] (-) TimerEvent: {}
[6.825949] (-) TimerEvent: {}
[6.926334] (-) TimerEvent: {}
[7.026717] (-) TimerEvent: {}
[7.127114] (-) TimerEvent: {}
[7.227519] (-) TimerEvent: {}
[7.327888] (-) TimerEvent: {}
[7.428343] (-) TimerEvent: {}
[7.528780] (-) TimerEvent: {}
[7.629249] (-) TimerEvent: {}
[7.729714] (-) TimerEvent: {}
[7.830135] (-) TimerEvent: {}
[7.930559] (-) TimerEvent: {}
[8.031017] (-) TimerEvent: {}
[8.131529] (-) TimerEvent: {}
[8.231929] (-) TimerEvent: {}
[8.332343] (-) TimerEvent: {}
[8.432839] (-) TimerEvent: {}
[8.533237] (-) TimerEvent: {}
[8.633656] (-) TimerEvent: {}
[8.734043] (-) TimerEvent: {}
[8.834540] (-) TimerEvent: {}
[8.935000] (-) TimerEvent: {}
[9.035376] (-) TimerEvent: {}
[9.135756] (-) TimerEvent: {}
[9.236172] (-) TimerEvent: {}
[9.336597] (-) TimerEvent: {}
[9.436975] (-) TimerEvent: {}
[9.537361] (-) TimerEvent: {}
[9.637753] (-) TimerEvent: {}
[9.738137] (-) TimerEvent: {}
[9.838519] (-) TimerEvent: {}
[9.938910] (-) TimerEvent: {}
[10.039325] (-) TimerEvent: {}
[10.139758] (-) TimerEvent: {}
[10.240152] (-) TimerEvent: {}
[10.340557] (-) TimerEvent: {}
[10.440961] (-) TimerEvent: {}
[10.541345] (-) TimerEvent: {}
[10.641762] (-) TimerEvent: {}
[10.742156] (-) TimerEvent: {}
[10.842588] (-) TimerEvent: {}
[10.943005] (-) TimerEvent: {}
[11.043378] (-) TimerEvent: {}
[11.143747] (-) TimerEvent: {}
[11.244320] (-) TimerEvent: {}
[11.344707] (-) TimerEvent: {}
[11.445083] (-) TimerEvent: {}
[11.545466] (-) TimerEvent: {}
[11.645855] (-) TimerEvent: {}
[11.746256] (-) TimerEvent: {}
[11.846638] (-) TimerEvent: {}
[11.947043] (-) TimerEvent: {}
[12.047473] (-) TimerEvent: {}
[12.147859] (-) TimerEvent: {}
[12.248277] (-) TimerEvent: {}
[12.348660] (-) TimerEvent: {}
[12.449047] (-) TimerEvent: {}
[12.549433] (-) TimerEvent: {}
[12.649861] (-) TimerEvent: {}
[12.750252] (-) TimerEvent: {}
[12.850675] (-) TimerEvent: {}
[12.951158] (-) TimerEvent: {}
[13.051599] (-) TimerEvent: {}
[13.151975] (-) TimerEvent: {}
[13.252344] (-) TimerEvent: {}
[13.352709] (-) TimerEvent: {}
[13.453087] (-) TimerEvent: {}
[13.553478] (-) TimerEvent: {}
[13.653852] (-) TimerEvent: {}
[13.754218] (-) TimerEvent: {}
[13.854589] (-) TimerEvent: {}
[13.954986] (-) TimerEvent: {}
[14.055429] (-) TimerEvent: {}
[14.155807] (-) TimerEvent: {}
[14.256238] (-) TimerEvent: {}
[14.356628] (-) TimerEvent: {}
[14.457008] (-) TimerEvent: {}
[14.557395] (-) TimerEvent: {}
[14.657763] (-) TimerEvent: {}
[14.758139] (-) TimerEvent: {}
[14.858590] (-) TimerEvent: {}
[14.959036] (-) TimerEvent: {}
[15.059441] (-) TimerEvent: {}
[15.159818] (-) TimerEvent: {}
[15.260189] (-) TimerEvent: {}
[15.360562] (-) TimerEvent: {}
[15.460959] (-) TimerEvent: {}
[15.561387] (-) TimerEvent: {}
[15.661789] (-) TimerEvent: {}
[15.762191] (-) TimerEvent: {}
[15.862604] (-) TimerEvent: {}
[15.963007] (-) TimerEvent: {}
[16.063456] (-) TimerEvent: {}
[16.163826] (-) TimerEvent: {}
[16.264193] (-) TimerEvent: {}
[16.364645] (-) TimerEvent: {}
[16.465066] (-) TimerEvent: {}
[16.565480] (-) TimerEvent: {}
[16.666084] (-) TimerEvent: {}
[16.766508] (-) TimerEvent: {}
[16.866928] (-) TimerEvent: {}
[16.967372] (-) TimerEvent: {}
[17.067783] (-) TimerEvent: {}
[17.168219] (-) TimerEvent: {}
[17.268636] (-) TimerEvent: {}
[17.369064] (-) TimerEvent: {}
[17.469484] (-) TimerEvent: {}
[17.569906] (-) TimerEvent: {}
[17.670330] (-) TimerEvent: {}
[17.770751] (-) TimerEvent: {}
[17.871182] (-) TimerEvent: {}
[17.971601] (-) TimerEvent: {}
[18.072022] (-) TimerEvent: {}
[18.172478] (-) TimerEvent: {}
[18.272888] (-) TimerEvent: {}
[18.373309] (-) TimerEvent: {}
[18.473762] (-) TimerEvent: {}
[18.574220] (-) TimerEvent: {}
[18.674926] (-) TimerEvent: {}
[18.775369] (-) TimerEvent: {}
[18.875796] (-) TimerEvent: {}
[18.976260] (-) TimerEvent: {}
[19.076686] (-) TimerEvent: {}
[19.177111] (-) TimerEvent: {}
[19.277543] (-) TimerEvent: {}
[19.377974] (-) TimerEvent: {}
[19.478402] (-) TimerEvent: {}
[19.578842] (-) TimerEvent: {}
[19.597099] (navigation_bot) StdoutLine: {'line': b'[100%] \x1b[32m\x1b[1mLinking CXX executable Motor_Driver_Node\x1b[0m\n'}
[19.678980] (-) TimerEvent: {}
[19.779412] (-) TimerEvent: {}
[19.879895] (-) TimerEvent: {}
[19.980354] (-) TimerEvent: {}
[20.080834] (-) TimerEvent: {}
[20.181277] (-) TimerEvent: {}
[20.281701] (-) TimerEvent: {}
[20.382175] (-) TimerEvent: {}
[20.482609] (-) TimerEvent: {}
[20.556561] (navigation_bot) StdoutLine: {'line': b'[100%] Built target Motor_Driver_Node\n'}
[20.575639] (navigation_bot) CommandEnded: {'returncode': 0}
[20.582717] (-) TimerEvent: {}
[20.621027] (navigation_bot) JobProgress: {'identifier': 'navigation_bot', 'progress': 'install'}
[20.637231] (navigation_bot) Command: {'cmd': ['/usr/bin/cmake', '--install', '/home/fiend/Navigation_Bot/dev_ws/build/navigation_bot'], 'cwd': '/home/fiend/Navigation_Bot/dev_ws/build/navigation_bot', 'env': OrderedDict([('GJS_DEBUG_TOPICS', 'JS ERROR;JS LOG'), ('LESSOPEN', '| /usr/bin/lesspipe %s'), ('LANGUAGE', 'en_IN:en'), ('USER', 'fiend'), ('STARSHIP_SHELL', 'bash'), ('XDG_SESSION_TYPE', 'wayland'), ('SHLVL', '1'), ('LD_LIBRARY_PATH', '/usr/lib/x86_64-linux-gnu/gazebo-11/plugins:/opt/ros/humble/opt/rviz_ogre_vendor/lib:/opt/ros/humble/lib/x86_64-linux-gnu:/opt/ros/humble/lib'), ('HOME', '/home/fiend'), ('OLDPWD', '/home/fiend/Navigation_Bot'), ('DESKTOP_SESSION', 'ubuntu'), ('GIO_LAUNCHED_DESKTOP_FILE', '/usr/share/applications/terminator.desktop'), ('ROS_PYTHON_VERSION', '3'), ('GNOME_SHELL_SESSION_MODE', 'ubuntu'), ('GTK_MODULES', 'gail:atk-bridge'), ('PS1', '\n\\[\x1b[38;5;156m\\]\\[\x1b[0m\\]\\[\x1b[38;5;166m\\]dev_ws\\[\x1b[0m\\]\\[\x1b[38;5;166m\\]\\[\x1b[0m\\] on \\[\x1b[38;5;162m\\]\ue0a0 \\[\x1b[0m\\]\\[\x1b[38;5;162m\\]main\\[\x1b[0m\\] underwent \\[\x1b[36m\\]39s\\[\x1b[0m\\]\n\\[\x1b[1;38;5;166m\\]➜\\[\x1b[0m\\]'), ('MANAGERPID', '865'), ('SYSTEMD_EXEC_PID', '1038'), ('DBUS_SESSION_BUS_ADDRESS', 'unix:path=/run/user/1000/bus'), ('COLORTERM', 'truecolor'), ('GIO_LAUNCHED_DESKTOP_FILE_PID', '5627'), ('_colcon_cd_root', '/opt/ros/humble/'), ('IM_CONFIG_PHASE', '1'), ('WAYLAND_DISPLAY', 'wayland-0'), ('COLCON_PREFIX_PATH', '/home/fiend/Navigation_Bot/dev_ws/install:/home/fiend/voice_grab/ros2_ws/install:/home/fiend/LineFollowingRobot/ros_ws/install:/home/fiend/ROS/practice_codes_ROS2/articubot_one/install'), ('ROS_DISTRO', 'humble'), ('LOGNAME', 'fiend'), ('JOURNAL_STREAM', '8:30767'), ('_', '/usr/bin/colcon'), ('ROS_VERSION', '2'), ('XDG_SESSION_CLASS', 'user'), ('USERNAME', 'fiend'), ('TERM', 'xterm-256color'), ('GNOME_DESKTOP_SESSION_ID', 'this-is-deprecated'), ('ROS_LOCALHOST_ONLY', '0'), ('PATH', '/opt/ros/humble/bin:/home/fiend/.local/bin:/usr/local/sbin:/usr/local/bin:/usr/sbin:/usr/bin:/sbin:/bin:/usr/games:/usr/local/games:/snap/bin:/snap/bin'), ('SESSION_MANAGER', 'local/fiend-Lenovo-Yoga-C740-14IML:@/tmp/.ICE-unix/1008,unix/fiend-Lenovo-Yoga-C740-14IML:/tmp/.ICE-unix/1008'), ('INVOCATION_ID', '37512f0c72ec48d79a8a8f1894f11f4d'), ('XDG_MENU_PREFIX', 'gnome-'), ('GNOME_SETUP_DISPLAY', ':1'), ('XDG_RUNTIME_DIR', '/run/user/1000'), ('DISPLAY', ':0'), ('LANG', 'en_US.UTF-8'), ('XDG_CURRENT_DESKTOP', 'ubuntu:GNOME'), ('IBUS_DISABLE_SNOOPER', '1'), ('XMODIFIERS', '@im=ibus'), ('XDG_SESSION_DESKTOP', 'ubuntu'), ('XAUTHORITY', '/run/user/1000/.mutter-Xwaylandauth.UJJAK2'), ('LS_COLORS', 'di=34:ow=34:tw=34:fi=13:ln=31:pi=5:so=5:bd=5:cd=5:or=31:mi=0:ex=35:*.rpm=90:*.png=35:*.gif=36:*.jpg=35:*.c=92:*.py=93:*.h=90:*.txt=94:*.doc=104:*.odt=104:*.csv=102:*.xlsx=102:*.xlsm=102:*.rb=31:*.cpp=92:*.sh=92:*.html=96:*.zip=4;33:*.tar.gz=4;33:*.mp4=105:*.mp3=106'), ('SSH_AGENT_LAUNCHER', 'gnome-keyring'), ('SSH_AUTH_SOCK', '/run/user/1000/keyring/ssh'), ('AMENT_PREFIX_PATH', '/home/fiend/Navigation_Bot/dev_ws/install/navigation_bot:/home/fiend/LineFollowingRobot/ros_ws/install/line_bhakt:/home/fiend/ROS/practice_codes_ROS2/articubot_one/install/articubot_one:/opt/ros/humble'), ('SHELL', '/bin/bash'), ('TERMINATOR_UUID', 'urn:uuid:de10c5cb-7f42-4ea2-ad3f-7446c017e8fd'), ('QT_ACCESSIBILITY', '1'), ('GDMSESSION', 'ubuntu'), ('LESSCLOSE', '/usr/bin/lesspipe %s %s'), ('GCC_COLORS', 'error=31:warning=35:note=36:caret=32:locus=01:quote=01'), ('GJS_DEBUG_OUTPUT', 'stderr'), ('QT_IM_MODULE', 'ibus'), ('PWD', '/home/fiend/Navigation_Bot/dev_ws/build/navigation_bot'), ('LC_ALL', 'en_US.UTF-8'), ('XDG_CONFIG_DIRS', '/etc/xdg/xdg-ubuntu:/etc/xdg'), ('XDG_DATA_DIRS', '/usr/share/ubuntu:/home/fiend/.local/share/flatpak/exports/share:/var/lib/flatpak/exports/share:/usr/local/share/:/usr/share/:/var/lib/snapd/desktop'), ('STARSHIP_SESSION_KEY', '2059017139146452'), ('PYTHONPATH', '/opt/ros/humble/lib/python3.10/site-packages:/opt/ros/humble/local/lib/python3.10/dist-packages'), ('COLCON', '1'), ('VTE_VERSION', '6800'), ('CMAKE_PREFIX_PATH', '/home/fiend/Navigation_Bot/dev_ws/install/navigation_bot:/home/fiend/LineFollowingRobot/ros_ws/install/line_bhakt:/home/fiend/ROS/practice_codes_ROS2/articubot_one/install/articubot_one:/opt/ros/humble')]), 'shell': False}
[20.649401] (navigation_bot) StdoutLine: {'line': b'-- Install configuration: ""\n'}
[20.650219] (navigation_bot) StdoutLine: {'line': b'-- Execute custom install script\n'}
[20.651196] (navigation_bot) StdoutLine: {'line': b'-- Up-to-date symlink: /home/fiend/Navigation_Bot/dev_ws/install/navigation_bot/share/navigation_bot/config/empty.yaml\n'}
[20.651574] (navigation_bot) StdoutLine: {'line': b'-- Up-to-date symlink: /home/fiend/Navigation_Bot/dev_ws/install/navigation_bot/share/navigation_bot/config/my_controller.yaml\n'}
[20.651961] (navigation_bot) StdoutLine: {'line': b'-- Up-to-date symlink: /home/fiend/Navigation_Bot/dev_ws/install/navigation_bot/share/navigation_bot/description/Depth_camera.xacro\n'}
[20.652281] (navigation_bot) StdoutLine: {'line': b'-- Up-to-date symlink: /home/fiend/Navigation_Bot/dev_ws/install/navigation_bot/share/navigation_bot/description/camera.xacro\n'}
[20.652615] (navigation_bot) StdoutLine: {'line': b'-- Up-to-date symlink: /home/fiend/Navigation_Bot/dev_ws/install/navigation_bot/share/navigation_bot/description/gazebo_control.xacro\n'}
[20.652902] (navigation_bot) StdoutLine: {'line': b'-- Up-to-date symlink: /home/fiend/Navigation_Bot/dev_ws/install/navigation_bot/share/navigation_bot/description/inertial_macros.xacro\n'}
[20.653191] (navigation_bot) StdoutLine: {'line': b'-- Up-to-date symlink: /home/fiend/Navigation_Bot/dev_ws/install/navigation_bot/share/navigation_bot/description/lidar.xacro\n'}
[20.653421] (navigation_bot) StdoutLine: {'line': b'-- Up-to-date symlink: /home/fiend/Navigation_Bot/dev_ws/install/navigation_bot/share/navigation_bot/description/robot.urdf.xacro\n'}
[20.653746] (navigation_bot) StdoutLine: {'line': b'-- Up-to-date symlink: /home/fiend/Navigation_Bot/dev_ws/install/navigation_bot/share/navigation_bot/description/robot_core.xacro\n'}
[20.654001] (navigation_bot) StdoutLine: {'line': b'-- Up-to-date symlink: /home/fiend/Navigation_Bot/dev_ws/install/navigation_bot/share/navigation_bot/description/ros2_control.xacro\n'}
[20.654223] (navigation_bot) StdoutLine: {'line': b'-- Up-to-date symlink: /home/fiend/Navigation_Bot/dev_ws/install/navigation_bot/share/navigation_bot/launch/launch_sim.launch.py\n'}
[20.654476] (navigation_bot) StdoutLine: {'line': b'-- Up-to-date symlink: /home/fiend/Navigation_Bot/dev_ws/install/navigation_bot/share/navigation_bot/launch/rsp.launch.py\n'}
[20.654739] (navigation_bot) StdoutLine: {'line': b'-- Up-to-date symlink: /home/fiend/Navigation_Bot/dev_ws/install/navigation_bot/share/navigation_bot/worlds/empty.world\n'}
[20.655013] (navigation_bot) StdoutLine: {'line': b'-- Up-to-date symlink: /home/fiend/Navigation_Bot/dev_ws/install/navigation_bot/share/navigation_bot/worlds/home.world\n'}
[20.655249] (navigation_bot) StdoutLine: {'line': b'-- Up-to-date symlink: /home/fiend/Navigation_Bot/dev_ws/install/navigation_bot/share/navigation_bot/worlds/obstacle.world\n'}
[20.655552] (navigation_bot) StdoutLine: {'line': b'-- Up-to-date symlink: /home/fiend/Navigation_Bot/dev_ws/install/navigation_bot/share/navigation_bot/worlds/track.world\n'}
[20.655818] (navigation_bot) StdoutLine: {'line': b'-- Up-to-date symlink: /home/fiend/Navigation_Bot/dev_ws/install/navigation_bot/share/navigation_bot/worlds/turtleWorld.world\n'}
[20.656072] (navigation_bot) StdoutLine: {'line': b'-- Up-to-date symlink: /home/fiend/Navigation_Bot/dev_ws/install/navigation_bot/lib/navigation_bot/ImageCapture\n'}
[20.656341] (navigation_bot) StdoutLine: {'line': b'-- Up-to-date symlink: /home/fiend/Navigation_Bot/dev_ws/install/navigation_bot/lib/navigation_bot/Motor_Driver_Node\n'}
[20.656568] (navigation_bot) StdoutLine: {'line': b'-- Up-to-date symlink: /home/fiend/Navigation_Bot/dev_ws/install/navigation_bot/share/ament_index/resource_index/package_run_dependencies/navigation_bot\n'}
[20.656836] (navigation_bot) StdoutLine: {'line': b'-- Up-to-date symlink: /home/fiend/Navigation_Bot/dev_ws/install/navigation_bot/share/ament_index/resource_index/parent_prefix_path/navigation_bot\n'}
[20.657089] (navigation_bot) StdoutLine: {'line': b'-- Up-to-date symlink: /home/fiend/Navigation_Bot/dev_ws/install/navigation_bot/share/navigation_bot/environment/ament_prefix_path.sh\n'}
[20.657391] (navigation_bot) StdoutLine: {'line': b'-- Up-to-date symlink: /home/fiend/Navigation_Bot/dev_ws/install/navigation_bot/share/navigation_bot/environment/ament_prefix_path.dsv\n'}
[20.657693] (navigation_bot) StdoutLine: {'line': b'-- Up-to-date symlink: /home/fiend/Navigation_Bot/dev_ws/install/navigation_bot/share/navigation_bot/environment/path.sh\n'}
[20.657947] (navigation_bot) StdoutLine: {'line': b'-- Up-to-date symlink: /home/fiend/Navigation_Bot/dev_ws/install/navigation_bot/share/navigation_bot/environment/path.dsv\n'}
[20.658246] (navigation_bot) StdoutLine: {'line': b'-- Up-to-date symlink: /home/fiend/Navigation_Bot/dev_ws/install/navigation_bot/share/navigation_bot/local_setup.bash\n'}
[20.658552] (navigation_bot) StdoutLine: {'line': b'-- Up-to-date symlink: /home/fiend/Navigation_Bot/dev_ws/install/navigation_bot/share/navigation_bot/local_setup.sh\n'}
[20.658811] (navigation_bot) StdoutLine: {'line': b'-- Up-to-date symlink: /home/fiend/Navigation_Bot/dev_ws/install/navigation_bot/share/navigation_bot/local_setup.zsh\n'}
[20.659139] (navigation_bot) StdoutLine: {'line': b'-- Up-to-date symlink: /home/fiend/Navigation_Bot/dev_ws/install/navigation_bot/share/navigation_bot/local_setup.dsv\n'}
[20.659412] (navigation_bot) StdoutLine: {'line': b'-- Symlinking: /home/fiend/Navigation_Bot/dev_ws/install/navigation_bot/share/navigation_bot/package.dsv\n'}
[20.674789] (navigation_bot) StdoutLine: {'line': b'-- Up-to-date symlink: /home/fiend/Navigation_Bot/dev_ws/install/navigation_bot/share/ament_index/resource_index/packages/navigation_bot\n'}
[20.675237] (navigation_bot) StdoutLine: {'line': b'-- Up-to-date symlink: /home/fiend/Navigation_Bot/dev_ws/install/navigation_bot/share/navigation_bot/cmake/navigation_botConfig.cmake\n'}
[20.675549] (navigation_bot) StdoutLine: {'line': b'-- Up-to-date symlink: /home/fiend/Navigation_Bot/dev_ws/install/navigation_bot/share/navigation_bot/cmake/navigation_botConfig-version.cmake\n'}
[20.675840] (navigation_bot) StdoutLine: {'line': b'-- Up-to-date symlink: /home/fiend/Navigation_Bot/dev_ws/install/navigation_bot/share/navigation_bot/package.xml\n'}
[20.678453] (navigation_bot) CommandEnded: {'returncode': 0}
[20.682855] (-) TimerEvent: {}
[20.784730] (-) TimerEvent: {}
[20.885238] (-) TimerEvent: {}
[20.985658] (-) TimerEvent: {}
[21.063291] (navigation_bot) JobEnded: {'identifier': 'navigation_bot', 'rc': 0}
[21.064513] (-) EventReactorShutdown: {}
