[0.000000] (-) TimerEvent: {}
[0.001802] (navigation_bot) JobQueued: {'identifier': 'navigation_bot', 'dependencies': OrderedDict()}
[0.002348] (navigation_bot) JobStarted: {'identifier': 'navigation_bot'}
[0.099000] (-) TimerEvent: {}
[0.199570] (-) TimerEvent: {}
[0.300058] (-) TimerEvent: {}
[0.330576] (navigation_bot) JobProgress: {'identifier': 'navigation_bot', 'progress': 'cmake'}
[0.332407] (navigation_bot) JobProgress: {'identifier': 'navigation_bot', 'progress': 'build'}
[0.333836] (navigation_bot) Command: {'cmd': ['/usr/bin/cmake', '--build', '/home/fiend/Navigation_Bot/dev_ws/build/navigation_bot', '--', '-j8', '-l8'], 'cwd': '/home/fiend/Navigation_Bot/dev_ws/build/navigation_bot', 'env': OrderedDict([('GJS_DEBUG_TOPICS', 'JS ERROR;JS LOG'), ('LESSOPEN', '| /usr/bin/lesspipe %s'), ('LANGUAGE', 'en_IN:en'), ('USER', 'fiend'), ('STARSHIP_SHELL', 'bash'), ('XDG_SESSION_TYPE', 'wayland'), ('SHLVL', '1'), ('LD_LIBRARY_PATH', '/usr/lib/x86_64-linux-gnu/gazebo-11/plugins:/opt/ros/humble/opt/rviz_ogre_vendor/lib:/opt/ros/humble/lib/x86_64-linux-gnu:/opt/ros/humble/lib'), ('HOME', '/home/fiend'), ('OLDPWD', '/home/fiend/Navigation_Bot'), ('DESKTOP_SESSION', 'ubuntu'), ('GIO_LAUNCHED_DESKTOP_FILE', '/usr/share/applications/terminator.desktop'), ('ROS_PYTHON_VERSION', '3'), ('GNOME_SHELL_SESSION_MODE', 'ubuntu'), ('GTK_MODULES', 'gail:atk-bridge'), ('PS1', '\n\\[\x1b[38;5;156m\\]\\[\x1b[0m\\]\\[\x1b[38;5;166m\\]dev_ws\\[\x1b[0m\\]\\[\x1b[38;5;166m\\]\\[\x1b[0m\\] on \\[\x1b[38;5;162m\\]\ue0a0 \\[\x1b[0m\\]\\[\x1b[38;5;162m\\]main\\[\x1b[0m\\] underwent \\[\x1b[36m\\]55s\\[\x1b[0m\\]\n\\[\x1b[1;38;5;166m\\]➜\\[\x1b[0m\\]'), ('MANAGERPID', '865'), ('SYSTEMD_EXEC_PID', '1038'), ('DBUS_SESSION_BUS_ADDRESS', 'unix:path=/run/user/1000/bus'), ('COLORTERM', 'truecolor'), ('GIO_LAUNCHED_DESKTOP_FILE_PID', '5627'), ('_colcon_cd_root', '/opt/ros/humble/'), ('IM_CONFIG_PHASE', '1'), ('WAYLAND_DISPLAY', 'wayland-0'), ('COLCON_PREFIX_PATH', '/home/fiend/Navigation_Bot/dev_ws/install:/home/fiend/voice_grab/ros2_ws/install:/home/fiend/LineFollowingRobot/ros_ws/install:/home/fiend/ROS/practice_codes_ROS2/articubot_one/install'), ('ROS_DISTRO', 'humble'), ('LOGNAME', 'fiend'), ('JOURNAL_STREAM', '8:30767'), ('_', '/usr/bin/colcon'), ('ROS_VERSION', '2'), ('XDG_SESSION_CLASS', 'user'), ('USERNAME', 'fiend'), ('TERM', 'xterm-256color'), ('GNOME_DESKTOP_SESSION_ID', 'this-is-deprecated'), ('ROS_LOCALHOST_ONLY', '0'), ('PATH', '/opt/ros/humble/bin:/home/fiend/.local/bin:/usr/local/sbin:/usr/local/bin:/usr/sbin:/usr/bin:/sbin:/bin:/usr/games:/usr/local/games:/snap/bin:/snap/bin'), ('SESSION_MANAGER', 'local/fiend-Lenovo-Yoga-C740-14IML:@/tmp/.ICE-unix/1008,unix/fiend-Lenovo-Yoga-C740-14IML:/tmp/.ICE-unix/1008'), ('INVOCATION_ID', '37512f0c72ec48d79a8a8f1894f11f4d'), ('XDG_MENU_PREFIX', 'gnome-'), ('GNOME_SETUP_DISPLAY', ':1'), ('XDG_RUNTIME_DIR', '/run/user/1000'), ('DISPLAY', ':0'), ('LANG', 'en_US.UTF-8'), ('XDG_CURRENT_DESKTOP', 'ubuntu:GNOME'), ('IBUS_DISABLE_SNOOPER', '1'), ('XMODIFIERS', '@im=ibus'), ('XDG_SESSION_DESKTOP', 'ubuntu'), ('XAUTHORITY', '/run/user/1000/.mutter-Xwaylandauth.UJJAK2'), ('LS_COLORS', 'di=34:ow=34:tw=34:fi=13:ln=31:pi=5:so=5:bd=5:cd=5:or=31:mi=0:ex=35:*.rpm=90:*.png=35:*.gif=36:*.jpg=35:*.c=92:*.py=93:*.h=90:*.txt=94:*.doc=104:*.odt=104:*.csv=102:*.xlsx=102:*.xlsm=102:*.rb=31:*.cpp=92:*.sh=92:*.html=96:*.zip=4;33:*.tar.gz=4;33:*.mp4=105:*.mp3=106'), ('SSH_AGENT_LAUNCHER', 'gnome-keyring'), ('SSH_AUTH_SOCK', '/run/user/1000/keyring/ssh'), ('AMENT_PREFIX_PATH', '/home/fiend/Navigation_Bot/dev_ws/install/navigation_bot:/home/fiend/LineFollowingRobot/ros_ws/install/line_bhakt:/home/fiend/ROS/practice_codes_ROS2/articubot_one/install/articubot_one:/opt/ros/humble'), ('SHELL', '/bin/bash'), ('TERMINATOR_UUID', 'urn:uuid:de10c5cb-7f42-4ea2-ad3f-7446c017e8fd'), ('QT_ACCESSIBILITY', '1'), ('GDMSESSION', 'ubuntu'), ('LESSCLOSE', '/usr/bin/lesspipe %s %s'), ('GCC_COLORS', 'error=31:warning=35:note=36:caret=32:locus=01:quote=01'), ('GJS_DEBUG_OUTPUT', 'stderr'), ('QT_IM_MODULE', 'ibus'), ('PWD', '/home/fiend/Navigation_Bot/dev_ws/build/navigation_bot'), ('LC_ALL', 'en_US.UTF-8'), ('XDG_CONFIG_DIRS', '/etc/xdg/xdg-ubuntu:/etc/xdg'), ('XDG_DATA_DIRS', '/usr/share/ubuntu:/home/fiend/.local/share/flatpak/exports/share:/var/lib/flatpak/exports/share:/usr/local/share/:/usr/share/:/var/lib/snapd/desktop'), ('STARSHIP_SESSION_KEY', '2059017139146452'), ('PYTHONPATH', '/opt/ros/humble/lib/python3.10/site-packages:/opt/ros/humble/local/lib/python3.10/dist-packages'), ('COLCON', '1'), ('VTE_VERSION', '6800'), ('CMAKE_PREFIX_PATH', '/home/fiend/Navigation_Bot/dev_ws/install/navigation_bot:/home/fiend/LineFollowingRobot/ros_ws/install/line_bhakt:/home/fiend/ROS/practice_codes_ROS2/articubot_one/install/articubot_one:/opt/ros/humble')]), 'shell': False}
[0.400173] (-) TimerEvent: {}
[0.417676] (navigation_bot) StdoutLine: {'line': b'\x1b[35m\x1b[1mConsolidate compiler generated dependencies of target Motor_Driver_Node\x1b[0m\n'}
[0.442573] (navigation_bot) StdoutLine: {'line': b'[ 50%] Built target ImageCapture\n'}
[0.458489] (navigation_bot) StdoutLine: {'line': b'[ 75%] \x1b[32mBuilding CXX object CMakeFiles/Motor_Driver_Node.dir/Executables/follower.cpp.o\x1b[0m\n'}
[0.500311] (-) TimerEvent: {}
[0.600761] (-) TimerEvent: {}
[0.701217] (-) TimerEvent: {}
[0.801635] (-) TimerEvent: {}
[0.902059] (-) TimerEvent: {}
[1.002540] (-) TimerEvent: {}
[1.102905] (-) TimerEvent: {}
[1.203280] (-) TimerEvent: {}
[1.303658] (-) TimerEvent: {}
[1.404030] (-) TimerEvent: {}
[1.504435] (-) TimerEvent: {}
[1.604805] (-) TimerEvent: {}
[1.705173] (-) TimerEvent: {}
[1.805536] (-) TimerEvent: {}
[1.905914] (-) TimerEvent: {}
[2.006288] (-) TimerEvent: {}
[2.106650] (-) TimerEvent: {}
[2.207062] (-) TimerEvent: {}
[2.307507] (-) TimerEvent: {}
[2.407872] (-) TimerEvent: {}
[2.508277] (-) TimerEvent: {}
[2.608651] (-) TimerEvent: {}
[2.709032] (-) TimerEvent: {}
[2.809421] (-) TimerEvent: {}
[2.909816] (-) TimerEvent: {}
[3.010230] (-) TimerEvent: {}
[3.110635] (-) TimerEvent: {}
[3.211006] (-) TimerEvent: {}
[3.311427] (-) TimerEvent: {}
[3.411803] (-) TimerEvent: {}
[3.512175] (-) TimerEvent: {}
[3.612536] (-) TimerEvent: {}
[3.712921] (-) TimerEvent: {}
[3.813407] (-) TimerEvent: {}
[3.913814] (-) TimerEvent: {}
[4.014174] (-) TimerEvent: {}
[4.114543] (-) TimerEvent: {}
[4.214906] (-) TimerEvent: {}
[4.315284] (-) TimerEvent: {}
[4.415656] (-) TimerEvent: {}
[4.516027] (-) TimerEvent: {}
[4.616441] (-) TimerEvent: {}
[4.716811] (-) TimerEvent: {}
[4.817174] (-) TimerEvent: {}
[4.917580] (-) TimerEvent: {}
[5.017942] (-) TimerEvent: {}
[5.118304] (-) TimerEvent: {}
[5.218701] (-) TimerEvent: {}
[5.319101] (-) TimerEvent: {}
[5.419507] (-) TimerEvent: {}
[5.519866] (-) TimerEvent: {}
[5.620249] (-) TimerEvent: {}
[5.720620] (-) TimerEvent: {}
[5.821020] (-) TimerEvent: {}
[5.921389] (-) TimerEvent: {}
[6.021773] (-) TimerEvent: {}
[6.122182] (-) TimerEvent: {}
[6.222631] (-) TimerEvent: {}
[6.323086] (-) TimerEvent: {}
[6.423460] (-) TimerEvent: {}
[6.523867] (-) TimerEvent: {}
[6.624288] (-) TimerEvent: {}
[6.724671] (-) TimerEvent: {}
[6.825047] (-) TimerEvent: {}
[6.925462] (-) TimerEvent: {}
[7.025841] (-) TimerEvent: {}
[7.126205] (-) TimerEvent: {}
[7.226576] (-) TimerEvent: {}
[7.326998] (-) TimerEvent: {}
[7.427372] (-) TimerEvent: {}
[7.527743] (-) TimerEvent: {}
[7.628188] (-) TimerEvent: {}
[7.728563] (-) TimerEvent: {}
[7.828938] (-) TimerEvent: {}
[7.929329] (-) TimerEvent: {}
[8.029684] (-) TimerEvent: {}
[8.130062] (-) TimerEvent: {}
[8.230512] (-) TimerEvent: {}
[8.330879] (-) TimerEvent: {}
[8.431242] (-) TimerEvent: {}
[8.531613] (-) TimerEvent: {}
[8.631994] (-) TimerEvent: {}
[8.732379] (-) TimerEvent: {}
[8.832776] (-) TimerEvent: {}
[8.933164] (-) TimerEvent: {}
[9.033601] (-) TimerEvent: {}
[9.133983] (-) TimerEvent: {}
[9.234391] (-) TimerEvent: {}
[9.334804] (-) TimerEvent: {}
[9.435254] (-) TimerEvent: {}
[9.535655] (-) TimerEvent: {}
[9.636072] (-) TimerEvent: {}
[9.736461] (-) TimerEvent: {}
[9.836841] (-) TimerEvent: {}
[9.937249] (-) TimerEvent: {}
[10.037667] (-) TimerEvent: {}
[10.138120] (-) TimerEvent: {}
[10.238491] (-) TimerEvent: {}
[10.338909] (-) TimerEvent: {}
[10.439308] (-) TimerEvent: {}
[10.539677] (-) TimerEvent: {}
[10.640074] (-) TimerEvent: {}
[10.740495] (-) TimerEvent: {}
[10.840993] (-) TimerEvent: {}
[10.941471] (-) TimerEvent: {}
[11.041946] (-) TimerEvent: {}
[11.142458] (-) TimerEvent: {}
[11.242917] (-) TimerEvent: {}
[11.343459] (-) TimerEvent: {}
[11.444580] (-) TimerEvent: {}
[11.545114] (-) TimerEvent: {}
[11.645832] (-) TimerEvent: {}
[11.746384] (-) TimerEvent: {}
[11.846928] (-) TimerEvent: {}
[11.947487] (-) TimerEvent: {}
[12.048097] (-) TimerEvent: {}
[12.148708] (-) TimerEvent: {}
[12.249279] (-) TimerEvent: {}
[12.349808] (-) TimerEvent: {}
[12.450236] (-) TimerEvent: {}
[12.550780] (-) TimerEvent: {}
[12.651162] (-) TimerEvent: {}
[12.751560] (-) TimerEvent: {}
[12.851996] (-) TimerEvent: {}
[12.856867] (navigation_bot) StderrLine: {'line': b'gmake[2]: *** [CMakeFiles/Motor_Driver_Node.dir/build.make:76: CMakeFiles/Motor_Driver_Node.dir/Executables/follower.cpp.o] Interrupt\n'}
[12.857305] (navigation_bot) StderrLine: {'line': b'gmake[1]: *** [CMakeFiles/Makefile2:165: CMakeFiles/Motor_Driver_Node.dir/all] Interrupt\n'}
[12.857711] (navigation_bot) StderrLine: {'line': b'gmake: *** [Makefile:146: all] Interrupt\n'}
[12.918899] (navigation_bot) CommandEnded: {'returncode': -2}
[12.952118] (-) TimerEvent: {}
[13.053056] (-) TimerEvent: {}
[13.153710] (-) TimerEvent: {}
[13.197768] (navigation_bot) JobEnded: {'identifier': 'navigation_bot', 'rc': 'SIGINT'}
[13.208612] (-) EventReactorShutdown: {}
