[0.056s] Invoking command in '/home/fiend/Navigation_Bot/dev_ws/build/navigation_bot': CMAKE_PREFIX_PATH=/opt/ros/humble /usr/bin/cmake /home/fiend/Navigation_Bot/dev_ws/src -DAMENT_CMAKE_SYMLINK_INSTALL=1 -DCMAKE_INSTALL_PREFIX=/home/fiend/Navigation_Bot/dev_ws/install/navigation_bot
[0.139s] -- The C compiler identification is GNU 11.4.0
[0.221s] -- The CXX compiler identification is GNU 11.4.0
[0.230s] -- Detecting C compiler ABI info
[0.291s] -- Detecting C compiler ABI info - done
[0.299s] -- Check for working C compiler: /usr/bin/cc - skipped
[0.299s] -- Detecting C compile features
[0.300s] -- Detecting C compile features - done
[0.303s] -- Detecting CXX compiler ABI info
[0.374s] -- Detecting CXX compiler ABI info - done
[0.382s] -- Check for working CXX compiler: /usr/bin/c++ - skipped
[0.382s] -- Detecting CXX compile features
[0.383s] -- Detecting CXX compile features - done
[0.386s] -- Found ament_cmake: 1.3.5 (/opt/ros/humble/share/ament_cmake/cmake)
[0.548s] -- Found Python3: /usr/bin/python3.10 (found version "3.10.12") found components: Interpreter 
[0.610s] -- Override CMake install command with custom implementation using symlinks instead of copying resources
[0.642s] -- Found ament_lint_auto: 0.12.8 (/opt/ros/humble/share/ament_lint_auto/cmake)
[0.725s] -- Added test 'copyright' to check source files copyright and LICENSE
[0.727s] -- Added test 'flake8' to check Python code syntax and style conventions
[0.728s] -- Added test 'lint_cmake' to check CMake code style
[0.729s] -- Added test 'pep257' to check Python code against some of the docstring style conventions in PEP 257
[0.730s] -- Added test 'xmllint' to check XML markup files
[0.731s] -- Configuring done
[0.734s] -- Generating done
[0.735s] -- Build files have been written to: /home/fiend/Navigation_Bot/dev_ws/build/navigation_bot
[0.739s] Invoked command in '/home/fiend/Navigation_Bot/dev_ws/build/navigation_bot' returned '0': CMAKE_PREFIX_PATH=/opt/ros/humble /usr/bin/cmake /home/fiend/Navigation_Bot/dev_ws/src -DAMENT_CMAKE_SYMLINK_INSTALL=1 -DCMAKE_INSTALL_PREFIX=/home/fiend/Navigation_Bot/dev_ws/install/navigation_bot
[0.741s] Invoking command in '/home/fiend/Navigation_Bot/dev_ws/build/navigation_bot': CMAKE_PREFIX_PATH=/opt/ros/humble /usr/bin/cmake --build /home/fiend/Navigation_Bot/dev_ws/build/navigation_bot -- -j8 -l8
[0.773s] Invoked command in '/home/fiend/Navigation_Bot/dev_ws/build/navigation_bot' returned '0': CMAKE_PREFIX_PATH=/opt/ros/humble /usr/bin/cmake --build /home/fiend/Navigation_Bot/dev_ws/build/navigation_bot -- -j8 -l8
[0.798s] Invoking command in '/home/fiend/Navigation_Bot/dev_ws/build/navigation_bot': CMAKE_PREFIX_PATH=/opt/ros/humble /usr/bin/cmake --install /home/fiend/Navigation_Bot/dev_ws/build/navigation_bot
[0.805s] -- Install configuration: ""
[0.805s] -- Execute custom install script
[0.806s] -- Symlinking: /home/fiend/Navigation_Bot/dev_ws/install/navigation_bot/share/navigation_bot/config/empty.yaml
[0.813s] -- Symlinking: /home/fiend/Navigation_Bot/dev_ws/install/navigation_bot/share/navigation_bot/description/robot.urdf.xacro
[0.821s] -- Symlinking: /home/fiend/Navigation_Bot/dev_ws/install/navigation_bot/share/navigation_bot/description/robot_core.xacro
[0.829s] -- Symlinking: /home/fiend/Navigation_Bot/dev_ws/install/navigation_bot/share/navigation_bot/launch/rsp.launch.py
[0.837s] -- Symlinking: /home/fiend/Navigation_Bot/dev_ws/install/navigation_bot/share/navigation_bot/worlds/empty.world
[0.844s] -- Symlinking: /home/fiend/Navigation_Bot/dev_ws/install/navigation_bot/share/ament_index/resource_index/package_run_dependencies/navigation_bot
[0.853s] -- Symlinking: /home/fiend/Navigation_Bot/dev_ws/install/navigation_bot/share/ament_index/resource_index/parent_prefix_path/navigation_bot
[0.861s] -- Symlinking: /home/fiend/Navigation_Bot/dev_ws/install/navigation_bot/share/navigation_bot/environment/ament_prefix_path.sh
[0.869s] -- Symlinking: /home/fiend/Navigation_Bot/dev_ws/install/navigation_bot/share/navigation_bot/environment/ament_prefix_path.dsv
[0.886s] -- Symlinking: /home/fiend/Navigation_Bot/dev_ws/install/navigation_bot/share/navigation_bot/environment/path.sh
[0.906s] -- Symlinking: /home/fiend/Navigation_Bot/dev_ws/install/navigation_bot/share/navigation_bot/environment/path.dsv
[0.918s] -- Symlinking: /home/fiend/Navigation_Bot/dev_ws/install/navigation_bot/share/navigation_bot/local_setup.bash
[0.931s] -- Symlinking: /home/fiend/Navigation_Bot/dev_ws/install/navigation_bot/share/navigation_bot/local_setup.sh
[0.942s] -- Symlinking: /home/fiend/Navigation_Bot/dev_ws/install/navigation_bot/share/navigation_bot/local_setup.zsh
[0.951s] -- Symlinking: /home/fiend/Navigation_Bot/dev_ws/install/navigation_bot/share/navigation_bot/local_setup.dsv
[0.959s] -- Symlinking: /home/fiend/Navigation_Bot/dev_ws/install/navigation_bot/share/navigation_bot/package.dsv
[0.968s] -- Symlinking: /home/fiend/Navigation_Bot/dev_ws/install/navigation_bot/share/ament_index/resource_index/packages/navigation_bot
[0.975s] -- Symlinking: /home/fiend/Navigation_Bot/dev_ws/install/navigation_bot/share/navigation_bot/cmake/navigation_botConfig.cmake
[0.983s] -- Symlinking: /home/fiend/Navigation_Bot/dev_ws/install/navigation_bot/share/navigation_bot/cmake/navigation_botConfig-version.cmake
[0.992s] -- Symlinking: /home/fiend/Navigation_Bot/dev_ws/install/navigation_bot/share/navigation_bot/package.xml
[1.002s] Invoked command in '/home/fiend/Navigation_Bot/dev_ws/build/navigation_bot' returned '0': CMAKE_PREFIX_PATH=/opt/ros/humble /usr/bin/cmake --install /home/fiend/Navigation_Bot/dev_ws/build/navigation_bot
