[3.695s] DEBUG:colcon:Command line arguments: ['/usr/bin/colcon', 'build', '--symlink-install']
[3.695s] DEBUG:colcon:Parsed command line arguments: Namespace(log_base=None, log_level=None, verb_name='build', build_base='build', install_base='install', merge_install=False, symlink_install=True, test_result_base=None, continue_on_error=False, executor='parallel', parallel_workers=8, event_handlers=None, ignore_user_meta=False, metas=['./colcon.meta'], base_paths=['.'], packages_ignore=None, packages_ignore_regex=None, paths=None, packages_up_to=None, packages_up_to_regex=None, packages_above=None, packages_above_and_dependencies=None, packages_above_depth=None, packages_select_by_dep=None, packages_skip_by_dep=None, packages_skip_up_to=None, packages_select_build_failed=False, packages_skip_build_finished=False, packages_select_test_failures=False, packages_skip_test_passed=False, packages_select=None, packages_skip=None, packages_select_regex=None, packages_skip_regex=None, packages_start=None, packages_end=None, allow_overriding=[], cmake_args=None, cmake_target=None, cmake_target_skip_unavailable=False, cmake_clean_cache=False, cmake_clean_first=False, cmake_force_configure=False, ament_cmake_args=None, catkin_cmake_args=None, catkin_skip_building_tests=False, mixin_files=None, mixin=None, verb_parser=<colcon_mixin.mixin.mixin_argument.MixinArgumentDecorator object at 0x7384b73f11b0>, verb_extension=<colcon_core.verb.build.BuildVerb object at 0x7384b7582da0>, main=<bound method BuildVerb.main of <colcon_core.verb.build.BuildVerb object at 0x7384b7582da0>>, mixin_verb=('build',))
[3.835s] Level 1:colcon.colcon_core.package_discovery:discover_packages(colcon_meta) check parameters
[3.836s] Level 1:colcon.colcon_core.package_discovery:discover_packages(recursive) check parameters
[3.836s] Level 1:colcon.colcon_core.package_discovery:discover_packages(ignore) check parameters
[3.836s] Level 1:colcon.colcon_core.package_discovery:discover_packages(path) check parameters
[3.836s] Level 1:colcon.colcon_core.package_discovery:discover_packages(colcon_meta) discover
[3.836s] Level 1:colcon.colcon_core.package_discovery:discover_packages(recursive) discover
[3.837s] INFO:colcon.colcon_core.package_discovery:Crawling recursively for packages in '/home/fiend/Navigation_Bot/dev_ws'
[3.837s] Level 1:colcon.colcon_core.package_identification:_identify(.) by extensions ['ignore', 'ignore_ament_install']
[3.837s] Level 1:colcon.colcon_core.package_identification:_identify(.) by extension 'ignore'
[3.837s] Level 1:colcon.colcon_core.package_identification:_identify(.) by extension 'ignore_ament_install'
[3.838s] Level 1:colcon.colcon_core.package_identification:_identify(.) by extensions ['colcon_pkg']
[3.838s] Level 1:colcon.colcon_core.package_identification:_identify(.) by extension 'colcon_pkg'
[3.838s] Level 1:colcon.colcon_core.package_identification:_identify(.) by extensions ['colcon_meta']
[3.838s] Level 1:colcon.colcon_core.package_identification:_identify(.) by extension 'colcon_meta'
[3.838s] Level 1:colcon.colcon_core.package_identification:_identify(.) by extensions ['ros']
[3.838s] Level 1:colcon.colcon_core.package_identification:_identify(.) by extension 'ros'
[3.880s] Level 1:colcon.colcon_core.package_identification:_identify(.) by extensions ['cmake', 'python']
[3.880s] Level 1:colcon.colcon_core.package_identification:_identify(.) by extension 'cmake'
[3.880s] Level 1:colcon.colcon_core.package_identification:_identify(.) by extension 'python'
[3.880s] Level 1:colcon.colcon_core.package_identification:_identify(.) by extensions ['python_setup_py']
[3.880s] Level 1:colcon.colcon_core.package_identification:_identify(.) by extension 'python_setup_py'
[3.881s] Level 1:colcon.colcon_core.package_identification:_identify(build) by extensions ['ignore', 'ignore_ament_install']
[3.881s] Level 1:colcon.colcon_core.package_identification:_identify(build) by extension 'ignore'
[3.881s] Level 1:colcon.colcon_core.package_identification:_identify(build) ignored
[3.882s] Level 1:colcon.colcon_core.package_identification:_identify(install) by extensions ['ignore', 'ignore_ament_install']
[3.882s] Level 1:colcon.colcon_core.package_identification:_identify(install) by extension 'ignore'
[3.882s] Level 1:colcon.colcon_core.package_identification:_identify(install) ignored
[3.882s] Level 1:colcon.colcon_core.package_identification:_identify(log) by extensions ['ignore', 'ignore_ament_install']
[3.883s] Level 1:colcon.colcon_core.package_identification:_identify(log) by extension 'ignore'
[3.883s] Level 1:colcon.colcon_core.package_identification:_identify(log) ignored
[3.883s] Level 1:colcon.colcon_core.package_identification:_identify(src) by extensions ['ignore', 'ignore_ament_install']
[3.884s] Level 1:colcon.colcon_core.package_identification:_identify(src) by extension 'ignore'
[3.884s] Level 1:colcon.colcon_core.package_identification:_identify(src) by extension 'ignore_ament_install'
[3.884s] Level 1:colcon.colcon_core.package_identification:_identify(src) by extensions ['colcon_pkg']
[3.884s] Level 1:colcon.colcon_core.package_identification:_identify(src) by extension 'colcon_pkg'
[3.884s] Level 1:colcon.colcon_core.package_identification:_identify(src) by extensions ['colcon_meta']
[3.884s] Level 1:colcon.colcon_core.package_identification:_identify(src) by extension 'colcon_meta'
[3.885s] Level 1:colcon.colcon_core.package_identification:_identify(src) by extensions ['ros']
[3.885s] Level 1:colcon.colcon_core.package_identification:_identify(src) by extension 'ros'
[3.893s] DEBUG:colcon.colcon_core.package_identification:Package 'src' with type 'ros.ament_cmake' and name 'navigation_bot'
[3.893s] Level 1:colcon.colcon_core.package_discovery:discover_packages(recursive) using defaults
[3.893s] Level 1:colcon.colcon_core.package_discovery:discover_packages(ignore) discover
[3.893s] Level 1:colcon.colcon_core.package_discovery:discover_packages(ignore) using defaults
[3.894s] Level 1:colcon.colcon_core.package_discovery:discover_packages(path) discover
[3.894s] Level 1:colcon.colcon_core.package_discovery:discover_packages(path) using defaults
[4.178s] Level 1:colcon.colcon_core.package_discovery:discover_packages(prefix_path) check parameters
[4.178s] Level 1:colcon.colcon_core.package_discovery:discover_packages(prefix_path) discover
[4.269s] DEBUG:colcon.colcon_installed_package_information.package_discovery:Found 1 installed packages in /home/fiend/Navigation_Bot/dev_ws/install
[4.312s] DEBUG:colcon.colcon_installed_package_information.package_discovery:Found 1 installed packages in /home/fiend/voice_grab/ros2_ws/install
[4.353s] DEBUG:colcon.colcon_installed_package_information.package_discovery:Found 1 installed packages in /home/fiend/LineFollowingRobot/ros_ws/install
[4.395s] DEBUG:colcon.colcon_installed_package_information.package_discovery:Found 1 installed packages in /home/fiend/ROS/practice_codes_ROS2/articubot_one/install
[4.443s] DEBUG:colcon.colcon_installed_package_information.package_discovery:Found 405 installed packages in /opt/ros/humble
[4.447s] Level 1:colcon.colcon_core.package_discovery:discover_packages(prefix_path) using defaults
[4.764s] Level 5:colcon.colcon_core.verb:set package 'navigation_bot' build argument 'cmake_args' from command line to 'None'
[4.764s] Level 5:colcon.colcon_core.verb:set package 'navigation_bot' build argument 'cmake_target' from command line to 'None'
[4.764s] Level 5:colcon.colcon_core.verb:set package 'navigation_bot' build argument 'cmake_target_skip_unavailable' from command line to 'False'
[4.764s] Level 5:colcon.colcon_core.verb:set package 'navigation_bot' build argument 'cmake_clean_cache' from command line to 'False'
[4.765s] Level 5:colcon.colcon_core.verb:set package 'navigation_bot' build argument 'cmake_clean_first' from command line to 'False'
[4.765s] Level 5:colcon.colcon_core.verb:set package 'navigation_bot' build argument 'cmake_force_configure' from command line to 'False'
[4.765s] Level 5:colcon.colcon_core.verb:set package 'navigation_bot' build argument 'ament_cmake_args' from command line to 'None'
[4.765s] Level 5:colcon.colcon_core.verb:set package 'navigation_bot' build argument 'catkin_cmake_args' from command line to 'None'
[4.765s] Level 5:colcon.colcon_core.verb:set package 'navigation_bot' build argument 'catkin_skip_building_tests' from command line to 'False'
[4.765s] DEBUG:colcon.colcon_core.verb:Building package 'navigation_bot' with the following arguments: {'ament_cmake_args': None, 'build_base': '/home/fiend/Navigation_Bot/dev_ws/build/navigation_bot', 'catkin_cmake_args': None, 'catkin_skip_building_tests': False, 'cmake_args': None, 'cmake_clean_cache': False, 'cmake_clean_first': False, 'cmake_force_configure': False, 'cmake_target': None, 'cmake_target_skip_unavailable': False, 'install_base': '/home/fiend/Navigation_Bot/dev_ws/install/navigation_bot', 'merge_install': False, 'path': '/home/fiend/Navigation_Bot/dev_ws/src', 'symlink_install': True, 'test_result_base': None}
[4.806s] INFO:colcon.colcon_core.executor:Executing jobs using 'parallel' executor
[4.855s] DEBUG:colcon.colcon_parallel_executor.executor.parallel:run_until_complete
[4.856s] INFO:colcon.colcon_ros.task.ament_cmake.build:Building ROS package in '/home/fiend/Navigation_Bot/dev_ws/src' with build type 'ament_cmake'
[4.856s] INFO:colcon.colcon_cmake.task.cmake.build:Building CMake package in '/home/fiend/Navigation_Bot/dev_ws/src'
[4.910s] INFO:colcon.colcon_core.plugin_system:Skipping extension 'colcon_core.shell.bat': Not used on non-Windows systems
[4.910s] INFO:colcon.colcon_core.shell:Skip shell extension 'powershell' for command environment: Not usable outside of PowerShell
[4.910s] DEBUG:colcon.colcon_core.shell:Skip shell extension 'dsv' for command environment
[5.203s] DEBUG:colcon.colcon_core.event_handler.log_command:Invoking command in '/home/fiend/Navigation_Bot/dev_ws/build/navigation_bot': CMAKE_PREFIX_PATH=${CMAKE_PREFIX_PATH}:/opt/ros/humble PS1=
\[[38;5;156m\]\[[0m\]\[[38;5;166m\]dev_ws\[[0m\]\[[38;5;166m\]\[[0m\] on \[[38;5;162m\] \[[0m\]\[[38;5;162m\]main\[[0m\] underwent \[[36m\]1m43s\[[0m\]
\[[1;38;5;166m\]➜\[[0m\] /usr/bin/cmake --build /home/fiend/Navigation_Bot/dev_ws/build/navigation_bot -- -j8 -l8
[25.988s] DEBUG:colcon.colcon_core.event_handler.log_command:Invoked command in '/home/fiend/Navigation_Bot/dev_ws/build/navigation_bot' returned '0': CMAKE_PREFIX_PATH=${CMAKE_PREFIX_PATH}:/opt/ros/humble PS1=
\[[38;5;156m\]\[[0m\]\[[38;5;166m\]dev_ws\[[0m\]\[[38;5;166m\]\[[0m\] on \[[38;5;162m\] \[[0m\]\[[38;5;162m\]main\[[0m\] underwent \[[36m\]1m43s\[[0m\]
\[[1;38;5;166m\]➜\[[0m\] /usr/bin/cmake --build /home/fiend/Navigation_Bot/dev_ws/build/navigation_bot -- -j8 -l8
[26.052s] DEBUG:colcon.colcon_core.event_handler.log_command:Invoking command in '/home/fiend/Navigation_Bot/dev_ws/build/navigation_bot': CMAKE_PREFIX_PATH=${CMAKE_PREFIX_PATH}:/opt/ros/humble PS1=
\[[38;5;156m\]\[[0m\]\[[38;5;166m\]dev_ws\[[0m\]\[[38;5;166m\]\[[0m\] on \[[38;5;162m\] \[[0m\]\[[38;5;162m\]main\[[0m\] underwent \[[36m\]1m43s\[[0m\]
\[[1;38;5;166m\]➜\[[0m\] /usr/bin/cmake --install /home/fiend/Navigation_Bot/dev_ws/build/navigation_bot
[26.099s] Level 1:colcon.colcon_core.environment:create_environment_scripts_only(navigation_bot)
[26.100s] DEBUG:colcon.colcon_core.event_handler.log_command:Invoked command in '/home/fiend/Navigation_Bot/dev_ws/build/navigation_bot' returned '0': CMAKE_PREFIX_PATH=${CMAKE_PREFIX_PATH}:/opt/ros/humble PS1=
\[[38;5;156m\]\[[0m\]\[[38;5;166m\]dev_ws\[[0m\]\[[38;5;166m\]\[[0m\] on \[[38;5;162m\] \[[0m\]\[[38;5;162m\]main\[[0m\] underwent \[[36m\]1m43s\[[0m\]
\[[1;38;5;166m\]➜\[[0m\] /usr/bin/cmake --install /home/fiend/Navigation_Bot/dev_ws/build/navigation_bot
[26.187s] Level 1:colcon.colcon_core.environment:checking '/home/fiend/Navigation_Bot/dev_ws/install/navigation_bot' for CMake module files
[26.188s] Level 1:colcon.colcon_core.environment:checking '/home/fiend/Navigation_Bot/dev_ws/install/navigation_bot' for CMake config files
[26.189s] Level 1:colcon.colcon_core.shell:create_environment_hook('navigation_bot', 'cmake_prefix_path')
[26.234s] INFO:colcon.colcon_core.shell:Creating environment hook '/home/fiend/Navigation_Bot/dev_ws/install/navigation_bot/share/navigation_bot/hook/cmake_prefix_path.ps1'
[26.236s] INFO:colcon.colcon_core.shell:Creating environment descriptor '/home/fiend/Navigation_Bot/dev_ws/install/navigation_bot/share/navigation_bot/hook/cmake_prefix_path.dsv'
[26.237s] INFO:colcon.colcon_core.shell:Creating environment hook '/home/fiend/Navigation_Bot/dev_ws/install/navigation_bot/share/navigation_bot/hook/cmake_prefix_path.sh'
[26.239s] Level 1:colcon.colcon_core.environment:checking '/home/fiend/Navigation_Bot/dev_ws/install/navigation_bot/lib'
[26.239s] Level 1:colcon.colcon_core.environment:checking '/home/fiend/Navigation_Bot/dev_ws/install/navigation_bot/bin'
[26.239s] Level 1:colcon.colcon_core.environment:checking '/home/fiend/Navigation_Bot/dev_ws/install/navigation_bot/lib/pkgconfig/navigation_bot.pc'
[26.240s] Level 1:colcon.colcon_core.environment:checking '/home/fiend/Navigation_Bot/dev_ws/install/navigation_bot/lib/python3.10/site-packages'
[26.241s] Level 1:colcon.colcon_core.environment:checking '/home/fiend/Navigation_Bot/dev_ws/install/navigation_bot/bin'
[26.282s] INFO:colcon.colcon_core.shell:Creating package script '/home/fiend/Navigation_Bot/dev_ws/install/navigation_bot/share/navigation_bot/package.ps1'
[26.284s] INFO:colcon.colcon_core.shell:Creating package descriptor '/home/fiend/Navigation_Bot/dev_ws/install/navigation_bot/share/navigation_bot/package.dsv'
[26.285s] INFO:colcon.colcon_core.shell:Creating package script '/home/fiend/Navigation_Bot/dev_ws/install/navigation_bot/share/navigation_bot/package.sh'
[26.286s] INFO:colcon.colcon_core.shell:Creating package script '/home/fiend/Navigation_Bot/dev_ws/install/navigation_bot/share/navigation_bot/package.bash'
[26.288s] INFO:colcon.colcon_core.shell:Creating package script '/home/fiend/Navigation_Bot/dev_ws/install/navigation_bot/share/navigation_bot/package.zsh'
[26.290s] Level 1:colcon.colcon_core.environment:create_file_with_runtime_dependencies(/home/fiend/Navigation_Bot/dev_ws/install/navigation_bot/share/colcon-core/packages/navigation_bot)
[26.380s] Level 1:colcon.colcon_core.environment:create_environment_scripts_only(navigation_bot)
[26.420s] Level 1:colcon.colcon_core.environment:checking '/home/fiend/Navigation_Bot/dev_ws/install/navigation_bot' for CMake module files
[26.421s] Level 1:colcon.colcon_core.environment:checking '/home/fiend/Navigation_Bot/dev_ws/install/navigation_bot' for CMake config files
[26.422s] Level 1:colcon.colcon_core.shell:create_environment_hook('navigation_bot', 'cmake_prefix_path')
[26.463s] INFO:colcon.colcon_core.shell:Creating environment hook '/home/fiend/Navigation_Bot/dev_ws/install/navigation_bot/share/navigation_bot/hook/cmake_prefix_path.ps1'
[26.464s] INFO:colcon.colcon_core.shell:Creating environment descriptor '/home/fiend/Navigation_Bot/dev_ws/install/navigation_bot/share/navigation_bot/hook/cmake_prefix_path.dsv'
[26.465s] INFO:colcon.colcon_core.shell:Creating environment hook '/home/fiend/Navigation_Bot/dev_ws/install/navigation_bot/share/navigation_bot/hook/cmake_prefix_path.sh'
[26.466s] Level 1:colcon.colcon_core.environment:checking '/home/fiend/Navigation_Bot/dev_ws/install/navigation_bot/lib'
[26.466s] Level 1:colcon.colcon_core.environment:checking '/home/fiend/Navigation_Bot/dev_ws/install/navigation_bot/bin'
[26.466s] Level 1:colcon.colcon_core.environment:checking '/home/fiend/Navigation_Bot/dev_ws/install/navigation_bot/lib/pkgconfig/navigation_bot.pc'
[26.466s] Level 1:colcon.colcon_core.environment:checking '/home/fiend/Navigation_Bot/dev_ws/install/navigation_bot/lib/python3.10/site-packages'
[26.467s] Level 1:colcon.colcon_core.environment:checking '/home/fiend/Navigation_Bot/dev_ws/install/navigation_bot/bin'
[26.508s] INFO:colcon.colcon_core.shell:Creating package script '/home/fiend/Navigation_Bot/dev_ws/install/navigation_bot/share/navigation_bot/package.ps1'
[26.509s] INFO:colcon.colcon_core.shell:Creating package descriptor '/home/fiend/Navigation_Bot/dev_ws/install/navigation_bot/share/navigation_bot/package.dsv'
[26.510s] INFO:colcon.colcon_core.shell:Creating package script '/home/fiend/Navigation_Bot/dev_ws/install/navigation_bot/share/navigation_bot/package.sh'
[26.511s] INFO:colcon.colcon_core.shell:Creating package script '/home/fiend/Navigation_Bot/dev_ws/install/navigation_bot/share/navigation_bot/package.bash'
[26.511s] INFO:colcon.colcon_core.shell:Creating package script '/home/fiend/Navigation_Bot/dev_ws/install/navigation_bot/share/navigation_bot/package.zsh'
[26.512s] Level 1:colcon.colcon_core.environment:create_file_with_runtime_dependencies(/home/fiend/Navigation_Bot/dev_ws/install/navigation_bot/share/colcon-core/packages/navigation_bot)
[26.513s] DEBUG:colcon.colcon_parallel_executor.executor.parallel:closing loop
[26.513s] DEBUG:colcon.colcon_parallel_executor.executor.parallel:loop closed
[26.514s] DEBUG:colcon.colcon_parallel_executor.executor.parallel:run_until_complete finished with '0'
[26.514s] DEBUG:colcon.colcon_core.event_reactor:joining thread
[26.567s] INFO:colcon.colcon_core.plugin_system:Skipping extension 'colcon_notification.desktop_notification.terminal_notifier': Not used on non-Darwin systems
[26.567s] INFO:colcon.colcon_core.plugin_system:Skipping extension 'colcon_notification.desktop_notification.win32': Not used on non-Windows systems
[26.568s] INFO:colcon.colcon_notification.desktop_notification:Sending desktop notification using 'notify2'
[26.598s] DEBUG:colcon.colcon_core.event_reactor:joined thread
[26.648s] INFO:colcon.colcon_core.shell:Creating prefix script '/home/fiend/Navigation_Bot/dev_ws/install/local_setup.ps1'
[26.650s] INFO:colcon.colcon_core.shell:Creating prefix util module '/home/fiend/Navigation_Bot/dev_ws/install/_local_setup_util_ps1.py'
[26.654s] INFO:colcon.colcon_core.shell:Creating prefix chain script '/home/fiend/Navigation_Bot/dev_ws/install/setup.ps1'
[26.702s] INFO:colcon.colcon_core.shell:Creating prefix script '/home/fiend/Navigation_Bot/dev_ws/install/local_setup.sh'
[26.704s] INFO:colcon.colcon_core.shell:Creating prefix util module '/home/fiend/Navigation_Bot/dev_ws/install/_local_setup_util_sh.py'
[26.705s] INFO:colcon.colcon_core.shell:Creating prefix chain script '/home/fiend/Navigation_Bot/dev_ws/install/setup.sh'
[26.752s] INFO:colcon.colcon_core.shell:Creating prefix script '/home/fiend/Navigation_Bot/dev_ws/install/local_setup.bash'
[26.753s] INFO:colcon.colcon_core.shell:Creating prefix chain script '/home/fiend/Navigation_Bot/dev_ws/install/setup.bash'
[26.800s] INFO:colcon.colcon_core.shell:Creating prefix script '/home/fiend/Navigation_Bot/dev_ws/install/local_setup.zsh'
[26.801s] INFO:colcon.colcon_core.shell:Creating prefix chain script '/home/fiend/Navigation_Bot/dev_ws/install/setup.zsh'
