[0.000000] (-) TimerEvent: {}
[0.000224] (navigation_bot) JobQueued: {'identifier': 'navigation_bot', 'dependencies': OrderedDict()}
[0.000305] (navigation_bot) JobStarted: {'identifier': 'navigation_bot'}
[0.098653] (-) TimerEvent: {}
[0.199294] (-) TimerEvent: {}
[0.300642] (-) TimerEvent: {}
[0.321226] (navigation_bot) JobProgress: {'identifier': 'navigation_bot', 'progress': 'cmake'}
[0.322895] (navigation_bot) JobProgress: {'identifier': 'navigation_bot', 'progress': 'build'}
[0.324365] (navigation_bot) Command: {'cmd': ['/usr/bin/cmake', '--build', '/home/fiend/Navigation_Bot/dev_ws/build/navigation_bot', '--', '-j8', '-l8'], 'cwd': '/home/fiend/Navigation_Bot/dev_ws/build/navigation_bot', 'env': OrderedDict([('GJS_DEBUG_TOPICS', 'JS ERROR;JS LOG'), ('LESSOPEN', '| /usr/bin/lesspipe %s'), ('LANGUAGE', 'en_IN:en'), ('USER', 'fiend'), ('STARSHIP_SHELL', 'bash'), ('XDG_SESSION_TYPE', 'wayland'), ('SHLVL', '1'), ('LD_LIBRARY_PATH', '/usr/lib/x86_64-linux-gnu/gazebo-11/plugins:/opt/ros/humble/opt/rviz_ogre_vendor/lib:/opt/ros/humble/lib/x86_64-linux-gnu:/opt/ros/humble/lib'), ('HOME', '/home/fiend'), ('OLDPWD', '/home/fiend/Navigation_Bot'), ('DESKTOP_SESSION', 'ubuntu'), ('GIO_LAUNCHED_DESKTOP_FILE', '/usr/share/applications/terminator.desktop'), ('ROS_PYTHON_VERSION', '3'), ('GNOME_SHELL_SESSION_MODE', 'ubuntu'), ('GTK_MODULES', 'gail:atk-bridge'), ('PS1', '\n\\[\x1b[38;5;156m\\]\\[\x1b[0m\\]\\[\x1b[38;5;166m\\]dev_ws\\[\x1b[0m\\]\\[\x1b[38;5;166m\\]\\[\x1b[0m\\] on \\[\x1b[38;5;162m\\]\ue0a0 \\[\x1b[0m\\]\\[\x1b[38;5;162m\\]main\\[\x1b[0m\\] underwent \\[\x1b[36m\\]3m42s\\[\x1b[0m\\]\n\\[\x1b[1;38;5;166m\\]➜\\[\x1b[0m\\]'), ('MANAGERPID', '865'), ('SYSTEMD_EXEC_PID', '1038'), ('DBUS_SESSION_BUS_ADDRESS', 'unix:path=/run/user/1000/bus'), ('COLORTERM', 'truecolor'), ('GIO_LAUNCHED_DESKTOP_FILE_PID', '5627'), ('_colcon_cd_root', '/opt/ros/humble/'), ('IM_CONFIG_PHASE', '1'), ('WAYLAND_DISPLAY', 'wayland-0'), ('COLCON_PREFIX_PATH', '/home/fiend/Navigation_Bot/dev_ws/install:/home/fiend/voice_grab/ros2_ws/install:/home/fiend/LineFollowingRobot/ros_ws/install:/home/fiend/ROS/practice_codes_ROS2/articubot_one/install'), ('ROS_DISTRO', 'humble'), ('LOGNAME', 'fiend'), ('JOURNAL_STREAM', '8:30767'), ('_', '/usr/bin/colcon'), ('ROS_VERSION', '2'), ('XDG_SESSION_CLASS', 'user'), ('USERNAME', 'fiend'), ('TERM', 'xterm-256color'), ('GNOME_DESKTOP_SESSION_ID', 'this-is-deprecated'), ('ROS_LOCALHOST_ONLY', '0'), ('PATH', '/opt/ros/humble/bin:/home/fiend/.local/bin:/usr/local/sbin:/usr/local/bin:/usr/sbin:/usr/bin:/sbin:/bin:/usr/games:/usr/local/games:/snap/bin:/snap/bin'), ('SESSION_MANAGER', 'local/fiend-Lenovo-Yoga-C740-14IML:@/tmp/.ICE-unix/1008,unix/fiend-Lenovo-Yoga-C740-14IML:/tmp/.ICE-unix/1008'), ('INVOCATION_ID', '37512f0c72ec48d79a8a8f1894f11f4d'), ('XDG_MENU_PREFIX', 'gnome-'), ('GNOME_SETUP_DISPLAY', ':1'), ('XDG_RUNTIME_DIR', '/run/user/1000'), ('DISPLAY', ':0'), ('LANG', 'en_US.UTF-8'), ('XDG_CURRENT_DESKTOP', 'ubuntu:GNOME'), ('IBUS_DISABLE_SNOOPER', '1'), ('XMODIFIERS', '@im=ibus'), ('XDG_SESSION_DESKTOP', 'ubuntu'), ('XAUTHORITY', '/run/user/1000/.mutter-Xwaylandauth.UJJAK2'), ('LS_COLORS', 'di=34:ow=34:tw=34:fi=13:ln=31:pi=5:so=5:bd=5:cd=5:or=31:mi=0:ex=35:*.rpm=90:*.png=35:*.gif=36:*.jpg=35:*.c=92:*.py=93:*.h=90:*.txt=94:*.doc=104:*.odt=104:*.csv=102:*.xlsx=102:*.xlsm=102:*.rb=31:*.cpp=92:*.sh=92:*.html=96:*.zip=4;33:*.tar.gz=4;33:*.mp4=105:*.mp3=106'), ('SSH_AGENT_LAUNCHER', 'gnome-keyring'), ('SSH_AUTH_SOCK', '/run/user/1000/keyring/ssh'), ('AMENT_PREFIX_PATH', '/home/fiend/Navigation_Bot/dev_ws/install/navigation_bot:/home/fiend/LineFollowingRobot/ros_ws/install/line_bhakt:/home/fiend/ROS/practice_codes_ROS2/articubot_one/install/articubot_one:/opt/ros/humble'), ('SHELL', '/bin/bash'), ('TERMINATOR_UUID', 'urn:uuid:de10c5cb-7f42-4ea2-ad3f-7446c017e8fd'), ('QT_ACCESSIBILITY', '1'), ('GDMSESSION', 'ubuntu'), ('LESSCLOSE', '/usr/bin/lesspipe %s %s'), ('GCC_COLORS', 'error=31:warning=35:note=36:caret=32:locus=01:quote=01'), ('GJS_DEBUG_OUTPUT', 'stderr'), ('QT_IM_MODULE', 'ibus'), ('PWD', '/home/fiend/Navigation_Bot/dev_ws/build/navigation_bot'), ('LC_ALL', 'en_US.UTF-8'), ('XDG_CONFIG_DIRS', '/etc/xdg/xdg-ubuntu:/etc/xdg'), ('XDG_DATA_DIRS', '/usr/share/ubuntu:/home/fiend/.local/share/flatpak/exports/share:/var/lib/flatpak/exports/share:/usr/local/share/:/usr/share/:/var/lib/snapd/desktop'), ('STARSHIP_SESSION_KEY', '2059017139146452'), ('PYTHONPATH', '/opt/ros/humble/lib/python3.10/site-packages:/opt/ros/humble/local/lib/python3.10/dist-packages'), ('COLCON', '1'), ('VTE_VERSION', '6800'), ('CMAKE_PREFIX_PATH', '/home/fiend/Navigation_Bot/dev_ws/install/navigation_bot:/home/fiend/LineFollowingRobot/ros_ws/install/line_bhakt:/home/fiend/ROS/practice_codes_ROS2/articubot_one/install/articubot_one:/opt/ros/humble')]), 'shell': False}
[0.400796] (-) TimerEvent: {}
[0.413611] (navigation_bot) StdoutLine: {'line': b'\x1b[35m\x1b[1mConsolidate compiler generated dependencies of target Motor_Driver_Node\x1b[0m\n'}
[0.442575] (navigation_bot) StdoutLine: {'line': b'[ 50%] Built target ImageCapture\n'}
[0.452832] (navigation_bot) StdoutLine: {'line': b'[ 75%] \x1b[32mBuilding CXX object CMakeFiles/Motor_Driver_Node.dir/Executables/follower.cpp.o\x1b[0m\n'}
[0.500904] (-) TimerEvent: {}
[0.601355] (-) TimerEvent: {}
[0.701821] (-) TimerEvent: {}
[0.802244] (-) TimerEvent: {}
[0.902615] (-) TimerEvent: {}
[1.003086] (-) TimerEvent: {}
[1.103515] (-) TimerEvent: {}
[1.203993] (-) TimerEvent: {}
[1.304369] (-) TimerEvent: {}
[1.404815] (-) TimerEvent: {}
[1.505304] (-) TimerEvent: {}
[1.605820] (-) TimerEvent: {}
[1.706235] (-) TimerEvent: {}
[1.806780] (-) TimerEvent: {}
[1.907269] (-) TimerEvent: {}
[2.008067] (-) TimerEvent: {}
[2.109156] (-) TimerEvent: {}
[2.209949] (-) TimerEvent: {}
[2.310867] (-) TimerEvent: {}
[2.411255] (-) TimerEvent: {}
[2.511651] (-) TimerEvent: {}
[2.612185] (-) TimerEvent: {}
[2.712679] (-) TimerEvent: {}
[2.813512] (-) TimerEvent: {}
[2.914062] (-) TimerEvent: {}
[3.014589] (-) TimerEvent: {}
[3.115090] (-) TimerEvent: {}
[3.215650] (-) TimerEvent: {}
[3.316176] (-) TimerEvent: {}
[3.416683] (-) TimerEvent: {}
[3.517635] (-) TimerEvent: {}
[3.618094] (-) TimerEvent: {}
[3.718502] (-) TimerEvent: {}
[3.819005] (-) TimerEvent: {}
[3.919882] (-) TimerEvent: {}
[4.020778] (-) TimerEvent: {}
[4.121622] (-) TimerEvent: {}
[4.222082] (-) TimerEvent: {}
[4.322492] (-) TimerEvent: {}
[4.422923] (-) TimerEvent: {}
[4.523761] (-) TimerEvent: {}
[4.624297] (-) TimerEvent: {}
[4.724802] (-) TimerEvent: {}
[4.825658] (-) TimerEvent: {}
[4.926059] (-) TimerEvent: {}
[5.026493] (-) TimerEvent: {}
[5.127206] (-) TimerEvent: {}
[5.227731] (-) TimerEvent: {}
[5.328237] (-) TimerEvent: {}
[5.429081] (-) TimerEvent: {}
[5.529591] (-) TimerEvent: {}
[5.630094] (-) TimerEvent: {}
[5.730651] (-) TimerEvent: {}
[5.831223] (-) TimerEvent: {}
[5.933086] (-) TimerEvent: {}
[6.033595] (-) TimerEvent: {}
[6.133987] (-) TimerEvent: {}
[6.234391] (-) TimerEvent: {}
[6.334773] (-) TimerEvent: {}
[6.435167] (-) TimerEvent: {}
[6.535549] (-) TimerEvent: {}
[6.635929] (-) TimerEvent: {}
[6.736306] (-) TimerEvent: {}
[6.836701] (-) TimerEvent: {}
[6.937085] (-) TimerEvent: {}
[7.037470] (-) TimerEvent: {}
[7.137852] (-) TimerEvent: {}
[7.238235] (-) TimerEvent: {}
[7.338604] (-) TimerEvent: {}
[7.438995] (-) TimerEvent: {}
[7.539371] (-) TimerEvent: {}
[7.639773] (-) TimerEvent: {}
[7.740165] (-) TimerEvent: {}
[7.840563] (-) TimerEvent: {}
[7.940939] (-) TimerEvent: {}
[8.041321] (-) TimerEvent: {}
[8.141699] (-) TimerEvent: {}
[8.242108] (-) TimerEvent: {}
[8.342510] (-) TimerEvent: {}
[8.442890] (-) TimerEvent: {}
[8.543266] (-) TimerEvent: {}
[8.643696] (-) TimerEvent: {}
[8.744084] (-) TimerEvent: {}
[8.844501] (-) TimerEvent: {}
[8.944885] (-) TimerEvent: {}
[9.045278] (-) TimerEvent: {}
[9.145650] (-) TimerEvent: {}
[9.246040] (-) TimerEvent: {}
[9.346479] (-) TimerEvent: {}
[9.446873] (-) TimerEvent: {}
[9.547272] (-) TimerEvent: {}
[9.647645] (-) TimerEvent: {}
[9.748016] (-) TimerEvent: {}
[9.848386] (-) TimerEvent: {}
[9.948782] (-) TimerEvent: {}
[10.049263] (-) TimerEvent: {}
[10.149647] (-) TimerEvent: {}
[10.250044] (-) TimerEvent: {}
[10.350469] (-) TimerEvent: {}
[10.450840] (-) TimerEvent: {}
[10.551253] (-) TimerEvent: {}
[10.651627] (-) TimerEvent: {}
[10.752029] (-) TimerEvent: {}
[10.852413] (-) TimerEvent: {}
[10.952792] (-) TimerEvent: {}
[11.053173] (-) TimerEvent: {}
[11.153581] (-) TimerEvent: {}
[11.253983] (-) TimerEvent: {}
[11.354385] (-) TimerEvent: {}
[11.454765] (-) TimerEvent: {}
[11.555151] (-) TimerEvent: {}
[11.655527] (-) TimerEvent: {}
[11.755908] (-) TimerEvent: {}
[11.856320] (-) TimerEvent: {}
[11.956703] (-) TimerEvent: {}
[12.057106] (-) TimerEvent: {}
[12.157490] (-) TimerEvent: {}
[12.257862] (-) TimerEvent: {}
[12.358265] (-) TimerEvent: {}
[12.458646] (-) TimerEvent: {}
[12.559020] (-) TimerEvent: {}
[12.659393] (-) TimerEvent: {}
[12.759773] (-) TimerEvent: {}
[12.860151] (-) TimerEvent: {}
[12.960523] (-) TimerEvent: {}
[13.060894] (-) TimerEvent: {}
[13.161271] (-) TimerEvent: {}
[13.261648] (-) TimerEvent: {}
[13.362037] (-) TimerEvent: {}
[13.462432] (-) TimerEvent: {}
[13.562821] (-) TimerEvent: {}
[13.663232] (-) TimerEvent: {}
[13.763604] (-) TimerEvent: {}
[13.863981] (-) TimerEvent: {}
[13.964372] (-) TimerEvent: {}
[14.064768] (-) TimerEvent: {}
[14.165182] (-) TimerEvent: {}
[14.265668] (-) TimerEvent: {}
[14.366210] (-) TimerEvent: {}
[14.466736] (-) TimerEvent: {}
[14.567223] (-) TimerEvent: {}
[14.667754] (-) TimerEvent: {}
[14.768287] (-) TimerEvent: {}
[14.868695] (-) TimerEvent: {}
[14.969109] (-) TimerEvent: {}
[15.069891] (-) TimerEvent: {}
[15.170707] (-) TimerEvent: {}
[15.271219] (-) TimerEvent: {}
[15.371718] (-) TimerEvent: {}
[15.472131] (-) TimerEvent: {}
[15.572593] (-) TimerEvent: {}
[15.673023] (-) TimerEvent: {}
[15.773444] (-) TimerEvent: {}
[15.873894] (-) TimerEvent: {}
[15.974332] (-) TimerEvent: {}
[16.074782] (-) TimerEvent: {}
[16.175195] (-) TimerEvent: {}
[16.275621] (-) TimerEvent: {}
[16.376079] (-) TimerEvent: {}
[16.476499] (-) TimerEvent: {}
[16.576924] (-) TimerEvent: {}
[16.677345] (-) TimerEvent: {}
[16.777758] (-) TimerEvent: {}
[16.878275] (-) TimerEvent: {}
[16.978721] (-) TimerEvent: {}
[17.079205] (-) TimerEvent: {}
[17.179611] (-) TimerEvent: {}
[17.280098] (-) TimerEvent: {}
[17.381051] (-) TimerEvent: {}
[17.481436] (-) TimerEvent: {}
[17.581827] (-) TimerEvent: {}
[17.682243] (-) TimerEvent: {}
[17.782638] (-) TimerEvent: {}
[17.883033] (-) TimerEvent: {}
[17.983560] (-) TimerEvent: {}
[18.084357] (-) TimerEvent: {}
[18.185294] (-) TimerEvent: {}
[18.286186] (-) TimerEvent: {}
[18.387140] (-) TimerEvent: {}
[18.487619] (-) TimerEvent: {}
[18.587996] (-) TimerEvent: {}
[18.688365] (-) TimerEvent: {}
[18.788757] (-) TimerEvent: {}
[18.889123] (-) TimerEvent: {}
[18.989487] (-) TimerEvent: {}
[19.089859] (-) TimerEvent: {}
[19.190220] (-) TimerEvent: {}
[19.290593] (-) TimerEvent: {}
[19.390970] (-) TimerEvent: {}
[19.491333] (-) TimerEvent: {}
[19.591719] (-) TimerEvent: {}
[19.692088] (-) TimerEvent: {}
[19.792470] (-) TimerEvent: {}
[19.892849] (-) TimerEvent: {}
[19.993220] (-) TimerEvent: {}
[20.093639] (-) TimerEvent: {}
[20.194562] (-) TimerEvent: {}
[20.295486] (-) TimerEvent: {}
[20.395980] (-) TimerEvent: {}
[20.496446] (-) TimerEvent: {}
[20.596833] (-) TimerEvent: {}
[20.697232] (-) TimerEvent: {}
[20.797751] (-) TimerEvent: {}
[20.898249] (-) TimerEvent: {}
[20.998679] (-) TimerEvent: {}
[21.099174] (-) TimerEvent: {}
[21.200141] (-) TimerEvent: {}
[21.300630] (-) TimerEvent: {}
[21.401430] (-) TimerEvent: {}
[21.502256] (-) TimerEvent: {}
[21.603050] (-) TimerEvent: {}
[21.703974] (-) TimerEvent: {}
[21.804808] (-) TimerEvent: {}
[21.905235] (-) TimerEvent: {}
[22.005644] (-) TimerEvent: {}
[22.106140] (-) TimerEvent: {}
[22.206679] (-) TimerEvent: {}
[22.307334] (-) TimerEvent: {}
[22.312676] (navigation_bot) StdoutLine: {'line': b'[100%] \x1b[32m\x1b[1mLinking CXX executable Motor_Driver_Node\x1b[0m\n'}
[22.407462] (-) TimerEvent: {}
[22.507859] (-) TimerEvent: {}
[22.608350] (-) TimerEvent: {}
[22.709055] (-) TimerEvent: {}
[22.809600] (-) TimerEvent: {}
[22.910274] (-) TimerEvent: {}
[23.010844] (-) TimerEvent: {}
[23.111387] (-) TimerEvent: {}
[23.211892] (-) TimerEvent: {}
[23.312471] (-) TimerEvent: {}
[23.412872] (-) TimerEvent: {}
[23.513292] (-) TimerEvent: {}
[23.614277] (-) TimerEvent: {}
[23.685872] (navigation_bot) StdoutLine: {'line': b'[100%] Built target Motor_Driver_Node\n'}
[23.714823] (-) TimerEvent: {}
[23.715863] (navigation_bot) CommandEnded: {'returncode': 0}
[23.769206] (navigation_bot) JobProgress: {'identifier': 'navigation_bot', 'progress': 'install'}
[23.792623] (navigation_bot) Command: {'cmd': ['/usr/bin/cmake', '--install', '/home/fiend/Navigation_Bot/dev_ws/build/navigation_bot'], 'cwd': '/home/fiend/Navigation_Bot/dev_ws/build/navigation_bot', 'env': OrderedDict([('GJS_DEBUG_TOPICS', 'JS ERROR;JS LOG'), ('LESSOPEN', '| /usr/bin/lesspipe %s'), ('LANGUAGE', 'en_IN:en'), ('USER', 'fiend'), ('STARSHIP_SHELL', 'bash'), ('XDG_SESSION_TYPE', 'wayland'), ('SHLVL', '1'), ('LD_LIBRARY_PATH', '/usr/lib/x86_64-linux-gnu/gazebo-11/plugins:/opt/ros/humble/opt/rviz_ogre_vendor/lib:/opt/ros/humble/lib/x86_64-linux-gnu:/opt/ros/humble/lib'), ('HOME', '/home/fiend'), ('OLDPWD', '/home/fiend/Navigation_Bot'), ('DESKTOP_SESSION', 'ubuntu'), ('GIO_LAUNCHED_DESKTOP_FILE', '/usr/share/applications/terminator.desktop'), ('ROS_PYTHON_VERSION', '3'), ('GNOME_SHELL_SESSION_MODE', 'ubuntu'), ('GTK_MODULES', 'gail:atk-bridge'), ('PS1', '\n\\[\x1b[38;5;156m\\]\\[\x1b[0m\\]\\[\x1b[38;5;166m\\]dev_ws\\[\x1b[0m\\]\\[\x1b[38;5;166m\\]\\[\x1b[0m\\] on \\[\x1b[38;5;162m\\]\ue0a0 \\[\x1b[0m\\]\\[\x1b[38;5;162m\\]main\\[\x1b[0m\\] underwent \\[\x1b[36m\\]3m42s\\[\x1b[0m\\]\n\\[\x1b[1;38;5;166m\\]➜\\[\x1b[0m\\]'), ('MANAGERPID', '865'), ('SYSTEMD_EXEC_PID', '1038'), ('DBUS_SESSION_BUS_ADDRESS', 'unix:path=/run/user/1000/bus'), ('COLORTERM', 'truecolor'), ('GIO_LAUNCHED_DESKTOP_FILE_PID', '5627'), ('_colcon_cd_root', '/opt/ros/humble/'), ('IM_CONFIG_PHASE', '1'), ('WAYLAND_DISPLAY', 'wayland-0'), ('COLCON_PREFIX_PATH', '/home/fiend/Navigation_Bot/dev_ws/install:/home/fiend/voice_grab/ros2_ws/install:/home/fiend/LineFollowingRobot/ros_ws/install:/home/fiend/ROS/practice_codes_ROS2/articubot_one/install'), ('ROS_DISTRO', 'humble'), ('LOGNAME', 'fiend'), ('JOURNAL_STREAM', '8:30767'), ('_', '/usr/bin/colcon'), ('ROS_VERSION', '2'), ('XDG_SESSION_CLASS', 'user'), ('USERNAME', 'fiend'), ('TERM', 'xterm-256color'), ('GNOME_DESKTOP_SESSION_ID', 'this-is-deprecated'), ('ROS_LOCALHOST_ONLY', '0'), ('PATH', '/opt/ros/humble/bin:/home/fiend/.local/bin:/usr/local/sbin:/usr/local/bin:/usr/sbin:/usr/bin:/sbin:/bin:/usr/games:/usr/local/games:/snap/bin:/snap/bin'), ('SESSION_MANAGER', 'local/fiend-Lenovo-Yoga-C740-14IML:@/tmp/.ICE-unix/1008,unix/fiend-Lenovo-Yoga-C740-14IML:/tmp/.ICE-unix/1008'), ('INVOCATION_ID', '37512f0c72ec48d79a8a8f1894f11f4d'), ('XDG_MENU_PREFIX', 'gnome-'), ('GNOME_SETUP_DISPLAY', ':1'), ('XDG_RUNTIME_DIR', '/run/user/1000'), ('DISPLAY', ':0'), ('LANG', 'en_US.UTF-8'), ('XDG_CURRENT_DESKTOP', 'ubuntu:GNOME'), ('IBUS_DISABLE_SNOOPER', '1'), ('XMODIFIERS', '@im=ibus'), ('XDG_SESSION_DESKTOP', 'ubuntu'), ('XAUTHORITY', '/run/user/1000/.mutter-Xwaylandauth.UJJAK2'), ('LS_COLORS', 'di=34:ow=34:tw=34:fi=13:ln=31:pi=5:so=5:bd=5:cd=5:or=31:mi=0:ex=35:*.rpm=90:*.png=35:*.gif=36:*.jpg=35:*.c=92:*.py=93:*.h=90:*.txt=94:*.doc=104:*.odt=104:*.csv=102:*.xlsx=102:*.xlsm=102:*.rb=31:*.cpp=92:*.sh=92:*.html=96:*.zip=4;33:*.tar.gz=4;33:*.mp4=105:*.mp3=106'), ('SSH_AGENT_LAUNCHER', 'gnome-keyring'), ('SSH_AUTH_SOCK', '/run/user/1000/keyring/ssh'), ('AMENT_PREFIX_PATH', '/home/fiend/Navigation_Bot/dev_ws/install/navigation_bot:/home/fiend/LineFollowingRobot/ros_ws/install/line_bhakt:/home/fiend/ROS/practice_codes_ROS2/articubot_one/install/articubot_one:/opt/ros/humble'), ('SHELL', '/bin/bash'), ('TERMINATOR_UUID', 'urn:uuid:de10c5cb-7f42-4ea2-ad3f-7446c017e8fd'), ('QT_ACCESSIBILITY', '1'), ('GDMSESSION', 'ubuntu'), ('LESSCLOSE', '/usr/bin/lesspipe %s %s'), ('GCC_COLORS', 'error=31:warning=35:note=36:caret=32:locus=01:quote=01'), ('GJS_DEBUG_OUTPUT', 'stderr'), ('QT_IM_MODULE', 'ibus'), ('PWD', '/home/fiend/Navigation_Bot/dev_ws/build/navigation_bot'), ('LC_ALL', 'en_US.UTF-8'), ('XDG_CONFIG_DIRS', '/etc/xdg/xdg-ubuntu:/etc/xdg'), ('XDG_DATA_DIRS', '/usr/share/ubuntu:/home/fiend/.local/share/flatpak/exports/share:/var/lib/flatpak/exports/share:/usr/local/share/:/usr/share/:/var/lib/snapd/desktop'), ('STARSHIP_SESSION_KEY', '2059017139146452'), ('PYTHONPATH', '/opt/ros/humble/lib/python3.10/site-packages:/opt/ros/humble/local/lib/python3.10/dist-packages'), ('COLCON', '1'), ('VTE_VERSION', '6800'), ('CMAKE_PREFIX_PATH', '/home/fiend/Navigation_Bot/dev_ws/install/navigation_bot:/home/fiend/LineFollowingRobot/ros_ws/install/line_bhakt:/home/fiend/ROS/practice_codes_ROS2/articubot_one/install/articubot_one:/opt/ros/humble')]), 'shell': False}
[23.811343] (navigation_bot) StdoutLine: {'line': b'-- Install configuration: ""\n'}
[23.812332] (navigation_bot) StdoutLine: {'line': b'-- Execute custom install script\n'}
[23.813179] (navigation_bot) StdoutLine: {'line': b'-- Up-to-date symlink: /home/fiend/Navigation_Bot/dev_ws/install/navigation_bot/share/navigation_bot/config/empty.yaml\n'}
[23.813520] (navigation_bot) StdoutLine: {'line': b'-- Up-to-date symlink: /home/fiend/Navigation_Bot/dev_ws/install/navigation_bot/share/navigation_bot/config/my_controller.yaml\n'}
[23.814132] (navigation_bot) StdoutLine: {'line': b'-- Up-to-date symlink: /home/fiend/Navigation_Bot/dev_ws/install/navigation_bot/share/navigation_bot/description/Depth_camera.xacro\n'}
[23.814537] (navigation_bot) StdoutLine: {'line': b'-- Up-to-date symlink: /home/fiend/Navigation_Bot/dev_ws/install/navigation_bot/share/navigation_bot/description/camera.xacro\n'}
[23.814822] (navigation_bot) StdoutLine: {'line': b'-- Up-to-date symlink: /home/fiend/Navigation_Bot/dev_ws/install/navigation_bot/share/navigation_bot/description/gazebo_control.xacro\n'}
[23.814979] (-) TimerEvent: {}
[23.815288] (navigation_bot) StdoutLine: {'line': b'-- Up-to-date symlink: /home/fiend/Navigation_Bot/dev_ws/install/navigation_bot/share/navigation_bot/description/inertial_macros.xacro\n'}
[23.815631] (navigation_bot) StdoutLine: {'line': b'-- Up-to-date symlink: /home/fiend/Navigation_Bot/dev_ws/install/navigation_bot/share/navigation_bot/description/lidar.xacro\n'}
[23.815967] (navigation_bot) StdoutLine: {'line': b'-- Up-to-date symlink: /home/fiend/Navigation_Bot/dev_ws/install/navigation_bot/share/navigation_bot/description/robot.urdf.xacro\n'}
[23.816181] (navigation_bot) StdoutLine: {'line': b'-- Up-to-date symlink: /home/fiend/Navigation_Bot/dev_ws/install/navigation_bot/share/navigation_bot/description/robot_core.xacro\n'}
[23.816409] (navigation_bot) StdoutLine: {'line': b'-- Up-to-date symlink: /home/fiend/Navigation_Bot/dev_ws/install/navigation_bot/share/navigation_bot/description/ros2_control.xacro\n'}
[23.816909] (navigation_bot) StdoutLine: {'line': b'-- Up-to-date symlink: /home/fiend/Navigation_Bot/dev_ws/install/navigation_bot/share/navigation_bot/launch/launch_sim.launch.py\n'}
[23.817134] (navigation_bot) StdoutLine: {'line': b'-- Up-to-date symlink: /home/fiend/Navigation_Bot/dev_ws/install/navigation_bot/share/navigation_bot/launch/rsp.launch.py\n'}
[23.817556] (navigation_bot) StdoutLine: {'line': b'-- Up-to-date symlink: /home/fiend/Navigation_Bot/dev_ws/install/navigation_bot/share/navigation_bot/worlds/empty.world\n'}
[23.817778] (navigation_bot) StdoutLine: {'line': b'-- Up-to-date symlink: /home/fiend/Navigation_Bot/dev_ws/install/navigation_bot/share/navigation_bot/worlds/home.world\n'}
[23.817998] (navigation_bot) StdoutLine: {'line': b'-- Up-to-date symlink: /home/fiend/Navigation_Bot/dev_ws/install/navigation_bot/share/navigation_bot/worlds/obstacle.world\n'}
[23.818479] (navigation_bot) StdoutLine: {'line': b'-- Up-to-date symlink: /home/fiend/Navigation_Bot/dev_ws/install/navigation_bot/share/navigation_bot/worlds/track.world\n'}
[23.818783] (navigation_bot) StdoutLine: {'line': b'-- Up-to-date symlink: /home/fiend/Navigation_Bot/dev_ws/install/navigation_bot/share/navigation_bot/worlds/turtleWorld.world\n'}
[23.819193] (navigation_bot) StdoutLine: {'line': b'-- Up-to-date symlink: /home/fiend/Navigation_Bot/dev_ws/install/navigation_bot/lib/navigation_bot/ImageCapture\n'}
[23.819634] (navigation_bot) StdoutLine: {'line': b'-- Up-to-date symlink: /home/fiend/Navigation_Bot/dev_ws/install/navigation_bot/lib/navigation_bot/Motor_Driver_Node\n'}
[23.820051] (navigation_bot) StdoutLine: {'line': b'-- Up-to-date symlink: /home/fiend/Navigation_Bot/dev_ws/install/navigation_bot/share/ament_index/resource_index/package_run_dependencies/navigation_bot\n'}
[23.820504] (navigation_bot) StdoutLine: {'line': b'-- Up-to-date symlink: /home/fiend/Navigation_Bot/dev_ws/install/navigation_bot/share/ament_index/resource_index/parent_prefix_path/navigation_bot\n'}
[23.820939] (navigation_bot) StdoutLine: {'line': b'-- Up-to-date symlink: /home/fiend/Navigation_Bot/dev_ws/install/navigation_bot/share/navigation_bot/environment/ament_prefix_path.sh\n'}
[23.821362] (navigation_bot) StdoutLine: {'line': b'-- Up-to-date symlink: /home/fiend/Navigation_Bot/dev_ws/install/navigation_bot/share/navigation_bot/environment/ament_prefix_path.dsv\n'}
[23.821774] (navigation_bot) StdoutLine: {'line': b'-- Up-to-date symlink: /home/fiend/Navigation_Bot/dev_ws/install/navigation_bot/share/navigation_bot/environment/path.sh\n'}
[23.822207] (navigation_bot) StdoutLine: {'line': b'-- Up-to-date symlink: /home/fiend/Navigation_Bot/dev_ws/install/navigation_bot/share/navigation_bot/environment/path.dsv\n'}
[23.822735] (navigation_bot) StdoutLine: {'line': b'-- Up-to-date symlink: /home/fiend/Navigation_Bot/dev_ws/install/navigation_bot/share/navigation_bot/local_setup.bash\n'}
[23.823108] (navigation_bot) StdoutLine: {'line': b'-- Up-to-date symlink: /home/fiend/Navigation_Bot/dev_ws/install/navigation_bot/share/navigation_bot/local_setup.sh\n'}
[23.823483] (navigation_bot) StdoutLine: {'line': b'-- Up-to-date symlink: /home/fiend/Navigation_Bot/dev_ws/install/navigation_bot/share/navigation_bot/local_setup.zsh\n'}
[23.823855] (navigation_bot) StdoutLine: {'line': b'-- Up-to-date symlink: /home/fiend/Navigation_Bot/dev_ws/install/navigation_bot/share/navigation_bot/local_setup.dsv\n'}
[23.824077] (navigation_bot) StdoutLine: {'line': b'-- Symlinking: /home/fiend/Navigation_Bot/dev_ws/install/navigation_bot/share/navigation_bot/package.dsv\n'}
[23.840698] (navigation_bot) StdoutLine: {'line': b'-- Up-to-date symlink: /home/fiend/Navigation_Bot/dev_ws/install/navigation_bot/share/ament_index/resource_index/packages/navigation_bot\n'}
[23.841196] (navigation_bot) StdoutLine: {'line': b'-- Up-to-date symlink: /home/fiend/Navigation_Bot/dev_ws/install/navigation_bot/share/navigation_bot/cmake/navigation_botConfig.cmake\n'}
[23.841640] (navigation_bot) StdoutLine: {'line': b'-- Up-to-date symlink: /home/fiend/Navigation_Bot/dev_ws/install/navigation_bot/share/navigation_bot/cmake/navigation_botConfig-version.cmake\n'}
[23.842048] (navigation_bot) StdoutLine: {'line': b'-- Up-to-date symlink: /home/fiend/Navigation_Bot/dev_ws/install/navigation_bot/share/navigation_bot/package.xml\n'}
[23.845578] (navigation_bot) CommandEnded: {'returncode': 0}
[23.917379] (-) TimerEvent: {}
[24.018558] (-) TimerEvent: {}
[24.119320] (-) TimerEvent: {}
[24.220780] (-) TimerEvent: {}
[24.321225] (-) TimerEvent: {}
[24.374116] (navigation_bot) JobEnded: {'identifier': 'navigation_bot', 'rc': 0}
[24.376165] (-) EventReactorShutdown: {}
