[0.000000] (-) TimerEvent: {}
[0.000274] (navigation_bot) JobQueued: {'identifier': 'navigation_bot', 'dependencies': OrderedDict()}
[0.000371] (navigation_bot) JobStarted: {'identifier': 'navigation_bot'}
[0.098557] (-) TimerEvent: {}
[0.199792] (-) TimerEvent: {}
[0.300207] (-) TimerEvent: {}
[0.360626] (navigation_bot) JobProgress: {'identifier': 'navigation_bot', 'progress': 'cmake'}
[0.362218] (navigation_bot) JobProgress: {'identifier': 'navigation_bot', 'progress': 'build'}
[0.363914] (navigation_bot) Command: {'cmd': ['/usr/bin/cmake', '--build', '/home/fiend/Navigation_Bot/dev_ws/build/navigation_bot', '--', '-j8', '-l8'], 'cwd': '/home/fiend/Navigation_Bot/dev_ws/build/navigation_bot', 'env': OrderedDict([('GJS_DEBUG_TOPICS', 'JS ERROR;JS LOG'), ('LESSOPEN', '| /usr/bin/lesspipe %s'), ('LANGUAGE', 'en_IN:en'), ('USER', 'fiend'), ('STARSHIP_SHELL', 'bash'), ('XDG_SESSION_TYPE', 'wayland'), ('SHLVL', '1'), ('LD_LIBRARY_PATH', '/usr/lib/x86_64-linux-gnu/gazebo-11/plugins:/opt/ros/humble/opt/rviz_ogre_vendor/lib:/opt/ros/humble/lib/x86_64-linux-gnu:/opt/ros/humble/lib'), ('HOME', '/home/fiend'), ('OLDPWD', '/home/fiend/Navigation_Bot'), ('DESKTOP_SESSION', 'ubuntu'), ('GIO_LAUNCHED_DESKTOP_FILE', '/usr/share/applications/terminator.desktop'), ('ROS_PYTHON_VERSION', '3'), ('GNOME_SHELL_SESSION_MODE', 'ubuntu'), ('GTK_MODULES', 'gail:atk-bridge'), ('PS1', '\n\\[\x1b[38;5;156m\\]\\[\x1b[0m\\]\\[\x1b[38;5;166m\\]dev_ws\\[\x1b[0m\\]\\[\x1b[38;5;166m\\]\\[\x1b[0m\\] on \\[\x1b[38;5;162m\\]\ue0a0 \\[\x1b[0m\\]\\[\x1b[38;5;162m\\]main\\[\x1b[0m\\] underwent \\[\x1b[36m\\]31s\\[\x1b[0m\\]\n\\[\x1b[1;38;5;166m\\]➜\\[\x1b[0m\\]'), ('MANAGERPID', '865'), ('SYSTEMD_EXEC_PID', '1038'), ('DBUS_SESSION_BUS_ADDRESS', 'unix:path=/run/user/1000/bus'), ('COLORTERM', 'truecolor'), ('GIO_LAUNCHED_DESKTOP_FILE_PID', '5627'), ('_colcon_cd_root', '/opt/ros/humble/'), ('IM_CONFIG_PHASE', '1'), ('WAYLAND_DISPLAY', 'wayland-0'), ('COLCON_PREFIX_PATH', '/home/fiend/Navigation_Bot/dev_ws/install:/home/fiend/voice_grab/ros2_ws/install:/home/fiend/LineFollowingRobot/ros_ws/install:/home/fiend/ROS/practice_codes_ROS2/articubot_one/install'), ('ROS_DISTRO', 'humble'), ('LOGNAME', 'fiend'), ('JOURNAL_STREAM', '8:30767'), ('_', '/usr/bin/colcon'), ('ROS_VERSION', '2'), ('XDG_SESSION_CLASS', 'user'), ('USERNAME', 'fiend'), ('TERM', 'xterm-256color'), ('GNOME_DESKTOP_SESSION_ID', 'this-is-deprecated'), ('ROS_LOCALHOST_ONLY', '0'), ('PATH', '/opt/ros/humble/bin:/home/fiend/.local/bin:/usr/local/sbin:/usr/local/bin:/usr/sbin:/usr/bin:/sbin:/bin:/usr/games:/usr/local/games:/snap/bin:/snap/bin'), ('SESSION_MANAGER', 'local/fiend-Lenovo-Yoga-C740-14IML:@/tmp/.ICE-unix/1008,unix/fiend-Lenovo-Yoga-C740-14IML:/tmp/.ICE-unix/1008'), ('INVOCATION_ID', '37512f0c72ec48d79a8a8f1894f11f4d'), ('XDG_MENU_PREFIX', 'gnome-'), ('GNOME_SETUP_DISPLAY', ':1'), ('XDG_RUNTIME_DIR', '/run/user/1000'), ('DISPLAY', ':0'), ('LANG', 'en_US.UTF-8'), ('XDG_CURRENT_DESKTOP', 'ubuntu:GNOME'), ('IBUS_DISABLE_SNOOPER', '1'), ('XMODIFIERS', '@im=ibus'), ('XDG_SESSION_DESKTOP', 'ubuntu'), ('XAUTHORITY', '/run/user/1000/.mutter-Xwaylandauth.UJJAK2'), ('LS_COLORS', 'di=34:ow=34:tw=34:fi=13:ln=31:pi=5:so=5:bd=5:cd=5:or=31:mi=0:ex=35:*.rpm=90:*.png=35:*.gif=36:*.jpg=35:*.c=92:*.py=93:*.h=90:*.txt=94:*.doc=104:*.odt=104:*.csv=102:*.xlsx=102:*.xlsm=102:*.rb=31:*.cpp=92:*.sh=92:*.html=96:*.zip=4;33:*.tar.gz=4;33:*.mp4=105:*.mp3=106'), ('SSH_AGENT_LAUNCHER', 'gnome-keyring'), ('SSH_AUTH_SOCK', '/run/user/1000/keyring/ssh'), ('AMENT_PREFIX_PATH', '/home/fiend/Navigation_Bot/dev_ws/install/navigation_bot:/home/fiend/LineFollowingRobot/ros_ws/install/line_bhakt:/home/fiend/ROS/practice_codes_ROS2/articubot_one/install/articubot_one:/opt/ros/humble'), ('SHELL', '/bin/bash'), ('TERMINATOR_UUID', 'urn:uuid:de10c5cb-7f42-4ea2-ad3f-7446c017e8fd'), ('QT_ACCESSIBILITY', '1'), ('GDMSESSION', 'ubuntu'), ('LESSCLOSE', '/usr/bin/lesspipe %s %s'), ('GCC_COLORS', 'error=31:warning=35:note=36:caret=32:locus=01:quote=01'), ('GJS_DEBUG_OUTPUT', 'stderr'), ('QT_IM_MODULE', 'ibus'), ('PWD', '/home/fiend/Navigation_Bot/dev_ws/build/navigation_bot'), ('LC_ALL', 'en_US.UTF-8'), ('XDG_CONFIG_DIRS', '/etc/xdg/xdg-ubuntu:/etc/xdg'), ('XDG_DATA_DIRS', '/usr/share/ubuntu:/home/fiend/.local/share/flatpak/exports/share:/var/lib/flatpak/exports/share:/usr/local/share/:/usr/share/:/var/lib/snapd/desktop'), ('STARSHIP_SESSION_KEY', '2059017139146452'), ('PYTHONPATH', '/opt/ros/humble/lib/python3.10/site-packages:/opt/ros/humble/local/lib/python3.10/dist-packages'), ('COLCON', '1'), ('VTE_VERSION', '6800'), ('CMAKE_PREFIX_PATH', '/home/fiend/Navigation_Bot/dev_ws/install/navigation_bot:/home/fiend/LineFollowingRobot/ros_ws/install/line_bhakt:/home/fiend/ROS/practice_codes_ROS2/articubot_one/install/articubot_one:/opt/ros/humble')]), 'shell': False}
[0.400368] (-) TimerEvent: {}
[0.479168] (navigation_bot) StdoutLine: {'line': b'\x1b[35m\x1b[1mConsolidate compiler generated dependencies of target Motor_Driver_Node\x1b[0m\n'}
[0.500511] (-) TimerEvent: {}
[0.504027] (navigation_bot) StdoutLine: {'line': b'[ 50%] Built target ImageCapture\n'}
[0.515738] (navigation_bot) StdoutLine: {'line': b'[ 75%] \x1b[32mBuilding CXX object CMakeFiles/Motor_Driver_Node.dir/Executables/follower.cpp.o\x1b[0m\n'}
[0.600640] (-) TimerEvent: {}
[0.701070] (-) TimerEvent: {}
[0.801587] (-) TimerEvent: {}
[0.902055] (-) TimerEvent: {}
[1.002520] (-) TimerEvent: {}
[1.102932] (-) TimerEvent: {}
[1.203304] (-) TimerEvent: {}
[1.303695] (-) TimerEvent: {}
[1.404178] (-) TimerEvent: {}
[1.504658] (-) TimerEvent: {}
[1.605051] (-) TimerEvent: {}
[1.705531] (-) TimerEvent: {}
[1.806021] (-) TimerEvent: {}
[1.906502] (-) TimerEvent: {}
[2.006997] (-) TimerEvent: {}
[2.107474] (-) TimerEvent: {}
[2.207964] (-) TimerEvent: {}
[2.308445] (-) TimerEvent: {}
[2.408931] (-) TimerEvent: {}
[2.509420] (-) TimerEvent: {}
[2.609906] (-) TimerEvent: {}
[2.710389] (-) TimerEvent: {}
[2.810874] (-) TimerEvent: {}
[2.911355] (-) TimerEvent: {}
[3.011841] (-) TimerEvent: {}
[3.112316] (-) TimerEvent: {}
[3.212798] (-) TimerEvent: {}
[3.313279] (-) TimerEvent: {}
[3.413760] (-) TimerEvent: {}
[3.514252] (-) TimerEvent: {}
[3.614733] (-) TimerEvent: {}
[3.715221] (-) TimerEvent: {}
[3.815700] (-) TimerEvent: {}
[3.916186] (-) TimerEvent: {}
[4.016681] (-) TimerEvent: {}
[4.117162] (-) TimerEvent: {}
[4.217652] (-) TimerEvent: {}
[4.318134] (-) TimerEvent: {}
[4.418627] (-) TimerEvent: {}
[4.519132] (-) TimerEvent: {}
[4.619618] (-) TimerEvent: {}
[4.720101] (-) TimerEvent: {}
[4.820561] (-) TimerEvent: {}
[4.921029] (-) TimerEvent: {}
[5.021407] (-) TimerEvent: {}
[5.121788] (-) TimerEvent: {}
[5.222173] (-) TimerEvent: {}
[5.322597] (-) TimerEvent: {}
[5.422989] (-) TimerEvent: {}
[5.523398] (-) TimerEvent: {}
[5.623771] (-) TimerEvent: {}
[5.724146] (-) TimerEvent: {}
[5.824565] (-) TimerEvent: {}
[5.924954] (-) TimerEvent: {}
[6.025358] (-) TimerEvent: {}
[6.125760] (-) TimerEvent: {}
[6.226161] (-) TimerEvent: {}
[6.326545] (-) TimerEvent: {}
[6.426938] (-) TimerEvent: {}
[6.527362] (-) TimerEvent: {}
[6.627736] (-) TimerEvent: {}
[6.728110] (-) TimerEvent: {}
[6.828486] (-) TimerEvent: {}
[6.928861] (-) TimerEvent: {}
[7.029248] (-) TimerEvent: {}
[7.129634] (-) TimerEvent: {}
[7.230013] (-) TimerEvent: {}
[7.330390] (-) TimerEvent: {}
[7.430794] (-) TimerEvent: {}
[7.531185] (-) TimerEvent: {}
[7.631603] (-) TimerEvent: {}
[7.731980] (-) TimerEvent: {}
[7.832391] (-) TimerEvent: {}
[7.932765] (-) TimerEvent: {}
[8.033135] (-) TimerEvent: {}
[8.133541] (-) TimerEvent: {}
[8.233975] (-) TimerEvent: {}
[8.334380] (-) TimerEvent: {}
[8.434791] (-) TimerEvent: {}
[8.535179] (-) TimerEvent: {}
[8.635598] (-) TimerEvent: {}
[8.735991] (-) TimerEvent: {}
[8.836388] (-) TimerEvent: {}
[8.936773] (-) TimerEvent: {}
[9.037157] (-) TimerEvent: {}
[9.137542] (-) TimerEvent: {}
[9.237931] (-) TimerEvent: {}
[9.338350] (-) TimerEvent: {}
[9.438751] (-) TimerEvent: {}
[9.539145] (-) TimerEvent: {}
[9.639548] (-) TimerEvent: {}
[9.739940] (-) TimerEvent: {}
[9.840323] (-) TimerEvent: {}
[9.940730] (-) TimerEvent: {}
[10.041112] (-) TimerEvent: {}
[10.141491] (-) TimerEvent: {}
[10.241919] (-) TimerEvent: {}
[10.342334] (-) TimerEvent: {}
[10.442737] (-) TimerEvent: {}
[10.543132] (-) TimerEvent: {}
[10.643520] (-) TimerEvent: {}
[10.743910] (-) TimerEvent: {}
[10.844320] (-) TimerEvent: {}
[10.944704] (-) TimerEvent: {}
[11.045091] (-) TimerEvent: {}
[11.145508] (-) TimerEvent: {}
[11.245931] (-) TimerEvent: {}
[11.346317] (-) TimerEvent: {}
[11.446693] (-) TimerEvent: {}
[11.547111] (-) TimerEvent: {}
[11.647489] (-) TimerEvent: {}
[11.747863] (-) TimerEvent: {}
[11.848242] (-) TimerEvent: {}
[11.948618] (-) TimerEvent: {}
[12.048999] (-) TimerEvent: {}
[12.149369] (-) TimerEvent: {}
[12.249790] (-) TimerEvent: {}
[12.350172] (-) TimerEvent: {}
[12.450560] (-) TimerEvent: {}
[12.550955] (-) TimerEvent: {}
[12.651374] (-) TimerEvent: {}
[12.751757] (-) TimerEvent: {}
[12.852141] (-) TimerEvent: {}
[12.952566] (-) TimerEvent: {}
[13.052965] (-) TimerEvent: {}
[13.153373] (-) TimerEvent: {}
[13.253773] (-) TimerEvent: {}
[13.354234] (-) TimerEvent: {}
[13.454646] (-) TimerEvent: {}
[13.555084] (-) TimerEvent: {}
[13.655457] (-) TimerEvent: {}
[13.755833] (-) TimerEvent: {}
[13.856205] (-) TimerEvent: {}
[13.956569] (-) TimerEvent: {}
[14.056952] (-) TimerEvent: {}
[14.157414] (-) TimerEvent: {}
[14.257821] (-) TimerEvent: {}
[14.358189] (-) TimerEvent: {}
[14.458562] (-) TimerEvent: {}
[14.558982] (-) TimerEvent: {}
[14.659350] (-) TimerEvent: {}
[14.759730] (-) TimerEvent: {}
[14.860108] (-) TimerEvent: {}
[14.960517] (-) TimerEvent: {}
[15.060895] (-) TimerEvent: {}
[15.161308] (-) TimerEvent: {}
[15.261686] (-) TimerEvent: {}
[15.362062] (-) TimerEvent: {}
[15.462460] (-) TimerEvent: {}
[15.562859] (-) TimerEvent: {}
[15.663248] (-) TimerEvent: {}
[15.763633] (-) TimerEvent: {}
[15.864010] (-) TimerEvent: {}
[15.964392] (-) TimerEvent: {}
[16.064769] (-) TimerEvent: {}
[16.165147] (-) TimerEvent: {}
[16.265527] (-) TimerEvent: {}
[16.365908] (-) TimerEvent: {}
[16.466306] (-) TimerEvent: {}
[16.566734] (-) TimerEvent: {}
[16.667204] (-) TimerEvent: {}
[16.767580] (-) TimerEvent: {}
[16.867946] (-) TimerEvent: {}
[16.968327] (-) TimerEvent: {}
[17.068769] (-) TimerEvent: {}
[17.169433] (-) TimerEvent: {}
[17.269963] (-) TimerEvent: {}
[17.370416] (-) TimerEvent: {}
[17.470885] (-) TimerEvent: {}
[17.571367] (-) TimerEvent: {}
[17.671826] (-) TimerEvent: {}
[17.772306] (-) TimerEvent: {}
[17.872728] (-) TimerEvent: {}
[17.973150] (-) TimerEvent: {}
[18.073590] (-) TimerEvent: {}
[18.174039] (-) TimerEvent: {}
[18.274578] (-) TimerEvent: {}
[18.375137] (-) TimerEvent: {}
[18.475648] (-) TimerEvent: {}
[18.576236] (-) TimerEvent: {}
[18.676803] (-) TimerEvent: {}
[18.777206] (-) TimerEvent: {}
[18.877670] (-) TimerEvent: {}
[18.978076] (-) TimerEvent: {}
[19.078561] (-) TimerEvent: {}
[19.179133] (-) TimerEvent: {}
[19.279667] (-) TimerEvent: {}
[19.380127] (-) TimerEvent: {}
[19.480591] (-) TimerEvent: {}
[19.581074] (-) TimerEvent: {}
[19.681538] (-) TimerEvent: {}
[19.782066] (-) TimerEvent: {}
[19.882511] (-) TimerEvent: {}
[19.982869] (-) TimerEvent: {}
[20.083269] (-) TimerEvent: {}
[20.184054] (-) TimerEvent: {}
[20.284558] (-) TimerEvent: {}
[20.385037] (-) TimerEvent: {}
[20.485429] (-) TimerEvent: {}
[20.585903] (-) TimerEvent: {}
[20.686359] (-) TimerEvent: {}
[20.786831] (-) TimerEvent: {}
[20.887296] (-) TimerEvent: {}
[20.987785] (-) TimerEvent: {}
[21.026823] (navigation_bot) StdoutLine: {'line': b'[100%] \x1b[32m\x1b[1mLinking CXX executable Motor_Driver_Node\x1b[0m\n'}
[21.087938] (-) TimerEvent: {}
[21.188333] (-) TimerEvent: {}
[21.288800] (-) TimerEvent: {}
[21.389204] (-) TimerEvent: {}
[21.489602] (-) TimerEvent: {}
[21.590005] (-) TimerEvent: {}
[21.690408] (-) TimerEvent: {}
[21.790817] (-) TimerEvent: {}
[21.891204] (-) TimerEvent: {}
[21.991579] (-) TimerEvent: {}
[22.091956] (-) TimerEvent: {}
[22.110984] (navigation_bot) StdoutLine: {'line': b'[100%] Built target Motor_Driver_Node\n'}
[22.130896] (navigation_bot) CommandEnded: {'returncode': 0}
[22.179849] (navigation_bot) JobProgress: {'identifier': 'navigation_bot', 'progress': 'install'}
[22.192091] (-) TimerEvent: {}
[22.195078] (navigation_bot) Command: {'cmd': ['/usr/bin/cmake', '--install', '/home/fiend/Navigation_Bot/dev_ws/build/navigation_bot'], 'cwd': '/home/fiend/Navigation_Bot/dev_ws/build/navigation_bot', 'env': OrderedDict([('GJS_DEBUG_TOPICS', 'JS ERROR;JS LOG'), ('LESSOPEN', '| /usr/bin/lesspipe %s'), ('LANGUAGE', 'en_IN:en'), ('USER', 'fiend'), ('STARSHIP_SHELL', 'bash'), ('XDG_SESSION_TYPE', 'wayland'), ('SHLVL', '1'), ('LD_LIBRARY_PATH', '/usr/lib/x86_64-linux-gnu/gazebo-11/plugins:/opt/ros/humble/opt/rviz_ogre_vendor/lib:/opt/ros/humble/lib/x86_64-linux-gnu:/opt/ros/humble/lib'), ('HOME', '/home/fiend'), ('OLDPWD', '/home/fiend/Navigation_Bot'), ('DESKTOP_SESSION', 'ubuntu'), ('GIO_LAUNCHED_DESKTOP_FILE', '/usr/share/applications/terminator.desktop'), ('ROS_PYTHON_VERSION', '3'), ('GNOME_SHELL_SESSION_MODE', 'ubuntu'), ('GTK_MODULES', 'gail:atk-bridge'), ('PS1', '\n\\[\x1b[38;5;156m\\]\\[\x1b[0m\\]\\[\x1b[38;5;166m\\]dev_ws\\[\x1b[0m\\]\\[\x1b[38;5;166m\\]\\[\x1b[0m\\] on \\[\x1b[38;5;162m\\]\ue0a0 \\[\x1b[0m\\]\\[\x1b[38;5;162m\\]main\\[\x1b[0m\\] underwent \\[\x1b[36m\\]31s\\[\x1b[0m\\]\n\\[\x1b[1;38;5;166m\\]➜\\[\x1b[0m\\]'), ('MANAGERPID', '865'), ('SYSTEMD_EXEC_PID', '1038'), ('DBUS_SESSION_BUS_ADDRESS', 'unix:path=/run/user/1000/bus'), ('COLORTERM', 'truecolor'), ('GIO_LAUNCHED_DESKTOP_FILE_PID', '5627'), ('_colcon_cd_root', '/opt/ros/humble/'), ('IM_CONFIG_PHASE', '1'), ('WAYLAND_DISPLAY', 'wayland-0'), ('COLCON_PREFIX_PATH', '/home/fiend/Navigation_Bot/dev_ws/install:/home/fiend/voice_grab/ros2_ws/install:/home/fiend/LineFollowingRobot/ros_ws/install:/home/fiend/ROS/practice_codes_ROS2/articubot_one/install'), ('ROS_DISTRO', 'humble'), ('LOGNAME', 'fiend'), ('JOURNAL_STREAM', '8:30767'), ('_', '/usr/bin/colcon'), ('ROS_VERSION', '2'), ('XDG_SESSION_CLASS', 'user'), ('USERNAME', 'fiend'), ('TERM', 'xterm-256color'), ('GNOME_DESKTOP_SESSION_ID', 'this-is-deprecated'), ('ROS_LOCALHOST_ONLY', '0'), ('PATH', '/opt/ros/humble/bin:/home/fiend/.local/bin:/usr/local/sbin:/usr/local/bin:/usr/sbin:/usr/bin:/sbin:/bin:/usr/games:/usr/local/games:/snap/bin:/snap/bin'), ('SESSION_MANAGER', 'local/fiend-Lenovo-Yoga-C740-14IML:@/tmp/.ICE-unix/1008,unix/fiend-Lenovo-Yoga-C740-14IML:/tmp/.ICE-unix/1008'), ('INVOCATION_ID', '37512f0c72ec48d79a8a8f1894f11f4d'), ('XDG_MENU_PREFIX', 'gnome-'), ('GNOME_SETUP_DISPLAY', ':1'), ('XDG_RUNTIME_DIR', '/run/user/1000'), ('DISPLAY', ':0'), ('LANG', 'en_US.UTF-8'), ('XDG_CURRENT_DESKTOP', 'ubuntu:GNOME'), ('IBUS_DISABLE_SNOOPER', '1'), ('XMODIFIERS', '@im=ibus'), ('XDG_SESSION_DESKTOP', 'ubuntu'), ('XAUTHORITY', '/run/user/1000/.mutter-Xwaylandauth.UJJAK2'), ('LS_COLORS', 'di=34:ow=34:tw=34:fi=13:ln=31:pi=5:so=5:bd=5:cd=5:or=31:mi=0:ex=35:*.rpm=90:*.png=35:*.gif=36:*.jpg=35:*.c=92:*.py=93:*.h=90:*.txt=94:*.doc=104:*.odt=104:*.csv=102:*.xlsx=102:*.xlsm=102:*.rb=31:*.cpp=92:*.sh=92:*.html=96:*.zip=4;33:*.tar.gz=4;33:*.mp4=105:*.mp3=106'), ('SSH_AGENT_LAUNCHER', 'gnome-keyring'), ('SSH_AUTH_SOCK', '/run/user/1000/keyring/ssh'), ('AMENT_PREFIX_PATH', '/home/fiend/Navigation_Bot/dev_ws/install/navigation_bot:/home/fiend/LineFollowingRobot/ros_ws/install/line_bhakt:/home/fiend/ROS/practice_codes_ROS2/articubot_one/install/articubot_one:/opt/ros/humble'), ('SHELL', '/bin/bash'), ('TERMINATOR_UUID', 'urn:uuid:de10c5cb-7f42-4ea2-ad3f-7446c017e8fd'), ('QT_ACCESSIBILITY', '1'), ('GDMSESSION', 'ubuntu'), ('LESSCLOSE', '/usr/bin/lesspipe %s %s'), ('GCC_COLORS', 'error=31:warning=35:note=36:caret=32:locus=01:quote=01'), ('GJS_DEBUG_OUTPUT', 'stderr'), ('QT_IM_MODULE', 'ibus'), ('PWD', '/home/fiend/Navigation_Bot/dev_ws/build/navigation_bot'), ('LC_ALL', 'en_US.UTF-8'), ('XDG_CONFIG_DIRS', '/etc/xdg/xdg-ubuntu:/etc/xdg'), ('XDG_DATA_DIRS', '/usr/share/ubuntu:/home/fiend/.local/share/flatpak/exports/share:/var/lib/flatpak/exports/share:/usr/local/share/:/usr/share/:/var/lib/snapd/desktop'), ('STARSHIP_SESSION_KEY', '2059017139146452'), ('PYTHONPATH', '/opt/ros/humble/lib/python3.10/site-packages:/opt/ros/humble/local/lib/python3.10/dist-packages'), ('COLCON', '1'), ('VTE_VERSION', '6800'), ('CMAKE_PREFIX_PATH', '/home/fiend/Navigation_Bot/dev_ws/install/navigation_bot:/home/fiend/LineFollowingRobot/ros_ws/install/line_bhakt:/home/fiend/ROS/practice_codes_ROS2/articubot_one/install/articubot_one:/opt/ros/humble')]), 'shell': False}
[22.209845] (navigation_bot) StdoutLine: {'line': b'-- Install configuration: ""\n'}
[22.210993] (navigation_bot) StdoutLine: {'line': b'-- Execute custom install script\n'}
[22.211676] (navigation_bot) StdoutLine: {'line': b'-- Up-to-date symlink: /home/fiend/Navigation_Bot/dev_ws/install/navigation_bot/share/navigation_bot/config/empty.yaml\n'}
[22.212023] (navigation_bot) StdoutLine: {'line': b'-- Up-to-date symlink: /home/fiend/Navigation_Bot/dev_ws/install/navigation_bot/share/navigation_bot/config/my_controller.yaml\n'}
[22.212727] (navigation_bot) StdoutLine: {'line': b'-- Up-to-date symlink: /home/fiend/Navigation_Bot/dev_ws/install/navigation_bot/share/navigation_bot/description/Depth_camera.xacro\n'}
[22.213100] (navigation_bot) StdoutLine: {'line': b'-- Up-to-date symlink: /home/fiend/Navigation_Bot/dev_ws/install/navigation_bot/share/navigation_bot/description/camera.xacro\n'}
[22.213667] (navigation_bot) StdoutLine: {'line': b'-- Up-to-date symlink: /home/fiend/Navigation_Bot/dev_ws/install/navigation_bot/share/navigation_bot/description/gazebo_control.xacro\n'}
[22.214150] (navigation_bot) StdoutLine: {'line': b'-- Up-to-date symlink: /home/fiend/Navigation_Bot/dev_ws/install/navigation_bot/share/navigation_bot/description/inertial_macros.xacro\n'}
[22.214625] (navigation_bot) StdoutLine: {'line': b'-- Up-to-date symlink: /home/fiend/Navigation_Bot/dev_ws/install/navigation_bot/share/navigation_bot/description/lidar.xacro\n'}
[22.215057] (navigation_bot) StdoutLine: {'line': b'-- Up-to-date symlink: /home/fiend/Navigation_Bot/dev_ws/install/navigation_bot/share/navigation_bot/description/robot.urdf.xacro\n'}
[22.215592] (navigation_bot) StdoutLine: {'line': b'-- Up-to-date symlink: /home/fiend/Navigation_Bot/dev_ws/install/navigation_bot/share/navigation_bot/description/robot_core.xacro\n'}
[22.216359] (navigation_bot) StdoutLine: {'line': b'-- Up-to-date symlink: /home/fiend/Navigation_Bot/dev_ws/install/navigation_bot/share/navigation_bot/description/ros2_control.xacro\n'}
[22.217217] (navigation_bot) StdoutLine: {'line': b'-- Up-to-date symlink: /home/fiend/Navigation_Bot/dev_ws/install/navigation_bot/share/navigation_bot/launch/launch_sim.launch.py\n'}
[22.217570] (navigation_bot) StdoutLine: {'line': b'-- Up-to-date symlink: /home/fiend/Navigation_Bot/dev_ws/install/navigation_bot/share/navigation_bot/launch/rsp.launch.py\n'}
[22.218478] (navigation_bot) StdoutLine: {'line': b'-- Up-to-date symlink: /home/fiend/Navigation_Bot/dev_ws/install/navigation_bot/share/navigation_bot/worlds/empty.world\n'}
[22.218839] (navigation_bot) StdoutLine: {'line': b'-- Up-to-date symlink: /home/fiend/Navigation_Bot/dev_ws/install/navigation_bot/share/navigation_bot/worlds/home.world\n'}
[22.219152] (navigation_bot) StdoutLine: {'line': b'-- Up-to-date symlink: /home/fiend/Navigation_Bot/dev_ws/install/navigation_bot/share/navigation_bot/worlds/obstacle.world\n'}
[22.219414] (navigation_bot) StdoutLine: {'line': b'-- Up-to-date symlink: /home/fiend/Navigation_Bot/dev_ws/install/navigation_bot/share/navigation_bot/worlds/track.world\n'}
[22.220054] (navigation_bot) StdoutLine: {'line': b'-- Up-to-date symlink: /home/fiend/Navigation_Bot/dev_ws/install/navigation_bot/share/navigation_bot/worlds/turtleWorld.world\n'}
[22.221230] (navigation_bot) StdoutLine: {'line': b'-- Up-to-date symlink: /home/fiend/Navigation_Bot/dev_ws/install/navigation_bot/lib/navigation_bot/ImageCapture\n'}
[22.221801] (navigation_bot) StdoutLine: {'line': b'-- Up-to-date symlink: /home/fiend/Navigation_Bot/dev_ws/install/navigation_bot/lib/navigation_bot/Motor_Driver_Node\n'}
[22.222385] (navigation_bot) StdoutLine: {'line': b'-- Up-to-date symlink: /home/fiend/Navigation_Bot/dev_ws/install/navigation_bot/share/ament_index/resource_index/package_run_dependencies/navigation_bot\n'}
[22.223084] (navigation_bot) StdoutLine: {'line': b'-- Up-to-date symlink: /home/fiend/Navigation_Bot/dev_ws/install/navigation_bot/share/ament_index/resource_index/parent_prefix_path/navigation_bot\n'}
[22.223637] (navigation_bot) StdoutLine: {'line': b'-- Up-to-date symlink: /home/fiend/Navigation_Bot/dev_ws/install/navigation_bot/share/navigation_bot/environment/ament_prefix_path.sh\n'}
[22.224120] (navigation_bot) StdoutLine: {'line': b'-- Up-to-date symlink: /home/fiend/Navigation_Bot/dev_ws/install/navigation_bot/share/navigation_bot/environment/ament_prefix_path.dsv\n'}
[22.224647] (navigation_bot) StdoutLine: {'line': b'-- Up-to-date symlink: /home/fiend/Navigation_Bot/dev_ws/install/navigation_bot/share/navigation_bot/environment/path.sh\n'}
[22.225154] (navigation_bot) StdoutLine: {'line': b'-- Up-to-date symlink: /home/fiend/Navigation_Bot/dev_ws/install/navigation_bot/share/navigation_bot/environment/path.dsv\n'}
[22.225733] (navigation_bot) StdoutLine: {'line': b'-- Up-to-date symlink: /home/fiend/Navigation_Bot/dev_ws/install/navigation_bot/share/navigation_bot/local_setup.bash\n'}
[22.226164] (navigation_bot) StdoutLine: {'line': b'-- Up-to-date symlink: /home/fiend/Navigation_Bot/dev_ws/install/navigation_bot/share/navigation_bot/local_setup.sh\n'}
[22.226586] (navigation_bot) StdoutLine: {'line': b'-- Up-to-date symlink: /home/fiend/Navigation_Bot/dev_ws/install/navigation_bot/share/navigation_bot/local_setup.zsh\n'}
[22.227248] (navigation_bot) StdoutLine: {'line': b'-- Up-to-date symlink: /home/fiend/Navigation_Bot/dev_ws/install/navigation_bot/share/navigation_bot/local_setup.dsv\n'}
[22.227750] (navigation_bot) StdoutLine: {'line': b'-- Symlinking: /home/fiend/Navigation_Bot/dev_ws/install/navigation_bot/share/navigation_bot/package.dsv\n'}
[22.245579] (navigation_bot) StdoutLine: {'line': b'-- Up-to-date symlink: /home/fiend/Navigation_Bot/dev_ws/install/navigation_bot/share/ament_index/resource_index/packages/navigation_bot\n'}
[22.246031] (navigation_bot) StdoutLine: {'line': b'-- Up-to-date symlink: /home/fiend/Navigation_Bot/dev_ws/install/navigation_bot/share/navigation_bot/cmake/navigation_botConfig.cmake\n'}
[22.246377] (navigation_bot) StdoutLine: {'line': b'-- Up-to-date symlink: /home/fiend/Navigation_Bot/dev_ws/install/navigation_bot/share/navigation_bot/cmake/navigation_botConfig-version.cmake\n'}
[22.246672] (navigation_bot) StdoutLine: {'line': b'-- Up-to-date symlink: /home/fiend/Navigation_Bot/dev_ws/install/navigation_bot/share/navigation_bot/package.xml\n'}
[22.249742] (navigation_bot) CommandEnded: {'returncode': 0}
[22.292698] (-) TimerEvent: {}
[22.393253] (-) TimerEvent: {}
[22.494545] (-) TimerEvent: {}
[22.594985] (-) TimerEvent: {}
[22.666619] (navigation_bot) JobEnded: {'identifier': 'navigation_bot', 'rc': 0}
[22.668398] (-) EventReactorShutdown: {}
