In file included from [01m[K/opt/ros/humble/include/rclcpp/rclcpp/logging.hpp:24[m[K,
                 from [01m[K/opt/ros/humble/include/rclcpp/rclcpp/client.hpp:40[m[K,
                 from [01m[K/opt/ros/humble/include/rclcpp/rclcpp/callback_group.hpp:24[m[K,
                 from [01m[K/opt/ros/humble/include/rclcpp/rclcpp/any_executable.hpp:20[m[K,
                 from [01m[K/opt/ros/humble/include/rclcpp/rclcpp/memory_strategy.hpp:25[m[K,
                 from [01m[K/opt/ros/humble/include/rclcpp/rclcpp/memory_strategies.hpp:18[m[K,
                 from [01m[K/opt/ros/humble/include/rclcpp/rclcpp/executor_options.hpp:20[m[K,
                 from [01m[K/opt/ros/humble/include/rclcpp/rclcpp/executor.hpp:37[m[K,
                 from [01m[K/opt/ros/humble/include/rclcpp/rclcpp/executors/multi_threaded_executor.hpp:25[m[K,
                 from [01m[K/opt/ros/humble/include/rclcpp/rclcpp/executors.hpp:21[m[K,
                 from [01m[K/opt/ros/humble/include/rclcpp/rclcpp/rclcpp.hpp:155[m[K,
                 from [01m[K/home/fiend/Navigation_Bot/dev_ws/src/Executables/follower.cpp:1[m[K:
[01m[K/home/fiend/Navigation_Bot/dev_ws/src/Executables/follower.cpp:[m[K In member function ‘[01m[Kvoid follower::contourCallback(sensor_msgs::msg::Image_<std::allocator<void> >::SharedPtr)[m[K’:
[01m[K/home/fiend/Navigation_Bot/dev_ws/src/Executables/follower.cpp:41:45:[m[K [35m[Kwarning: [m[Kformat ‘[01m[K%s[m[K’ expects argument of type ‘[01m[Kchar*[m[K’, but argument 5 has type ‘[01m[Kstd::string[m[K’ {aka ‘[01m[Kstd::__cxx11::basic_string<char>[m[K’} [[35m[K]8;;https://gcc.gnu.org/onlinedocs/gcc/Warning-Options.html#index-Wformat=-Wformat=]8;;[m[K]
   41 |         RCLCPP_INFO_ONCE(this->get_logger(),[35m[K"Image Encoding: %s\n"[m[K, cv_ptr->encoding);
      |                                             [35m[K^~~~~~~~~~~~~~~~~~~~~~[m[K
[01m[K/home/fiend/Navigation_Bot/dev_ws/src/Executables/follower.cpp:41:63:[m[K [36m[Knote: [m[Kformat string is defined here
   41 |         RCLCPP_INFO_ONCE(this->get_logger(),"Image Encoding: [36m[K%s[m[K\n", cv_ptr->encoding);
      |                                                              [36m[K~^[m[K
      |                                                               [36m[K|[m[K
      |                                                               [36m[Kchar*[m[K
