[0.000000] (-) TimerEvent: {}
[0.001259] (navigation_bot) JobQueued: {'identifier': 'navigation_bot', 'dependencies': OrderedDict()}
[0.001355] (navigation_bot) JobStarted: {'identifier': 'navigation_bot'}
[0.099652] (-) TimerEvent: {}
[0.200481] (-) TimerEvent: {}
[0.301089] (-) TimerEvent: {}
[0.308682] (navigation_bot) JobProgress: {'identifier': 'navigation_bot', 'progress': 'cmake'}
[0.310002] (navigation_bot) JobProgress: {'identifier': 'navigation_bot', 'progress': 'build'}
[0.311391] (navigation_bot) Command: {'cmd': ['/usr/bin/cmake', '--build', '/home/fiend/Navigation_Bot/dev_ws/build/navigation_bot', '--', '-j8', '-l8'], 'cwd': '/home/fiend/Navigation_Bot/dev_ws/build/navigation_bot', 'env': OrderedDict([('GJS_DEBUG_TOPICS', 'JS ERROR;JS LOG'), ('LESSOPEN', '| /usr/bin/lesspipe %s'), ('LANGUAGE', 'en_IN:en'), ('USER', 'fiend'), ('STARSHIP_SHELL', 'bash'), ('XDG_SESSION_TYPE', 'wayland'), ('SHLVL', '1'), ('LD_LIBRARY_PATH', '/usr/lib/x86_64-linux-gnu/gazebo-11/plugins:/opt/ros/humble/opt/rviz_ogre_vendor/lib:/opt/ros/humble/lib/x86_64-linux-gnu:/opt/ros/humble/lib'), ('HOME', '/home/fiend'), ('OLDPWD', '/home/fiend/Navigation_Bot'), ('DESKTOP_SESSION', 'ubuntu'), ('GIO_LAUNCHED_DESKTOP_FILE', '/usr/share/applications/terminator.desktop'), ('ROS_PYTHON_VERSION', '3'), ('GNOME_SHELL_SESSION_MODE', 'ubuntu'), ('GTK_MODULES', 'gail:atk-bridge'), ('PS1', '\n\\[\x1b[38;5;156m\\]\\[\x1b[0m\\]\\[\x1b[38;5;166m\\]dev_ws\\[\x1b[0m\\]\\[\x1b[38;5;166m\\]\\[\x1b[0m\\] on \\[\x1b[38;5;162m\\]\ue0a0 \\[\x1b[0m\\]\\[\x1b[38;5;162m\\]main\\[\x1b[0m\\] underwent \\[\x1b[36m\\]2m33s\\[\x1b[0m\\]\n\\[\x1b[1;38;5;166m\\]➜\\[\x1b[0m\\]'), ('MANAGERPID', '865'), ('SYSTEMD_EXEC_PID', '1038'), ('DBUS_SESSION_BUS_ADDRESS', 'unix:path=/run/user/1000/bus'), ('COLORTERM', 'truecolor'), ('GIO_LAUNCHED_DESKTOP_FILE_PID', '5627'), ('_colcon_cd_root', '/opt/ros/humble/'), ('IM_CONFIG_PHASE', '1'), ('WAYLAND_DISPLAY', 'wayland-0'), ('COLCON_PREFIX_PATH', '/home/fiend/Navigation_Bot/dev_ws/install:/home/fiend/voice_grab/ros2_ws/install:/home/fiend/LineFollowingRobot/ros_ws/install:/home/fiend/ROS/practice_codes_ROS2/articubot_one/install'), ('ROS_DISTRO', 'humble'), ('LOGNAME', 'fiend'), ('JOURNAL_STREAM', '8:30767'), ('_', '/usr/bin/colcon'), ('ROS_VERSION', '2'), ('XDG_SESSION_CLASS', 'user'), ('USERNAME', 'fiend'), ('TERM', 'xterm-256color'), ('GNOME_DESKTOP_SESSION_ID', 'this-is-deprecated'), ('ROS_LOCALHOST_ONLY', '0'), ('PATH', '/opt/ros/humble/bin:/home/fiend/.local/bin:/usr/local/sbin:/usr/local/bin:/usr/sbin:/usr/bin:/sbin:/bin:/usr/games:/usr/local/games:/snap/bin:/snap/bin'), ('SESSION_MANAGER', 'local/fiend-Lenovo-Yoga-C740-14IML:@/tmp/.ICE-unix/1008,unix/fiend-Lenovo-Yoga-C740-14IML:/tmp/.ICE-unix/1008'), ('INVOCATION_ID', '37512f0c72ec48d79a8a8f1894f11f4d'), ('XDG_MENU_PREFIX', 'gnome-'), ('GNOME_SETUP_DISPLAY', ':1'), ('XDG_RUNTIME_DIR', '/run/user/1000'), ('DISPLAY', ':0'), ('LANG', 'en_US.UTF-8'), ('XDG_CURRENT_DESKTOP', 'ubuntu:GNOME'), ('IBUS_DISABLE_SNOOPER', '1'), ('XMODIFIERS', '@im=ibus'), ('XDG_SESSION_DESKTOP', 'ubuntu'), ('XAUTHORITY', '/run/user/1000/.mutter-Xwaylandauth.UJJAK2'), ('LS_COLORS', 'di=34:ow=34:tw=34:fi=13:ln=31:pi=5:so=5:bd=5:cd=5:or=31:mi=0:ex=35:*.rpm=90:*.png=35:*.gif=36:*.jpg=35:*.c=92:*.py=93:*.h=90:*.txt=94:*.doc=104:*.odt=104:*.csv=102:*.xlsx=102:*.xlsm=102:*.rb=31:*.cpp=92:*.sh=92:*.html=96:*.zip=4;33:*.tar.gz=4;33:*.mp4=105:*.mp3=106'), ('SSH_AGENT_LAUNCHER', 'gnome-keyring'), ('SSH_AUTH_SOCK', '/run/user/1000/keyring/ssh'), ('AMENT_PREFIX_PATH', '/home/fiend/Navigation_Bot/dev_ws/install/navigation_bot:/home/fiend/LineFollowingRobot/ros_ws/install/line_bhakt:/home/fiend/ROS/practice_codes_ROS2/articubot_one/install/articubot_one:/opt/ros/humble'), ('SHELL', '/bin/bash'), ('TERMINATOR_UUID', 'urn:uuid:de10c5cb-7f42-4ea2-ad3f-7446c017e8fd'), ('QT_ACCESSIBILITY', '1'), ('GDMSESSION', 'ubuntu'), ('LESSCLOSE', '/usr/bin/lesspipe %s %s'), ('GCC_COLORS', 'error=31:warning=35:note=36:caret=32:locus=01:quote=01'), ('GJS_DEBUG_OUTPUT', 'stderr'), ('QT_IM_MODULE', 'ibus'), ('PWD', '/home/fiend/Navigation_Bot/dev_ws/build/navigation_bot'), ('LC_ALL', 'en_US.UTF-8'), ('XDG_CONFIG_DIRS', '/etc/xdg/xdg-ubuntu:/etc/xdg'), ('XDG_DATA_DIRS', '/usr/share/ubuntu:/home/fiend/.local/share/flatpak/exports/share:/var/lib/flatpak/exports/share:/usr/local/share/:/usr/share/:/var/lib/snapd/desktop'), ('STARSHIP_SESSION_KEY', '2059017139146452'), ('PYTHONPATH', '/opt/ros/humble/lib/python3.10/site-packages:/opt/ros/humble/local/lib/python3.10/dist-packages'), ('COLCON', '1'), ('VTE_VERSION', '6800'), ('CMAKE_PREFIX_PATH', '/home/fiend/Navigation_Bot/dev_ws/install/navigation_bot:/home/fiend/LineFollowingRobot/ros_ws/install/line_bhakt:/home/fiend/ROS/practice_codes_ROS2/articubot_one/install/articubot_one:/opt/ros/humble')]), 'shell': False}
[0.401237] (-) TimerEvent: {}
[0.405386] (navigation_bot) StdoutLine: {'line': b'\x1b[35m\x1b[1mConsolidate compiler generated dependencies of target Motor_Driver_Node\x1b[0m\n'}
[0.440410] (navigation_bot) StdoutLine: {'line': b'[ 25%] \x1b[32mBuilding CXX object CMakeFiles/ImageCapture.dir/Executables/ImageCapture.cpp.o\x1b[0m\n'}
[0.444431] (navigation_bot) StdoutLine: {'line': b'[ 75%] Built target Motor_Driver_Node\n'}
[0.501361] (-) TimerEvent: {}
[0.601843] (-) TimerEvent: {}
[0.702514] (-) TimerEvent: {}
[0.802927] (-) TimerEvent: {}
[0.903307] (-) TimerEvent: {}
[1.003686] (-) TimerEvent: {}
[1.104103] (-) TimerEvent: {}
[1.204479] (-) TimerEvent: {}
[1.304849] (-) TimerEvent: {}
[1.405230] (-) TimerEvent: {}
[1.505605] (-) TimerEvent: {}
[1.606018] (-) TimerEvent: {}
[1.706397] (-) TimerEvent: {}
[1.806840] (-) TimerEvent: {}
[1.907244] (-) TimerEvent: {}
[2.007623] (-) TimerEvent: {}
[2.108040] (-) TimerEvent: {}
[2.208422] (-) TimerEvent: {}
[2.308813] (-) TimerEvent: {}
[2.409216] (-) TimerEvent: {}
[2.509608] (-) TimerEvent: {}
[2.610015] (-) TimerEvent: {}
[2.710401] (-) TimerEvent: {}
[2.810790] (-) TimerEvent: {}
[2.911181] (-) TimerEvent: {}
[3.011591] (-) TimerEvent: {}
[3.111972] (-) TimerEvent: {}
[3.212361] (-) TimerEvent: {}
[3.312767] (-) TimerEvent: {}
[3.413153] (-) TimerEvent: {}
[3.513540] (-) TimerEvent: {}
[3.613929] (-) TimerEvent: {}
[3.714358] (-) TimerEvent: {}
[3.814741] (-) TimerEvent: {}
[3.915114] (-) TimerEvent: {}
[4.015499] (-) TimerEvent: {}
[4.115890] (-) TimerEvent: {}
[4.216276] (-) TimerEvent: {}
[4.316659] (-) TimerEvent: {}
[4.417065] (-) TimerEvent: {}
[4.517452] (-) TimerEvent: {}
[4.617857] (-) TimerEvent: {}
[4.718293] (-) TimerEvent: {}
[4.818688] (-) TimerEvent: {}
[4.919100] (-) TimerEvent: {}
[5.019501] (-) TimerEvent: {}
[5.119894] (-) TimerEvent: {}
[5.220284] (-) TimerEvent: {}
[5.320670] (-) TimerEvent: {}
[5.421047] (-) TimerEvent: {}
[5.521433] (-) TimerEvent: {}
[5.621842] (-) TimerEvent: {}
[5.722248] (-) TimerEvent: {}
[5.822673] (-) TimerEvent: {}
[5.923056] (-) TimerEvent: {}
[6.023443] (-) TimerEvent: {}
[6.123846] (-) TimerEvent: {}
[6.224230] (-) TimerEvent: {}
[6.324652] (-) TimerEvent: {}
[6.425057] (-) TimerEvent: {}
[6.525450] (-) TimerEvent: {}
[6.625850] (-) TimerEvent: {}
[6.726255] (-) TimerEvent: {}
[6.826647] (-) TimerEvent: {}
[6.927029] (-) TimerEvent: {}
[7.027408] (-) TimerEvent: {}
[7.127811] (-) TimerEvent: {}
[7.228224] (-) TimerEvent: {}
[7.328603] (-) TimerEvent: {}
[7.429007] (-) TimerEvent: {}
[7.529399] (-) TimerEvent: {}
[7.629774] (-) TimerEvent: {}
[7.730169] (-) TimerEvent: {}
[7.830553] (-) TimerEvent: {}
[7.930953] (-) TimerEvent: {}
[8.031420] (-) TimerEvent: {}
[8.131833] (-) TimerEvent: {}
[8.232253] (-) TimerEvent: {}
[8.332653] (-) TimerEvent: {}
[8.433046] (-) TimerEvent: {}
[8.533491] (-) TimerEvent: {}
[8.633870] (-) TimerEvent: {}
[8.734284] (-) TimerEvent: {}
[8.834691] (-) TimerEvent: {}
[8.935102] (-) TimerEvent: {}
[9.035476] (-) TimerEvent: {}
[9.135853] (-) TimerEvent: {}
[9.236236] (-) TimerEvent: {}
[9.336622] (-) TimerEvent: {}
[9.436998] (-) TimerEvent: {}
[9.537380] (-) TimerEvent: {}
[9.637770] (-) TimerEvent: {}
[9.738161] (-) TimerEvent: {}
[9.838541] (-) TimerEvent: {}
[9.938938] (-) TimerEvent: {}
[10.039324] (-) TimerEvent: {}
[10.139740] (-) TimerEvent: {}
[10.240147] (-) TimerEvent: {}
[10.340549] (-) TimerEvent: {}
[10.440944] (-) TimerEvent: {}
[10.541322] (-) TimerEvent: {}
[10.641743] (-) TimerEvent: {}
[10.742138] (-) TimerEvent: {}
[10.842523] (-) TimerEvent: {}
[10.942939] (-) TimerEvent: {}
[11.043319] (-) TimerEvent: {}
[11.143744] (-) TimerEvent: {}
[11.244160] (-) TimerEvent: {}
[11.344545] (-) TimerEvent: {}
[11.444934] (-) TimerEvent: {}
[11.545322] (-) TimerEvent: {}
[11.645704] (-) TimerEvent: {}
[11.746093] (-) TimerEvent: {}
[11.846468] (-) TimerEvent: {}
[11.946849] (-) TimerEvent: {}
[12.047232] (-) TimerEvent: {}
[12.147609] (-) TimerEvent: {}
[12.247999] (-) TimerEvent: {}
[12.348401] (-) TimerEvent: {}
[12.448787] (-) TimerEvent: {}
[12.549184] (-) TimerEvent: {}
[12.649713] (-) TimerEvent: {}
[12.750132] (-) TimerEvent: {}
[12.850520] (-) TimerEvent: {}
[12.950927] (-) TimerEvent: {}
[13.051299] (-) TimerEvent: {}
[13.151673] (-) TimerEvent: {}
[13.252043] (-) TimerEvent: {}
[13.352428] (-) TimerEvent: {}
[13.452816] (-) TimerEvent: {}
[13.553215] (-) TimerEvent: {}
[13.653590] (-) TimerEvent: {}
[13.754013] (-) TimerEvent: {}
[13.854398] (-) TimerEvent: {}
[13.954813] (-) TimerEvent: {}
[14.055182] (-) TimerEvent: {}
[14.155551] (-) TimerEvent: {}
[14.255935] (-) TimerEvent: {}
[14.356352] (-) TimerEvent: {}
[14.456783] (-) TimerEvent: {}
[14.557158] (-) TimerEvent: {}
[14.657532] (-) TimerEvent: {}
[14.757911] (-) TimerEvent: {}
[14.858294] (-) TimerEvent: {}
[14.958669] (-) TimerEvent: {}
[15.059044] (-) TimerEvent: {}
[15.159418] (-) TimerEvent: {}
[15.259794] (-) TimerEvent: {}
[15.360202] (-) TimerEvent: {}
[15.460580] (-) TimerEvent: {}
[15.560957] (-) TimerEvent: {}
[15.661341] (-) TimerEvent: {}
[15.761719] (-) TimerEvent: {}
[15.862103] (-) TimerEvent: {}
[15.962509] (-) TimerEvent: {}
[16.062909] (-) TimerEvent: {}
[16.163290] (-) TimerEvent: {}
[16.263680] (-) TimerEvent: {}
[16.364057] (-) TimerEvent: {}
[16.464429] (-) TimerEvent: {}
[16.564831] (-) TimerEvent: {}
[16.665213] (-) TimerEvent: {}
[16.765626] (-) TimerEvent: {}
[16.866012] (-) TimerEvent: {}
[16.966377] (-) TimerEvent: {}
[17.066758] (-) TimerEvent: {}
[17.167126] (-) TimerEvent: {}
[17.267530] (-) TimerEvent: {}
[17.367900] (-) TimerEvent: {}
[17.468269] (-) TimerEvent: {}
[17.568637] (-) TimerEvent: {}
[17.669003] (-) TimerEvent: {}
[17.769392] (-) TimerEvent: {}
[17.869755] (-) TimerEvent: {}
[17.970133] (-) TimerEvent: {}
[18.070503] (-) TimerEvent: {}
[18.170879] (-) TimerEvent: {}
[18.271246] (-) TimerEvent: {}
[18.371614] (-) TimerEvent: {}
[18.471978] (-) TimerEvent: {}
[18.572370] (-) TimerEvent: {}
[18.672817] (-) TimerEvent: {}
[18.773190] (-) TimerEvent: {}
[18.873563] (-) TimerEvent: {}
[18.973940] (-) TimerEvent: {}
[19.074336] (-) TimerEvent: {}
[19.174708] (-) TimerEvent: {}
[19.275087] (-) TimerEvent: {}
[19.375461] (-) TimerEvent: {}
[19.475854] (-) TimerEvent: {}
[19.547013] (navigation_bot) StdoutLine: {'line': b'[100%] \x1b[32m\x1b[1mLinking CXX executable ImageCapture\x1b[0m\n'}
[19.575965] (-) TimerEvent: {}
[19.676350] (-) TimerEvent: {}
[19.776834] (-) TimerEvent: {}
[19.877291] (-) TimerEvent: {}
[19.977737] (-) TimerEvent: {}
[20.078168] (-) TimerEvent: {}
[20.178601] (-) TimerEvent: {}
[20.278981] (-) TimerEvent: {}
[20.379373] (-) TimerEvent: {}
[20.479785] (-) TimerEvent: {}
[20.546435] (navigation_bot) StdoutLine: {'line': b'[100%] Built target ImageCapture\n'}
[20.563978] (navigation_bot) CommandEnded: {'returncode': 0}
[20.579906] (-) TimerEvent: {}
[20.609170] (navigation_bot) JobProgress: {'identifier': 'navigation_bot', 'progress': 'install'}
[20.625111] (navigation_bot) Command: {'cmd': ['/usr/bin/cmake', '--install', '/home/fiend/Navigation_Bot/dev_ws/build/navigation_bot'], 'cwd': '/home/fiend/Navigation_Bot/dev_ws/build/navigation_bot', 'env': OrderedDict([('GJS_DEBUG_TOPICS', 'JS ERROR;JS LOG'), ('LESSOPEN', '| /usr/bin/lesspipe %s'), ('LANGUAGE', 'en_IN:en'), ('USER', 'fiend'), ('STARSHIP_SHELL', 'bash'), ('XDG_SESSION_TYPE', 'wayland'), ('SHLVL', '1'), ('LD_LIBRARY_PATH', '/usr/lib/x86_64-linux-gnu/gazebo-11/plugins:/opt/ros/humble/opt/rviz_ogre_vendor/lib:/opt/ros/humble/lib/x86_64-linux-gnu:/opt/ros/humble/lib'), ('HOME', '/home/fiend'), ('OLDPWD', '/home/fiend/Navigation_Bot'), ('DESKTOP_SESSION', 'ubuntu'), ('GIO_LAUNCHED_DESKTOP_FILE', '/usr/share/applications/terminator.desktop'), ('ROS_PYTHON_VERSION', '3'), ('GNOME_SHELL_SESSION_MODE', 'ubuntu'), ('GTK_MODULES', 'gail:atk-bridge'), ('PS1', '\n\\[\x1b[38;5;156m\\]\\[\x1b[0m\\]\\[\x1b[38;5;166m\\]dev_ws\\[\x1b[0m\\]\\[\x1b[38;5;166m\\]\\[\x1b[0m\\] on \\[\x1b[38;5;162m\\]\ue0a0 \\[\x1b[0m\\]\\[\x1b[38;5;162m\\]main\\[\x1b[0m\\] underwent \\[\x1b[36m\\]2m33s\\[\x1b[0m\\]\n\\[\x1b[1;38;5;166m\\]➜\\[\x1b[0m\\]'), ('MANAGERPID', '865'), ('SYSTEMD_EXEC_PID', '1038'), ('DBUS_SESSION_BUS_ADDRESS', 'unix:path=/run/user/1000/bus'), ('COLORTERM', 'truecolor'), ('GIO_LAUNCHED_DESKTOP_FILE_PID', '5627'), ('_colcon_cd_root', '/opt/ros/humble/'), ('IM_CONFIG_PHASE', '1'), ('WAYLAND_DISPLAY', 'wayland-0'), ('COLCON_PREFIX_PATH', '/home/fiend/Navigation_Bot/dev_ws/install:/home/fiend/voice_grab/ros2_ws/install:/home/fiend/LineFollowingRobot/ros_ws/install:/home/fiend/ROS/practice_codes_ROS2/articubot_one/install'), ('ROS_DISTRO', 'humble'), ('LOGNAME', 'fiend'), ('JOURNAL_STREAM', '8:30767'), ('_', '/usr/bin/colcon'), ('ROS_VERSION', '2'), ('XDG_SESSION_CLASS', 'user'), ('USERNAME', 'fiend'), ('TERM', 'xterm-256color'), ('GNOME_DESKTOP_SESSION_ID', 'this-is-deprecated'), ('ROS_LOCALHOST_ONLY', '0'), ('PATH', '/opt/ros/humble/bin:/home/fiend/.local/bin:/usr/local/sbin:/usr/local/bin:/usr/sbin:/usr/bin:/sbin:/bin:/usr/games:/usr/local/games:/snap/bin:/snap/bin'), ('SESSION_MANAGER', 'local/fiend-Lenovo-Yoga-C740-14IML:@/tmp/.ICE-unix/1008,unix/fiend-Lenovo-Yoga-C740-14IML:/tmp/.ICE-unix/1008'), ('INVOCATION_ID', '37512f0c72ec48d79a8a8f1894f11f4d'), ('XDG_MENU_PREFIX', 'gnome-'), ('GNOME_SETUP_DISPLAY', ':1'), ('XDG_RUNTIME_DIR', '/run/user/1000'), ('DISPLAY', ':0'), ('LANG', 'en_US.UTF-8'), ('XDG_CURRENT_DESKTOP', 'ubuntu:GNOME'), ('IBUS_DISABLE_SNOOPER', '1'), ('XMODIFIERS', '@im=ibus'), ('XDG_SESSION_DESKTOP', 'ubuntu'), ('XAUTHORITY', '/run/user/1000/.mutter-Xwaylandauth.UJJAK2'), ('LS_COLORS', 'di=34:ow=34:tw=34:fi=13:ln=31:pi=5:so=5:bd=5:cd=5:or=31:mi=0:ex=35:*.rpm=90:*.png=35:*.gif=36:*.jpg=35:*.c=92:*.py=93:*.h=90:*.txt=94:*.doc=104:*.odt=104:*.csv=102:*.xlsx=102:*.xlsm=102:*.rb=31:*.cpp=92:*.sh=92:*.html=96:*.zip=4;33:*.tar.gz=4;33:*.mp4=105:*.mp3=106'), ('SSH_AGENT_LAUNCHER', 'gnome-keyring'), ('SSH_AUTH_SOCK', '/run/user/1000/keyring/ssh'), ('AMENT_PREFIX_PATH', '/home/fiend/Navigation_Bot/dev_ws/install/navigation_bot:/home/fiend/LineFollowingRobot/ros_ws/install/line_bhakt:/home/fiend/ROS/practice_codes_ROS2/articubot_one/install/articubot_one:/opt/ros/humble'), ('SHELL', '/bin/bash'), ('TERMINATOR_UUID', 'urn:uuid:de10c5cb-7f42-4ea2-ad3f-7446c017e8fd'), ('QT_ACCESSIBILITY', '1'), ('GDMSESSION', 'ubuntu'), ('LESSCLOSE', '/usr/bin/lesspipe %s %s'), ('GCC_COLORS', 'error=31:warning=35:note=36:caret=32:locus=01:quote=01'), ('GJS_DEBUG_OUTPUT', 'stderr'), ('QT_IM_MODULE', 'ibus'), ('PWD', '/home/fiend/Navigation_Bot/dev_ws/build/navigation_bot'), ('LC_ALL', 'en_US.UTF-8'), ('XDG_CONFIG_DIRS', '/etc/xdg/xdg-ubuntu:/etc/xdg'), ('XDG_DATA_DIRS', '/usr/share/ubuntu:/home/fiend/.local/share/flatpak/exports/share:/var/lib/flatpak/exports/share:/usr/local/share/:/usr/share/:/var/lib/snapd/desktop'), ('STARSHIP_SESSION_KEY', '2059017139146452'), ('PYTHONPATH', '/opt/ros/humble/lib/python3.10/site-packages:/opt/ros/humble/local/lib/python3.10/dist-packages'), ('COLCON', '1'), ('VTE_VERSION', '6800'), ('CMAKE_PREFIX_PATH', '/home/fiend/Navigation_Bot/dev_ws/install/navigation_bot:/home/fiend/LineFollowingRobot/ros_ws/install/line_bhakt:/home/fiend/ROS/practice_codes_ROS2/articubot_one/install/articubot_one:/opt/ros/humble')]), 'shell': False}
[20.638097] (navigation_bot) StdoutLine: {'line': b'-- Install configuration: ""\n'}
[20.639136] (navigation_bot) StdoutLine: {'line': b'-- Execute custom install script\n'}
[20.640157] (navigation_bot) StdoutLine: {'line': b'-- Up-to-date symlink: /home/fiend/Navigation_Bot/dev_ws/install/navigation_bot/share/navigation_bot/config/empty.yaml\n'}
[20.640507] (navigation_bot) StdoutLine: {'line': b'-- Up-to-date symlink: /home/fiend/Navigation_Bot/dev_ws/install/navigation_bot/share/navigation_bot/config/my_controller.yaml\n'}
[20.641328] (navigation_bot) StdoutLine: {'line': b'-- Up-to-date symlink: /home/fiend/Navigation_Bot/dev_ws/install/navigation_bot/share/navigation_bot/description/Depth_camera.xacro\n'}
[20.641693] (navigation_bot) StdoutLine: {'line': b'-- Up-to-date symlink: /home/fiend/Navigation_Bot/dev_ws/install/navigation_bot/share/navigation_bot/description/camera.xacro\n'}
[20.642082] (navigation_bot) StdoutLine: {'line': b'-- Up-to-date symlink: /home/fiend/Navigation_Bot/dev_ws/install/navigation_bot/share/navigation_bot/description/gazebo_control.xacro\n'}
[20.642428] (navigation_bot) StdoutLine: {'line': b'-- Up-to-date symlink: /home/fiend/Navigation_Bot/dev_ws/install/navigation_bot/share/navigation_bot/description/inertial_macros.xacro\n'}
[20.642779] (navigation_bot) StdoutLine: {'line': b'-- Up-to-date symlink: /home/fiend/Navigation_Bot/dev_ws/install/navigation_bot/share/navigation_bot/description/lidar.xacro\n'}
[20.643134] (navigation_bot) StdoutLine: {'line': b'-- Up-to-date symlink: /home/fiend/Navigation_Bot/dev_ws/install/navigation_bot/share/navigation_bot/description/robot.urdf.xacro\n'}
[20.643422] (navigation_bot) StdoutLine: {'line': b'-- Up-to-date symlink: /home/fiend/Navigation_Bot/dev_ws/install/navigation_bot/share/navigation_bot/description/robot_core.xacro\n'}
[20.643861] (navigation_bot) StdoutLine: {'line': b'-- Up-to-date symlink: /home/fiend/Navigation_Bot/dev_ws/install/navigation_bot/share/navigation_bot/description/ros2_control.xacro\n'}
[20.644584] (navigation_bot) StdoutLine: {'line': b'-- Up-to-date symlink: /home/fiend/Navigation_Bot/dev_ws/install/navigation_bot/share/navigation_bot/launch/launch_sim.launch.py\n'}
[20.644828] (navigation_bot) StdoutLine: {'line': b'-- Up-to-date symlink: /home/fiend/Navigation_Bot/dev_ws/install/navigation_bot/share/navigation_bot/launch/rsp.launch.py\n'}
[20.645615] (navigation_bot) StdoutLine: {'line': b'-- Up-to-date symlink: /home/fiend/Navigation_Bot/dev_ws/install/navigation_bot/share/navigation_bot/worlds/empty.world\n'}
[20.645902] (navigation_bot) StdoutLine: {'line': b'-- Up-to-date symlink: /home/fiend/Navigation_Bot/dev_ws/install/navigation_bot/share/navigation_bot/worlds/home.world\n'}
[20.646210] (navigation_bot) StdoutLine: {'line': b'-- Up-to-date symlink: /home/fiend/Navigation_Bot/dev_ws/install/navigation_bot/share/navigation_bot/worlds/obstacle.world\n'}
[20.646543] (navigation_bot) StdoutLine: {'line': b'-- Up-to-date symlink: /home/fiend/Navigation_Bot/dev_ws/install/navigation_bot/share/navigation_bot/worlds/track.world\n'}
[20.646796] (navigation_bot) StdoutLine: {'line': b'-- Up-to-date symlink: /home/fiend/Navigation_Bot/dev_ws/install/navigation_bot/share/navigation_bot/worlds/turtleWorld.world\n'}
[20.647474] (navigation_bot) StdoutLine: {'line': b'-- Up-to-date symlink: /home/fiend/Navigation_Bot/dev_ws/install/navigation_bot/lib/navigation_bot/ImageCapture\n'}
[20.647958] (navigation_bot) StdoutLine: {'line': b'-- Up-to-date symlink: /home/fiend/Navigation_Bot/dev_ws/install/navigation_bot/lib/navigation_bot/Motor_Driver_Node\n'}
[20.648388] (navigation_bot) StdoutLine: {'line': b'-- Up-to-date symlink: /home/fiend/Navigation_Bot/dev_ws/install/navigation_bot/share/ament_index/resource_index/package_run_dependencies/navigation_bot\n'}
[20.648961] (navigation_bot) StdoutLine: {'line': b'-- Up-to-date symlink: /home/fiend/Navigation_Bot/dev_ws/install/navigation_bot/share/ament_index/resource_index/parent_prefix_path/navigation_bot\n'}
[20.649544] (navigation_bot) StdoutLine: {'line': b'-- Up-to-date symlink: /home/fiend/Navigation_Bot/dev_ws/install/navigation_bot/share/navigation_bot/environment/ament_prefix_path.sh\n'}
[20.650000] (navigation_bot) StdoutLine: {'line': b'-- Up-to-date symlink: /home/fiend/Navigation_Bot/dev_ws/install/navigation_bot/share/navigation_bot/environment/ament_prefix_path.dsv\n'}
[20.650524] (navigation_bot) StdoutLine: {'line': b'-- Up-to-date symlink: /home/fiend/Navigation_Bot/dev_ws/install/navigation_bot/share/navigation_bot/environment/path.sh\n'}
[20.650992] (navigation_bot) StdoutLine: {'line': b'-- Up-to-date symlink: /home/fiend/Navigation_Bot/dev_ws/install/navigation_bot/share/navigation_bot/environment/path.dsv\n'}
[20.651441] (navigation_bot) StdoutLine: {'line': b'-- Up-to-date symlink: /home/fiend/Navigation_Bot/dev_ws/install/navigation_bot/share/navigation_bot/local_setup.bash\n'}
[20.651894] (navigation_bot) StdoutLine: {'line': b'-- Up-to-date symlink: /home/fiend/Navigation_Bot/dev_ws/install/navigation_bot/share/navigation_bot/local_setup.sh\n'}
[20.652353] (navigation_bot) StdoutLine: {'line': b'-- Up-to-date symlink: /home/fiend/Navigation_Bot/dev_ws/install/navigation_bot/share/navigation_bot/local_setup.zsh\n'}
[20.652804] (navigation_bot) StdoutLine: {'line': b'-- Up-to-date symlink: /home/fiend/Navigation_Bot/dev_ws/install/navigation_bot/share/navigation_bot/local_setup.dsv\n'}
[20.653116] (navigation_bot) StdoutLine: {'line': b'-- Symlinking: /home/fiend/Navigation_Bot/dev_ws/install/navigation_bot/share/navigation_bot/package.dsv\n'}
[20.668138] (navigation_bot) StdoutLine: {'line': b'-- Up-to-date symlink: /home/fiend/Navigation_Bot/dev_ws/install/navigation_bot/share/ament_index/resource_index/packages/navigation_bot\n'}
[20.668676] (navigation_bot) StdoutLine: {'line': b'-- Up-to-date symlink: /home/fiend/Navigation_Bot/dev_ws/install/navigation_bot/share/navigation_bot/cmake/navigation_botConfig.cmake\n'}
[20.669051] (navigation_bot) StdoutLine: {'line': b'-- Up-to-date symlink: /home/fiend/Navigation_Bot/dev_ws/install/navigation_bot/share/navigation_bot/cmake/navigation_botConfig-version.cmake\n'}
[20.669404] (navigation_bot) StdoutLine: {'line': b'-- Up-to-date symlink: /home/fiend/Navigation_Bot/dev_ws/install/navigation_bot/share/navigation_bot/package.xml\n'}
[20.673540] (navigation_bot) CommandEnded: {'returncode': 0}
[20.680019] (-) TimerEvent: {}
[20.781173] (-) TimerEvent: {}
[20.881853] (-) TimerEvent: {}
[20.982697] (-) TimerEvent: {}
[21.052894] (navigation_bot) JobEnded: {'identifier': 'navigation_bot', 'rc': 0}
[21.054271] (-) EventReactorShutdown: {}
