[0.000000] (-) TimerEvent: {}
[0.000256] (navigation_bot) JobQueued: {'identifier': 'navigation_bot', 'dependencies': OrderedDict()}
[0.000326] (navigation_bot) JobStarted: {'identifier': 'navigation_bot'}
[0.098753] (-) TimerEvent: {}
[0.200307] (-) TimerEvent: {}
[0.301416] (-) TimerEvent: {}
[0.345966] (navigation_bot) JobProgress: {'identifier': 'navigation_bot', 'progress': 'cmake'}
[0.347686] (navigation_bot) JobProgress: {'identifier': 'navigation_bot', 'progress': 'build'}
[0.349119] (navigation_bot) Command: {'cmd': ['/usr/bin/cmake', '--build', '/home/fiend/Navigation_Bot/dev_ws/build/navigation_bot', '--', '-j8', '-l8'], 'cwd': '/home/fiend/Navigation_Bot/dev_ws/build/navigation_bot', 'env': OrderedDict([('GJS_DEBUG_TOPICS', 'JS ERROR;JS LOG'), ('LESSOPEN', '| /usr/bin/lesspipe %s'), ('LANGUAGE', 'en_IN:en'), ('USER', 'fiend'), ('STARSHIP_SHELL', 'bash'), ('XDG_SESSION_TYPE', 'wayland'), ('SHLVL', '1'), ('LD_LIBRARY_PATH', '/usr/lib/x86_64-linux-gnu/gazebo-11/plugins:/opt/ros/humble/opt/rviz_ogre_vendor/lib:/opt/ros/humble/lib/x86_64-linux-gnu:/opt/ros/humble/lib'), ('HOME', '/home/fiend'), ('OLDPWD', '/home/fiend/Navigation_Bot'), ('DESKTOP_SESSION', 'ubuntu'), ('GIO_LAUNCHED_DESKTOP_FILE', '/usr/share/applications/terminator.desktop'), ('ROS_PYTHON_VERSION', '3'), ('GNOME_SHELL_SESSION_MODE', 'ubuntu'), ('GTK_MODULES', 'gail:atk-bridge'), ('PS1', '\n\\[\x1b[38;5;156m\\]\\[\x1b[0m\\]\\[\x1b[38;5;166m\\]dev_ws\\[\x1b[0m\\]\\[\x1b[38;5;166m\\]\\[\x1b[0m\\] on \\[\x1b[38;5;162m\\]\ue0a0 \\[\x1b[0m\\]\\[\x1b[38;5;162m\\]main\\[\x1b[0m\\] underwent \\[\x1b[36m\\]2m35s\\[\x1b[0m\\]\n\\[\x1b[1;38;5;166m\\]➜\\[\x1b[0m\\]'), ('MANAGERPID', '865'), ('SYSTEMD_EXEC_PID', '1038'), ('DBUS_SESSION_BUS_ADDRESS', 'unix:path=/run/user/1000/bus'), ('COLORTERM', 'truecolor'), ('GIO_LAUNCHED_DESKTOP_FILE_PID', '5627'), ('_colcon_cd_root', '/opt/ros/humble/'), ('IM_CONFIG_PHASE', '1'), ('WAYLAND_DISPLAY', 'wayland-0'), ('COLCON_PREFIX_PATH', '/home/fiend/Navigation_Bot/dev_ws/install:/home/fiend/voice_grab/ros2_ws/install:/home/fiend/LineFollowingRobot/ros_ws/install:/home/fiend/ROS/practice_codes_ROS2/articubot_one/install'), ('ROS_DISTRO', 'humble'), ('LOGNAME', 'fiend'), ('JOURNAL_STREAM', '8:30767'), ('_', '/usr/bin/colcon'), ('ROS_VERSION', '2'), ('XDG_SESSION_CLASS', 'user'), ('USERNAME', 'fiend'), ('TERM', 'xterm-256color'), ('GNOME_DESKTOP_SESSION_ID', 'this-is-deprecated'), ('ROS_LOCALHOST_ONLY', '0'), ('PATH', '/opt/ros/humble/bin:/home/fiend/.local/bin:/usr/local/sbin:/usr/local/bin:/usr/sbin:/usr/bin:/sbin:/bin:/usr/games:/usr/local/games:/snap/bin:/snap/bin'), ('SESSION_MANAGER', 'local/fiend-Lenovo-Yoga-C740-14IML:@/tmp/.ICE-unix/1008,unix/fiend-Lenovo-Yoga-C740-14IML:/tmp/.ICE-unix/1008'), ('INVOCATION_ID', '37512f0c72ec48d79a8a8f1894f11f4d'), ('XDG_MENU_PREFIX', 'gnome-'), ('GNOME_SETUP_DISPLAY', ':1'), ('XDG_RUNTIME_DIR', '/run/user/1000'), ('DISPLAY', ':0'), ('LANG', 'en_US.UTF-8'), ('XDG_CURRENT_DESKTOP', 'ubuntu:GNOME'), ('IBUS_DISABLE_SNOOPER', '1'), ('XMODIFIERS', '@im=ibus'), ('XDG_SESSION_DESKTOP', 'ubuntu'), ('XAUTHORITY', '/run/user/1000/.mutter-Xwaylandauth.UJJAK2'), ('LS_COLORS', 'di=34:ow=34:tw=34:fi=13:ln=31:pi=5:so=5:bd=5:cd=5:or=31:mi=0:ex=35:*.rpm=90:*.png=35:*.gif=36:*.jpg=35:*.c=92:*.py=93:*.h=90:*.txt=94:*.doc=104:*.odt=104:*.csv=102:*.xlsx=102:*.xlsm=102:*.rb=31:*.cpp=92:*.sh=92:*.html=96:*.zip=4;33:*.tar.gz=4;33:*.mp4=105:*.mp3=106'), ('SSH_AGENT_LAUNCHER', 'gnome-keyring'), ('SSH_AUTH_SOCK', '/run/user/1000/keyring/ssh'), ('AMENT_PREFIX_PATH', '/home/fiend/Navigation_Bot/dev_ws/install/navigation_bot:/home/fiend/LineFollowingRobot/ros_ws/install/line_bhakt:/home/fiend/ROS/practice_codes_ROS2/articubot_one/install/articubot_one:/opt/ros/humble'), ('SHELL', '/bin/bash'), ('TERMINATOR_UUID', 'urn:uuid:de10c5cb-7f42-4ea2-ad3f-7446c017e8fd'), ('QT_ACCESSIBILITY', '1'), ('GDMSESSION', 'ubuntu'), ('LESSCLOSE', '/usr/bin/lesspipe %s %s'), ('GCC_COLORS', 'error=31:warning=35:note=36:caret=32:locus=01:quote=01'), ('GJS_DEBUG_OUTPUT', 'stderr'), ('QT_IM_MODULE', 'ibus'), ('PWD', '/home/fiend/Navigation_Bot/dev_ws/build/navigation_bot'), ('LC_ALL', 'en_US.UTF-8'), ('XDG_CONFIG_DIRS', '/etc/xdg/xdg-ubuntu:/etc/xdg'), ('XDG_DATA_DIRS', '/usr/share/ubuntu:/home/fiend/.local/share/flatpak/exports/share:/var/lib/flatpak/exports/share:/usr/local/share/:/usr/share/:/var/lib/snapd/desktop'), ('STARSHIP_SESSION_KEY', '2059017139146452'), ('PYTHONPATH', '/opt/ros/humble/lib/python3.10/site-packages:/opt/ros/humble/local/lib/python3.10/dist-packages'), ('COLCON', '1'), ('VTE_VERSION', '6800'), ('CMAKE_PREFIX_PATH', '/home/fiend/Navigation_Bot/dev_ws/install/navigation_bot:/home/fiend/LineFollowingRobot/ros_ws/install/line_bhakt:/home/fiend/ROS/practice_codes_ROS2/articubot_one/install/articubot_one:/opt/ros/humble')]), 'shell': False}
[0.401570] (-) TimerEvent: {}
[0.484662] (navigation_bot) StdoutLine: {'line': b'\x1b[35m\x1b[1mConsolidate compiler generated dependencies of target ImageCapture\x1b[0m\n'}
[0.501701] (-) TimerEvent: {}
[0.510659] (navigation_bot) StdoutLine: {'line': b'[ 25%] \x1b[32mBuilding CXX object CMakeFiles/Motor_Driver_Node.dir/Executables/follower.cpp.o\x1b[0m\n'}
[0.520885] (navigation_bot) StdoutLine: {'line': b'[ 75%] Built target ImageCapture\n'}
[0.601839] (-) TimerEvent: {}
[0.702335] (-) TimerEvent: {}
[0.802798] (-) TimerEvent: {}
[0.903244] (-) TimerEvent: {}
[1.003674] (-) TimerEvent: {}
[1.104106] (-) TimerEvent: {}
[1.204537] (-) TimerEvent: {}
[1.304981] (-) TimerEvent: {}
[1.405449] (-) TimerEvent: {}
[1.505888] (-) TimerEvent: {}
[1.606351] (-) TimerEvent: {}
[1.706783] (-) TimerEvent: {}
[1.807263] (-) TimerEvent: {}
[1.907690] (-) TimerEvent: {}
[2.008116] (-) TimerEvent: {}
[2.108558] (-) TimerEvent: {}
[2.209043] (-) TimerEvent: {}
[2.309430] (-) TimerEvent: {}
[2.409837] (-) TimerEvent: {}
[2.510244] (-) TimerEvent: {}
[2.610617] (-) TimerEvent: {}
[2.711014] (-) TimerEvent: {}
[2.811399] (-) TimerEvent: {}
[2.911772] (-) TimerEvent: {}
[3.012153] (-) TimerEvent: {}
[3.112527] (-) TimerEvent: {}
[3.212900] (-) TimerEvent: {}
[3.313316] (-) TimerEvent: {}
[3.413725] (-) TimerEvent: {}
[3.514098] (-) TimerEvent: {}
[3.614477] (-) TimerEvent: {}
[3.714852] (-) TimerEvent: {}
[3.815230] (-) TimerEvent: {}
[3.915607] (-) TimerEvent: {}
[4.015984] (-) TimerEvent: {}
[4.116397] (-) TimerEvent: {}
[4.216775] (-) TimerEvent: {}
[4.317172] (-) TimerEvent: {}
[4.417603] (-) TimerEvent: {}
[4.517990] (-) TimerEvent: {}
[4.618398] (-) TimerEvent: {}
[4.718783] (-) TimerEvent: {}
[4.819185] (-) TimerEvent: {}
[4.919571] (-) TimerEvent: {}
[5.019953] (-) TimerEvent: {}
[5.120325] (-) TimerEvent: {}
[5.220715] (-) TimerEvent: {}
[5.321099] (-) TimerEvent: {}
[5.421592] (-) TimerEvent: {}
[5.521977] (-) TimerEvent: {}
[5.622403] (-) TimerEvent: {}
[5.722869] (-) TimerEvent: {}
[5.823277] (-) TimerEvent: {}
[5.923649] (-) TimerEvent: {}
[6.024041] (-) TimerEvent: {}
[6.124429] (-) TimerEvent: {}
[6.224894] (-) TimerEvent: {}
[6.325277] (-) TimerEvent: {}
[6.425747] (-) TimerEvent: {}
[6.526204] (-) TimerEvent: {}
[6.626581] (-) TimerEvent: {}
[6.726967] (-) TimerEvent: {}
[6.827390] (-) TimerEvent: {}
[6.927813] (-) TimerEvent: {}
[7.028201] (-) TimerEvent: {}
[7.128628] (-) TimerEvent: {}
[7.229043] (-) TimerEvent: {}
[7.329452] (-) TimerEvent: {}
[7.429857] (-) TimerEvent: {}
[7.530247] (-) TimerEvent: {}
[7.630642] (-) TimerEvent: {}
[7.731033] (-) TimerEvent: {}
[7.831419] (-) TimerEvent: {}
[7.931836] (-) TimerEvent: {}
[8.032254] (-) TimerEvent: {}
[8.132639] (-) TimerEvent: {}
[8.233054] (-) TimerEvent: {}
[8.333452] (-) TimerEvent: {}
[8.433891] (-) TimerEvent: {}
[8.534273] (-) TimerEvent: {}
[8.634669] (-) TimerEvent: {}
[8.735062] (-) TimerEvent: {}
[8.835557] (-) TimerEvent: {}
[8.935939] (-) TimerEvent: {}
[9.036352] (-) TimerEvent: {}
[9.136755] (-) TimerEvent: {}
[9.237144] (-) TimerEvent: {}
[9.337558] (-) TimerEvent: {}
[9.437941] (-) TimerEvent: {}
[9.538316] (-) TimerEvent: {}
[9.638724] (-) TimerEvent: {}
[9.739105] (-) TimerEvent: {}
[9.839484] (-) TimerEvent: {}
[9.939876] (-) TimerEvent: {}
[10.040274] (-) TimerEvent: {}
[10.140664] (-) TimerEvent: {}
[10.241049] (-) TimerEvent: {}
[10.341448] (-) TimerEvent: {}
[10.441856] (-) TimerEvent: {}
[10.542246] (-) TimerEvent: {}
[10.642621] (-) TimerEvent: {}
[10.743000] (-) TimerEvent: {}
[10.843387] (-) TimerEvent: {}
[10.943768] (-) TimerEvent: {}
[11.044157] (-) TimerEvent: {}
[11.144567] (-) TimerEvent: {}
[11.244951] (-) TimerEvent: {}
[11.345341] (-) TimerEvent: {}
[11.445749] (-) TimerEvent: {}
[11.546133] (-) TimerEvent: {}
[11.646513] (-) TimerEvent: {}
[11.746909] (-) TimerEvent: {}
[11.847299] (-) TimerEvent: {}
[11.947684] (-) TimerEvent: {}
[12.048061] (-) TimerEvent: {}
[12.148432] (-) TimerEvent: {}
[12.248818] (-) TimerEvent: {}
[12.349227] (-) TimerEvent: {}
[12.449571] (-) TimerEvent: {}
[12.549952] (-) TimerEvent: {}
[12.650349] (-) TimerEvent: {}
[12.750725] (-) TimerEvent: {}
[12.851107] (-) TimerEvent: {}
[12.951490] (-) TimerEvent: {}
[13.051872] (-) TimerEvent: {}
[13.152276] (-) TimerEvent: {}
[13.252663] (-) TimerEvent: {}
[13.353029] (-) TimerEvent: {}
[13.453529] (-) TimerEvent: {}
[13.553912] (-) TimerEvent: {}
[13.654280] (-) TimerEvent: {}
[13.754641] (-) TimerEvent: {}
[13.855013] (-) TimerEvent: {}
[13.955405] (-) TimerEvent: {}
[14.055777] (-) TimerEvent: {}
[14.156174] (-) TimerEvent: {}
[14.256551] (-) TimerEvent: {}
[14.356916] (-) TimerEvent: {}
[14.457289] (-) TimerEvent: {}
[14.557659] (-) TimerEvent: {}
[14.658023] (-) TimerEvent: {}
[14.758414] (-) TimerEvent: {}
[14.858788] (-) TimerEvent: {}
[14.959155] (-) TimerEvent: {}
[15.059528] (-) TimerEvent: {}
[15.159896] (-) TimerEvent: {}
[15.260263] (-) TimerEvent: {}
[15.360627] (-) TimerEvent: {}
[15.460994] (-) TimerEvent: {}
[15.561369] (-) TimerEvent: {}
[15.661749] (-) TimerEvent: {}
[15.762132] (-) TimerEvent: {}
[15.862505] (-) TimerEvent: {}
[15.962882] (-) TimerEvent: {}
[16.063252] (-) TimerEvent: {}
[16.163618] (-) TimerEvent: {}
[16.263983] (-) TimerEvent: {}
[16.364348] (-) TimerEvent: {}
[16.464712] (-) TimerEvent: {}
[16.565074] (-) TimerEvent: {}
[16.665446] (-) TimerEvent: {}
[16.765826] (-) TimerEvent: {}
[16.866210] (-) TimerEvent: {}
[16.966573] (-) TimerEvent: {}
[17.066956] (-) TimerEvent: {}
[17.167344] (-) TimerEvent: {}
[17.267721] (-) TimerEvent: {}
[17.368101] (-) TimerEvent: {}
[17.468477] (-) TimerEvent: {}
[17.568855] (-) TimerEvent: {}
[17.669230] (-) TimerEvent: {}
[17.769638] (-) TimerEvent: {}
[17.870022] (-) TimerEvent: {}
[17.970402] (-) TimerEvent: {}
[18.070807] (-) TimerEvent: {}
[18.171211] (-) TimerEvent: {}
[18.271590] (-) TimerEvent: {}
[18.371978] (-) TimerEvent: {}
[18.472357] (-) TimerEvent: {}
[18.572754] (-) TimerEvent: {}
[18.673128] (-) TimerEvent: {}
[18.773541] (-) TimerEvent: {}
[18.873950] (-) TimerEvent: {}
[18.974329] (-) TimerEvent: {}
[19.074718] (-) TimerEvent: {}
[19.175133] (-) TimerEvent: {}
[19.275539] (-) TimerEvent: {}
[19.375920] (-) TimerEvent: {}
[19.476315] (-) TimerEvent: {}
[19.576699] (-) TimerEvent: {}
[19.677087] (-) TimerEvent: {}
[19.777492] (-) TimerEvent: {}
[19.877854] (-) TimerEvent: {}
[19.978247] (-) TimerEvent: {}
[20.078631] (-) TimerEvent: {}
[20.179072] (-) TimerEvent: {}
[20.279454] (-) TimerEvent: {}
[20.379840] (-) TimerEvent: {}
[20.467872] (navigation_bot) StdoutLine: {'line': b'[100%] \x1b[32m\x1b[1mLinking CXX executable Motor_Driver_Node\x1b[0m\n'}
[20.479956] (-) TimerEvent: {}
[20.580400] (-) TimerEvent: {}
[20.680905] (-) TimerEvent: {}
[20.781409] (-) TimerEvent: {}
[20.881970] (-) TimerEvent: {}
[20.982356] (-) TimerEvent: {}
[21.082768] (-) TimerEvent: {}
[21.183154] (-) TimerEvent: {}
[21.283563] (-) TimerEvent: {}
[21.383969] (-) TimerEvent: {}
[21.484390] (-) TimerEvent: {}
[21.522171] (navigation_bot) StdoutLine: {'line': b'[100%] Built target Motor_Driver_Node\n'}
[21.540612] (navigation_bot) CommandEnded: {'returncode': 0}
[21.584525] (-) TimerEvent: {}
[21.585173] (navigation_bot) JobProgress: {'identifier': 'navigation_bot', 'progress': 'install'}
[21.601092] (navigation_bot) Command: {'cmd': ['/usr/bin/cmake', '--install', '/home/fiend/Navigation_Bot/dev_ws/build/navigation_bot'], 'cwd': '/home/fiend/Navigation_Bot/dev_ws/build/navigation_bot', 'env': OrderedDict([('GJS_DEBUG_TOPICS', 'JS ERROR;JS LOG'), ('LESSOPEN', '| /usr/bin/lesspipe %s'), ('LANGUAGE', 'en_IN:en'), ('USER', 'fiend'), ('STARSHIP_SHELL', 'bash'), ('XDG_SESSION_TYPE', 'wayland'), ('SHLVL', '1'), ('LD_LIBRARY_PATH', '/usr/lib/x86_64-linux-gnu/gazebo-11/plugins:/opt/ros/humble/opt/rviz_ogre_vendor/lib:/opt/ros/humble/lib/x86_64-linux-gnu:/opt/ros/humble/lib'), ('HOME', '/home/fiend'), ('OLDPWD', '/home/fiend/Navigation_Bot'), ('DESKTOP_SESSION', 'ubuntu'), ('GIO_LAUNCHED_DESKTOP_FILE', '/usr/share/applications/terminator.desktop'), ('ROS_PYTHON_VERSION', '3'), ('GNOME_SHELL_SESSION_MODE', 'ubuntu'), ('GTK_MODULES', 'gail:atk-bridge'), ('PS1', '\n\\[\x1b[38;5;156m\\]\\[\x1b[0m\\]\\[\x1b[38;5;166m\\]dev_ws\\[\x1b[0m\\]\\[\x1b[38;5;166m\\]\\[\x1b[0m\\] on \\[\x1b[38;5;162m\\]\ue0a0 \\[\x1b[0m\\]\\[\x1b[38;5;162m\\]main\\[\x1b[0m\\] underwent \\[\x1b[36m\\]2m35s\\[\x1b[0m\\]\n\\[\x1b[1;38;5;166m\\]➜\\[\x1b[0m\\]'), ('MANAGERPID', '865'), ('SYSTEMD_EXEC_PID', '1038'), ('DBUS_SESSION_BUS_ADDRESS', 'unix:path=/run/user/1000/bus'), ('COLORTERM', 'truecolor'), ('GIO_LAUNCHED_DESKTOP_FILE_PID', '5627'), ('_colcon_cd_root', '/opt/ros/humble/'), ('IM_CONFIG_PHASE', '1'), ('WAYLAND_DISPLAY', 'wayland-0'), ('COLCON_PREFIX_PATH', '/home/fiend/Navigation_Bot/dev_ws/install:/home/fiend/voice_grab/ros2_ws/install:/home/fiend/LineFollowingRobot/ros_ws/install:/home/fiend/ROS/practice_codes_ROS2/articubot_one/install'), ('ROS_DISTRO', 'humble'), ('LOGNAME', 'fiend'), ('JOURNAL_STREAM', '8:30767'), ('_', '/usr/bin/colcon'), ('ROS_VERSION', '2'), ('XDG_SESSION_CLASS', 'user'), ('USERNAME', 'fiend'), ('TERM', 'xterm-256color'), ('GNOME_DESKTOP_SESSION_ID', 'this-is-deprecated'), ('ROS_LOCALHOST_ONLY', '0'), ('PATH', '/opt/ros/humble/bin:/home/fiend/.local/bin:/usr/local/sbin:/usr/local/bin:/usr/sbin:/usr/bin:/sbin:/bin:/usr/games:/usr/local/games:/snap/bin:/snap/bin'), ('SESSION_MANAGER', 'local/fiend-Lenovo-Yoga-C740-14IML:@/tmp/.ICE-unix/1008,unix/fiend-Lenovo-Yoga-C740-14IML:/tmp/.ICE-unix/1008'), ('INVOCATION_ID', '37512f0c72ec48d79a8a8f1894f11f4d'), ('XDG_MENU_PREFIX', 'gnome-'), ('GNOME_SETUP_DISPLAY', ':1'), ('XDG_RUNTIME_DIR', '/run/user/1000'), ('DISPLAY', ':0'), ('LANG', 'en_US.UTF-8'), ('XDG_CURRENT_DESKTOP', 'ubuntu:GNOME'), ('IBUS_DISABLE_SNOOPER', '1'), ('XMODIFIERS', '@im=ibus'), ('XDG_SESSION_DESKTOP', 'ubuntu'), ('XAUTHORITY', '/run/user/1000/.mutter-Xwaylandauth.UJJAK2'), ('LS_COLORS', 'di=34:ow=34:tw=34:fi=13:ln=31:pi=5:so=5:bd=5:cd=5:or=31:mi=0:ex=35:*.rpm=90:*.png=35:*.gif=36:*.jpg=35:*.c=92:*.py=93:*.h=90:*.txt=94:*.doc=104:*.odt=104:*.csv=102:*.xlsx=102:*.xlsm=102:*.rb=31:*.cpp=92:*.sh=92:*.html=96:*.zip=4;33:*.tar.gz=4;33:*.mp4=105:*.mp3=106'), ('SSH_AGENT_LAUNCHER', 'gnome-keyring'), ('SSH_AUTH_SOCK', '/run/user/1000/keyring/ssh'), ('AMENT_PREFIX_PATH', '/home/fiend/Navigation_Bot/dev_ws/install/navigation_bot:/home/fiend/LineFollowingRobot/ros_ws/install/line_bhakt:/home/fiend/ROS/practice_codes_ROS2/articubot_one/install/articubot_one:/opt/ros/humble'), ('SHELL', '/bin/bash'), ('TERMINATOR_UUID', 'urn:uuid:de10c5cb-7f42-4ea2-ad3f-7446c017e8fd'), ('QT_ACCESSIBILITY', '1'), ('GDMSESSION', 'ubuntu'), ('LESSCLOSE', '/usr/bin/lesspipe %s %s'), ('GCC_COLORS', 'error=31:warning=35:note=36:caret=32:locus=01:quote=01'), ('GJS_DEBUG_OUTPUT', 'stderr'), ('QT_IM_MODULE', 'ibus'), ('PWD', '/home/fiend/Navigation_Bot/dev_ws/build/navigation_bot'), ('LC_ALL', 'en_US.UTF-8'), ('XDG_CONFIG_DIRS', '/etc/xdg/xdg-ubuntu:/etc/xdg'), ('XDG_DATA_DIRS', '/usr/share/ubuntu:/home/fiend/.local/share/flatpak/exports/share:/var/lib/flatpak/exports/share:/usr/local/share/:/usr/share/:/var/lib/snapd/desktop'), ('STARSHIP_SESSION_KEY', '2059017139146452'), ('PYTHONPATH', '/opt/ros/humble/lib/python3.10/site-packages:/opt/ros/humble/local/lib/python3.10/dist-packages'), ('COLCON', '1'), ('VTE_VERSION', '6800'), ('CMAKE_PREFIX_PATH', '/home/fiend/Navigation_Bot/dev_ws/install/navigation_bot:/home/fiend/LineFollowingRobot/ros_ws/install/line_bhakt:/home/fiend/ROS/practice_codes_ROS2/articubot_one/install/articubot_one:/opt/ros/humble')]), 'shell': False}
[21.614491] (navigation_bot) StdoutLine: {'line': b'-- Install configuration: ""\n'}
[21.615685] (navigation_bot) StdoutLine: {'line': b'-- Execute custom install script\n'}
[21.616696] (navigation_bot) StdoutLine: {'line': b'-- Up-to-date symlink: /home/fiend/Navigation_Bot/dev_ws/install/navigation_bot/share/navigation_bot/config/empty.yaml\n'}
[21.617076] (navigation_bot) StdoutLine: {'line': b'-- Up-to-date symlink: /home/fiend/Navigation_Bot/dev_ws/install/navigation_bot/share/navigation_bot/config/my_controller.yaml\n'}
[21.617743] (navigation_bot) StdoutLine: {'line': b'-- Up-to-date symlink: /home/fiend/Navigation_Bot/dev_ws/install/navigation_bot/share/navigation_bot/description/Depth_camera.xacro\n'}
[21.618043] (navigation_bot) StdoutLine: {'line': b'-- Up-to-date symlink: /home/fiend/Navigation_Bot/dev_ws/install/navigation_bot/share/navigation_bot/description/camera.xacro\n'}
[21.618420] (navigation_bot) StdoutLine: {'line': b'-- Up-to-date symlink: /home/fiend/Navigation_Bot/dev_ws/install/navigation_bot/share/navigation_bot/description/gazebo_control.xacro\n'}
[21.618710] (navigation_bot) StdoutLine: {'line': b'-- Up-to-date symlink: /home/fiend/Navigation_Bot/dev_ws/install/navigation_bot/share/navigation_bot/description/inertial_macros.xacro\n'}
[21.619038] (navigation_bot) StdoutLine: {'line': b'-- Up-to-date symlink: /home/fiend/Navigation_Bot/dev_ws/install/navigation_bot/share/navigation_bot/description/lidar.xacro\n'}
[21.619331] (navigation_bot) StdoutLine: {'line': b'-- Up-to-date symlink: /home/fiend/Navigation_Bot/dev_ws/install/navigation_bot/share/navigation_bot/description/robot.urdf.xacro\n'}
[21.619661] (navigation_bot) StdoutLine: {'line': b'-- Up-to-date symlink: /home/fiend/Navigation_Bot/dev_ws/install/navigation_bot/share/navigation_bot/description/robot_core.xacro\n'}
[21.619950] (navigation_bot) StdoutLine: {'line': b'-- Up-to-date symlink: /home/fiend/Navigation_Bot/dev_ws/install/navigation_bot/share/navigation_bot/description/ros2_control.xacro\n'}
[21.620443] (navigation_bot) StdoutLine: {'line': b'-- Up-to-date symlink: /home/fiend/Navigation_Bot/dev_ws/install/navigation_bot/share/navigation_bot/launch/launch_sim.launch.py\n'}
[21.620675] (navigation_bot) StdoutLine: {'line': b'-- Up-to-date symlink: /home/fiend/Navigation_Bot/dev_ws/install/navigation_bot/share/navigation_bot/launch/rsp.launch.py\n'}
[21.621096] (navigation_bot) StdoutLine: {'line': b'-- Up-to-date symlink: /home/fiend/Navigation_Bot/dev_ws/install/navigation_bot/share/navigation_bot/worlds/empty.world\n'}
[21.621298] (navigation_bot) StdoutLine: {'line': b'-- Up-to-date symlink: /home/fiend/Navigation_Bot/dev_ws/install/navigation_bot/share/navigation_bot/worlds/home.world\n'}
[21.621536] (navigation_bot) StdoutLine: {'line': b'-- Up-to-date symlink: /home/fiend/Navigation_Bot/dev_ws/install/navigation_bot/share/navigation_bot/worlds/obstacle.world\n'}
[21.621755] (navigation_bot) StdoutLine: {'line': b'-- Up-to-date symlink: /home/fiend/Navigation_Bot/dev_ws/install/navigation_bot/share/navigation_bot/worlds/track.world\n'}
[21.621974] (navigation_bot) StdoutLine: {'line': b'-- Up-to-date symlink: /home/fiend/Navigation_Bot/dev_ws/install/navigation_bot/share/navigation_bot/worlds/turtleWorld.world\n'}
[21.622910] (navigation_bot) StdoutLine: {'line': b'-- Up-to-date symlink: /home/fiend/Navigation_Bot/dev_ws/install/navigation_bot/lib/navigation_bot/ImageCapture\n'}
[21.623384] (navigation_bot) StdoutLine: {'line': b'-- Up-to-date symlink: /home/fiend/Navigation_Bot/dev_ws/install/navigation_bot/lib/navigation_bot/Motor_Driver_Node\n'}
[21.623768] (navigation_bot) StdoutLine: {'line': b'-- Up-to-date symlink: /home/fiend/Navigation_Bot/dev_ws/install/navigation_bot/share/ament_index/resource_index/package_run_dependencies/navigation_bot\n'}
[21.624178] (navigation_bot) StdoutLine: {'line': b'-- Up-to-date symlink: /home/fiend/Navigation_Bot/dev_ws/install/navigation_bot/share/ament_index/resource_index/parent_prefix_path/navigation_bot\n'}
[21.624669] (navigation_bot) StdoutLine: {'line': b'-- Up-to-date symlink: /home/fiend/Navigation_Bot/dev_ws/install/navigation_bot/share/navigation_bot/environment/ament_prefix_path.sh\n'}
[21.625142] (navigation_bot) StdoutLine: {'line': b'-- Up-to-date symlink: /home/fiend/Navigation_Bot/dev_ws/install/navigation_bot/share/navigation_bot/environment/ament_prefix_path.dsv\n'}
[21.625586] (navigation_bot) StdoutLine: {'line': b'-- Up-to-date symlink: /home/fiend/Navigation_Bot/dev_ws/install/navigation_bot/share/navigation_bot/environment/path.sh\n'}
[21.626011] (navigation_bot) StdoutLine: {'line': b'-- Up-to-date symlink: /home/fiend/Navigation_Bot/dev_ws/install/navigation_bot/share/navigation_bot/environment/path.dsv\n'}
[21.626437] (navigation_bot) StdoutLine: {'line': b'-- Up-to-date symlink: /home/fiend/Navigation_Bot/dev_ws/install/navigation_bot/share/navigation_bot/local_setup.bash\n'}
[21.626843] (navigation_bot) StdoutLine: {'line': b'-- Up-to-date symlink: /home/fiend/Navigation_Bot/dev_ws/install/navigation_bot/share/navigation_bot/local_setup.sh\n'}
[21.627225] (navigation_bot) StdoutLine: {'line': b'-- Up-to-date symlink: /home/fiend/Navigation_Bot/dev_ws/install/navigation_bot/share/navigation_bot/local_setup.zsh\n'}
[21.627589] (navigation_bot) StdoutLine: {'line': b'-- Up-to-date symlink: /home/fiend/Navigation_Bot/dev_ws/install/navigation_bot/share/navigation_bot/local_setup.dsv\n'}
[21.627816] (navigation_bot) StdoutLine: {'line': b'-- Symlinking: /home/fiend/Navigation_Bot/dev_ws/install/navigation_bot/share/navigation_bot/package.dsv\n'}
[21.644374] (navigation_bot) StdoutLine: {'line': b'-- Up-to-date symlink: /home/fiend/Navigation_Bot/dev_ws/install/navigation_bot/share/ament_index/resource_index/packages/navigation_bot\n'}
[21.644747] (navigation_bot) StdoutLine: {'line': b'-- Up-to-date symlink: /home/fiend/Navigation_Bot/dev_ws/install/navigation_bot/share/navigation_bot/cmake/navigation_botConfig.cmake\n'}
[21.645083] (navigation_bot) StdoutLine: {'line': b'-- Up-to-date symlink: /home/fiend/Navigation_Bot/dev_ws/install/navigation_bot/share/navigation_bot/cmake/navigation_botConfig-version.cmake\n'}
[21.645355] (navigation_bot) StdoutLine: {'line': b'-- Up-to-date symlink: /home/fiend/Navigation_Bot/dev_ws/install/navigation_bot/share/navigation_bot/package.xml\n'}
[21.648712] (navigation_bot) CommandEnded: {'returncode': 0}
[21.684640] (-) TimerEvent: {}
[21.785495] (-) TimerEvent: {}
[21.886079] (-) TimerEvent: {}
[21.987639] (-) TimerEvent: {}
[22.026102] (navigation_bot) JobEnded: {'identifier': 'navigation_bot', 'rc': 0}
[22.027296] (-) EventReactorShutdown: {}
