[0.000000] (-) TimerEvent: {}
[0.000233] (navigation_bot) JobQueued: {'identifier': 'navigation_bot', 'dependencies': OrderedDict()}
[0.000614] (navigation_bot) JobStarted: {'identifier': 'navigation_bot'}
[0.098999] (-) TimerEvent: {}
[0.199767] (-) TimerEvent: {}
[0.300358] (-) TimerEvent: {}
[0.322949] (navigation_bot) JobProgress: {'identifier': 'navigation_bot', 'progress': 'cmake'}
[0.324235] (navigation_bot) JobProgress: {'identifier': 'navigation_bot', 'progress': 'build'}
[0.325616] (navigation_bot) Command: {'cmd': ['/usr/bin/cmake', '--build', '/home/fiend/Navigation_Bot/dev_ws/build/navigation_bot', '--', '-j8', '-l8'], 'cwd': '/home/fiend/Navigation_Bot/dev_ws/build/navigation_bot', 'env': OrderedDict([('GJS_DEBUG_TOPICS', 'JS ERROR;JS LOG'), ('LESSOPEN', '| /usr/bin/lesspipe %s'), ('LANGUAGE', 'en_IN:en'), ('USER', 'fiend'), ('STARSHIP_SHELL', 'bash'), ('XDG_SESSION_TYPE', 'wayland'), ('SHLVL', '1'), ('LD_LIBRARY_PATH', '/usr/lib/x86_64-linux-gnu/gazebo-11/plugins:/opt/ros/humble/opt/rviz_ogre_vendor/lib:/opt/ros/humble/lib/x86_64-linux-gnu:/opt/ros/humble/lib'), ('HOME', '/home/fiend'), ('OLDPWD', '/home/fiend/Navigation_Bot'), ('DESKTOP_SESSION', 'ubuntu'), ('GIO_LAUNCHED_DESKTOP_FILE', '/usr/share/applications/terminator.desktop'), ('ROS_PYTHON_VERSION', '3'), ('GNOME_SHELL_SESSION_MODE', 'ubuntu'), ('GTK_MODULES', 'gail:atk-bridge'), ('PS1', '\n\\[\x1b[38;5;156m\\]\\[\x1b[0m\\]\\[\x1b[38;5;166m\\]dev_ws\\[\x1b[0m\\]\\[\x1b[38;5;166m\\]\\[\x1b[0m\\] on \\[\x1b[38;5;162m\\]\ue0a0 \\[\x1b[0m\\]\\[\x1b[38;5;162m\\]main\\[\x1b[0m\\]\n\\[\x1b[1;38;5;166m\\]➜\\[\x1b[0m\\]'), ('MANAGERPID', '865'), ('SYSTEMD_EXEC_PID', '1038'), ('DBUS_SESSION_BUS_ADDRESS', 'unix:path=/run/user/1000/bus'), ('COLORTERM', 'truecolor'), ('GIO_LAUNCHED_DESKTOP_FILE_PID', '5627'), ('_colcon_cd_root', '/opt/ros/humble/'), ('IM_CONFIG_PHASE', '1'), ('WAYLAND_DISPLAY', 'wayland-0'), ('COLCON_PREFIX_PATH', '/home/fiend/Navigation_Bot/dev_ws/install:/home/fiend/voice_grab/ros2_ws/install:/home/fiend/LineFollowingRobot/ros_ws/install:/home/fiend/ROS/practice_codes_ROS2/articubot_one/install'), ('ROS_DISTRO', 'humble'), ('LOGNAME', 'fiend'), ('JOURNAL_STREAM', '8:30767'), ('_', '/usr/bin/colcon'), ('ROS_VERSION', '2'), ('XDG_SESSION_CLASS', 'user'), ('USERNAME', 'fiend'), ('TERM', 'xterm-256color'), ('GNOME_DESKTOP_SESSION_ID', 'this-is-deprecated'), ('ROS_LOCALHOST_ONLY', '0'), ('PATH', '/opt/ros/humble/bin:/home/fiend/.local/bin:/usr/local/sbin:/usr/local/bin:/usr/sbin:/usr/bin:/sbin:/bin:/usr/games:/usr/local/games:/snap/bin:/snap/bin'), ('SESSION_MANAGER', 'local/fiend-Lenovo-Yoga-C740-14IML:@/tmp/.ICE-unix/1008,unix/fiend-Lenovo-Yoga-C740-14IML:/tmp/.ICE-unix/1008'), ('INVOCATION_ID', '37512f0c72ec48d79a8a8f1894f11f4d'), ('XDG_MENU_PREFIX', 'gnome-'), ('GNOME_SETUP_DISPLAY', ':1'), ('XDG_RUNTIME_DIR', '/run/user/1000'), ('DISPLAY', ':0'), ('LANG', 'en_US.UTF-8'), ('XDG_CURRENT_DESKTOP', 'ubuntu:GNOME'), ('IBUS_DISABLE_SNOOPER', '1'), ('XMODIFIERS', '@im=ibus'), ('XDG_SESSION_DESKTOP', 'ubuntu'), ('XAUTHORITY', '/run/user/1000/.mutter-Xwaylandauth.UJJAK2'), ('LS_COLORS', 'di=34:ow=34:tw=34:fi=13:ln=31:pi=5:so=5:bd=5:cd=5:or=31:mi=0:ex=35:*.rpm=90:*.png=35:*.gif=36:*.jpg=35:*.c=92:*.py=93:*.h=90:*.txt=94:*.doc=104:*.odt=104:*.csv=102:*.xlsx=102:*.xlsm=102:*.rb=31:*.cpp=92:*.sh=92:*.html=96:*.zip=4;33:*.tar.gz=4;33:*.mp4=105:*.mp3=106'), ('SSH_AGENT_LAUNCHER', 'gnome-keyring'), ('SSH_AUTH_SOCK', '/run/user/1000/keyring/ssh'), ('AMENT_PREFIX_PATH', '/home/fiend/Navigation_Bot/dev_ws/install/navigation_bot:/home/fiend/LineFollowingRobot/ros_ws/install/line_bhakt:/home/fiend/ROS/practice_codes_ROS2/articubot_one/install/articubot_one:/opt/ros/humble'), ('SHELL', '/bin/bash'), ('TERMINATOR_UUID', 'urn:uuid:de10c5cb-7f42-4ea2-ad3f-7446c017e8fd'), ('QT_ACCESSIBILITY', '1'), ('GDMSESSION', 'ubuntu'), ('LESSCLOSE', '/usr/bin/lesspipe %s %s'), ('GCC_COLORS', 'error=31:warning=35:note=36:caret=32:locus=01:quote=01'), ('GJS_DEBUG_OUTPUT', 'stderr'), ('QT_IM_MODULE', 'ibus'), ('PWD', '/home/fiend/Navigation_Bot/dev_ws/build/navigation_bot'), ('LC_ALL', 'en_US.UTF-8'), ('XDG_CONFIG_DIRS', '/etc/xdg/xdg-ubuntu:/etc/xdg'), ('XDG_DATA_DIRS', '/usr/share/ubuntu:/home/fiend/.local/share/flatpak/exports/share:/var/lib/flatpak/exports/share:/usr/local/share/:/usr/share/:/var/lib/snapd/desktop'), ('STARSHIP_SESSION_KEY', '2059017139146452'), ('PYTHONPATH', '/opt/ros/humble/lib/python3.10/site-packages:/opt/ros/humble/local/lib/python3.10/dist-packages'), ('COLCON', '1'), ('VTE_VERSION', '6800'), ('CMAKE_PREFIX_PATH', '/home/fiend/Navigation_Bot/dev_ws/install/navigation_bot:/home/fiend/LineFollowingRobot/ros_ws/install/line_bhakt:/home/fiend/ROS/practice_codes_ROS2/articubot_one/install/articubot_one:/opt/ros/humble')]), 'shell': False}
[0.400523] (-) TimerEvent: {}
[0.406364] (navigation_bot) StdoutLine: {'line': b'\x1b[35m\x1b[1mConsolidate compiler generated dependencies of target Motor_Driver_Node\x1b[0m\n'}
[0.406793] (navigation_bot) StdoutLine: {'line': b'\x1b[35m\x1b[1mConsolidate compiler generated dependencies of target ImageCapture\x1b[0m\n'}
[0.448086] (navigation_bot) StdoutLine: {'line': b'[ 25%] \x1b[32mBuilding CXX object CMakeFiles/Motor_Driver_Node.dir/Executables/follower.cpp.o\x1b[0m\n'}
[0.457456] (navigation_bot) StdoutLine: {'line': b'[ 75%] Built target ImageCapture\n'}
[0.500666] (-) TimerEvent: {}
[0.601114] (-) TimerEvent: {}
[0.701577] (-) TimerEvent: {}
[0.802046] (-) TimerEvent: {}
[0.902534] (-) TimerEvent: {}
[1.002931] (-) TimerEvent: {}
[1.103323] (-) TimerEvent: {}
[1.203773] (-) TimerEvent: {}
[1.304267] (-) TimerEvent: {}
[1.404664] (-) TimerEvent: {}
[1.505029] (-) TimerEvent: {}
[1.605385] (-) TimerEvent: {}
[1.705750] (-) TimerEvent: {}
[1.806227] (-) TimerEvent: {}
[1.906685] (-) TimerEvent: {}
[2.007107] (-) TimerEvent: {}
[2.107549] (-) TimerEvent: {}
[2.208045] (-) TimerEvent: {}
[2.308476] (-) TimerEvent: {}
[2.408899] (-) TimerEvent: {}
[2.509324] (-) TimerEvent: {}
[2.609754] (-) TimerEvent: {}
[2.710201] (-) TimerEvent: {}
[2.810620] (-) TimerEvent: {}
[2.911082] (-) TimerEvent: {}
[3.011523] (-) TimerEvent: {}
[3.112003] (-) TimerEvent: {}
[3.212430] (-) TimerEvent: {}
[3.312893] (-) TimerEvent: {}
[3.413312] (-) TimerEvent: {}
[3.513708] (-) TimerEvent: {}
[3.614134] (-) TimerEvent: {}
[3.714556] (-) TimerEvent: {}
[3.814922] (-) TimerEvent: {}
[3.915290] (-) TimerEvent: {}
[4.015677] (-) TimerEvent: {}
[4.116063] (-) TimerEvent: {}
[4.216430] (-) TimerEvent: {}
[4.316801] (-) TimerEvent: {}
[4.417170] (-) TimerEvent: {}
[4.517541] (-) TimerEvent: {}
[4.617937] (-) TimerEvent: {}
[4.718343] (-) TimerEvent: {}
[4.818719] (-) TimerEvent: {}
[4.919105] (-) TimerEvent: {}
[5.019488] (-) TimerEvent: {}
[5.119877] (-) TimerEvent: {}
[5.220386] (-) TimerEvent: {}
[5.320769] (-) TimerEvent: {}
[5.421150] (-) TimerEvent: {}
[5.521521] (-) TimerEvent: {}
[5.621908] (-) TimerEvent: {}
[5.722309] (-) TimerEvent: {}
[5.822735] (-) TimerEvent: {}
[5.923155] (-) TimerEvent: {}
[6.023590] (-) TimerEvent: {}
[6.124017] (-) TimerEvent: {}
[6.224414] (-) TimerEvent: {}
[6.324803] (-) TimerEvent: {}
[6.425202] (-) TimerEvent: {}
[6.525586] (-) TimerEvent: {}
[6.625985] (-) TimerEvent: {}
[6.726452] (-) TimerEvent: {}
[6.826836] (-) TimerEvent: {}
[6.927268] (-) TimerEvent: {}
[6.968435] (navigation_bot) StderrLine: {'line': b'\x1b[01m\x1b[K/home/fiend/Navigation_Bot/dev_ws/src/Executables/follower.cpp:\x1b[m\x1b[K In member function \xe2\x80\x98\x1b[01m\x1b[Kvoid follower::contourCallback(sensor_msgs::msg::Image_<std::allocator<void> >::SharedPtr)\x1b[m\x1b[K\xe2\x80\x99:\n'}
[6.968748] (navigation_bot) StderrLine: {'line': b'\x1b[01m\x1b[K/home/fiend/Navigation_Bot/dev_ws/src/Executables/follower.cpp:24:66:\x1b[m\x1b[K \x1b[35m\x1b[Kwarning: \x1b[m\x1b[Kunused parameter \xe2\x80\x98\x1b[01m\x1b[Kcontour_msg\x1b[m\x1b[K\xe2\x80\x99 [\x1b[35m\x1b[K\x1b]8;;https://gcc.gnu.org/onlinedocs/gcc/Warning-Options.html#index-Wunused-parameter\x07-Wunused-parameter\x1b]8;;\x07\x1b[m\x1b[K]\n'}
[6.968911] (navigation_bot) StderrLine: {'line': b'   24 |    void contourCallback(\x1b[35m\x1b[Kconst sensor_msgs::msg::Image::SharedPtr contour_msg\x1b[m\x1b[K)\n'}
[6.969066] (navigation_bot) StderrLine: {'line': b'      |                         \x1b[35m\x1b[K~~~~~~~~~~~~~~~~~~~~~~~~~~~~~~~~~~~~~~~~~^~~~~~~~~~~\x1b[m\x1b[K\n'}
[7.027412] (-) TimerEvent: {}
[7.127785] (-) TimerEvent: {}
[7.228149] (-) TimerEvent: {}
[7.328525] (-) TimerEvent: {}
[7.428893] (-) TimerEvent: {}
[7.529271] (-) TimerEvent: {}
[7.629625] (-) TimerEvent: {}
[7.730012] (-) TimerEvent: {}
[7.830382] (-) TimerEvent: {}
[7.930756] (-) TimerEvent: {}
[8.031132] (-) TimerEvent: {}
[8.131526] (-) TimerEvent: {}
[8.231943] (-) TimerEvent: {}
[8.332343] (-) TimerEvent: {}
[8.432715] (-) TimerEvent: {}
[8.533089] (-) TimerEvent: {}
[8.633506] (-) TimerEvent: {}
[8.733884] (-) TimerEvent: {}
[8.834287] (-) TimerEvent: {}
[8.934688] (-) TimerEvent: {}
[9.035079] (-) TimerEvent: {}
[9.135458] (-) TimerEvent: {}
[9.235843] (-) TimerEvent: {}
[9.336223] (-) TimerEvent: {}
[9.436599] (-) TimerEvent: {}
[9.536993] (-) TimerEvent: {}
[9.637380] (-) TimerEvent: {}
[9.737815] (-) TimerEvent: {}
[9.838185] (-) TimerEvent: {}
[9.938635] (-) TimerEvent: {}
[10.039040] (-) TimerEvent: {}
[10.139848] (-) TimerEvent: {}
[10.240241] (-) TimerEvent: {}
[10.340622] (-) TimerEvent: {}
[10.441038] (-) TimerEvent: {}
[10.541416] (-) TimerEvent: {}
[10.641819] (-) TimerEvent: {}
[10.742187] (-) TimerEvent: {}
[10.842592] (-) TimerEvent: {}
[10.942956] (-) TimerEvent: {}
[11.043337] (-) TimerEvent: {}
[11.143726] (-) TimerEvent: {}
[11.244146] (-) TimerEvent: {}
[11.344538] (-) TimerEvent: {}
[11.444904] (-) TimerEvent: {}
[11.545272] (-) TimerEvent: {}
[11.645645] (-) TimerEvent: {}
[11.746037] (-) TimerEvent: {}
[11.846410] (-) TimerEvent: {}
[11.946785] (-) TimerEvent: {}
[12.047191] (-) TimerEvent: {}
[12.147583] (-) TimerEvent: {}
[12.247974] (-) TimerEvent: {}
[12.348336] (-) TimerEvent: {}
[12.448710] (-) TimerEvent: {}
[12.549067] (-) TimerEvent: {}
[12.649436] (-) TimerEvent: {}
[12.749839] (-) TimerEvent: {}
[12.850268] (-) TimerEvent: {}
[12.950651] (-) TimerEvent: {}
[13.051011] (-) TimerEvent: {}
[13.151376] (-) TimerEvent: {}
[13.251770] (-) TimerEvent: {}
[13.352133] (-) TimerEvent: {}
[13.452493] (-) TimerEvent: {}
[13.552886] (-) TimerEvent: {}
[13.653371] (-) TimerEvent: {}
[13.753837] (-) TimerEvent: {}
[13.854214] (-) TimerEvent: {}
[13.954581] (-) TimerEvent: {}
[14.054954] (-) TimerEvent: {}
[14.155322] (-) TimerEvent: {}
[14.255723] (-) TimerEvent: {}
[14.356098] (-) TimerEvent: {}
[14.456502] (-) TimerEvent: {}
[14.556899] (-) TimerEvent: {}
[14.657260] (-) TimerEvent: {}
[14.757640] (-) TimerEvent: {}
[14.858018] (-) TimerEvent: {}
[14.958378] (-) TimerEvent: {}
[15.058764] (-) TimerEvent: {}
[15.159125] (-) TimerEvent: {}
[15.259486] (-) TimerEvent: {}
[15.359859] (-) TimerEvent: {}
[15.460243] (-) TimerEvent: {}
[15.560608] (-) TimerEvent: {}
[15.660975] (-) TimerEvent: {}
[15.761340] (-) TimerEvent: {}
[15.861705] (-) TimerEvent: {}
[15.962081] (-) TimerEvent: {}
[16.062498] (-) TimerEvent: {}
[16.162859] (-) TimerEvent: {}
[16.263239] (-) TimerEvent: {}
[16.363601] (-) TimerEvent: {}
[16.463966] (-) TimerEvent: {}
[16.564378] (-) TimerEvent: {}
[16.664743] (-) TimerEvent: {}
[16.765115] (-) TimerEvent: {}
[16.865478] (-) TimerEvent: {}
[16.965851] (-) TimerEvent: {}
[17.066213] (-) TimerEvent: {}
[17.166588] (-) TimerEvent: {}
[17.266956] (-) TimerEvent: {}
[17.367333] (-) TimerEvent: {}
[17.467711] (-) TimerEvent: {}
[17.568107] (-) TimerEvent: {}
[17.668476] (-) TimerEvent: {}
[17.768879] (-) TimerEvent: {}
[17.869255] (-) TimerEvent: {}
[17.969625] (-) TimerEvent: {}
[18.070003] (-) TimerEvent: {}
[18.170367] (-) TimerEvent: {}
[18.270732] (-) TimerEvent: {}
[18.371093] (-) TimerEvent: {}
[18.471450] (-) TimerEvent: {}
[18.571824] (-) TimerEvent: {}
[18.672214] (-) TimerEvent: {}
[18.772591] (-) TimerEvent: {}
[18.872981] (-) TimerEvent: {}
[18.973387] (-) TimerEvent: {}
[19.073780] (-) TimerEvent: {}
[19.174150] (-) TimerEvent: {}
[19.274529] (-) TimerEvent: {}
[19.374948] (-) TimerEvent: {}
[19.475324] (-) TimerEvent: {}
[19.575679] (-) TimerEvent: {}
[19.676068] (-) TimerEvent: {}
[19.729661] (navigation_bot) StdoutLine: {'line': b'[100%] \x1b[32m\x1b[1mLinking CXX executable Motor_Driver_Node\x1b[0m\n'}
[19.776186] (-) TimerEvent: {}
[19.876567] (-) TimerEvent: {}
[19.976970] (-) TimerEvent: {}
[20.077472] (-) TimerEvent: {}
[20.178005] (-) TimerEvent: {}
[20.278380] (-) TimerEvent: {}
[20.378772] (-) TimerEvent: {}
[20.479174] (-) TimerEvent: {}
[20.579633] (-) TimerEvent: {}
[20.596001] (navigation_bot) StdoutLine: {'line': b'[100%] Built target Motor_Driver_Node\n'}
[20.617251] (navigation_bot) CommandEnded: {'returncode': 0}
[20.665384] (navigation_bot) JobProgress: {'identifier': 'navigation_bot', 'progress': 'install'}
[20.679755] (-) TimerEvent: {}
[20.681666] (navigation_bot) Command: {'cmd': ['/usr/bin/cmake', '--install', '/home/fiend/Navigation_Bot/dev_ws/build/navigation_bot'], 'cwd': '/home/fiend/Navigation_Bot/dev_ws/build/navigation_bot', 'env': OrderedDict([('GJS_DEBUG_TOPICS', 'JS ERROR;JS LOG'), ('LESSOPEN', '| /usr/bin/lesspipe %s'), ('LANGUAGE', 'en_IN:en'), ('USER', 'fiend'), ('STARSHIP_SHELL', 'bash'), ('XDG_SESSION_TYPE', 'wayland'), ('SHLVL', '1'), ('LD_LIBRARY_PATH', '/usr/lib/x86_64-linux-gnu/gazebo-11/plugins:/opt/ros/humble/opt/rviz_ogre_vendor/lib:/opt/ros/humble/lib/x86_64-linux-gnu:/opt/ros/humble/lib'), ('HOME', '/home/fiend'), ('OLDPWD', '/home/fiend/Navigation_Bot'), ('DESKTOP_SESSION', 'ubuntu'), ('GIO_LAUNCHED_DESKTOP_FILE', '/usr/share/applications/terminator.desktop'), ('ROS_PYTHON_VERSION', '3'), ('GNOME_SHELL_SESSION_MODE', 'ubuntu'), ('GTK_MODULES', 'gail:atk-bridge'), ('PS1', '\n\\[\x1b[38;5;156m\\]\\[\x1b[0m\\]\\[\x1b[38;5;166m\\]dev_ws\\[\x1b[0m\\]\\[\x1b[38;5;166m\\]\\[\x1b[0m\\] on \\[\x1b[38;5;162m\\]\ue0a0 \\[\x1b[0m\\]\\[\x1b[38;5;162m\\]main\\[\x1b[0m\\]\n\\[\x1b[1;38;5;166m\\]➜\\[\x1b[0m\\]'), ('MANAGERPID', '865'), ('SYSTEMD_EXEC_PID', '1038'), ('DBUS_SESSION_BUS_ADDRESS', 'unix:path=/run/user/1000/bus'), ('COLORTERM', 'truecolor'), ('GIO_LAUNCHED_DESKTOP_FILE_PID', '5627'), ('_colcon_cd_root', '/opt/ros/humble/'), ('IM_CONFIG_PHASE', '1'), ('WAYLAND_DISPLAY', 'wayland-0'), ('COLCON_PREFIX_PATH', '/home/fiend/Navigation_Bot/dev_ws/install:/home/fiend/voice_grab/ros2_ws/install:/home/fiend/LineFollowingRobot/ros_ws/install:/home/fiend/ROS/practice_codes_ROS2/articubot_one/install'), ('ROS_DISTRO', 'humble'), ('LOGNAME', 'fiend'), ('JOURNAL_STREAM', '8:30767'), ('_', '/usr/bin/colcon'), ('ROS_VERSION', '2'), ('XDG_SESSION_CLASS', 'user'), ('USERNAME', 'fiend'), ('TERM', 'xterm-256color'), ('GNOME_DESKTOP_SESSION_ID', 'this-is-deprecated'), ('ROS_LOCALHOST_ONLY', '0'), ('PATH', '/opt/ros/humble/bin:/home/fiend/.local/bin:/usr/local/sbin:/usr/local/bin:/usr/sbin:/usr/bin:/sbin:/bin:/usr/games:/usr/local/games:/snap/bin:/snap/bin'), ('SESSION_MANAGER', 'local/fiend-Lenovo-Yoga-C740-14IML:@/tmp/.ICE-unix/1008,unix/fiend-Lenovo-Yoga-C740-14IML:/tmp/.ICE-unix/1008'), ('INVOCATION_ID', '37512f0c72ec48d79a8a8f1894f11f4d'), ('XDG_MENU_PREFIX', 'gnome-'), ('GNOME_SETUP_DISPLAY', ':1'), ('XDG_RUNTIME_DIR', '/run/user/1000'), ('DISPLAY', ':0'), ('LANG', 'en_US.UTF-8'), ('XDG_CURRENT_DESKTOP', 'ubuntu:GNOME'), ('IBUS_DISABLE_SNOOPER', '1'), ('XMODIFIERS', '@im=ibus'), ('XDG_SESSION_DESKTOP', 'ubuntu'), ('XAUTHORITY', '/run/user/1000/.mutter-Xwaylandauth.UJJAK2'), ('LS_COLORS', 'di=34:ow=34:tw=34:fi=13:ln=31:pi=5:so=5:bd=5:cd=5:or=31:mi=0:ex=35:*.rpm=90:*.png=35:*.gif=36:*.jpg=35:*.c=92:*.py=93:*.h=90:*.txt=94:*.doc=104:*.odt=104:*.csv=102:*.xlsx=102:*.xlsm=102:*.rb=31:*.cpp=92:*.sh=92:*.html=96:*.zip=4;33:*.tar.gz=4;33:*.mp4=105:*.mp3=106'), ('SSH_AGENT_LAUNCHER', 'gnome-keyring'), ('SSH_AUTH_SOCK', '/run/user/1000/keyring/ssh'), ('AMENT_PREFIX_PATH', '/home/fiend/Navigation_Bot/dev_ws/install/navigation_bot:/home/fiend/LineFollowingRobot/ros_ws/install/line_bhakt:/home/fiend/ROS/practice_codes_ROS2/articubot_one/install/articubot_one:/opt/ros/humble'), ('SHELL', '/bin/bash'), ('TERMINATOR_UUID', 'urn:uuid:de10c5cb-7f42-4ea2-ad3f-7446c017e8fd'), ('QT_ACCESSIBILITY', '1'), ('GDMSESSION', 'ubuntu'), ('LESSCLOSE', '/usr/bin/lesspipe %s %s'), ('GCC_COLORS', 'error=31:warning=35:note=36:caret=32:locus=01:quote=01'), ('GJS_DEBUG_OUTPUT', 'stderr'), ('QT_IM_MODULE', 'ibus'), ('PWD', '/home/fiend/Navigation_Bot/dev_ws/build/navigation_bot'), ('LC_ALL', 'en_US.UTF-8'), ('XDG_CONFIG_DIRS', '/etc/xdg/xdg-ubuntu:/etc/xdg'), ('XDG_DATA_DIRS', '/usr/share/ubuntu:/home/fiend/.local/share/flatpak/exports/share:/var/lib/flatpak/exports/share:/usr/local/share/:/usr/share/:/var/lib/snapd/desktop'), ('STARSHIP_SESSION_KEY', '2059017139146452'), ('PYTHONPATH', '/opt/ros/humble/lib/python3.10/site-packages:/opt/ros/humble/local/lib/python3.10/dist-packages'), ('COLCON', '1'), ('VTE_VERSION', '6800'), ('CMAKE_PREFIX_PATH', '/home/fiend/Navigation_Bot/dev_ws/install/navigation_bot:/home/fiend/LineFollowingRobot/ros_ws/install/line_bhakt:/home/fiend/ROS/practice_codes_ROS2/articubot_one/install/articubot_one:/opt/ros/humble')]), 'shell': False}
[20.699541] (navigation_bot) StdoutLine: {'line': b'-- Install configuration: ""\n'}
[20.700761] (navigation_bot) StdoutLine: {'line': b'-- Execute custom install script\n'}
[20.701830] (navigation_bot) StdoutLine: {'line': b'-- Up-to-date symlink: /home/fiend/Navigation_Bot/dev_ws/install/navigation_bot/share/navigation_bot/config/empty.yaml\n'}
[20.702184] (navigation_bot) StdoutLine: {'line': b'-- Up-to-date symlink: /home/fiend/Navigation_Bot/dev_ws/install/navigation_bot/share/navigation_bot/config/my_controller.yaml\n'}
[20.703058] (navigation_bot) StdoutLine: {'line': b'-- Up-to-date symlink: /home/fiend/Navigation_Bot/dev_ws/install/navigation_bot/share/navigation_bot/description/Depth_camera.xacro\n'}
[20.703424] (navigation_bot) StdoutLine: {'line': b'-- Up-to-date symlink: /home/fiend/Navigation_Bot/dev_ws/install/navigation_bot/share/navigation_bot/description/camera.xacro\n'}
[20.703789] (navigation_bot) StdoutLine: {'line': b'-- Up-to-date symlink: /home/fiend/Navigation_Bot/dev_ws/install/navigation_bot/share/navigation_bot/description/gazebo_control.xacro\n'}
[20.704123] (navigation_bot) StdoutLine: {'line': b'-- Up-to-date symlink: /home/fiend/Navigation_Bot/dev_ws/install/navigation_bot/share/navigation_bot/description/inertial_macros.xacro\n'}
[20.704467] (navigation_bot) StdoutLine: {'line': b'-- Up-to-date symlink: /home/fiend/Navigation_Bot/dev_ws/install/navigation_bot/share/navigation_bot/description/lidar.xacro\n'}
[20.704854] (navigation_bot) StdoutLine: {'line': b'-- Up-to-date symlink: /home/fiend/Navigation_Bot/dev_ws/install/navigation_bot/share/navigation_bot/description/robot.urdf.xacro\n'}
[20.705188] (navigation_bot) StdoutLine: {'line': b'-- Up-to-date symlink: /home/fiend/Navigation_Bot/dev_ws/install/navigation_bot/share/navigation_bot/description/robot_core.xacro\n'}
[20.705609] (navigation_bot) StdoutLine: {'line': b'-- Up-to-date symlink: /home/fiend/Navigation_Bot/dev_ws/install/navigation_bot/share/navigation_bot/description/ros2_control.xacro\n'}
[20.706253] (navigation_bot) StdoutLine: {'line': b'-- Up-to-date symlink: /home/fiend/Navigation_Bot/dev_ws/install/navigation_bot/share/navigation_bot/launch/launch_sim.launch.py\n'}
[20.706658] (navigation_bot) StdoutLine: {'line': b'-- Up-to-date symlink: /home/fiend/Navigation_Bot/dev_ws/install/navigation_bot/share/navigation_bot/launch/rsp.launch.py\n'}
[20.707393] (navigation_bot) StdoutLine: {'line': b'-- Up-to-date symlink: /home/fiend/Navigation_Bot/dev_ws/install/navigation_bot/share/navigation_bot/worlds/empty.world\n'}
[20.707740] (navigation_bot) StdoutLine: {'line': b'-- Up-to-date symlink: /home/fiend/Navigation_Bot/dev_ws/install/navigation_bot/share/navigation_bot/worlds/home.world\n'}
[20.708065] (navigation_bot) StdoutLine: {'line': b'-- Up-to-date symlink: /home/fiend/Navigation_Bot/dev_ws/install/navigation_bot/share/navigation_bot/worlds/obstacle.world\n'}
[20.708358] (navigation_bot) StdoutLine: {'line': b'-- Up-to-date symlink: /home/fiend/Navigation_Bot/dev_ws/install/navigation_bot/share/navigation_bot/worlds/track.world\n'}
[20.708642] (navigation_bot) StdoutLine: {'line': b'-- Up-to-date symlink: /home/fiend/Navigation_Bot/dev_ws/install/navigation_bot/share/navigation_bot/worlds/turtleWorld.world\n'}
[20.709019] (navigation_bot) StdoutLine: {'line': b'-- Up-to-date symlink: /home/fiend/Navigation_Bot/dev_ws/install/navigation_bot/lib/navigation_bot/ImageCapture\n'}
[20.709330] (navigation_bot) StdoutLine: {'line': b'-- Up-to-date symlink: /home/fiend/Navigation_Bot/dev_ws/install/navigation_bot/lib/navigation_bot/Motor_Driver_Node\n'}
[20.709685] (navigation_bot) StdoutLine: {'line': b'-- Up-to-date symlink: /home/fiend/Navigation_Bot/dev_ws/install/navigation_bot/share/ament_index/resource_index/package_run_dependencies/navigation_bot\n'}
[20.710079] (navigation_bot) StdoutLine: {'line': b'-- Up-to-date symlink: /home/fiend/Navigation_Bot/dev_ws/install/navigation_bot/share/ament_index/resource_index/parent_prefix_path/navigation_bot\n'}
[20.710485] (navigation_bot) StdoutLine: {'line': b'-- Up-to-date symlink: /home/fiend/Navigation_Bot/dev_ws/install/navigation_bot/share/navigation_bot/environment/ament_prefix_path.sh\n'}
[20.710852] (navigation_bot) StdoutLine: {'line': b'-- Up-to-date symlink: /home/fiend/Navigation_Bot/dev_ws/install/navigation_bot/share/navigation_bot/environment/ament_prefix_path.dsv\n'}
[20.711169] (navigation_bot) StdoutLine: {'line': b'-- Up-to-date symlink: /home/fiend/Navigation_Bot/dev_ws/install/navigation_bot/share/navigation_bot/environment/path.sh\n'}
[20.711541] (navigation_bot) StdoutLine: {'line': b'-- Up-to-date symlink: /home/fiend/Navigation_Bot/dev_ws/install/navigation_bot/share/navigation_bot/environment/path.dsv\n'}
[20.711873] (navigation_bot) StdoutLine: {'line': b'-- Up-to-date symlink: /home/fiend/Navigation_Bot/dev_ws/install/navigation_bot/share/navigation_bot/local_setup.bash\n'}
[20.712204] (navigation_bot) StdoutLine: {'line': b'-- Up-to-date symlink: /home/fiend/Navigation_Bot/dev_ws/install/navigation_bot/share/navigation_bot/local_setup.sh\n'}
[20.712520] (navigation_bot) StdoutLine: {'line': b'-- Up-to-date symlink: /home/fiend/Navigation_Bot/dev_ws/install/navigation_bot/share/navigation_bot/local_setup.zsh\n'}
[20.712848] (navigation_bot) StdoutLine: {'line': b'-- Up-to-date symlink: /home/fiend/Navigation_Bot/dev_ws/install/navigation_bot/share/navigation_bot/local_setup.dsv\n'}
[20.713175] (navigation_bot) StdoutLine: {'line': b'-- Symlinking: /home/fiend/Navigation_Bot/dev_ws/install/navigation_bot/share/navigation_bot/package.dsv\n'}
[20.729204] (navigation_bot) StdoutLine: {'line': b'-- Up-to-date symlink: /home/fiend/Navigation_Bot/dev_ws/install/navigation_bot/share/ament_index/resource_index/packages/navigation_bot\n'}
[20.729650] (navigation_bot) StdoutLine: {'line': b'-- Up-to-date symlink: /home/fiend/Navigation_Bot/dev_ws/install/navigation_bot/share/navigation_bot/cmake/navigation_botConfig.cmake\n'}
[20.730005] (navigation_bot) StdoutLine: {'line': b'-- Up-to-date symlink: /home/fiend/Navigation_Bot/dev_ws/install/navigation_bot/share/navigation_bot/cmake/navigation_botConfig-version.cmake\n'}
[20.730318] (navigation_bot) StdoutLine: {'line': b'-- Up-to-date symlink: /home/fiend/Navigation_Bot/dev_ws/install/navigation_bot/share/navigation_bot/package.xml\n'}
[20.733252] (navigation_bot) CommandEnded: {'returncode': 0}
[20.779960] (-) TimerEvent: {}
[20.881014] (-) TimerEvent: {}
[20.981468] (-) TimerEvent: {}
[21.082233] (-) TimerEvent: {}
[21.123045] (navigation_bot) JobEnded: {'identifier': 'navigation_bot', 'rc': 0}
[21.124394] (-) EventReactorShutdown: {}
