[0.000000] (-) TimerEvent: {}
[0.000642] (navigation_bot) JobQueued: {'identifier': 'navigation_bot', 'dependencies': OrderedDict()}
[0.000713] (navigation_bot) JobStarted: {'identifier': 'navigation_bot'}
[0.098113] (-) TimerEvent: {}
[0.198550] (-) TimerEvent: {}
[0.299447] (-) TimerEvent: {}
[0.330835] (navigation_bot) JobProgress: {'identifier': 'navigation_bot', 'progress': 'cmake'}
[0.332952] (navigation_bot) JobProgress: {'identifier': 'navigation_bot', 'progress': 'build'}
[0.335968] (navigation_bot) Command: {'cmd': ['/usr/bin/cmake', '--build', '/home/fiend/Navigation_Bot/dev_ws/build/navigation_bot', '--', '-j8', '-l8'], 'cwd': '/home/fiend/Navigation_Bot/dev_ws/build/navigation_bot', 'env': OrderedDict([('GJS_DEBUG_TOPICS', 'JS ERROR;JS LOG'), ('LESSOPEN', '| /usr/bin/lesspipe %s'), ('LANGUAGE', 'en_IN:en'), ('USER', 'fiend'), ('STARSHIP_SHELL', 'bash'), ('XDG_SESSION_TYPE', 'wayland'), ('SHLVL', '1'), ('LD_LIBRARY_PATH', '/usr/lib/x86_64-linux-gnu/gazebo-11/plugins:/opt/ros/humble/opt/rviz_ogre_vendor/lib:/opt/ros/humble/lib/x86_64-linux-gnu:/opt/ros/humble/lib'), ('HOME', '/home/fiend'), ('OLDPWD', '/home/fiend/Navigation_Bot'), ('DESKTOP_SESSION', 'ubuntu'), ('GIO_LAUNCHED_DESKTOP_FILE', '/usr/share/applications/terminator.desktop'), ('ROS_PYTHON_VERSION', '3'), ('GNOME_SHELL_SESSION_MODE', 'ubuntu'), ('GTK_MODULES', 'gail:atk-bridge'), ('PS1', '\n\\[\x1b[38;5;156m\\]\\[\x1b[0m\\]\\[\x1b[38;5;166m\\]dev_ws\\[\x1b[0m\\]\\[\x1b[38;5;166m\\]\\[\x1b[0m\\] on \\[\x1b[38;5;162m\\]\ue0a0 \\[\x1b[0m\\]\\[\x1b[38;5;162m\\]main\\[\x1b[0m\\] underwent \\[\x1b[36m\\]51s\\[\x1b[0m\\]\n\\[\x1b[1;38;5;166m\\]➜\\[\x1b[0m\\]'), ('MANAGERPID', '865'), ('SYSTEMD_EXEC_PID', '1038'), ('DBUS_SESSION_BUS_ADDRESS', 'unix:path=/run/user/1000/bus'), ('COLORTERM', 'truecolor'), ('GIO_LAUNCHED_DESKTOP_FILE_PID', '5627'), ('_colcon_cd_root', '/opt/ros/humble/'), ('IM_CONFIG_PHASE', '1'), ('WAYLAND_DISPLAY', 'wayland-0'), ('COLCON_PREFIX_PATH', '/home/fiend/Navigation_Bot/dev_ws/install:/home/fiend/voice_grab/ros2_ws/install:/home/fiend/LineFollowingRobot/ros_ws/install:/home/fiend/ROS/practice_codes_ROS2/articubot_one/install'), ('ROS_DISTRO', 'humble'), ('LOGNAME', 'fiend'), ('JOURNAL_STREAM', '8:30767'), ('_', '/usr/bin/colcon'), ('ROS_VERSION', '2'), ('XDG_SESSION_CLASS', 'user'), ('USERNAME', 'fiend'), ('TERM', 'xterm-256color'), ('GNOME_DESKTOP_SESSION_ID', 'this-is-deprecated'), ('ROS_LOCALHOST_ONLY', '0'), ('PATH', '/opt/ros/humble/bin:/home/fiend/.local/bin:/usr/local/sbin:/usr/local/bin:/usr/sbin:/usr/bin:/sbin:/bin:/usr/games:/usr/local/games:/snap/bin:/snap/bin'), ('SESSION_MANAGER', 'local/fiend-Lenovo-Yoga-C740-14IML:@/tmp/.ICE-unix/1008,unix/fiend-Lenovo-Yoga-C740-14IML:/tmp/.ICE-unix/1008'), ('INVOCATION_ID', '37512f0c72ec48d79a8a8f1894f11f4d'), ('XDG_MENU_PREFIX', 'gnome-'), ('GNOME_SETUP_DISPLAY', ':1'), ('XDG_RUNTIME_DIR', '/run/user/1000'), ('DISPLAY', ':0'), ('LANG', 'en_US.UTF-8'), ('XDG_CURRENT_DESKTOP', 'ubuntu:GNOME'), ('IBUS_DISABLE_SNOOPER', '1'), ('XMODIFIERS', '@im=ibus'), ('XDG_SESSION_DESKTOP', 'ubuntu'), ('XAUTHORITY', '/run/user/1000/.mutter-Xwaylandauth.UJJAK2'), ('LS_COLORS', 'di=34:ow=34:tw=34:fi=13:ln=31:pi=5:so=5:bd=5:cd=5:or=31:mi=0:ex=35:*.rpm=90:*.png=35:*.gif=36:*.jpg=35:*.c=92:*.py=93:*.h=90:*.txt=94:*.doc=104:*.odt=104:*.csv=102:*.xlsx=102:*.xlsm=102:*.rb=31:*.cpp=92:*.sh=92:*.html=96:*.zip=4;33:*.tar.gz=4;33:*.mp4=105:*.mp3=106'), ('SSH_AGENT_LAUNCHER', 'gnome-keyring'), ('SSH_AUTH_SOCK', '/run/user/1000/keyring/ssh'), ('AMENT_PREFIX_PATH', '/home/fiend/Navigation_Bot/dev_ws/install/navigation_bot:/home/fiend/LineFollowingRobot/ros_ws/install/line_bhakt:/home/fiend/ROS/practice_codes_ROS2/articubot_one/install/articubot_one:/opt/ros/humble'), ('SHELL', '/bin/bash'), ('TERMINATOR_UUID', 'urn:uuid:de10c5cb-7f42-4ea2-ad3f-7446c017e8fd'), ('QT_ACCESSIBILITY', '1'), ('GDMSESSION', 'ubuntu'), ('LESSCLOSE', '/usr/bin/lesspipe %s %s'), ('GCC_COLORS', 'error=31:warning=35:note=36:caret=32:locus=01:quote=01'), ('GJS_DEBUG_OUTPUT', 'stderr'), ('QT_IM_MODULE', 'ibus'), ('PWD', '/home/fiend/Navigation_Bot/dev_ws/build/navigation_bot'), ('LC_ALL', 'en_US.UTF-8'), ('XDG_CONFIG_DIRS', '/etc/xdg/xdg-ubuntu:/etc/xdg'), ('XDG_DATA_DIRS', '/usr/share/ubuntu:/home/fiend/.local/share/flatpak/exports/share:/var/lib/flatpak/exports/share:/usr/local/share/:/usr/share/:/var/lib/snapd/desktop'), ('STARSHIP_SESSION_KEY', '2059017139146452'), ('PYTHONPATH', '/opt/ros/humble/lib/python3.10/site-packages:/opt/ros/humble/local/lib/python3.10/dist-packages'), ('COLCON', '1'), ('VTE_VERSION', '6800'), ('CMAKE_PREFIX_PATH', '/home/fiend/Navigation_Bot/dev_ws/install/navigation_bot:/home/fiend/LineFollowingRobot/ros_ws/install/line_bhakt:/home/fiend/ROS/practice_codes_ROS2/articubot_one/install/articubot_one:/opt/ros/humble')]), 'shell': False}
[0.399582] (-) TimerEvent: {}
[0.417850] (navigation_bot) StdoutLine: {'line': b'\x1b[35m\x1b[1mConsolidate compiler generated dependencies of target ImageCapture\x1b[0m\n'}
[0.456762] (navigation_bot) StdoutLine: {'line': b'[ 50%] \x1b[32mBuilding CXX object CMakeFiles/ImageCapture.dir/Executables/ImageCapture.cpp.o\x1b[0m\n'}
[0.499712] (-) TimerEvent: {}
[0.600152] (-) TimerEvent: {}
[0.700537] (-) TimerEvent: {}
[0.800969] (-) TimerEvent: {}
[0.901441] (-) TimerEvent: {}
[1.001889] (-) TimerEvent: {}
[1.102332] (-) TimerEvent: {}
[1.202756] (-) TimerEvent: {}
[1.303182] (-) TimerEvent: {}
[1.403617] (-) TimerEvent: {}
[1.504052] (-) TimerEvent: {}
[1.604517] (-) TimerEvent: {}
[1.704997] (-) TimerEvent: {}
[1.805456] (-) TimerEvent: {}
[1.905880] (-) TimerEvent: {}
[2.006348] (-) TimerEvent: {}
[2.106797] (-) TimerEvent: {}
[2.207181] (-) TimerEvent: {}
[2.307571] (-) TimerEvent: {}
[2.408018] (-) TimerEvent: {}
[2.508410] (-) TimerEvent: {}
[2.608837] (-) TimerEvent: {}
[2.709249] (-) TimerEvent: {}
[2.809659] (-) TimerEvent: {}
[2.910095] (-) TimerEvent: {}
[3.010521] (-) TimerEvent: {}
[3.110919] (-) TimerEvent: {}
[3.211324] (-) TimerEvent: {}
[3.311705] (-) TimerEvent: {}
[3.412120] (-) TimerEvent: {}
[3.512505] (-) TimerEvent: {}
[3.612892] (-) TimerEvent: {}
[3.713291] (-) TimerEvent: {}
[3.813771] (-) TimerEvent: {}
[3.914231] (-) TimerEvent: {}
[4.014707] (-) TimerEvent: {}
[4.115146] (-) TimerEvent: {}
[4.215576] (-) TimerEvent: {}
[4.316008] (-) TimerEvent: {}
[4.416448] (-) TimerEvent: {}
[4.517065] (-) TimerEvent: {}
[4.617456] (-) TimerEvent: {}
[4.717837] (-) TimerEvent: {}
[4.818312] (-) TimerEvent: {}
[4.918734] (-) TimerEvent: {}
[5.019214] (-) TimerEvent: {}
[5.119701] (-) TimerEvent: {}
[5.220184] (-) TimerEvent: {}
[5.320638] (-) TimerEvent: {}
[5.421100] (-) TimerEvent: {}
[5.521570] (-) TimerEvent: {}
[5.622033] (-) TimerEvent: {}
[5.722441] (-) TimerEvent: {}
[5.822845] (-) TimerEvent: {}
[5.923216] (-) TimerEvent: {}
[6.023583] (-) TimerEvent: {}
[6.123977] (-) TimerEvent: {}
[6.224428] (-) TimerEvent: {}
[6.324825] (-) TimerEvent: {}
[6.425218] (-) TimerEvent: {}
[6.525660] (-) TimerEvent: {}
[6.626090] (-) TimerEvent: {}
[6.726550] (-) TimerEvent: {}
[6.826976] (-) TimerEvent: {}
[6.927400] (-) TimerEvent: {}
[7.027829] (-) TimerEvent: {}
[7.128258] (-) TimerEvent: {}
[7.228708] (-) TimerEvent: {}
[7.329182] (-) TimerEvent: {}
[7.429990] (-) TimerEvent: {}
[7.530822] (-) TimerEvent: {}
[7.631418] (-) TimerEvent: {}
[7.731991] (-) TimerEvent: {}
[7.832452] (-) TimerEvent: {}
[7.933085] (-) TimerEvent: {}
[8.033620] (-) TimerEvent: {}
[8.134329] (-) TimerEvent: {}
[8.234869] (-) TimerEvent: {}
[8.335454] (-) TimerEvent: {}
[8.436012] (-) TimerEvent: {}
[8.536527] (-) TimerEvent: {}
[8.636970] (-) TimerEvent: {}
[8.737368] (-) TimerEvent: {}
[8.837763] (-) TimerEvent: {}
[8.938212] (-) TimerEvent: {}
[9.038690] (-) TimerEvent: {}
[9.139088] (-) TimerEvent: {}
[9.239512] (-) TimerEvent: {}
[9.339983] (-) TimerEvent: {}
[9.440449] (-) TimerEvent: {}
[9.540833] (-) TimerEvent: {}
[9.641241] (-) TimerEvent: {}
[9.741617] (-) TimerEvent: {}
[9.841981] (-) TimerEvent: {}
[9.942368] (-) TimerEvent: {}
[10.042786] (-) TimerEvent: {}
[10.143188] (-) TimerEvent: {}
[10.243609] (-) TimerEvent: {}
[10.343998] (-) TimerEvent: {}
[10.444376] (-) TimerEvent: {}
[10.544748] (-) TimerEvent: {}
[10.645171] (-) TimerEvent: {}
[10.745548] (-) TimerEvent: {}
[10.845932] (-) TimerEvent: {}
[10.946316] (-) TimerEvent: {}
[11.046746] (-) TimerEvent: {}
[11.147122] (-) TimerEvent: {}
[11.247483] (-) TimerEvent: {}
[11.347869] (-) TimerEvent: {}
[11.448284] (-) TimerEvent: {}
[11.549225] (-) TimerEvent: {}
[11.650288] (-) TimerEvent: {}
[11.750922] (-) TimerEvent: {}
[11.851999] (-) TimerEvent: {}
[11.952530] (-) TimerEvent: {}
[12.053071] (-) TimerEvent: {}
[12.153580] (-) TimerEvent: {}
[12.254061] (-) TimerEvent: {}
[12.354569] (-) TimerEvent: {}
[12.455057] (-) TimerEvent: {}
[12.555523] (-) TimerEvent: {}
[12.655910] (-) TimerEvent: {}
[12.756313] (-) TimerEvent: {}
[12.856688] (-) TimerEvent: {}
[12.957074] (-) TimerEvent: {}
[13.057540] (-) TimerEvent: {}
[13.157946] (-) TimerEvent: {}
[13.258346] (-) TimerEvent: {}
[13.358714] (-) TimerEvent: {}
[13.459086] (-) TimerEvent: {}
[13.559487] (-) TimerEvent: {}
[13.659875] (-) TimerEvent: {}
[13.760304] (-) TimerEvent: {}
[13.860727] (-) TimerEvent: {}
[13.961152] (-) TimerEvent: {}
[14.061617] (-) TimerEvent: {}
[14.162085] (-) TimerEvent: {}
[14.262528] (-) TimerEvent: {}
[14.363047] (-) TimerEvent: {}
[14.463552] (-) TimerEvent: {}
[14.564018] (-) TimerEvent: {}
[14.664501] (-) TimerEvent: {}
[14.764909] (-) TimerEvent: {}
[14.865354] (-) TimerEvent: {}
[14.965728] (-) TimerEvent: {}
[15.066156] (-) TimerEvent: {}
[15.166676] (-) TimerEvent: {}
[15.267077] (-) TimerEvent: {}
[15.367545] (-) TimerEvent: {}
[15.467979] (-) TimerEvent: {}
[15.568339] (-) TimerEvent: {}
[15.668725] (-) TimerEvent: {}
[15.769120] (-) TimerEvent: {}
[15.869616] (-) TimerEvent: {}
[15.969992] (-) TimerEvent: {}
[16.070363] (-) TimerEvent: {}
[16.170730] (-) TimerEvent: {}
[16.271116] (-) TimerEvent: {}
[16.371487] (-) TimerEvent: {}
[16.471872] (-) TimerEvent: {}
[16.572253] (-) TimerEvent: {}
[16.672627] (-) TimerEvent: {}
[16.773017] (-) TimerEvent: {}
[16.873413] (-) TimerEvent: {}
[16.973788] (-) TimerEvent: {}
[17.074174] (-) TimerEvent: {}
[17.174628] (-) TimerEvent: {}
[17.275045] (-) TimerEvent: {}
[17.375481] (-) TimerEvent: {}
[17.475958] (-) TimerEvent: {}
[17.576456] (-) TimerEvent: {}
[17.676955] (-) TimerEvent: {}
[17.777370] (-) TimerEvent: {}
[17.877795] (-) TimerEvent: {}
[17.978213] (-) TimerEvent: {}
[18.078642] (-) TimerEvent: {}
[18.179140] (-) TimerEvent: {}
[18.279651] (-) TimerEvent: {}
[18.380106] (-) TimerEvent: {}
[18.480622] (-) TimerEvent: {}
[18.581113] (-) TimerEvent: {}
[18.681616] (-) TimerEvent: {}
[18.782059] (-) TimerEvent: {}
[18.882485] (-) TimerEvent: {}
[18.982922] (-) TimerEvent: {}
[19.083365] (-) TimerEvent: {}
[19.183740] (-) TimerEvent: {}
[19.284124] (-) TimerEvent: {}
[19.384488] (-) TimerEvent: {}
[19.484851] (-) TimerEvent: {}
[19.585217] (-) TimerEvent: {}
[19.685585] (-) TimerEvent: {}
[19.785955] (-) TimerEvent: {}
[19.886340] (-) TimerEvent: {}
[19.986710] (-) TimerEvent: {}
[20.087139] (-) TimerEvent: {}
[20.187563] (-) TimerEvent: {}
[20.287976] (-) TimerEvent: {}
[20.388383] (-) TimerEvent: {}
[20.488794] (-) TimerEvent: {}
[20.589237] (-) TimerEvent: {}
[20.689702] (-) TimerEvent: {}
[20.790081] (-) TimerEvent: {}
[20.890456] (-) TimerEvent: {}
[20.990815] (-) TimerEvent: {}
[21.091227] (-) TimerEvent: {}
[21.191647] (-) TimerEvent: {}
[21.292062] (-) TimerEvent: {}
[21.392515] (-) TimerEvent: {}
[21.492937] (-) TimerEvent: {}
[21.593365] (-) TimerEvent: {}
[21.693790] (-) TimerEvent: {}
[21.794208] (-) TimerEvent: {}
[21.894649] (-) TimerEvent: {}
[21.984552] (navigation_bot) StdoutLine: {'line': b'[100%] \x1b[32m\x1b[1mLinking CXX executable ImageCapture\x1b[0m\n'}
[21.994767] (-) TimerEvent: {}
[22.095172] (-) TimerEvent: {}
[22.195632] (-) TimerEvent: {}
[22.296162] (-) TimerEvent: {}
[22.396600] (-) TimerEvent: {}
[22.497143] (-) TimerEvent: {}
[22.597599] (-) TimerEvent: {}
[22.698059] (-) TimerEvent: {}
[22.798520] (-) TimerEvent: {}
[22.898975] (-) TimerEvent: {}
[22.999500] (-) TimerEvent: {}
[23.035625] (navigation_bot) StdoutLine: {'line': b'[100%] Built target ImageCapture\n'}
[23.054057] (navigation_bot) CommandEnded: {'returncode': 0}
[23.093991] (navigation_bot) JobProgress: {'identifier': 'navigation_bot', 'progress': 'install'}
[23.099617] (-) TimerEvent: {}
[23.110191] (navigation_bot) Command: {'cmd': ['/usr/bin/cmake', '--install', '/home/fiend/Navigation_Bot/dev_ws/build/navigation_bot'], 'cwd': '/home/fiend/Navigation_Bot/dev_ws/build/navigation_bot', 'env': OrderedDict([('GJS_DEBUG_TOPICS', 'JS ERROR;JS LOG'), ('LESSOPEN', '| /usr/bin/lesspipe %s'), ('LANGUAGE', 'en_IN:en'), ('USER', 'fiend'), ('STARSHIP_SHELL', 'bash'), ('XDG_SESSION_TYPE', 'wayland'), ('SHLVL', '1'), ('LD_LIBRARY_PATH', '/usr/lib/x86_64-linux-gnu/gazebo-11/plugins:/opt/ros/humble/opt/rviz_ogre_vendor/lib:/opt/ros/humble/lib/x86_64-linux-gnu:/opt/ros/humble/lib'), ('HOME', '/home/fiend'), ('OLDPWD', '/home/fiend/Navigation_Bot'), ('DESKTOP_SESSION', 'ubuntu'), ('GIO_LAUNCHED_DESKTOP_FILE', '/usr/share/applications/terminator.desktop'), ('ROS_PYTHON_VERSION', '3'), ('GNOME_SHELL_SESSION_MODE', 'ubuntu'), ('GTK_MODULES', 'gail:atk-bridge'), ('PS1', '\n\\[\x1b[38;5;156m\\]\\[\x1b[0m\\]\\[\x1b[38;5;166m\\]dev_ws\\[\x1b[0m\\]\\[\x1b[38;5;166m\\]\\[\x1b[0m\\] on \\[\x1b[38;5;162m\\]\ue0a0 \\[\x1b[0m\\]\\[\x1b[38;5;162m\\]main\\[\x1b[0m\\] underwent \\[\x1b[36m\\]51s\\[\x1b[0m\\]\n\\[\x1b[1;38;5;166m\\]➜\\[\x1b[0m\\]'), ('MANAGERPID', '865'), ('SYSTEMD_EXEC_PID', '1038'), ('DBUS_SESSION_BUS_ADDRESS', 'unix:path=/run/user/1000/bus'), ('COLORTERM', 'truecolor'), ('GIO_LAUNCHED_DESKTOP_FILE_PID', '5627'), ('_colcon_cd_root', '/opt/ros/humble/'), ('IM_CONFIG_PHASE', '1'), ('WAYLAND_DISPLAY', 'wayland-0'), ('COLCON_PREFIX_PATH', '/home/fiend/Navigation_Bot/dev_ws/install:/home/fiend/voice_grab/ros2_ws/install:/home/fiend/LineFollowingRobot/ros_ws/install:/home/fiend/ROS/practice_codes_ROS2/articubot_one/install'), ('ROS_DISTRO', 'humble'), ('LOGNAME', 'fiend'), ('JOURNAL_STREAM', '8:30767'), ('_', '/usr/bin/colcon'), ('ROS_VERSION', '2'), ('XDG_SESSION_CLASS', 'user'), ('USERNAME', 'fiend'), ('TERM', 'xterm-256color'), ('GNOME_DESKTOP_SESSION_ID', 'this-is-deprecated'), ('ROS_LOCALHOST_ONLY', '0'), ('PATH', '/opt/ros/humble/bin:/home/fiend/.local/bin:/usr/local/sbin:/usr/local/bin:/usr/sbin:/usr/bin:/sbin:/bin:/usr/games:/usr/local/games:/snap/bin:/snap/bin'), ('SESSION_MANAGER', 'local/fiend-Lenovo-Yoga-C740-14IML:@/tmp/.ICE-unix/1008,unix/fiend-Lenovo-Yoga-C740-14IML:/tmp/.ICE-unix/1008'), ('INVOCATION_ID', '37512f0c72ec48d79a8a8f1894f11f4d'), ('XDG_MENU_PREFIX', 'gnome-'), ('GNOME_SETUP_DISPLAY', ':1'), ('XDG_RUNTIME_DIR', '/run/user/1000'), ('DISPLAY', ':0'), ('LANG', 'en_US.UTF-8'), ('XDG_CURRENT_DESKTOP', 'ubuntu:GNOME'), ('IBUS_DISABLE_SNOOPER', '1'), ('XMODIFIERS', '@im=ibus'), ('XDG_SESSION_DESKTOP', 'ubuntu'), ('XAUTHORITY', '/run/user/1000/.mutter-Xwaylandauth.UJJAK2'), ('LS_COLORS', 'di=34:ow=34:tw=34:fi=13:ln=31:pi=5:so=5:bd=5:cd=5:or=31:mi=0:ex=35:*.rpm=90:*.png=35:*.gif=36:*.jpg=35:*.c=92:*.py=93:*.h=90:*.txt=94:*.doc=104:*.odt=104:*.csv=102:*.xlsx=102:*.xlsm=102:*.rb=31:*.cpp=92:*.sh=92:*.html=96:*.zip=4;33:*.tar.gz=4;33:*.mp4=105:*.mp3=106'), ('SSH_AGENT_LAUNCHER', 'gnome-keyring'), ('SSH_AUTH_SOCK', '/run/user/1000/keyring/ssh'), ('AMENT_PREFIX_PATH', '/home/fiend/Navigation_Bot/dev_ws/install/navigation_bot:/home/fiend/LineFollowingRobot/ros_ws/install/line_bhakt:/home/fiend/ROS/practice_codes_ROS2/articubot_one/install/articubot_one:/opt/ros/humble'), ('SHELL', '/bin/bash'), ('TERMINATOR_UUID', 'urn:uuid:de10c5cb-7f42-4ea2-ad3f-7446c017e8fd'), ('QT_ACCESSIBILITY', '1'), ('GDMSESSION', 'ubuntu'), ('LESSCLOSE', '/usr/bin/lesspipe %s %s'), ('GCC_COLORS', 'error=31:warning=35:note=36:caret=32:locus=01:quote=01'), ('GJS_DEBUG_OUTPUT', 'stderr'), ('QT_IM_MODULE', 'ibus'), ('PWD', '/home/fiend/Navigation_Bot/dev_ws/build/navigation_bot'), ('LC_ALL', 'en_US.UTF-8'), ('XDG_CONFIG_DIRS', '/etc/xdg/xdg-ubuntu:/etc/xdg'), ('XDG_DATA_DIRS', '/usr/share/ubuntu:/home/fiend/.local/share/flatpak/exports/share:/var/lib/flatpak/exports/share:/usr/local/share/:/usr/share/:/var/lib/snapd/desktop'), ('STARSHIP_SESSION_KEY', '2059017139146452'), ('PYTHONPATH', '/opt/ros/humble/lib/python3.10/site-packages:/opt/ros/humble/local/lib/python3.10/dist-packages'), ('COLCON', '1'), ('VTE_VERSION', '6800'), ('CMAKE_PREFIX_PATH', '/home/fiend/Navigation_Bot/dev_ws/install/navigation_bot:/home/fiend/LineFollowingRobot/ros_ws/install/line_bhakt:/home/fiend/ROS/practice_codes_ROS2/articubot_one/install/articubot_one:/opt/ros/humble')]), 'shell': False}
[23.123119] (navigation_bot) StdoutLine: {'line': b'-- Install configuration: ""\n'}
[23.124340] (navigation_bot) StdoutLine: {'line': b'-- Execute custom install script\n'}
[23.125376] (navigation_bot) StdoutLine: {'line': b'-- Up-to-date symlink: /home/fiend/Navigation_Bot/dev_ws/install/navigation_bot/share/navigation_bot/config/empty.yaml\n'}
[23.125688] (navigation_bot) StdoutLine: {'line': b'-- Up-to-date symlink: /home/fiend/Navigation_Bot/dev_ws/install/navigation_bot/share/navigation_bot/config/my_controller.yaml\n'}
[23.126614] (navigation_bot) StdoutLine: {'line': b'-- Up-to-date symlink: /home/fiend/Navigation_Bot/dev_ws/install/navigation_bot/share/navigation_bot/description/Depth_camera.xacro\n'}
[23.126958] (navigation_bot) StdoutLine: {'line': b'-- Up-to-date symlink: /home/fiend/Navigation_Bot/dev_ws/install/navigation_bot/share/navigation_bot/description/camera.xacro\n'}
[23.127295] (navigation_bot) StdoutLine: {'line': b'-- Up-to-date symlink: /home/fiend/Navigation_Bot/dev_ws/install/navigation_bot/share/navigation_bot/description/gazebo_control.xacro\n'}
[23.127625] (navigation_bot) StdoutLine: {'line': b'-- Up-to-date symlink: /home/fiend/Navigation_Bot/dev_ws/install/navigation_bot/share/navigation_bot/description/inertial_macros.xacro\n'}
[23.127957] (navigation_bot) StdoutLine: {'line': b'-- Up-to-date symlink: /home/fiend/Navigation_Bot/dev_ws/install/navigation_bot/share/navigation_bot/description/lidar.xacro\n'}
[23.128289] (navigation_bot) StdoutLine: {'line': b'-- Up-to-date symlink: /home/fiend/Navigation_Bot/dev_ws/install/navigation_bot/share/navigation_bot/description/robot.urdf.xacro\n'}
[23.128632] (navigation_bot) StdoutLine: {'line': b'-- Up-to-date symlink: /home/fiend/Navigation_Bot/dev_ws/install/navigation_bot/share/navigation_bot/description/robot_core.xacro\n'}
[23.128877] (navigation_bot) StdoutLine: {'line': b'-- Up-to-date symlink: /home/fiend/Navigation_Bot/dev_ws/install/navigation_bot/share/navigation_bot/description/ros2_control.xacro\n'}
[23.129580] (navigation_bot) StdoutLine: {'line': b'-- Up-to-date symlink: /home/fiend/Navigation_Bot/dev_ws/install/navigation_bot/share/navigation_bot/launch/launch_sim.launch.py\n'}
[23.129908] (navigation_bot) StdoutLine: {'line': b'-- Up-to-date symlink: /home/fiend/Navigation_Bot/dev_ws/install/navigation_bot/share/navigation_bot/launch/rsp.launch.py\n'}
[23.130727] (navigation_bot) StdoutLine: {'line': b'-- Up-to-date symlink: /home/fiend/Navigation_Bot/dev_ws/install/navigation_bot/share/navigation_bot/worlds/empty.world\n'}
[23.131112] (navigation_bot) StdoutLine: {'line': b'-- Up-to-date symlink: /home/fiend/Navigation_Bot/dev_ws/install/navigation_bot/share/navigation_bot/worlds/home.world\n'}
[23.131465] (navigation_bot) StdoutLine: {'line': b'-- Up-to-date symlink: /home/fiend/Navigation_Bot/dev_ws/install/navigation_bot/share/navigation_bot/worlds/obstacle.world\n'}
[23.131787] (navigation_bot) StdoutLine: {'line': b'-- Up-to-date symlink: /home/fiend/Navigation_Bot/dev_ws/install/navigation_bot/share/navigation_bot/worlds/track.world\n'}
[23.132136] (navigation_bot) StdoutLine: {'line': b'-- Up-to-date symlink: /home/fiend/Navigation_Bot/dev_ws/install/navigation_bot/share/navigation_bot/worlds/turtleWorld.world\n'}
[23.132760] (navigation_bot) StdoutLine: {'line': b'-- Up-to-date symlink: /home/fiend/Navigation_Bot/dev_ws/install/navigation_bot/lib/navigation_bot/ImageCapture\n'}
[23.133323] (navigation_bot) StdoutLine: {'line': b'-- Up-to-date symlink: /home/fiend/Navigation_Bot/dev_ws/install/navigation_bot/share/ament_index/resource_index/package_run_dependencies/navigation_bot\n'}
[23.133895] (navigation_bot) StdoutLine: {'line': b'-- Up-to-date symlink: /home/fiend/Navigation_Bot/dev_ws/install/navigation_bot/share/ament_index/resource_index/parent_prefix_path/navigation_bot\n'}
[23.134397] (navigation_bot) StdoutLine: {'line': b'-- Up-to-date symlink: /home/fiend/Navigation_Bot/dev_ws/install/navigation_bot/share/navigation_bot/environment/ament_prefix_path.sh\n'}
[23.134959] (navigation_bot) StdoutLine: {'line': b'-- Up-to-date symlink: /home/fiend/Navigation_Bot/dev_ws/install/navigation_bot/share/navigation_bot/environment/ament_prefix_path.dsv\n'}
[23.135470] (navigation_bot) StdoutLine: {'line': b'-- Up-to-date symlink: /home/fiend/Navigation_Bot/dev_ws/install/navigation_bot/share/navigation_bot/environment/path.sh\n'}
[23.135968] (navigation_bot) StdoutLine: {'line': b'-- Up-to-date symlink: /home/fiend/Navigation_Bot/dev_ws/install/navigation_bot/share/navigation_bot/environment/path.dsv\n'}
[23.136467] (navigation_bot) StdoutLine: {'line': b'-- Up-to-date symlink: /home/fiend/Navigation_Bot/dev_ws/install/navigation_bot/share/navigation_bot/local_setup.bash\n'}
[23.136955] (navigation_bot) StdoutLine: {'line': b'-- Up-to-date symlink: /home/fiend/Navigation_Bot/dev_ws/install/navigation_bot/share/navigation_bot/local_setup.sh\n'}
[23.137396] (navigation_bot) StdoutLine: {'line': b'-- Up-to-date symlink: /home/fiend/Navigation_Bot/dev_ws/install/navigation_bot/share/navigation_bot/local_setup.zsh\n'}
[23.137886] (navigation_bot) StdoutLine: {'line': b'-- Up-to-date symlink: /home/fiend/Navigation_Bot/dev_ws/install/navigation_bot/share/navigation_bot/local_setup.dsv\n'}
[23.138202] (navigation_bot) StdoutLine: {'line': b'-- Symlinking: /home/fiend/Navigation_Bot/dev_ws/install/navigation_bot/share/navigation_bot/package.dsv\n'}
[23.153758] (navigation_bot) StdoutLine: {'line': b'-- Up-to-date symlink: /home/fiend/Navigation_Bot/dev_ws/install/navigation_bot/share/ament_index/resource_index/packages/navigation_bot\n'}
[23.154163] (navigation_bot) StdoutLine: {'line': b'-- Up-to-date symlink: /home/fiend/Navigation_Bot/dev_ws/install/navigation_bot/share/navigation_bot/cmake/navigation_botConfig.cmake\n'}
[23.154597] (navigation_bot) StdoutLine: {'line': b'-- Up-to-date symlink: /home/fiend/Navigation_Bot/dev_ws/install/navigation_bot/share/navigation_bot/cmake/navigation_botConfig-version.cmake\n'}
[23.155077] (navigation_bot) StdoutLine: {'line': b'-- Up-to-date symlink: /home/fiend/Navigation_Bot/dev_ws/install/navigation_bot/share/navigation_bot/package.xml\n'}
[23.158897] (navigation_bot) CommandEnded: {'returncode': 0}
[23.200172] (-) TimerEvent: {}
[23.301071] (-) TimerEvent: {}
[23.402011] (-) TimerEvent: {}
[23.502616] (-) TimerEvent: {}
[23.538150] (navigation_bot) JobEnded: {'identifier': 'navigation_bot', 'rc': 0}
[23.539328] (-) EventReactorShutdown: {}
