[0.000000] (-) TimerEvent: {}
[0.000388] (navigation_bot) JobQueued: {'identifier': 'navigation_bot', 'dependencies': OrderedDict()}
[0.000480] (navigation_bot) JobStarted: {'identifier': 'navigation_bot'}
[0.098708] (-) TimerEvent: {}
[0.199568] (-) TimerEvent: {}
[0.300147] (-) TimerEvent: {}
[0.340883] (navigation_bot) JobProgress: {'identifier': 'navigation_bot', 'progress': 'cmake'}
[0.342491] (navigation_bot) JobProgress: {'identifier': 'navigation_bot', 'progress': 'build'}
[0.344199] (navigation_bot) Command: {'cmd': ['/usr/bin/cmake', '--build', '/home/fiend/Navigation_Bot/dev_ws/build/navigation_bot', '--', '-j8', '-l8'], 'cwd': '/home/fiend/Navigation_Bot/dev_ws/build/navigation_bot', 'env': OrderedDict([('GJS_DEBUG_TOPICS', 'JS ERROR;JS LOG'), ('LESSOPEN', '| /usr/bin/lesspipe %s'), ('LANGUAGE', 'en_IN:en'), ('USER', 'fiend'), ('STARSHIP_SHELL', 'bash'), ('XDG_SESSION_TYPE', 'wayland'), ('SHLVL', '1'), ('LD_LIBRARY_PATH', '/usr/lib/x86_64-linux-gnu/gazebo-11/plugins:/opt/ros/humble/opt/rviz_ogre_vendor/lib:/opt/ros/humble/lib/x86_64-linux-gnu:/opt/ros/humble/lib'), ('HOME', '/home/fiend'), ('OLDPWD', '/home/fiend/Navigation_Bot'), ('DESKTOP_SESSION', 'ubuntu'), ('GIO_LAUNCHED_DESKTOP_FILE', '/usr/share/applications/terminator.desktop'), ('ROS_PYTHON_VERSION', '3'), ('GNOME_SHELL_SESSION_MODE', 'ubuntu'), ('GTK_MODULES', 'gail:atk-bridge'), ('PS1', '\n\\[\x1b[38;5;156m\\]\\[\x1b[0m\\]\\[\x1b[38;5;166m\\]dev_ws\\[\x1b[0m\\]\\[\x1b[38;5;166m\\]\\[\x1b[0m\\] on \\[\x1b[38;5;162m\\]\ue0a0 \\[\x1b[0m\\]\\[\x1b[38;5;162m\\]main\\[\x1b[0m\\] underwent \\[\x1b[36m\\]8m15s\\[\x1b[0m\\]\n\\[\x1b[1;38;5;166m\\]➜\\[\x1b[0m\\]'), ('MANAGERPID', '865'), ('SYSTEMD_EXEC_PID', '1038'), ('DBUS_SESSION_BUS_ADDRESS', 'unix:path=/run/user/1000/bus'), ('COLORTERM', 'truecolor'), ('GIO_LAUNCHED_DESKTOP_FILE_PID', '5627'), ('_colcon_cd_root', '/opt/ros/humble/'), ('IM_CONFIG_PHASE', '1'), ('WAYLAND_DISPLAY', 'wayland-0'), ('COLCON_PREFIX_PATH', '/home/fiend/Navigation_Bot/dev_ws/install:/home/fiend/voice_grab/ros2_ws/install:/home/fiend/LineFollowingRobot/ros_ws/install:/home/fiend/ROS/practice_codes_ROS2/articubot_one/install'), ('ROS_DISTRO', 'humble'), ('LOGNAME', 'fiend'), ('JOURNAL_STREAM', '8:30767'), ('_', '/usr/bin/colcon'), ('ROS_VERSION', '2'), ('XDG_SESSION_CLASS', 'user'), ('USERNAME', 'fiend'), ('TERM', 'xterm-256color'), ('GNOME_DESKTOP_SESSION_ID', 'this-is-deprecated'), ('ROS_LOCALHOST_ONLY', '0'), ('PATH', '/opt/ros/humble/bin:/home/fiend/.local/bin:/usr/local/sbin:/usr/local/bin:/usr/sbin:/usr/bin:/sbin:/bin:/usr/games:/usr/local/games:/snap/bin:/snap/bin'), ('SESSION_MANAGER', 'local/fiend-Lenovo-Yoga-C740-14IML:@/tmp/.ICE-unix/1008,unix/fiend-Lenovo-Yoga-C740-14IML:/tmp/.ICE-unix/1008'), ('INVOCATION_ID', '37512f0c72ec48d79a8a8f1894f11f4d'), ('XDG_MENU_PREFIX', 'gnome-'), ('GNOME_SETUP_DISPLAY', ':1'), ('XDG_RUNTIME_DIR', '/run/user/1000'), ('DISPLAY', ':0'), ('LANG', 'en_US.UTF-8'), ('XDG_CURRENT_DESKTOP', 'ubuntu:GNOME'), ('IBUS_DISABLE_SNOOPER', '1'), ('XMODIFIERS', '@im=ibus'), ('XDG_SESSION_DESKTOP', 'ubuntu'), ('XAUTHORITY', '/run/user/1000/.mutter-Xwaylandauth.UJJAK2'), ('LS_COLORS', 'di=34:ow=34:tw=34:fi=13:ln=31:pi=5:so=5:bd=5:cd=5:or=31:mi=0:ex=35:*.rpm=90:*.png=35:*.gif=36:*.jpg=35:*.c=92:*.py=93:*.h=90:*.txt=94:*.doc=104:*.odt=104:*.csv=102:*.xlsx=102:*.xlsm=102:*.rb=31:*.cpp=92:*.sh=92:*.html=96:*.zip=4;33:*.tar.gz=4;33:*.mp4=105:*.mp3=106'), ('SSH_AGENT_LAUNCHER', 'gnome-keyring'), ('SSH_AUTH_SOCK', '/run/user/1000/keyring/ssh'), ('AMENT_PREFIX_PATH', '/home/fiend/Navigation_Bot/dev_ws/install/navigation_bot:/home/fiend/LineFollowingRobot/ros_ws/install/line_bhakt:/home/fiend/ROS/practice_codes_ROS2/articubot_one/install/articubot_one:/opt/ros/humble'), ('SHELL', '/bin/bash'), ('TERMINATOR_UUID', 'urn:uuid:de10c5cb-7f42-4ea2-ad3f-7446c017e8fd'), ('QT_ACCESSIBILITY', '1'), ('GDMSESSION', 'ubuntu'), ('LESSCLOSE', '/usr/bin/lesspipe %s %s'), ('GCC_COLORS', 'error=31:warning=35:note=36:caret=32:locus=01:quote=01'), ('GJS_DEBUG_OUTPUT', 'stderr'), ('QT_IM_MODULE', 'ibus'), ('PWD', '/home/fiend/Navigation_Bot/dev_ws/build/navigation_bot'), ('LC_ALL', 'en_US.UTF-8'), ('XDG_CONFIG_DIRS', '/etc/xdg/xdg-ubuntu:/etc/xdg'), ('XDG_DATA_DIRS', '/usr/share/ubuntu:/home/fiend/.local/share/flatpak/exports/share:/var/lib/flatpak/exports/share:/usr/local/share/:/usr/share/:/var/lib/snapd/desktop'), ('STARSHIP_SESSION_KEY', '2059017139146452'), ('PYTHONPATH', '/opt/ros/humble/lib/python3.10/site-packages:/opt/ros/humble/local/lib/python3.10/dist-packages'), ('COLCON', '1'), ('VTE_VERSION', '6800'), ('CMAKE_PREFIX_PATH', '/home/fiend/Navigation_Bot/dev_ws/install/navigation_bot:/home/fiend/LineFollowingRobot/ros_ws/install/line_bhakt:/home/fiend/ROS/practice_codes_ROS2/articubot_one/install/articubot_one:/opt/ros/humble')]), 'shell': False}
[0.400292] (-) TimerEvent: {}
[0.467861] (navigation_bot) StdoutLine: {'line': b'\x1b[35m\x1b[1mConsolidate compiler generated dependencies of target ImageCapture\x1b[0m\n'}
[0.500404] (-) TimerEvent: {}
[0.509093] (navigation_bot) StdoutLine: {'line': b'[ 50%] \x1b[32mBuilding CXX object CMakeFiles/ImageCapture.dir/Executables/ImageCapture.cpp.o\x1b[0m\n'}
[0.600541] (-) TimerEvent: {}
[0.700958] (-) TimerEvent: {}
[0.801421] (-) TimerEvent: {}
[0.901834] (-) TimerEvent: {}
[1.002271] (-) TimerEvent: {}
[1.102678] (-) TimerEvent: {}
[1.203191] (-) TimerEvent: {}
[1.303615] (-) TimerEvent: {}
[1.404034] (-) TimerEvent: {}
[1.504448] (-) TimerEvent: {}
[1.604873] (-) TimerEvent: {}
[1.705293] (-) TimerEvent: {}
[1.805726] (-) TimerEvent: {}
[1.906167] (-) TimerEvent: {}
[2.006601] (-) TimerEvent: {}
[2.107070] (-) TimerEvent: {}
[2.207515] (-) TimerEvent: {}
[2.307943] (-) TimerEvent: {}
[2.408361] (-) TimerEvent: {}
[2.508778] (-) TimerEvent: {}
[2.609202] (-) TimerEvent: {}
[2.709625] (-) TimerEvent: {}
[2.810068] (-) TimerEvent: {}
[2.910489] (-) TimerEvent: {}
[3.010904] (-) TimerEvent: {}
[3.111320] (-) TimerEvent: {}
[3.211742] (-) TimerEvent: {}
[3.312187] (-) TimerEvent: {}
[3.412591] (-) TimerEvent: {}
[3.512966] (-) TimerEvent: {}
[3.613337] (-) TimerEvent: {}
[3.713724] (-) TimerEvent: {}
[3.814131] (-) TimerEvent: {}
[3.914548] (-) TimerEvent: {}
[4.014921] (-) TimerEvent: {}
[4.115304] (-) TimerEvent: {}
[4.215736] (-) TimerEvent: {}
[4.316143] (-) TimerEvent: {}
[4.416518] (-) TimerEvent: {}
[4.516899] (-) TimerEvent: {}
[4.617321] (-) TimerEvent: {}
[4.717691] (-) TimerEvent: {}
[4.818111] (-) TimerEvent: {}
[4.918476] (-) TimerEvent: {}
[5.018857] (-) TimerEvent: {}
[5.119248] (-) TimerEvent: {}
[5.219633] (-) TimerEvent: {}
[5.320023] (-) TimerEvent: {}
[5.420400] (-) TimerEvent: {}
[5.520786] (-) TimerEvent: {}
[5.621169] (-) TimerEvent: {}
[5.721554] (-) TimerEvent: {}
[5.821957] (-) TimerEvent: {}
[5.922353] (-) TimerEvent: {}
[6.022832] (-) TimerEvent: {}
[6.123251] (-) TimerEvent: {}
[6.223662] (-) TimerEvent: {}
[6.324083] (-) TimerEvent: {}
[6.424535] (-) TimerEvent: {}
[6.524953] (-) TimerEvent: {}
[6.625339] (-) TimerEvent: {}
[6.725730] (-) TimerEvent: {}
[6.826082] (-) TimerEvent: {}
[6.926507] (-) TimerEvent: {}
[7.026879] (-) TimerEvent: {}
[7.127254] (-) TimerEvent: {}
[7.227649] (-) TimerEvent: {}
[7.328023] (-) TimerEvent: {}
[7.428409] (-) TimerEvent: {}
[7.528783] (-) TimerEvent: {}
[7.629188] (-) TimerEvent: {}
[7.729585] (-) TimerEvent: {}
[7.829966] (-) TimerEvent: {}
[7.930361] (-) TimerEvent: {}
[8.030757] (-) TimerEvent: {}
[8.131128] (-) TimerEvent: {}
[8.231529] (-) TimerEvent: {}
[8.331918] (-) TimerEvent: {}
[8.432314] (-) TimerEvent: {}
[8.532691] (-) TimerEvent: {}
[8.633064] (-) TimerEvent: {}
[8.733441] (-) TimerEvent: {}
[8.833864] (-) TimerEvent: {}
[8.934243] (-) TimerEvent: {}
[9.034646] (-) TimerEvent: {}
[9.135012] (-) TimerEvent: {}
[9.235394] (-) TimerEvent: {}
[9.335769] (-) TimerEvent: {}
[9.436167] (-) TimerEvent: {}
[9.536554] (-) TimerEvent: {}
[9.636930] (-) TimerEvent: {}
[9.737337] (-) TimerEvent: {}
[9.837748] (-) TimerEvent: {}
[9.938123] (-) TimerEvent: {}
[10.038508] (-) TimerEvent: {}
[10.138893] (-) TimerEvent: {}
[10.239296] (-) TimerEvent: {}
[10.339675] (-) TimerEvent: {}
[10.440061] (-) TimerEvent: {}
[10.540439] (-) TimerEvent: {}
[10.640832] (-) TimerEvent: {}
[10.741205] (-) TimerEvent: {}
[10.841603] (-) TimerEvent: {}
[10.941981] (-) TimerEvent: {}
[11.042388] (-) TimerEvent: {}
[11.142760] (-) TimerEvent: {}
[11.243131] (-) TimerEvent: {}
[11.343580] (-) TimerEvent: {}
[11.444001] (-) TimerEvent: {}
[11.544442] (-) TimerEvent: {}
[11.644860] (-) TimerEvent: {}
[11.745301] (-) TimerEvent: {}
[11.845720] (-) TimerEvent: {}
[11.946152] (-) TimerEvent: {}
[12.046590] (-) TimerEvent: {}
[12.147017] (-) TimerEvent: {}
[12.247441] (-) TimerEvent: {}
[12.347864] (-) TimerEvent: {}
[12.448285] (-) TimerEvent: {}
[12.548736] (-) TimerEvent: {}
[12.649172] (-) TimerEvent: {}
[12.749608] (-) TimerEvent: {}
[12.850052] (-) TimerEvent: {}
[12.950511] (-) TimerEvent: {}
[13.050933] (-) TimerEvent: {}
[13.151398] (-) TimerEvent: {}
[13.251844] (-) TimerEvent: {}
[13.352259] (-) TimerEvent: {}
[13.452670] (-) TimerEvent: {}
[13.553087] (-) TimerEvent: {}
[13.653502] (-) TimerEvent: {}
[13.753923] (-) TimerEvent: {}
[13.854348] (-) TimerEvent: {}
[13.954766] (-) TimerEvent: {}
[14.055229] (-) TimerEvent: {}
[14.155652] (-) TimerEvent: {}
[14.256070] (-) TimerEvent: {}
[14.356488] (-) TimerEvent: {}
[14.456904] (-) TimerEvent: {}
[14.557321] (-) TimerEvent: {}
[14.657717] (-) TimerEvent: {}
[14.758128] (-) TimerEvent: {}
[14.858544] (-) TimerEvent: {}
[14.958958] (-) TimerEvent: {}
[15.059390] (-) TimerEvent: {}
[15.159801] (-) TimerEvent: {}
[15.260224] (-) TimerEvent: {}
[15.360655] (-) TimerEvent: {}
[15.461086] (-) TimerEvent: {}
[15.561498] (-) TimerEvent: {}
[15.661907] (-) TimerEvent: {}
[15.762371] (-) TimerEvent: {}
[15.862740] (-) TimerEvent: {}
[15.963117] (-) TimerEvent: {}
[16.063484] (-) TimerEvent: {}
[16.163864] (-) TimerEvent: {}
[16.264234] (-) TimerEvent: {}
[16.364624] (-) TimerEvent: {}
[16.464989] (-) TimerEvent: {}
[16.565380] (-) TimerEvent: {}
[16.665746] (-) TimerEvent: {}
[16.766104] (-) TimerEvent: {}
[16.866468] (-) TimerEvent: {}
[16.966834] (-) TimerEvent: {}
[17.067196] (-) TimerEvent: {}
[17.167575] (-) TimerEvent: {}
[17.267938] (-) TimerEvent: {}
[17.368315] (-) TimerEvent: {}
[17.468706] (-) TimerEvent: {}
[17.569068] (-) TimerEvent: {}
[17.669431] (-) TimerEvent: {}
[17.769826] (-) TimerEvent: {}
[17.870209] (-) TimerEvent: {}
[17.970577] (-) TimerEvent: {}
[18.070947] (-) TimerEvent: {}
[18.171356] (-) TimerEvent: {}
[18.271796] (-) TimerEvent: {}
[18.372220] (-) TimerEvent: {}
[18.472665] (-) TimerEvent: {}
[18.573116] (-) TimerEvent: {}
[18.673545] (-) TimerEvent: {}
[18.773953] (-) TimerEvent: {}
[18.874402] (-) TimerEvent: {}
[18.974854] (-) TimerEvent: {}
[19.075217] (-) TimerEvent: {}
[19.175581] (-) TimerEvent: {}
[19.275951] (-) TimerEvent: {}
[19.376320] (-) TimerEvent: {}
[19.476702] (-) TimerEvent: {}
[19.577066] (-) TimerEvent: {}
[19.677468] (-) TimerEvent: {}
[19.777898] (-) TimerEvent: {}
[19.878367] (-) TimerEvent: {}
[19.978806] (-) TimerEvent: {}
[20.079232] (-) TimerEvent: {}
[20.179648] (-) TimerEvent: {}
[20.213562] (navigation_bot) StdoutLine: {'line': b'[100%] \x1b[32m\x1b[1mLinking CXX executable ImageCapture\x1b[0m\n'}
[20.279790] (-) TimerEvent: {}
[20.380250] (-) TimerEvent: {}
[20.480690] (-) TimerEvent: {}
[20.581094] (-) TimerEvent: {}
[20.681729] (-) TimerEvent: {}
[20.782224] (-) TimerEvent: {}
[20.882645] (-) TimerEvent: {}
[20.983098] (-) TimerEvent: {}
[21.083516] (-) TimerEvent: {}
[21.183955] (-) TimerEvent: {}
[21.284379] (-) TimerEvent: {}
[21.303288] (navigation_bot) StdoutLine: {'line': b'[100%] Built target ImageCapture\n'}
[21.322989] (navigation_bot) CommandEnded: {'returncode': 0}
[21.365307] (navigation_bot) JobProgress: {'identifier': 'navigation_bot', 'progress': 'install'}
[21.381964] (navigation_bot) Command: {'cmd': ['/usr/bin/cmake', '--install', '/home/fiend/Navigation_Bot/dev_ws/build/navigation_bot'], 'cwd': '/home/fiend/Navigation_Bot/dev_ws/build/navigation_bot', 'env': OrderedDict([('GJS_DEBUG_TOPICS', 'JS ERROR;JS LOG'), ('LESSOPEN', '| /usr/bin/lesspipe %s'), ('LANGUAGE', 'en_IN:en'), ('USER', 'fiend'), ('STARSHIP_SHELL', 'bash'), ('XDG_SESSION_TYPE', 'wayland'), ('SHLVL', '1'), ('LD_LIBRARY_PATH', '/usr/lib/x86_64-linux-gnu/gazebo-11/plugins:/opt/ros/humble/opt/rviz_ogre_vendor/lib:/opt/ros/humble/lib/x86_64-linux-gnu:/opt/ros/humble/lib'), ('HOME', '/home/fiend'), ('OLDPWD', '/home/fiend/Navigation_Bot'), ('DESKTOP_SESSION', 'ubuntu'), ('GIO_LAUNCHED_DESKTOP_FILE', '/usr/share/applications/terminator.desktop'), ('ROS_PYTHON_VERSION', '3'), ('GNOME_SHELL_SESSION_MODE', 'ubuntu'), ('GTK_MODULES', 'gail:atk-bridge'), ('PS1', '\n\\[\x1b[38;5;156m\\]\\[\x1b[0m\\]\\[\x1b[38;5;166m\\]dev_ws\\[\x1b[0m\\]\\[\x1b[38;5;166m\\]\\[\x1b[0m\\] on \\[\x1b[38;5;162m\\]\ue0a0 \\[\x1b[0m\\]\\[\x1b[38;5;162m\\]main\\[\x1b[0m\\] underwent \\[\x1b[36m\\]8m15s\\[\x1b[0m\\]\n\\[\x1b[1;38;5;166m\\]➜\\[\x1b[0m\\]'), ('MANAGERPID', '865'), ('SYSTEMD_EXEC_PID', '1038'), ('DBUS_SESSION_BUS_ADDRESS', 'unix:path=/run/user/1000/bus'), ('COLORTERM', 'truecolor'), ('GIO_LAUNCHED_DESKTOP_FILE_PID', '5627'), ('_colcon_cd_root', '/opt/ros/humble/'), ('IM_CONFIG_PHASE', '1'), ('WAYLAND_DISPLAY', 'wayland-0'), ('COLCON_PREFIX_PATH', '/home/fiend/Navigation_Bot/dev_ws/install:/home/fiend/voice_grab/ros2_ws/install:/home/fiend/LineFollowingRobot/ros_ws/install:/home/fiend/ROS/practice_codes_ROS2/articubot_one/install'), ('ROS_DISTRO', 'humble'), ('LOGNAME', 'fiend'), ('JOURNAL_STREAM', '8:30767'), ('_', '/usr/bin/colcon'), ('ROS_VERSION', '2'), ('XDG_SESSION_CLASS', 'user'), ('USERNAME', 'fiend'), ('TERM', 'xterm-256color'), ('GNOME_DESKTOP_SESSION_ID', 'this-is-deprecated'), ('ROS_LOCALHOST_ONLY', '0'), ('PATH', '/opt/ros/humble/bin:/home/fiend/.local/bin:/usr/local/sbin:/usr/local/bin:/usr/sbin:/usr/bin:/sbin:/bin:/usr/games:/usr/local/games:/snap/bin:/snap/bin'), ('SESSION_MANAGER', 'local/fiend-Lenovo-Yoga-C740-14IML:@/tmp/.ICE-unix/1008,unix/fiend-Lenovo-Yoga-C740-14IML:/tmp/.ICE-unix/1008'), ('INVOCATION_ID', '37512f0c72ec48d79a8a8f1894f11f4d'), ('XDG_MENU_PREFIX', 'gnome-'), ('GNOME_SETUP_DISPLAY', ':1'), ('XDG_RUNTIME_DIR', '/run/user/1000'), ('DISPLAY', ':0'), ('LANG', 'en_US.UTF-8'), ('XDG_CURRENT_DESKTOP', 'ubuntu:GNOME'), ('IBUS_DISABLE_SNOOPER', '1'), ('XMODIFIERS', '@im=ibus'), ('XDG_SESSION_DESKTOP', 'ubuntu'), ('XAUTHORITY', '/run/user/1000/.mutter-Xwaylandauth.UJJAK2'), ('LS_COLORS', 'di=34:ow=34:tw=34:fi=13:ln=31:pi=5:so=5:bd=5:cd=5:or=31:mi=0:ex=35:*.rpm=90:*.png=35:*.gif=36:*.jpg=35:*.c=92:*.py=93:*.h=90:*.txt=94:*.doc=104:*.odt=104:*.csv=102:*.xlsx=102:*.xlsm=102:*.rb=31:*.cpp=92:*.sh=92:*.html=96:*.zip=4;33:*.tar.gz=4;33:*.mp4=105:*.mp3=106'), ('SSH_AGENT_LAUNCHER', 'gnome-keyring'), ('SSH_AUTH_SOCK', '/run/user/1000/keyring/ssh'), ('AMENT_PREFIX_PATH', '/home/fiend/Navigation_Bot/dev_ws/install/navigation_bot:/home/fiend/LineFollowingRobot/ros_ws/install/line_bhakt:/home/fiend/ROS/practice_codes_ROS2/articubot_one/install/articubot_one:/opt/ros/humble'), ('SHELL', '/bin/bash'), ('TERMINATOR_UUID', 'urn:uuid:de10c5cb-7f42-4ea2-ad3f-7446c017e8fd'), ('QT_ACCESSIBILITY', '1'), ('GDMSESSION', 'ubuntu'), ('LESSCLOSE', '/usr/bin/lesspipe %s %s'), ('GCC_COLORS', 'error=31:warning=35:note=36:caret=32:locus=01:quote=01'), ('GJS_DEBUG_OUTPUT', 'stderr'), ('QT_IM_MODULE', 'ibus'), ('PWD', '/home/fiend/Navigation_Bot/dev_ws/build/navigation_bot'), ('LC_ALL', 'en_US.UTF-8'), ('XDG_CONFIG_DIRS', '/etc/xdg/xdg-ubuntu:/etc/xdg'), ('XDG_DATA_DIRS', '/usr/share/ubuntu:/home/fiend/.local/share/flatpak/exports/share:/var/lib/flatpak/exports/share:/usr/local/share/:/usr/share/:/var/lib/snapd/desktop'), ('STARSHIP_SESSION_KEY', '2059017139146452'), ('PYTHONPATH', '/opt/ros/humble/lib/python3.10/site-packages:/opt/ros/humble/local/lib/python3.10/dist-packages'), ('COLCON', '1'), ('VTE_VERSION', '6800'), ('CMAKE_PREFIX_PATH', '/home/fiend/Navigation_Bot/dev_ws/install/navigation_bot:/home/fiend/LineFollowingRobot/ros_ws/install/line_bhakt:/home/fiend/ROS/practice_codes_ROS2/articubot_one/install/articubot_one:/opt/ros/humble')]), 'shell': False}
[21.384494] (-) TimerEvent: {}
[21.396002] (navigation_bot) StdoutLine: {'line': b'-- Install configuration: ""\n'}
[21.397148] (navigation_bot) StdoutLine: {'line': b'-- Execute custom install script\n'}
[21.398331] (navigation_bot) StdoutLine: {'line': b'-- Up-to-date symlink: /home/fiend/Navigation_Bot/dev_ws/install/navigation_bot/share/navigation_bot/config/empty.yaml\n'}
[21.398717] (navigation_bot) StdoutLine: {'line': b'-- Up-to-date symlink: /home/fiend/Navigation_Bot/dev_ws/install/navigation_bot/share/navigation_bot/config/my_controller.yaml\n'}
[21.399260] (navigation_bot) StdoutLine: {'line': b'-- Up-to-date symlink: /home/fiend/Navigation_Bot/dev_ws/install/navigation_bot/share/navigation_bot/description/Depth_camera.xacro\n'}
[21.399592] (navigation_bot) StdoutLine: {'line': b'-- Up-to-date symlink: /home/fiend/Navigation_Bot/dev_ws/install/navigation_bot/share/navigation_bot/description/camera.xacro\n'}
[21.399926] (navigation_bot) StdoutLine: {'line': b'-- Up-to-date symlink: /home/fiend/Navigation_Bot/dev_ws/install/navigation_bot/share/navigation_bot/description/gazebo_control.xacro\n'}
[21.400222] (navigation_bot) StdoutLine: {'line': b'-- Up-to-date symlink: /home/fiend/Navigation_Bot/dev_ws/install/navigation_bot/share/navigation_bot/description/inertial_macros.xacro\n'}
[21.400531] (navigation_bot) StdoutLine: {'line': b'-- Up-to-date symlink: /home/fiend/Navigation_Bot/dev_ws/install/navigation_bot/share/navigation_bot/description/lidar.xacro\n'}
[21.400835] (navigation_bot) StdoutLine: {'line': b'-- Up-to-date symlink: /home/fiend/Navigation_Bot/dev_ws/install/navigation_bot/share/navigation_bot/description/robot.urdf.xacro\n'}
[21.401147] (navigation_bot) StdoutLine: {'line': b'-- Up-to-date symlink: /home/fiend/Navigation_Bot/dev_ws/install/navigation_bot/share/navigation_bot/description/robot_core.xacro\n'}
[21.401437] (navigation_bot) StdoutLine: {'line': b'-- Up-to-date symlink: /home/fiend/Navigation_Bot/dev_ws/install/navigation_bot/share/navigation_bot/description/ros2_control.xacro\n'}
[21.401988] (navigation_bot) StdoutLine: {'line': b'-- Up-to-date symlink: /home/fiend/Navigation_Bot/dev_ws/install/navigation_bot/share/navigation_bot/launch/launch_sim.launch.py\n'}
[21.402313] (navigation_bot) StdoutLine: {'line': b'-- Up-to-date symlink: /home/fiend/Navigation_Bot/dev_ws/install/navigation_bot/share/navigation_bot/launch/rsp.launch.py\n'}
[21.402679] (navigation_bot) StdoutLine: {'line': b'-- Up-to-date symlink: /home/fiend/Navigation_Bot/dev_ws/install/navigation_bot/share/navigation_bot/worlds/empty.world\n'}
[21.402974] (navigation_bot) StdoutLine: {'line': b'-- Up-to-date symlink: /home/fiend/Navigation_Bot/dev_ws/install/navigation_bot/share/navigation_bot/worlds/home.world\n'}
[21.403230] (navigation_bot) StdoutLine: {'line': b'-- Up-to-date symlink: /home/fiend/Navigation_Bot/dev_ws/install/navigation_bot/share/navigation_bot/worlds/obstacle.world\n'}
[21.403497] (navigation_bot) StdoutLine: {'line': b'-- Up-to-date symlink: /home/fiend/Navigation_Bot/dev_ws/install/navigation_bot/share/navigation_bot/worlds/track.world\n'}
[21.403772] (navigation_bot) StdoutLine: {'line': b'-- Up-to-date symlink: /home/fiend/Navigation_Bot/dev_ws/install/navigation_bot/share/navigation_bot/worlds/turtleWorld.world\n'}
[21.404456] (navigation_bot) StdoutLine: {'line': b'-- Up-to-date symlink: /home/fiend/Navigation_Bot/dev_ws/install/navigation_bot/lib/navigation_bot/ImageCapture\n'}
[21.404822] (navigation_bot) StdoutLine: {'line': b'-- Up-to-date symlink: /home/fiend/Navigation_Bot/dev_ws/install/navigation_bot/share/ament_index/resource_index/package_run_dependencies/navigation_bot\n'}
[21.405254] (navigation_bot) StdoutLine: {'line': b'-- Up-to-date symlink: /home/fiend/Navigation_Bot/dev_ws/install/navigation_bot/share/ament_index/resource_index/parent_prefix_path/navigation_bot\n'}
[21.405772] (navigation_bot) StdoutLine: {'line': b'-- Up-to-date symlink: /home/fiend/Navigation_Bot/dev_ws/install/navigation_bot/share/navigation_bot/environment/ament_prefix_path.sh\n'}
[21.406208] (navigation_bot) StdoutLine: {'line': b'-- Up-to-date symlink: /home/fiend/Navigation_Bot/dev_ws/install/navigation_bot/share/navigation_bot/environment/ament_prefix_path.dsv\n'}
[21.406612] (navigation_bot) StdoutLine: {'line': b'-- Up-to-date symlink: /home/fiend/Navigation_Bot/dev_ws/install/navigation_bot/share/navigation_bot/environment/path.sh\n'}
[21.407013] (navigation_bot) StdoutLine: {'line': b'-- Up-to-date symlink: /home/fiend/Navigation_Bot/dev_ws/install/navigation_bot/share/navigation_bot/environment/path.dsv\n'}
[21.407399] (navigation_bot) StdoutLine: {'line': b'-- Up-to-date symlink: /home/fiend/Navigation_Bot/dev_ws/install/navigation_bot/share/navigation_bot/local_setup.bash\n'}
[21.407828] (navigation_bot) StdoutLine: {'line': b'-- Up-to-date symlink: /home/fiend/Navigation_Bot/dev_ws/install/navigation_bot/share/navigation_bot/local_setup.sh\n'}
[21.408226] (navigation_bot) StdoutLine: {'line': b'-- Up-to-date symlink: /home/fiend/Navigation_Bot/dev_ws/install/navigation_bot/share/navigation_bot/local_setup.zsh\n'}
[21.408616] (navigation_bot) StdoutLine: {'line': b'-- Up-to-date symlink: /home/fiend/Navigation_Bot/dev_ws/install/navigation_bot/share/navigation_bot/local_setup.dsv\n'}
[21.408890] (navigation_bot) StdoutLine: {'line': b'-- Symlinking: /home/fiend/Navigation_Bot/dev_ws/install/navigation_bot/share/navigation_bot/package.dsv\n'}
[21.428080] (navigation_bot) StdoutLine: {'line': b'-- Up-to-date symlink: /home/fiend/Navigation_Bot/dev_ws/install/navigation_bot/share/ament_index/resource_index/packages/navigation_bot\n'}
[21.428558] (navigation_bot) StdoutLine: {'line': b'-- Up-to-date symlink: /home/fiend/Navigation_Bot/dev_ws/install/navigation_bot/share/navigation_bot/cmake/navigation_botConfig.cmake\n'}
[21.428900] (navigation_bot) StdoutLine: {'line': b'-- Up-to-date symlink: /home/fiend/Navigation_Bot/dev_ws/install/navigation_bot/share/navigation_bot/cmake/navigation_botConfig-version.cmake\n'}
[21.429215] (navigation_bot) StdoutLine: {'line': b'-- Up-to-date symlink: /home/fiend/Navigation_Bot/dev_ws/install/navigation_bot/share/navigation_bot/package.xml\n'}
[21.432263] (navigation_bot) CommandEnded: {'returncode': 0}
[21.484654] (-) TimerEvent: {}
[21.585342] (-) TimerEvent: {}
[21.686950] (-) TimerEvent: {}
[21.788043] (-) TimerEvent: {}
[21.851164] (navigation_bot) JobEnded: {'identifier': 'navigation_bot', 'rc': 0}
[21.852460] (-) EventReactorShutdown: {}
