[0.000000] (-) TimerEvent: {}
[0.000136] (navigation_bot) JobQueued: {'identifier': 'navigation_bot', 'dependencies': OrderedDict()}
[0.000238] (navigation_bot) JobStarted: {'identifier': 'navigation_bot'}
[0.099420] (-) TimerEvent: {}
[0.112253] (navigation_bot) JobProgress: {'identifier': 'navigation_bot', 'progress': 'cmake'}
[0.113620] (navigation_bot) JobProgress: {'identifier': 'navigation_bot', 'progress': 'build'}
[0.113670] (navigation_bot) Command: {'cmd': ['/usr/bin/cmake', '--build', '/home/fiend/Navigation_Bot/dev_ws/build/navigation_bot', '--', '-j8', '-l8'], 'cwd': '/home/fiend/Navigation_Bot/dev_ws/build/navigation_bot', 'env': OrderedDict([('GJS_DEBUG_TOPICS', 'JS ERROR;JS LOG'), ('LESSOPEN', '| /usr/bin/lesspipe %s'), ('LANGUAGE', 'en_IN:en'), ('USER', 'fiend'), ('STARSHIP_SHELL', 'bash'), ('XDG_SESSION_TYPE', 'wayland'), ('SHLVL', '1'), ('LD_LIBRARY_PATH', '/home/fiend/cv_bridge_ws/install/image_geometry/lib:/home/fiend/cv_bridge_ws/install/cv_bridge/lib:/opt/ros/humble/opt/rviz_ogre_vendor/lib:/opt/ros/humble/lib/x86_64-linux-gnu:/opt/ros/humble/lib'), ('HOME', '/home/fiend'), ('OLDPWD', '/home/fiend'), ('DESKTOP_SESSION', 'ubuntu'), ('GIO_LAUNCHED_DESKTOP_FILE', '/usr/share/applications/terminator.desktop'), ('ROS_PYTHON_VERSION', '3'), ('GNOME_SHELL_SESSION_MODE', 'ubuntu'), ('GTK_MODULES', 'gail:atk-bridge'), ('PS1', '\n\\[\x1b[38;5;156m\\]\\[\x1b[0m\\]\\[\x1b[38;5;166m\\]dev_ws\\[\x1b[0m\\]\\[\x1b[38;5;166m\\]\\[\x1b[0m\\] on \\[\x1b[38;5;162m\\]\ue0a0 \\[\x1b[0m\\]\\[\x1b[38;5;162m\\]main\\[\x1b[0m\\]\n\\[\x1b[1;38;5;166m\\]➜\\[\x1b[0m\\]'), ('MANAGERPID', '861'), ('SYSTEMD_EXEC_PID', '1015'), ('DBUS_SESSION_BUS_ADDRESS', 'unix:path=/run/user/1000/bus'), ('COLORTERM', 'truecolor'), ('GIO_LAUNCHED_DESKTOP_FILE_PID', '2703'), ('_colcon_cd_root', '/opt/ros/humble/'), ('IM_CONFIG_PHASE', '1'), ('WAYLAND_DISPLAY', 'wayland-0'), ('COLCON_PREFIX_PATH', '/home/fiend/cv_bridge_ws/install:/home/fiend/LineFollowingRobot/ros_ws/install:/home/fiend/Navigation_Bot/dev_ws/install'), ('ROS_DISTRO', 'humble'), ('LOGNAME', 'fiend'), ('JOURNAL_STREAM', '8:22455'), ('_', '/usr/bin/colcon'), ('ROS_VERSION', '2'), ('XDG_SESSION_CLASS', 'user'), ('USERNAME', 'fiend'), ('TERM', 'xterm-256color'), ('GNOME_DESKTOP_SESSION_ID', 'this-is-deprecated'), ('ROS_LOCALHOST_ONLY', '0'), ('PATH', '/opt/ros/humble/bin:/home/fiend/.local/bin:/usr/local/sbin:/usr/local/bin:/usr/sbin:/usr/bin:/sbin:/bin:/usr/games:/usr/local/games:/snap/bin:/snap/bin'), ('SESSION_MANAGER', 'local/fiend-Lenovo-Yoga-C740-14IML:@/tmp/.ICE-unix/979,unix/fiend-Lenovo-Yoga-C740-14IML:/tmp/.ICE-unix/979'), ('INVOCATION_ID', '3fdbbc4af5f447298031a36ed1100046'), ('XDG_MENU_PREFIX', 'gnome-'), ('GNOME_SETUP_DISPLAY', ':1'), ('XDG_RUNTIME_DIR', '/run/user/1000'), ('DISPLAY', ':0'), ('LANG', 'en_US.UTF-8'), ('XDG_CURRENT_DESKTOP', 'ubuntu:GNOME'), ('IBUS_DISABLE_SNOOPER', '1'), ('XMODIFIERS', '@im=ibus'), ('XDG_SESSION_DESKTOP', 'ubuntu'), ('XAUTHORITY', '/run/user/1000/.mutter-Xwaylandauth.579GJ2'), ('LS_COLORS', 'di=34:ow=34:tw=34:fi=13:ln=31:pi=5:so=5:bd=5:cd=5:or=31:mi=0:ex=35:*.rpm=90:*.png=35:*.gif=36:*.jpg=35:*.c=92:*.py=93:*.h=90:*.txt=94:*.doc=104:*.odt=104:*.csv=102:*.xlsx=102:*.xlsm=102:*.rb=31:*.cpp=92:*.sh=92:*.html=96:*.zip=4;33:*.tar.gz=4;33:*.mp4=105:*.mp3=106'), ('SSH_AGENT_LAUNCHER', 'gnome-keyring'), ('SSH_AUTH_SOCK', '/run/user/1000/keyring/ssh'), ('AMENT_PREFIX_PATH', '/home/fiend/cv_bridge_ws/install/vision_opencv:/home/fiend/cv_bridge_ws/install/opencv_tests:/home/fiend/cv_bridge_ws/install/image_geometry:/home/fiend/cv_bridge_ws/install/cv_bridge:/home/fiend/LineFollowingRobot/ros_ws/install/line_bhakt:/opt/ros/humble'), ('SHELL', '/bin/bash'), ('TERMINATOR_UUID', 'urn:uuid:9ad7ac36-79bb-44be-83b8-e09686470e7c'), ('QT_ACCESSIBILITY', '1'), ('GDMSESSION', 'ubuntu'), ('LESSCLOSE', '/usr/bin/lesspipe %s %s'), ('GCC_COLORS', 'error=31:warning=35:note=36:caret=32:locus=01:quote=01'), ('GJS_DEBUG_OUTPUT', 'stderr'), ('QT_IM_MODULE', 'ibus'), ('PWD', '/home/fiend/Navigation_Bot/dev_ws/build/navigation_bot'), ('LC_ALL', 'en_US.UTF-8'), ('XDG_CONFIG_DIRS', '/etc/xdg/xdg-ubuntu:/etc/xdg'), ('XDG_DATA_DIRS', '/usr/share/ubuntu:/usr/local/share/:/usr/share/:/var/lib/snapd/desktop'), ('STARSHIP_SESSION_KEY', '2703314523276321'), ('PYTHONPATH', '/home/fiend/cv_bridge_ws/build/opencv_tests:/home/fiend/cv_bridge_ws/install/opencv_tests/lib/python3.10/site-packages:/home/fiend/cv_bridge_ws/install/image_geometry/local/lib/python3.10/dist-packages:/home/fiend/cv_bridge_ws/install/cv_bridge/local/lib/python3.10/dist-packages:/opt/ros/humble/lib/python3.10/site-packages:/opt/ros/humble/local/lib/python3.10/dist-packages'), ('COLCON', '1'), ('VTE_VERSION', '6800'), ('CMAKE_PREFIX_PATH', '/home/fiend/cv_bridge_ws/install/vision_opencv:/home/fiend/cv_bridge_ws/install/image_geometry:/home/fiend/cv_bridge_ws/install/cv_bridge:/home/fiend/LineFollowingRobot/ros_ws/install/line_bhakt:/home/fiend/cv_bridge_ws/install/opencv_tests:/opt/ros/humble')]), 'shell': False}
[0.173121] (navigation_bot) StdoutLine: {'line': b'[ 50%] \x1b[32mBuilding CXX object CMakeFiles/ImageCapture.dir/Executables/ImageCapture.cpp.o\x1b[0m\n'}
[0.173383] (navigation_bot) StdoutLine: {'line': b'[ 50%] \x1b[32mBuilding CXX object CMakeFiles/webcam_publisher.dir/Executables/WebCam.cpp.o\x1b[0m\n'}
[0.199524] (-) TimerEvent: {}
[0.299814] (-) TimerEvent: {}
[0.400061] (-) TimerEvent: {}
[0.403342] (navigation_bot) StderrLine: {'line': b'\x1b[01m\x1b[K/home/fiend/Navigation_Bot/dev_ws/src/Executables/WebCam.cpp:9:10:\x1b[m\x1b[K \x1b[31m\x1b[Kfatal error: \x1b[m\x1b[Kcv_bridge/cv_bridge.h: No such file or directory\n'}
[0.403547] (navigation_bot) StderrLine: {'line': b'    9 | #include \x1b[31m\x1b[K<cv_bridge/cv_bridge.h>\x1b[m\x1b[K\n'}
[0.403648] (navigation_bot) StderrLine: {'line': b'      |          \x1b[31m\x1b[K^~~~~~~~~~~~~~~~~~~~~~~\x1b[m\x1b[K\n'}
[0.403742] (navigation_bot) StderrLine: {'line': b'compilation terminated.\n'}
[0.407477] (navigation_bot) StderrLine: {'line': b'gmake[2]: *** [CMakeFiles/webcam_publisher.dir/build.make:76: CMakeFiles/webcam_publisher.dir/Executables/WebCam.cpp.o] Error 1\n'}
[0.407698] (navigation_bot) StderrLine: {'line': b'gmake[1]: *** [CMakeFiles/Makefile2:165: CMakeFiles/webcam_publisher.dir/all] Error 2\n'}
[0.407776] (navigation_bot) StderrLine: {'line': b'gmake[1]: *** Waiting for unfinished jobs....\n'}
[0.412310] (navigation_bot) StderrLine: {'line': b'\x1b[01m\x1b[K/home/fiend/Navigation_Bot/dev_ws/src/Executables/ImageCapture.cpp:9:10:\x1b[m\x1b[K \x1b[31m\x1b[Kfatal error: \x1b[m\x1b[Kcv_bridge/cv_bridge.h: No such file or directory\n'}
[0.412467] (navigation_bot) StderrLine: {'line': b'    9 | #include \x1b[31m\x1b[K<cv_bridge/cv_bridge.h>\x1b[m\x1b[K\n'}
[0.412535] (navigation_bot) StderrLine: {'line': b'      |          \x1b[31m\x1b[K^~~~~~~~~~~~~~~~~~~~~~~\x1b[m\x1b[K\n'}
[0.412595] (navigation_bot) StderrLine: {'line': b'compilation terminated.\n'}
[0.415072] (navigation_bot) StderrLine: {'line': b'gmake[2]: *** [CMakeFiles/ImageCapture.dir/build.make:76: CMakeFiles/ImageCapture.dir/Executables/ImageCapture.cpp.o] Error 1\n'}
[0.415311] (navigation_bot) StderrLine: {'line': b'gmake[1]: *** [CMakeFiles/Makefile2:139: CMakeFiles/ImageCapture.dir/all] Error 2\n'}
[0.415513] (navigation_bot) StderrLine: {'line': b'gmake: *** [Makefile:146: all] Error 2\n'}
[0.417633] (navigation_bot) CommandEnded: {'returncode': 2}
[0.499969] (navigation_bot) JobEnded: {'identifier': 'navigation_bot', 'rc': 2}
[0.500280] (-) TimerEvent: {}
[0.510858] (-) EventReactorShutdown: {}
