[0.293s] Invoking command in '/home/fiend/Navigation_Bot/dev_ws/build/navigation_bot': CMAKE_PREFIX_PATH=${CMAKE_PREFIX_PATH}:/home/fiend/cv_bridge_ws/src/vision_opencv/opencv_tests/install/opencv_tests:/opt/ros/humble PS1=
\[[38;5;156m\]\[[0m\]\[[38;5;166m\]dev_ws\[[0m\]\[[38;5;166m\]\[[0m\] on \[[38;5;162m\] \[[0m\]\[[38;5;162m\]main\[[0m\]
\[[1;38;5;166m\]➜\[[0m\] /usr/bin/cmake /home/fiend/Navigation_Bot/dev_ws/src -DCMAKE_INSTALL_PREFIX=/home/fiend/Navigation_Bot/dev_ws/install/navigation_bot
[0.314s] -- Found rclcpp: 16.0.8 (/opt/ros/humble/share/rclcpp/cmake)
[0.595s] -- Override CMake install command with custom implementation using symlinks instead of copying resources
[0.676s] -- Found rosidl_generator_c: 3.1.5 (/opt/ros/humble/share/rosidl_generator_c/cmake)
[0.681s] -- Found rosidl_adapter: 3.1.5 (/opt/ros/humble/share/rosidl_adapter/cmake)
[0.694s] -- Found rosidl_generator_cpp: 3.1.5 (/opt/ros/humble/share/rosidl_generator_cpp/cmake)
[0.719s] -- Using all available rosidl_typesupport_c: rosidl_typesupport_fastrtps_c;rosidl_typesupport_introspection_c
[0.757s] -- Using all available rosidl_typesupport_cpp: rosidl_typesupport_fastrtps_cpp;rosidl_typesupport_introspection_cpp
[0.892s] -- Found rmw_implementation_cmake: 6.1.1 (/opt/ros/humble/share/rmw_implementation_cmake/cmake)
[0.895s] -- Found rmw_fastrtps_cpp: 6.2.6 (/opt/ros/humble/share/rmw_fastrtps_cpp/cmake)
[1.149s] -- Using RMW implementation 'rmw_fastrtps_cpp' as default
[1.516s] -- Found cv_bridge: 3.4.0 (/usr/local/share/cv_bridge/cmake)
[1.852s] [31mCMake Error at /usr/local/share/cv_bridge/cmake/export_cv_bridgeExport.cmake:79 (message):
[1.852s]   The imported target "cv_bridge::cv_bridge" references the file
[1.852s] 
[1.852s]      "/usr/local/lib/libcv_bridge.so"
[1.852s] 
[1.852s]   but this file does not exist.  Possible reasons include:
[1.852s] 
[1.853s]   * The file was deleted, renamed, or moved to another location.
[1.853s] 
[1.853s]   * An install or uninstall procedure did not complete successfully.
[1.853s] 
[1.853s]   * The installation package was faulty and contained
[1.853s] 
[1.853s]      "/usr/local/share/cv_bridge/cmake/export_cv_bridgeExport.cmake"
[1.853s] 
[1.854s]   but not all the files it references.
[1.854s] 
[1.854s] Call Stack (most recent call first):
[1.854s]   /usr/local/share/cv_bridge/cmake/ament_cmake_export_targets-extras.cmake:9 (include)
[1.854s]   /usr/local/share/cv_bridge/cmake/cv_bridgeConfig.cmake:41 (include)
[1.854s]   CMakeLists.txt:20 (find_package)
[1.854s] 
[1.854s] [0m
[1.855s] -- Configuring incomplete, errors occurred!
[1.855s] See also "/home/fiend/Navigation_Bot/dev_ws/build/navigation_bot/CMakeFiles/CMakeOutput.log".
[1.864s] Invoked command in '/home/fiend/Navigation_Bot/dev_ws/build/navigation_bot' returned '1': CMAKE_PREFIX_PATH=${CMAKE_PREFIX_PATH}:/home/fiend/cv_bridge_ws/src/vision_opencv/opencv_tests/install/opencv_tests:/opt/ros/humble PS1=
\[[38;5;156m\]\[[0m\]\[[38;5;166m\]dev_ws\[[0m\]\[[38;5;166m\]\[[0m\] on \[[38;5;162m\] \[[0m\]\[[38;5;162m\]main\[[0m\]
\[[1;38;5;166m\]➜\[[0m\] /usr/bin/cmake /home/fiend/Navigation_Bot/dev_ws/src -DCMAKE_INSTALL_PREFIX=/home/fiend/Navigation_Bot/dev_ws/install/navigation_bot
