[0.467s] Invoking command in '/home/fiend/Navigation_Bot/dev_ws/build/navigation_bot': CMAKE_PREFIX_PATH=${CMAKE_PREFIX_PATH}:/opt/ros/humble PS1=
\[[38;5;156m\]\[[0m\]\[[38;5;166m\]dev_ws\[[0m\]\[[38;5;166m\]\[[0m\] on \[[38;5;162m\] \[[0m\]\[[38;5;162m\]main\[[0m\] underwent \[[36m\]20s\[[0m\]
\[[1;38;5;166m\]➜\[[0m\] /usr/bin/cmake --build /home/fiend/Navigation_Bot/dev_ws/build/navigation_bot -- -j8 -l8
[0.570s] [35m[1mConsolidate compiler generated dependencies of target Motor_Driver_Node[0m
[0.606s] [ 50%] Built target ImageCapture
[0.619s] [ 75%] [32mBuilding CXX object CMakeFiles/Motor_Driver_Node.dir/Executables/follower.cpp.o[0m
[25.355s] [100%] [32m[1mLinking CXX executable Motor_Driver_Node[0m
[26.640s] [100%] Built target Motor_Driver_Node
[26.666s] Invoked command in '/home/fiend/Navigation_Bot/dev_ws/build/navigation_bot' returned '0': CMAKE_PREFIX_PATH=${CMAKE_PREFIX_PATH}:/opt/ros/humble PS1=
\[[38;5;156m\]\[[0m\]\[[38;5;166m\]dev_ws\[[0m\]\[[38;5;166m\]\[[0m\] on \[[38;5;162m\] \[[0m\]\[[38;5;162m\]main\[[0m\] underwent \[[36m\]20s\[[0m\]
\[[1;38;5;166m\]➜\[[0m\] /usr/bin/cmake --build /home/fiend/Navigation_Bot/dev_ws/build/navigation_bot -- -j8 -l8
[26.746s] Invoking command in '/home/fiend/Navigation_Bot/dev_ws/build/navigation_bot': CMAKE_PREFIX_PATH=${CMAKE_PREFIX_PATH}:/opt/ros/humble PS1=
\[[38;5;156m\]\[[0m\]\[[38;5;166m\]dev_ws\[[0m\]\[[38;5;166m\]\[[0m\] on \[[38;5;162m\] \[[0m\]\[[38;5;162m\]main\[[0m\] underwent \[[36m\]20s\[[0m\]
\[[1;38;5;166m\]➜\[[0m\] /usr/bin/cmake --install /home/fiend/Navigation_Bot/dev_ws/build/navigation_bot
[26.761s] -- Install configuration: ""
[26.763s] -- Execute custom install script
[26.764s] -- Up-to-date symlink: /home/fiend/Navigation_Bot/dev_ws/install/navigation_bot/share/navigation_bot/config/empty.yaml
[26.764s] -- Up-to-date symlink: /home/fiend/Navigation_Bot/dev_ws/install/navigation_bot/share/navigation_bot/config/my_controller.yaml
[26.765s] -- Up-to-date symlink: /home/fiend/Navigation_Bot/dev_ws/install/navigation_bot/share/navigation_bot/description/Depth_camera.xacro
[26.765s] -- Up-to-date symlink: /home/fiend/Navigation_Bot/dev_ws/install/navigation_bot/share/navigation_bot/description/camera.xacro
[26.766s] -- Up-to-date symlink: /home/fiend/Navigation_Bot/dev_ws/install/navigation_bot/share/navigation_bot/description/gazebo_control.xacro
[26.766s] -- Up-to-date symlink: /home/fiend/Navigation_Bot/dev_ws/install/navigation_bot/share/navigation_bot/description/inertial_macros.xacro
[26.766s] -- Up-to-date symlink: /home/fiend/Navigation_Bot/dev_ws/install/navigation_bot/share/navigation_bot/description/lidar.xacro
[26.767s] -- Up-to-date symlink: /home/fiend/Navigation_Bot/dev_ws/install/navigation_bot/share/navigation_bot/description/robot.urdf.xacro
[26.767s] -- Up-to-date symlink: /home/fiend/Navigation_Bot/dev_ws/install/navigation_bot/share/navigation_bot/description/robot_core.xacro
[26.767s] -- Up-to-date symlink: /home/fiend/Navigation_Bot/dev_ws/install/navigation_bot/share/navigation_bot/description/ros2_control.xacro
[26.768s] -- Up-to-date symlink: /home/fiend/Navigation_Bot/dev_ws/install/navigation_bot/share/navigation_bot/launch/launch_sim.launch.py
[26.768s] -- Up-to-date symlink: /home/fiend/Navigation_Bot/dev_ws/install/navigation_bot/share/navigation_bot/launch/rsp.launch.py
[26.769s] -- Up-to-date symlink: /home/fiend/Navigation_Bot/dev_ws/install/navigation_bot/share/navigation_bot/worlds/empty.world
[26.769s] -- Up-to-date symlink: /home/fiend/Navigation_Bot/dev_ws/install/navigation_bot/share/navigation_bot/worlds/home.world
[26.770s] -- Up-to-date symlink: /home/fiend/Navigation_Bot/dev_ws/install/navigation_bot/share/navigation_bot/worlds/obstacle.world
[26.770s] -- Up-to-date symlink: /home/fiend/Navigation_Bot/dev_ws/install/navigation_bot/share/navigation_bot/worlds/track.world
[26.770s] -- Up-to-date symlink: /home/fiend/Navigation_Bot/dev_ws/install/navigation_bot/share/navigation_bot/worlds/turtleWorld.world
[26.771s] -- Up-to-date symlink: /home/fiend/Navigation_Bot/dev_ws/install/navigation_bot/lib/navigation_bot/ImageCapture
[26.772s] -- Up-to-date symlink: /home/fiend/Navigation_Bot/dev_ws/install/navigation_bot/lib/navigation_bot/Motor_Driver_Node
[26.772s] -- Up-to-date symlink: /home/fiend/Navigation_Bot/dev_ws/install/navigation_bot/share/ament_index/resource_index/package_run_dependencies/navigation_bot
[26.773s] -- Up-to-date symlink: /home/fiend/Navigation_Bot/dev_ws/install/navigation_bot/share/ament_index/resource_index/parent_prefix_path/navigation_bot
[26.773s] -- Up-to-date symlink: /home/fiend/Navigation_Bot/dev_ws/install/navigation_bot/share/navigation_bot/environment/ament_prefix_path.sh
[26.774s] -- Up-to-date symlink: /home/fiend/Navigation_Bot/dev_ws/install/navigation_bot/share/navigation_bot/environment/ament_prefix_path.dsv
[26.774s] -- Up-to-date symlink: /home/fiend/Navigation_Bot/dev_ws/install/navigation_bot/share/navigation_bot/environment/path.sh
[26.775s] -- Up-to-date symlink: /home/fiend/Navigation_Bot/dev_ws/install/navigation_bot/share/navigation_bot/environment/path.dsv
[26.776s] -- Up-to-date symlink: /home/fiend/Navigation_Bot/dev_ws/install/navigation_bot/share/navigation_bot/local_setup.bash
[26.776s] -- Up-to-date symlink: /home/fiend/Navigation_Bot/dev_ws/install/navigation_bot/share/navigation_bot/local_setup.sh
[26.776s] -- Up-to-date symlink: /home/fiend/Navigation_Bot/dev_ws/install/navigation_bot/share/navigation_bot/local_setup.zsh
[26.777s] -- Up-to-date symlink: /home/fiend/Navigation_Bot/dev_ws/install/navigation_bot/share/navigation_bot/local_setup.dsv
[26.778s] -- Symlinking: /home/fiend/Navigation_Bot/dev_ws/install/navigation_bot/share/navigation_bot/package.dsv
[26.796s] -- Up-to-date symlink: /home/fiend/Navigation_Bot/dev_ws/install/navigation_bot/share/ament_index/resource_index/packages/navigation_bot
[26.796s] -- Up-to-date symlink: /home/fiend/Navigation_Bot/dev_ws/install/navigation_bot/share/navigation_bot/cmake/navigation_botConfig.cmake
[26.798s] -- Up-to-date symlink: /home/fiend/Navigation_Bot/dev_ws/install/navigation_bot/share/navigation_bot/cmake/navigation_botConfig-version.cmake
[26.798s] -- Up-to-date symlink: /home/fiend/Navigation_Bot/dev_ws/install/navigation_bot/share/navigation_bot/package.xml
[26.807s] Invoked command in '/home/fiend/Navigation_Bot/dev_ws/build/navigation_bot' returned '0': CMAKE_PREFIX_PATH=${CMAKE_PREFIX_PATH}:/opt/ros/humble PS1=
\[[38;5;156m\]\[[0m\]\[[38;5;166m\]dev_ws\[[0m\]\[[38;5;166m\]\[[0m\] on \[[38;5;162m\] \[[0m\]\[[38;5;162m\]main\[[0m\] underwent \[[36m\]20s\[[0m\]
\[[1;38;5;166m\]➜\[[0m\] /usr/bin/cmake --install /home/fiend/Navigation_Bot/dev_ws/build/navigation_bot
